<?xml version="1.0" encoding="utf-8"?>
<!DOCTYPE coverage SYSTEM "http://cobertura.sourceforge.net/xml/coverage-04.dtd">
<coverage line-rate="0.921985815602837" branch-rate="0.906593406593407" lines-covered="390" lines-valid="423" branches-covered="165" branches-valid="182" complexity="208" version="0" timestamp="1664573607">
  <sources>
    <source>C:\Users\Andy Tran\</source>
  </sources>
  <packages>
    <package name="Formula" line-rate="0.927868852459016" branch-rate="0.901162790697674" complexity="179">
      <classes>
        <class name="SpreadsheetUtilities.Formula" filename="C:\Users\Andy Tran\source\repos\spreadsheet-AndyTran97\Spreadsheet\Formula\Formula.cs" line-rate="0.925925925925926" branch-rate="0.901162790697674" complexity="176">
          <methods>
            <method name="TryPerformOps" signature="(...)" line-rate="0.96" branch-rate="0.9" complexity="10">
              <lines>
                <line number="168" hits="24" branch="false" />
                <line number="169" hits="24" branch="false" />
                <line number="170" hits="24" branch="false" />
                <line number="171" hits="24" branch="false" />
                <line number="172" hits="24" branch="false" />
                <line number="173" hits="24" branch="true" condition-coverage="88% (7/8)" />
                <line number="176" hits="14" branch="false" />
                <line number="177" hits="14" branch="false" />
                <line number="178" hits="14" branch="false" />
                <line number="180" hits="1" branch="false" />
                <line number="181" hits="1" branch="false" />
                <line number="182" hits="1" branch="false" />
                <line number="184" hits="5" branch="false" />
                <line number="185" hits="5" branch="false" />
                <line number="186" hits="5" branch="false" />
                <line number="188" hits="4" branch="true" condition-coverage="100% (2/2)" />
                <line number="189" hits="2" branch="false" />
                <line number="190" hits="2" branch="false" />
                <line number="191" hits="2" branch="false" />
                <line number="194" hits="2" branch="false" />
                <line number="195" hits="2" branch="false" />
                <line number="196" hits="2" branch="false" />
                <line number="197" hits="2" branch="false" />
                <line number="201" hits="0" branch="false" />
                <line number="203" hits="24" branch="false" />
              </lines>
            </method>
            <method name="isOnTop" signature="(...)" line-rate="1" branch-rate="1" complexity="8">
              <lines>
                <line number="217" hits="55" branch="false" />
                <line number="218" hits="55" branch="true" condition-coverage="100% (8/8)" />
                <line number="219" hits="21" branch="false" />
                <line number="220" hits="21" branch="false" />
                <line number="223" hits="34" branch="false" />
                <line number="224" hits="55" branch="false" />
              </lines>
            </method>
            <method name="isOpOrOpenParen" signature="(...)" line-rate="1" branch-rate="1" complexity="1">
              <lines>
                <line number="228" hits="309" branch="false" />
                <line number="229" hits="309" branch="false" />
                <line number="231" hits="309" branch="false" />
              </lines>
            </method>
            <method name="isOpOrCloseParen" signature="(...)" line-rate="1" branch-rate="1" complexity="1">
              <lines>
                <line number="235" hits="136" branch="false" />
                <line number="236" hits="136" branch="false" />
                <line number="238" hits="136" branch="false" />
              </lines>
            </method>
            <method name="isVariable" signature="(...)" line-rate="1" branch-rate="1" complexity="4">
              <lines>
                <line number="242" hits="446" branch="false" />
                <line number="244" hits="446" branch="false" />
                <line number="246" hits="446" branch="true" condition-coverage="100% (2/2)" />
                <line number="247" hits="215" branch="false" />
                <line number="248" hits="215" branch="true" condition-coverage="100% (2/2)" />
                <line number="249" hits="214" branch="false" />
                <line number="250" hits="1" branch="false" />
                <line number="252" hits="232" branch="false" />
                <line number="254" hits="446" branch="false" />
              </lines>
            </method>
            <method name="isNumber" signature="(...)" line-rate="1" branch-rate="1" complexity="2">
              <lines>
                <line number="258" hits="160" branch="false" />
                <line number="259" hits="160" branch="true" condition-coverage="100% (2/2)" />
                <line number="260" hits="101" branch="false" />
                <line number="261" hits="59" branch="false" />
                <line number="262" hits="160" branch="false" />
              </lines>
            </method>
            <method name="isOperatorAndParentheses" signature="(...)" line-rate="1" branch-rate="1" complexity="1">
              <lines>
                <line number="266" hits="331" branch="false" />
                <line number="267" hits="331" branch="false" />
                <line number="269" hits="331" branch="false" />
              </lines>
            </method>
            <method name="isValidTokens" signature="(...)" line-rate="1" branch-rate="1" complexity="4">
              <lines>
                <line number="273" hits="311" branch="false" />
                <line number="274" hits="311" branch="true" condition-coverage="100% (4/4)" />
                <line number="275" hits="311" branch="false" />
              </lines>
            </method>
            <method name="Evaluate" signature="(...)" line-rate="0.804878048780488" branch-rate="0.807692307692308" complexity="52">
              <lines>
                <line number="299" hits="7" branch="false" />
                <line number="300" hits="7" branch="false" />
                <line number="301" hits="7" branch="false" />
                <line number="303" hits="148" branch="true" condition-coverage="100% (2/2)" />
                <line number="304" hits="65" branch="false" />
                <line number="305" hits="65" branch="false" />
                <line number="307" hits="65" branch="true" condition-coverage="100% (2/2)" />
                <line number="308" hits="23" branch="false" />
                <line number="309" hits="23" branch="false" />
                <line number="310" hits="23" branch="true" condition-coverage="100% (2/2)" />
                <line number="311" hits="4" branch="false" />
                <line number="312" hits="4" branch="true" condition-coverage="100% (2/2)" />
                <line number="313" hits="2" branch="false" />
                <line number="314" hits="2" branch="false" />
                <line number="316" hits="2" branch="false" />
                <line number="318" hits="21" branch="false" />
                <line number="319" hits="42" branch="true" condition-coverage="100% (2/2)" />
                <line number="320" hits="10" branch="false" />
                <line number="322" hits="10" branch="false" />
                <line number="323" hits="10" branch="false" />
                <line number="324" hits="9" branch="false" />
                <line number="325" hits="9" branch="true" condition-coverage="100% (2/2)" />
                <line number="326" hits="2" branch="false" />
                <line number="328" hits="2" branch="true" condition-coverage="50% (1/2)" />
                <line number="329" hits="0" branch="false" />
                <line number="330" hits="0" branch="false" />
                <line number="332" hits="2" branch="false" />
                <line number="333" hits="10" branch="false" />
                <line number="334" hits="1" branch="false" />
                <line number="335" hits="1" branch="false" />
                <line number="338" hits="9" branch="false" />
                <line number="339" hits="32" branch="true" condition-coverage="100% (4/4)" />
                <line number="340" hits="17" branch="false" />
                <line number="341" hits="17" branch="true" condition-coverage="100% (2/2)" />
                <line number="342" hits="9" branch="false" />
                <line number="344" hits="9" branch="true" condition-coverage="50% (1/2)" />
                <line number="345" hits="0" branch="false" />
                <line number="346" hits="0" branch="false" />
                <line number="348" hits="9" branch="false" />
                <line number="349" hits="17" branch="false" />
                <line number="350" hits="17" branch="false" />
                <line number="351" hits="15" branch="true" condition-coverage="100% (6/6)" />
                <line number="352" hits="12" branch="false" />
                <line number="353" hits="12" branch="false" />
                <line number="354" hits="12" branch="false" />
                <line number="355" hits="3" branch="true" condition-coverage="50% (1/2)" />
                <line number="356" hits="3" branch="false" />
                <line number="358" hits="3" branch="true" condition-coverage="100% (2/2)" />
                <line number="359" hits="3" branch="false" />
                <line number="361" hits="3" branch="true" condition-coverage="50% (1/2)" />
                <line number="362" hits="0" branch="false" />
                <line number="363" hits="0" branch="false" />
                <line number="365" hits="3" branch="false" />
                <line number="368" hits="3" branch="true" condition-coverage="50% (2/4)" />
                <line number="369" hits="3" branch="false" />
                <line number="370" hits="3" branch="false" />
                <line number="371" hits="3" branch="false" />
                <line number="373" hits="0" branch="false" />
                <line number="374" hits="0" branch="false" />
                <line number="378" hits="3" branch="true" condition-coverage="100% (2/2)" />
                <line number="379" hits="3" branch="false" />
                <line number="381" hits="3" branch="true" condition-coverage="50% (1/2)" />
                <line number="382" hits="0" branch="false" />
                <line number="383" hits="0" branch="false" />
                <line number="385" hits="3" branch="false" />
                <line number="386" hits="3" branch="false" />
                <line number="388" hits="0" branch="false" />
                <line number="389" hits="0" branch="false" />
                <line number="391" hits="62" branch="false" />
                <line number="393" hits="4" branch="true" condition-coverage="100% (4/4)" />
                <line number="394" hits="1" branch="false" />
                <line number="395" hits="1" branch="false" />
                <line number="397" hits="3" branch="true" condition-coverage="50% (2/4)" />
                <line number="398" hits="3" branch="false" />
                <line number="400" hits="3" branch="true" condition-coverage="50% (1/2)" />
                <line number="401" hits="0" branch="false" />
                <line number="402" hits="0" branch="false" />
                <line number="405" hits="3" branch="false" />
                <line number="406" hits="3" branch="false" />
                <line number="410" hits="0" branch="false" />
                <line number="411" hits="0" branch="false" />
                <line number="415" hits="7" branch="false" />
              </lines>
            </method>
            <method name="GetVariables" signature="()" line-rate="1" branch-rate="1" complexity="4">
              <lines>
                <line number="429" hits="2" branch="false" />
                <line number="430" hits="2" branch="false" />
                <line number="431" hits="58" branch="true" condition-coverage="100% (2/2)" />
                <line number="432" hits="26" branch="false" />
                <line number="433" hits="26" branch="true" condition-coverage="100% (2/2)" />
                <line number="434" hits="6" branch="false" />
                <line number="435" hits="6" branch="false" />
                <line number="436" hits="6" branch="false" />
                <line number="437" hits="26" branch="false" />
                <line number="438" hits="2" branch="false" />
                <line number="439" hits="2" branch="false" />
              </lines>
            </method>
            <method name="ToString" signature="()" line-rate="1" branch-rate="1" complexity="2">
              <lines>
                <line number="452" hits="4" branch="false" />
                <line number="453" hits="4" branch="false" />
                <line number="454" hits="56" branch="true" condition-coverage="100% (2/2)" />
                <line number="455" hits="22" branch="false" />
                <line number="456" hits="22" branch="false" />
                <line number="457" hits="22" branch="false" />
                <line number="458" hits="4" branch="false" />
                <line number="459" hits="4" branch="false" />
              </lines>
            </method>
            <method name="Equals" signature="(...)" line-rate="0.852941176470588" branch-rate="0.818181818181818" complexity="22">
              <lines>
                <line number="482" hits="6" branch="false" />
                <line number="483" hits="6" branch="true" condition-coverage="100% (4/4)" />
                <line number="484" hits="2" branch="false" />
                <line number="485" hits="2" branch="false" />
                <line number="488" hits="4" branch="false" />
                <line number="489" hits="4" branch="false" />
                <line number="490" hits="4" branch="false" />
                <line number="492" hits="51" branch="true" condition-coverage="100% (2/2)" />
                <line number="493" hits="20" branch="false" />
                <line number="494" hits="20" branch="true" condition-coverage="50% (1/2)" />
                <line number="495" hits="0" branch="false" />
                <line number="497" hits="20" branch="true" condition-coverage="100% (2/2)" />
                <line number="498" hits="8" branch="false" />
                <line number="499" hits="8" branch="true" condition-coverage="50% (1/2)" />
                <line number="500" hits="0" branch="false" />
                <line number="501" hits="8" branch="false" />
                <line number="502" hits="12" branch="true" condition-coverage="100% (4/4)" />
                <line number="503" hits="4" branch="false" />
                <line number="504" hits="4" branch="false" />
                <line number="505" hits="4" branch="false" />
                <line number="506" hits="4" branch="true" condition-coverage="50% (1/2)" />
                <line number="507" hits="0" branch="false" />
                <line number="508" hits="4" branch="false" />
                <line number="509" hits="8" branch="true" condition-coverage="50% (1/2)" />
                <line number="510" hits="8" branch="false" />
                <line number="511" hits="8" branch="true" condition-coverage="100% (2/2)" />
                <line number="512" hits="1" branch="false" />
                <line number="513" hits="7" branch="false" />
                <line number="515" hits="0" branch="false" />
                <line number="516" hits="0" branch="false" />
                <line number="518" hits="19" branch="false" />
                <line number="519" hits="19" branch="false" />
                <line number="522" hits="3" branch="false" />
                <line number="523" hits="6" branch="false" />
              </lines>
            </method>
            <method name="op_Equality" signature="(...)" line-rate="1" branch-rate="0.75" complexity="4">
              <lines>
                <line number="530" hits="3" branch="false" />
                <line number="531" hits="3" branch="true" condition-coverage="75% (3/4)" />
                <line number="532" hits="1" branch="false" />
                <line number="533" hits="1" branch="false" />
                <line number="535" hits="2" branch="false" />
                <line number="536" hits="3" branch="false" />
              </lines>
            </method>
            <method name="op_Inequality" signature="(...)" line-rate="1" branch-rate="0.75" complexity="4">
              <lines>
                <line number="543" hits="2" branch="false" />
                <line number="544" hits="2" branch="true" condition-coverage="75% (3/4)" />
                <line number="545" hits="1" branch="false" />
                <line number="546" hits="1" branch="false" />
                <line number="548" hits="1" branch="false" />
                <line number="549" hits="2" branch="false" />
              </lines>
            </method>
            <method name="GetHashCode" signature="()" line-rate="1" branch-rate="1" complexity="6">
              <lines>
                <line number="557" hits="6" branch="false" />
                <line number="558" hits="6" branch="false" />
                <line number="559" hits="6" branch="false" />
                <line number="561" hits="174" branch="true" condition-coverage="100% (2/2)" />
                <line number="562" hits="78" branch="false" />
                <line number="563" hits="78" branch="false" />
                <line number="564" hits="78" branch="true" condition-coverage="100% (2/2)" />
                <line number="565" hits="26" branch="false" />
                <line number="566" hits="26" branch="false" />
                <line number="567" hits="26" branch="false" />
                <line number="568" hits="52" branch="true" condition-coverage="100% (2/2)" />
                <line number="569" hits="14" branch="false" />
                <line number="570" hits="14" branch="false" />
                <line number="571" hits="14" branch="false" />
                <line number="573" hits="78" branch="false" />
                <line number="574" hits="78" branch="false" />
                <line number="575" hits="78" branch="false" />
                <line number="577" hits="6" branch="false" />
                <line number="578" hits="6" branch="false" />
              </lines>
            </method>
            <method name=".ctor" signature="(...)" line-rate="1" branch-rate="1" complexity="1">
              <lines>
                <line number="50" hits="176" branch="false" />
                <line number="51" hits="11" branch="false" />
                <line number="52" hits="11" branch="false" />
              </lines>
            </method>
            <method name=".ctor" signature="(...)" line-rate="1" branch-rate="1" complexity="46">
              <lines>
                <line number="76" hits="40" branch="false" />
                <line number="77" hits="40" branch="false" />
                <line number="78" hits="40" branch="false" />
                <line number="79" hits="40" branch="false" />
                <line number="81" hits="40" branch="false" />
                <line number="84" hits="40" branch="true" condition-coverage="100% (2/2)" />
                <line number="85" hits="1" branch="false" />
                <line number="86" hits="1" branch="false" />
                <line number="90" hits="39" branch="false" />
                <line number="91" hits="39" branch="true" condition-coverage="100% (6/6)" />
                <line number="92" hits="1" branch="false" />
                <line number="95" hits="38" branch="false" />
                <line number="96" hits="38" branch="true" condition-coverage="100% (6/6)" />
                <line number="97" hits="1" branch="false" />
                <line number="99" hits="37" branch="false" />
                <line number="100" hits="37" branch="false" />
                <line number="101" hits="37" branch="false" />
                <line number="102" hits="37" branch="false" />
                <line number="104" hits="728" branch="true" condition-coverage="100% (2/2)" />
                <line number="105" hits="311" branch="false" />
                <line number="106" hits="311" branch="false" />
                <line number="110" hits="311" branch="true" condition-coverage="100% (2/2)" />
                <line number="111" hits="1" branch="false" />
                <line number="112" hits="1" branch="false" />
                <line number="113" hits="1" branch="false" />
                <line number="119" hits="310" branch="true" condition-coverage="100% (2/2)" />
                <line number="120" hits="137" branch="false" />
                <line number="121" hits="137" branch="true" condition-coverage="100% (6/6)" />
                <line number="122" hits="1" branch="false" />
                <line number="123" hits="1" branch="false" />
                <line number="124" hits="136" branch="false" />
                <line number="125" hits="309" branch="true" condition-coverage="100% (2/2)" />
                <line number="126" hits="140" branch="false" />
                <line number="127" hits="169" branch="false" />
                <line number="131" hits="309" branch="true" condition-coverage="100% (2/2)" />
                <line number="132" hits="136" branch="false" />
                <line number="133" hits="136" branch="true" condition-coverage="100% (2/2)" />
                <line number="134" hits="2" branch="false" />
                <line number="135" hits="2" branch="false" />
                <line number="136" hits="134" branch="false" />
                <line number="137" hits="307" branch="true" condition-coverage="100% (6/6)" />
                <line number="138" hits="169" branch="false" />
                <line number="139" hits="138" branch="false" />
                <line number="143" hits="307" branch="true" condition-coverage="100% (2/2)" />
                <line number="144" hits="14" branch="false" />
                <line number="145" hits="307" branch="true" condition-coverage="100% (2/2)" />
                <line number="146" hits="10" branch="false" />
                <line number="147" hits="307" branch="true" condition-coverage="100% (2/2)" />
                <line number="148" hits="1" branch="false" />
                <line number="149" hits="1" branch="false" />
                <line number="151" hits="306" branch="false" />
                <line number="154" hits="32" branch="true" condition-coverage="100% (2/2)" />
                <line number="155" hits="2" branch="false" />
                <line number="157" hits="30" branch="false" />
              </lines>
            </method>
            <method name="GetTokens" signature="()" line-rate="1" branch-rate="1" complexity="4">
              <lines>
                <line number="587" hits="217" branch="false" />
                <line number="589" hits="217" branch="false" />
                <line number="590" hits="217" branch="false" />
                <line number="591" hits="217" branch="false" />
                <line number="592" hits="217" branch="false" />
                <line number="593" hits="217" branch="false" />
                <line number="594" hits="217" branch="false" />
                <line number="597" hits="217" branch="false" />
                <line number="598" hits="217" branch="false" />
                <line number="601" hits="6721" branch="true" condition-coverage="100% (2/2)" />
                <line number="602" hits="3069" branch="false" />
                <line number="603" hits="3069" branch="true" condition-coverage="100% (2/2)" />
                <line number="604" hits="1420" branch="false" />
                <line number="605" hits="1420" branch="false" />
                <line number="606" hits="1352" branch="false" />
                <line number="607" hits="3001" branch="false" />
                <line number="609" hits="149" branch="false" />
              </lines>
            </method>
          </methods>
          <lines>
            <line number="50" hits="176" branch="false" />
            <line number="51" hits="11" branch="false" />
            <line number="52" hits="11" branch="false" />
            <line number="76" hits="40" branch="false" />
            <line number="77" hits="40" branch="false" />
            <line number="78" hits="40" branch="false" />
            <line number="79" hits="40" branch="false" />
            <line number="81" hits="40" branch="false" />
            <line number="84" hits="40" branch="true" condition-coverage="100% (2/2)" />
            <line number="85" hits="1" branch="false" />
            <line number="86" hits="1" branch="false" />
            <line number="90" hits="39" branch="false" />
            <line number="91" hits="39" branch="true" condition-coverage="100% (6/6)" />
            <line number="92" hits="1" branch="false" />
            <line number="95" hits="38" branch="false" />
            <line number="96" hits="38" branch="true" condition-coverage="100% (6/6)" />
            <line number="97" hits="1" branch="false" />
            <line number="99" hits="37" branch="false" />
            <line number="100" hits="37" branch="false" />
            <line number="101" hits="37" branch="false" />
            <line number="102" hits="37" branch="false" />
            <line number="104" hits="728" branch="true" condition-coverage="100% (2/2)" />
            <line number="105" hits="311" branch="false" />
            <line number="106" hits="311" branch="false" />
            <line number="110" hits="311" branch="true" condition-coverage="100% (2/2)" />
            <line number="111" hits="1" branch="false" />
            <line number="112" hits="1" branch="false" />
            <line number="113" hits="1" branch="false" />
            <line number="119" hits="310" branch="true" condition-coverage="100% (2/2)" />
            <line number="120" hits="137" branch="false" />
            <line number="121" hits="137" branch="true" condition-coverage="100% (6/6)" />
            <line number="122" hits="1" branch="false" />
            <line number="123" hits="1" branch="false" />
            <line number="124" hits="136" branch="false" />
            <line number="125" hits="309" branch="true" condition-coverage="100% (2/2)" />
            <line number="126" hits="140" branch="false" />
            <line number="127" hits="169" branch="false" />
            <line number="131" hits="309" branch="true" condition-coverage="100% (2/2)" />
            <line number="132" hits="136" branch="false" />
            <line number="133" hits="136" branch="true" condition-coverage="100% (2/2)" />
            <line number="134" hits="2" branch="false" />
            <line number="135" hits="2" branch="false" />
            <line number="136" hits="134" branch="false" />
            <line number="137" hits="307" branch="true" condition-coverage="100% (6/6)" />
            <line number="138" hits="169" branch="false" />
            <line number="139" hits="138" branch="false" />
            <line number="143" hits="307" branch="true" condition-coverage="100% (2/2)" />
            <line number="144" hits="14" branch="false" />
            <line number="145" hits="307" branch="true" condition-coverage="100% (2/2)" />
            <line number="146" hits="10" branch="false" />
            <line number="147" hits="307" branch="true" condition-coverage="100% (2/2)" />
            <line number="148" hits="1" branch="false" />
            <line number="149" hits="1" branch="false" />
            <line number="151" hits="306" branch="false" />
            <line number="154" hits="32" branch="true" condition-coverage="100% (2/2)" />
            <line number="155" hits="2" branch="false" />
            <line number="157" hits="30" branch="false" />
            <line number="168" hits="24" branch="false" />
            <line number="169" hits="24" branch="false" />
            <line number="170" hits="24" branch="false" />
            <line number="171" hits="24" branch="false" />
            <line number="172" hits="24" branch="false" />
            <line number="173" hits="24" branch="true" condition-coverage="88% (7/8)" />
            <line number="176" hits="14" branch="false" />
            <line number="177" hits="14" branch="false" />
            <line number="178" hits="14" branch="false" />
            <line number="180" hits="1" branch="false" />
            <line number="181" hits="1" branch="false" />
            <line number="182" hits="1" branch="false" />
            <line number="184" hits="5" branch="false" />
            <line number="185" hits="5" branch="false" />
            <line number="186" hits="5" branch="false" />
            <line number="188" hits="4" branch="true" condition-coverage="100% (2/2)" />
            <line number="189" hits="2" branch="false" />
            <line number="190" hits="2" branch="false" />
            <line number="191" hits="2" branch="false" />
            <line number="194" hits="2" branch="false" />
            <line number="195" hits="2" branch="false" />
            <line number="196" hits="2" branch="false" />
            <line number="197" hits="2" branch="false" />
            <line number="201" hits="0" branch="false" />
            <line number="203" hits="24" branch="false" />
            <line number="217" hits="55" branch="false" />
            <line number="218" hits="55" branch="true" condition-coverage="100% (8/8)" />
            <line number="219" hits="21" branch="false" />
            <line number="220" hits="21" branch="false" />
            <line number="223" hits="34" branch="false" />
            <line number="224" hits="55" branch="false" />
            <line number="228" hits="309" branch="false" />
            <line number="229" hits="309" branch="false" />
            <line number="231" hits="309" branch="false" />
            <line number="235" hits="136" branch="false" />
            <line number="236" hits="136" branch="false" />
            <line number="238" hits="136" branch="false" />
            <line number="242" hits="446" branch="false" />
            <line number="244" hits="446" branch="false" />
            <line number="246" hits="446" branch="true" condition-coverage="100% (2/2)" />
            <line number="247" hits="215" branch="false" />
            <line number="248" hits="215" branch="true" condition-coverage="100% (2/2)" />
            <line number="249" hits="214" branch="false" />
            <line number="250" hits="1" branch="false" />
            <line number="252" hits="232" branch="false" />
            <line number="254" hits="446" branch="false" />
            <line number="258" hits="160" branch="false" />
            <line number="259" hits="160" branch="true" condition-coverage="100% (2/2)" />
            <line number="260" hits="101" branch="false" />
            <line number="261" hits="59" branch="false" />
            <line number="262" hits="160" branch="false" />
            <line number="266" hits="331" branch="false" />
            <line number="267" hits="331" branch="false" />
            <line number="269" hits="331" branch="false" />
            <line number="273" hits="311" branch="false" />
            <line number="274" hits="311" branch="true" condition-coverage="100% (4/4)" />
            <line number="275" hits="311" branch="false" />
            <line number="299" hits="7" branch="false" />
            <line number="300" hits="7" branch="false" />
            <line number="301" hits="7" branch="false" />
            <line number="303" hits="148" branch="true" condition-coverage="100% (2/2)" />
            <line number="304" hits="65" branch="false" />
            <line number="305" hits="65" branch="false" />
            <line number="307" hits="65" branch="true" condition-coverage="100% (2/2)" />
            <line number="308" hits="23" branch="false" />
            <line number="309" hits="23" branch="false" />
            <line number="310" hits="23" branch="true" condition-coverage="100% (2/2)" />
            <line number="311" hits="4" branch="false" />
            <line number="312" hits="4" branch="true" condition-coverage="100% (2/2)" />
            <line number="313" hits="2" branch="false" />
            <line number="314" hits="2" branch="false" />
            <line number="316" hits="2" branch="false" />
            <line number="318" hits="21" branch="false" />
            <line number="319" hits="42" branch="true" condition-coverage="100% (2/2)" />
            <line number="320" hits="10" branch="false" />
            <line number="322" hits="10" branch="false" />
            <line number="323" hits="10" branch="false" />
            <line number="324" hits="9" branch="false" />
            <line number="325" hits="9" branch="true" condition-coverage="100% (2/2)" />
            <line number="326" hits="2" branch="false" />
            <line number="328" hits="2" branch="true" condition-coverage="50% (1/2)" />
            <line number="329" hits="0" branch="false" />
            <line number="330" hits="0" branch="false" />
            <line number="332" hits="2" branch="false" />
            <line number="333" hits="10" branch="false" />
            <line number="334" hits="1" branch="false" />
            <line number="335" hits="1" branch="false" />
            <line number="338" hits="9" branch="false" />
            <line number="339" hits="32" branch="true" condition-coverage="100% (4/4)" />
            <line number="340" hits="17" branch="false" />
            <line number="341" hits="17" branch="true" condition-coverage="100% (2/2)" />
            <line number="342" hits="9" branch="false" />
            <line number="344" hits="9" branch="true" condition-coverage="50% (1/2)" />
            <line number="345" hits="0" branch="false" />
            <line number="346" hits="0" branch="false" />
            <line number="348" hits="9" branch="false" />
            <line number="349" hits="17" branch="false" />
            <line number="350" hits="17" branch="false" />
            <line number="351" hits="15" branch="true" condition-coverage="100% (6/6)" />
            <line number="352" hits="12" branch="false" />
            <line number="353" hits="12" branch="false" />
            <line number="354" hits="12" branch="false" />
            <line number="355" hits="3" branch="true" condition-coverage="50% (1/2)" />
            <line number="356" hits="3" branch="false" />
            <line number="358" hits="3" branch="true" condition-coverage="100% (2/2)" />
            <line number="359" hits="3" branch="false" />
            <line number="361" hits="3" branch="true" condition-coverage="50% (1/2)" />
            <line number="362" hits="0" branch="false" />
            <line number="363" hits="0" branch="false" />
            <line number="365" hits="3" branch="false" />
            <line number="368" hits="3" branch="true" condition-coverage="50% (2/4)" />
            <line number="369" hits="3" branch="false" />
            <line number="370" hits="3" branch="false" />
            <line number="371" hits="3" branch="false" />
            <line number="373" hits="0" branch="false" />
            <line number="374" hits="0" branch="false" />
            <line number="378" hits="3" branch="true" condition-coverage="100% (2/2)" />
            <line number="379" hits="3" branch="false" />
            <line number="381" hits="3" branch="true" condition-coverage="50% (1/2)" />
            <line number="382" hits="0" branch="false" />
            <line number="383" hits="0" branch="false" />
            <line number="385" hits="3" branch="false" />
            <line number="386" hits="3" branch="false" />
            <line number="388" hits="0" branch="false" />
            <line number="389" hits="0" branch="false" />
            <line number="391" hits="62" branch="false" />
            <line number="393" hits="4" branch="true" condition-coverage="100% (4/4)" />
            <line number="394" hits="1" branch="false" />
            <line number="395" hits="1" branch="false" />
            <line number="397" hits="3" branch="true" condition-coverage="50% (2/4)" />
            <line number="398" hits="3" branch="false" />
            <line number="400" hits="3" branch="true" condition-coverage="50% (1/2)" />
            <line number="401" hits="0" branch="false" />
            <line number="402" hits="0" branch="false" />
            <line number="405" hits="3" branch="false" />
            <line number="406" hits="3" branch="false" />
            <line number="410" hits="0" branch="false" />
            <line number="411" hits="0" branch="false" />
            <line number="415" hits="7" branch="false" />
            <line number="429" hits="2" branch="false" />
            <line number="430" hits="2" branch="false" />
            <line number="431" hits="58" branch="true" condition-coverage="100% (2/2)" />
            <line number="432" hits="26" branch="false" />
            <line number="433" hits="26" branch="true" condition-coverage="100% (2/2)" />
            <line number="434" hits="6" branch="false" />
            <line number="435" hits="6" branch="false" />
            <line number="436" hits="6" branch="false" />
            <line number="437" hits="26" branch="false" />
            <line number="438" hits="2" branch="false" />
            <line number="439" hits="2" branch="false" />
            <line number="452" hits="4" branch="false" />
            <line number="453" hits="4" branch="false" />
            <line number="454" hits="56" branch="true" condition-coverage="100% (2/2)" />
            <line number="455" hits="22" branch="false" />
            <line number="456" hits="22" branch="false" />
            <line number="457" hits="22" branch="false" />
            <line number="458" hits="4" branch="false" />
            <line number="459" hits="4" branch="false" />
            <line number="482" hits="6" branch="false" />
            <line number="483" hits="6" branch="true" condition-coverage="100% (4/4)" />
            <line number="484" hits="2" branch="false" />
            <line number="485" hits="2" branch="false" />
            <line number="488" hits="4" branch="false" />
            <line number="489" hits="4" branch="false" />
            <line number="490" hits="4" branch="false" />
            <line number="492" hits="51" branch="true" condition-coverage="100% (2/2)" />
            <line number="493" hits="20" branch="false" />
            <line number="494" hits="20" branch="true" condition-coverage="50% (1/2)" />
            <line number="495" hits="0" branch="false" />
            <line number="497" hits="20" branch="true" condition-coverage="100% (2/2)" />
            <line number="498" hits="8" branch="false" />
            <line number="499" hits="8" branch="true" condition-coverage="50% (1/2)" />
            <line number="500" hits="0" branch="false" />
            <line number="501" hits="8" branch="false" />
            <line number="502" hits="12" branch="true" condition-coverage="100% (4/4)" />
            <line number="503" hits="4" branch="false" />
            <line number="504" hits="4" branch="false" />
            <line number="505" hits="4" branch="false" />
            <line number="506" hits="4" branch="true" condition-coverage="50% (1/2)" />
            <line number="507" hits="0" branch="false" />
            <line number="508" hits="4" branch="false" />
            <line number="509" hits="8" branch="true" condition-coverage="50% (1/2)" />
            <line number="510" hits="8" branch="false" />
            <line number="511" hits="8" branch="true" condition-coverage="100% (2/2)" />
            <line number="512" hits="1" branch="false" />
            <line number="513" hits="7" branch="false" />
            <line number="515" hits="0" branch="false" />
            <line number="516" hits="0" branch="false" />
            <line number="518" hits="19" branch="false" />
            <line number="519" hits="19" branch="false" />
            <line number="522" hits="3" branch="false" />
            <line number="523" hits="6" branch="false" />
            <line number="530" hits="3" branch="false" />
            <line number="531" hits="3" branch="true" condition-coverage="75% (3/4)" />
            <line number="532" hits="1" branch="false" />
            <line number="533" hits="1" branch="false" />
            <line number="535" hits="2" branch="false" />
            <line number="536" hits="3" branch="false" />
            <line number="543" hits="2" branch="false" />
            <line number="544" hits="2" branch="true" condition-coverage="75% (3/4)" />
            <line number="545" hits="1" branch="false" />
            <line number="546" hits="1" branch="false" />
            <line number="548" hits="1" branch="false" />
            <line number="549" hits="2" branch="false" />
            <line number="557" hits="6" branch="false" />
            <line number="558" hits="6" branch="false" />
            <line number="559" hits="6" branch="false" />
            <line number="561" hits="174" branch="true" condition-coverage="100% (2/2)" />
            <line number="562" hits="78" branch="false" />
            <line number="563" hits="78" branch="false" />
            <line number="564" hits="78" branch="true" condition-coverage="100% (2/2)" />
            <line number="565" hits="26" branch="false" />
            <line number="566" hits="26" branch="false" />
            <line number="567" hits="26" branch="false" />
            <line number="568" hits="52" branch="true" condition-coverage="100% (2/2)" />
            <line number="569" hits="14" branch="false" />
            <line number="570" hits="14" branch="false" />
            <line number="571" hits="14" branch="false" />
            <line number="573" hits="78" branch="false" />
            <line number="574" hits="78" branch="false" />
            <line number="575" hits="78" branch="false" />
            <line number="577" hits="6" branch="false" />
            <line number="578" hits="6" branch="false" />
            <line number="587" hits="217" branch="false" />
            <line number="589" hits="217" branch="false" />
            <line number="590" hits="217" branch="false" />
            <line number="591" hits="217" branch="false" />
            <line number="592" hits="217" branch="false" />
            <line number="593" hits="217" branch="false" />
            <line number="594" hits="217" branch="false" />
            <line number="597" hits="217" branch="false" />
            <line number="598" hits="217" branch="false" />
            <line number="601" hits="6721" branch="true" condition-coverage="100% (2/2)" />
            <line number="602" hits="3069" branch="false" />
            <line number="603" hits="3069" branch="true" condition-coverage="100% (2/2)" />
            <line number="604" hits="1420" branch="false" />
            <line number="605" hits="1420" branch="false" />
            <line number="606" hits="1352" branch="false" />
            <line number="607" hits="3001" branch="false" />
            <line number="609" hits="149" branch="false" />
          </lines>
        </class>
        <class name="SpreadsheetUtilities.FormulaError" filename="C:\Users\Andy Tran\source\repos\spreadsheet-AndyTran97\Spreadsheet\Formula\Formula.cs" line-rate="1" branch-rate="1" complexity="2">
          <methods>
            <method name="get_Reason" signature="()" line-rate="1" branch-rate="1" complexity="1">
              <lines>
                <line number="644" hits="3" branch="false" />
              </lines>
            </method>
            <method name=".ctor" signature="(...)" line-rate="1" branch-rate="1" complexity="1">
              <lines>
                <line number="636" hits="3" branch="false" />
                <line number="637" hits="3" branch="false" />
                <line number="638" hits="3" branch="false" />
                <line number="639" hits="3" branch="false" />
              </lines>
            </method>
          </methods>
          <lines>
            <line number="636" hits="3" branch="false" />
            <line number="637" hits="3" branch="false" />
            <line number="638" hits="3" branch="false" />
            <line number="639" hits="3" branch="false" />
            <line number="644" hits="3" branch="false" />
          </lines>
        </class>
        <class name="SpreadsheetUtilities.FormulaFormatException" filename="C:\Users\Andy Tran\source\repos\spreadsheet-AndyTran97\Spreadsheet\Formula\Formula.cs" line-rate="1" branch-rate="1" complexity="1">
          <methods>
            <method name=".ctor" signature="(...)" line-rate="1" branch-rate="1" complexity="1">
              <lines>
                <line number="621" hits="10" branch="false" />
                <line number="622" hits="10" branch="false" />
                <line number="623" hits="10" branch="false" />
              </lines>
            </method>
          </methods>
          <lines>
            <line number="621" hits="10" branch="false" />
            <line number="622" hits="10" branch="false" />
            <line number="623" hits="10" branch="false" />
          </lines>
        </class>
      </classes>
    </package>
    <package name="FormulaTests" line-rate="0.906779661016949" branch-rate="1" complexity="29">
      <classes>
        <class name="AutoGeneratedProgram" filename="C:\Users\Andy Tran\.nuget\packages\microsoft.net.test.sdk\17.1.0\build\netcoreapp2.1\Microsoft.NET.Test.Sdk.Program.cs" line-rate="0" branch-rate="1" complexity="1">
          <methods>
            <method name="Main" signature="(...)" line-rate="0" branch-rate="1" complexity="1">
              <lines>
                <line number="4" hits="0" branch="false" />
              </lines>
            </method>
          </methods>
          <lines>
            <line number="4" hits="0" branch="false" />
          </lines>
        </class>
        <class name="FormulaTest.UnitTest1" filename="C:\Users\Andy Tran\source\repos\spreadsheet-AndyTran97\Spreadsheet\FormulaTests\UnitTest1.cs" line-rate="0.914529914529915" branch-rate="1" complexity="28">
          <methods>
            <method name="TestForException1" signature="()" line-rate="0.666666666666667" branch-rate="1" complexity="1">
              <lines>
                <line number="13" hits="1" branch="false" />
                <line number="15" hits="1" branch="false" />
                <line number="16" hits="0" branch="false" />
              </lines>
            </method>
            <method name="TestForException2" signature="()" line-rate="0.666666666666667" branch-rate="1" complexity="1">
              <lines>
                <line number="21" hits="1" branch="false" />
                <line number="23" hits="1" branch="false" />
                <line number="24" hits="0" branch="false" />
              </lines>
            </method>
            <method name="TestForException3" signature="()" line-rate="0.666666666666667" branch-rate="1" complexity="1">
              <lines>
                <line number="29" hits="1" branch="false" />
                <line number="31" hits="1" branch="false" />
                <line number="32" hits="0" branch="false" />
              </lines>
            </method>
            <method name="TestForException4" signature="()" line-rate="0.666666666666667" branch-rate="1" complexity="1">
              <lines>
                <line number="37" hits="1" branch="false" />
                <line number="39" hits="1" branch="false" />
                <line number="40" hits="0" branch="false" />
              </lines>
            </method>
            <method name="TestForException5" signature="()" line-rate="0.666666666666667" branch-rate="1" complexity="1">
              <lines>
                <line number="45" hits="1" branch="false" />
                <line number="47" hits="1" branch="false" />
                <line number="48" hits="0" branch="false" />
              </lines>
            </method>
            <method name="TestForException6" signature="()" line-rate="0.666666666666667" branch-rate="1" complexity="1">
              <lines>
                <line number="53" hits="1" branch="false" />
                <line number="55" hits="1" branch="false" />
                <line number="56" hits="0" branch="false" />
              </lines>
            </method>
            <method name="TestForException7" signature="()" line-rate="0.666666666666667" branch-rate="1" complexity="1">
              <lines>
                <line number="61" hits="1" branch="false" />
                <line number="63" hits="1" branch="false" />
                <line number="64" hits="0" branch="false" />
              </lines>
            </method>
            <method name="TestForException8" signature="()" line-rate="0.666666666666667" branch-rate="1" complexity="1">
              <lines>
                <line number="69" hits="1" branch="false" />
                <line number="71" hits="1" branch="false" />
                <line number="72" hits="0" branch="false" />
              </lines>
            </method>
            <method name="TestForException9" signature="()" line-rate="0.666666666666667" branch-rate="1" complexity="1">
              <lines>
                <line number="77" hits="1" branch="false" />
                <line number="79" hits="1" branch="false" />
                <line number="80" hits="0" branch="false" />
              </lines>
            </method>
            <method name="TestForUnknownVariable" signature="()" line-rate="1" branch-rate="1" complexity="1">
              <lines>
                <line number="84" hits="1" branch="false" />
                <line number="86" hits="1" branch="false" />
                <line number="87" hits="1" branch="false" />
                <line number="88" hits="1" branch="false" />
              </lines>
            </method>
            <method name="TestComparingToEmptyString" signature="()" line-rate="1" branch-rate="1" complexity="1">
              <lines>
                <line number="92" hits="1" branch="false" />
                <line number="93" hits="1" branch="false" />
                <line number="94" hits="1" branch="false" />
                <line number="95" hits="1" branch="false" />
              </lines>
            </method>
            <method name="TestConstructor" signature="()" line-rate="0.857142857142857" branch-rate="1" complexity="1">
              <lines>
                <line number="101" hits="1" branch="false" />
                <line number="103" hits="1" branch="false" />
                <line number="104" hits="1" branch="false" />
                <line number="105" hits="1" branch="false" />
                <line number="106" hits="1" branch="false" />
                <line number="109" hits="1" branch="false" />
                <line number="110" hits="0" branch="false" />
              </lines>
            </method>
            <method name="TestGetHashCode" signature="()" line-rate="1" branch-rate="1" complexity="1">
              <lines>
                <line number="114" hits="1" branch="false" />
                <line number="115" hits="1" branch="false" />
                <line number="116" hits="1" branch="false" />
                <line number="117" hits="1" branch="false" />
                <line number="119" hits="1" branch="false" />
                <line number="120" hits="1" branch="false" />
                <line number="121" hits="1" branch="false" />
                <line number="123" hits="1" branch="false" />
                <line number="124" hits="1" branch="false" />
                <line number="125" hits="1" branch="false" />
                <line number="127" hits="1" branch="false" />
              </lines>
            </method>
            <method name="TestEqualAndNotEqualOperator" signature="()" line-rate="1" branch-rate="1" complexity="1">
              <lines>
                <line number="132" hits="1" branch="false" />
                <line number="134" hits="1" branch="false" />
                <line number="135" hits="1" branch="false" />
                <line number="136" hits="1" branch="false" />
                <line number="138" hits="1" branch="false" />
                <line number="139" hits="1" branch="false" />
                <line number="140" hits="1" branch="false" />
                <line number="143" hits="1" branch="false" />
                <line number="144" hits="1" branch="false" />
                <line number="145" hits="1" branch="false" />
                <line number="148" hits="1" branch="false" />
                <line number="149" hits="1" branch="false" />
                <line number="151" hits="1" branch="false" />
                <line number="152" hits="1" branch="false" />
                <line number="153" hits="1" branch="false" />
              </lines>
            </method>
            <method name="TestEqualsMethod" signature="()" line-rate="1" branch-rate="1" complexity="1">
              <lines>
                <line number="158" hits="1" branch="false" />
                <line number="159" hits="1" branch="false" />
                <line number="160" hits="1" branch="false" />
                <line number="161" hits="1" branch="false" />
                <line number="162" hits="1" branch="false" />
              </lines>
            </method>
            <method name="TestGetVariables" signature="()" line-rate="1" branch-rate="1" complexity="1">
              <lines>
                <line number="167" hits="1" branch="false" />
                <line number="168" hits="1" branch="false" />
                <line number="169" hits="1" branch="false" />
                <line number="171" hits="1" branch="false" />
                <line number="172" hits="1" branch="false" />
                <line number="173" hits="1" branch="false" />
              </lines>
            </method>
            <method name="TestEvaluateMethod" signature="()" line-rate="1" branch-rate="1" complexity="1">
              <lines>
                <line number="177" hits="1" branch="false" />
                <line number="180" hits="1" branch="false" />
                <line number="181" hits="1" branch="false" />
                <line number="183" hits="1" branch="false" />
                <line number="184" hits="1" branch="false" />
                <line number="187" hits="1" branch="false" />
                <line number="188" hits="1" branch="false" />
                <line number="191" hits="1" branch="false" />
                <line number="192" hits="1" branch="false" />
                <line number="194" hits="1" branch="false" />
                <line number="195" hits="1" branch="false" />
                <line number="198" hits="1" branch="false" />
                <line number="199" hits="1" branch="false" />
                <line number="201" hits="1" branch="false" />
              </lines>
            </method>
            <method name="isValid" signature="(...)" line-rate="1" branch-rate="1" complexity="1">
              <lines>
                <line number="204" hits="146" branch="false" />
                <line number="205" hits="146" branch="false" />
                <line number="206" hits="146" branch="false" />
              </lines>
            </method>
            <method name="normalize" signature="(...)" line-rate="1" branch-rate="1" complexity="4">
              <lines>
                <line number="209" hits="188" branch="false" />
                <line number="210" hits="912" branch="true" condition-coverage="100% (2/2)" />
                <line number="211" hits="243" branch="false" />
                <line number="212" hits="243" branch="true" condition-coverage="100% (2/2)" />
                <line number="213" hits="138" branch="false" />
                <line number="214" hits="105" branch="false" />
                <line number="215" hits="50" branch="false" />
                <line number="216" hits="188" branch="false" />
              </lines>
            </method>
            <method name="LookUp" signature="(...)" line-rate="1" branch-rate="1" complexity="6">
              <lines>
                <line number="219" hits="10" branch="false" />
                <line number="220" hits="10" branch="true" condition-coverage="100% (2/2)" />
                <line number="221" hits="4" branch="false" />
                <line number="223" hits="4" branch="false" />
                <line number="225" hits="6" branch="true" condition-coverage="100% (2/2)" />
                <line number="226" hits="3" branch="false" />
                <line number="227" hits="3" branch="false" />
                <line number="229" hits="3" branch="true" condition-coverage="100% (2/2)" />
                <line number="230" hits="2" branch="false" />
                <line number="231" hits="2" branch="false" />
                <line number="234" hits="1" branch="false" />
                <line number="235" hits="1" branch="false" />
                <line number="237" hits="9" branch="false" />
              </lines>
            </method>
          </methods>
          <lines>
            <line number="13" hits="1" branch="false" />
            <line number="15" hits="1" branch="false" />
            <line number="16" hits="0" branch="false" />
            <line number="21" hits="1" branch="false" />
            <line number="23" hits="1" branch="false" />
            <line number="24" hits="0" branch="false" />
            <line number="29" hits="1" branch="false" />
            <line number="31" hits="1" branch="false" />
            <line number="32" hits="0" branch="false" />
            <line number="37" hits="1" branch="false" />
            <line number="39" hits="1" branch="false" />
            <line number="40" hits="0" branch="false" />
            <line number="45" hits="1" branch="false" />
            <line number="47" hits="1" branch="false" />
            <line number="48" hits="0" branch="false" />
            <line number="53" hits="1" branch="false" />
            <line number="55" hits="1" branch="false" />
            <line number="56" hits="0" branch="false" />
            <line number="61" hits="1" branch="false" />
            <line number="63" hits="1" branch="false" />
            <line number="64" hits="0" branch="false" />
            <line number="69" hits="1" branch="false" />
            <line number="71" hits="1" branch="false" />
            <line number="72" hits="0" branch="false" />
            <line number="77" hits="1" branch="false" />
            <line number="79" hits="1" branch="false" />
            <line number="80" hits="0" branch="false" />
            <line number="84" hits="1" branch="false" />
            <line number="86" hits="1" branch="false" />
            <line number="87" hits="1" branch="false" />
            <line number="88" hits="1" branch="false" />
            <line number="92" hits="1" branch="false" />
            <line number="93" hits="1" branch="false" />
            <line number="94" hits="1" branch="false" />
            <line number="95" hits="1" branch="false" />
            <line number="101" hits="1" branch="false" />
            <line number="103" hits="1" branch="false" />
            <line number="104" hits="1" branch="false" />
            <line number="105" hits="1" branch="false" />
            <line number="106" hits="1" branch="false" />
            <line number="109" hits="1" branch="false" />
            <line number="110" hits="0" branch="false" />
            <line number="114" hits="1" branch="false" />
            <line number="115" hits="1" branch="false" />
            <line number="116" hits="1" branch="false" />
            <line number="117" hits="1" branch="false" />
            <line number="119" hits="1" branch="false" />
            <line number="120" hits="1" branch="false" />
            <line number="121" hits="1" branch="false" />
            <line number="123" hits="1" branch="false" />
            <line number="124" hits="1" branch="false" />
            <line number="125" hits="1" branch="false" />
            <line number="127" hits="1" branch="false" />
            <line number="132" hits="1" branch="false" />
            <line number="134" hits="1" branch="false" />
            <line number="135" hits="1" branch="false" />
            <line number="136" hits="1" branch="false" />
            <line number="138" hits="1" branch="false" />
            <line number="139" hits="1" branch="false" />
            <line number="140" hits="1" branch="false" />
            <line number="143" hits="1" branch="false" />
            <line number="144" hits="1" branch="false" />
            <line number="145" hits="1" branch="false" />
            <line number="148" hits="1" branch="false" />
            <line number="149" hits="1" branch="false" />
            <line number="151" hits="1" branch="false" />
            <line number="152" hits="1" branch="false" />
            <line number="153" hits="1" branch="false" />
            <line number="158" hits="1" branch="false" />
            <line number="159" hits="1" branch="false" />
            <line number="160" hits="1" branch="false" />
            <line number="161" hits="1" branch="false" />
            <line number="162" hits="1" branch="false" />
            <line number="167" hits="1" branch="false" />
            <line number="168" hits="1" branch="false" />
            <line number="169" hits="1" branch="false" />
            <line number="171" hits="1" branch="false" />
            <line number="172" hits="1" branch="false" />
            <line number="173" hits="1" branch="false" />
            <line number="177" hits="1" branch="false" />
            <line number="180" hits="1" branch="false" />
            <line number="181" hits="1" branch="false" />
            <line number="183" hits="1" branch="false" />
            <line number="184" hits="1" branch="false" />
            <line number="187" hits="1" branch="false" />
            <line number="188" hits="1" branch="false" />
            <line number="191" hits="1" branch="false" />
            <line number="192" hits="1" branch="false" />
            <line number="194" hits="1" branch="false" />
            <line number="195" hits="1" branch="false" />
            <line number="198" hits="1" branch="false" />
            <line number="199" hits="1" branch="false" />
            <line number="201" hits="1" branch="false" />
            <line number="204" hits="146" branch="false" />
            <line number="205" hits="146" branch="false" />
            <line number="206" hits="146" branch="false" />
            <line number="209" hits="188" branch="false" />
            <line number="210" hits="912" branch="true" condition-coverage="100% (2/2)" />
            <line number="211" hits="243" branch="false" />
            <line number="212" hits="243" branch="true" condition-coverage="100% (2/2)" />
            <line number="213" hits="138" branch="false" />
            <line number="214" hits="105" branch="false" />
            <line number="215" hits="50" branch="false" />
            <line number="216" hits="188" branch="false" />
            <line number="219" hits="10" branch="false" />
            <line number="220" hits="10" branch="true" condition-coverage="100% (2/2)" />
            <line number="221" hits="4" branch="false" />
            <line number="223" hits="4" branch="false" />
            <line number="225" hits="6" branch="true" condition-coverage="100% (2/2)" />
            <line number="226" hits="3" branch="false" />
            <line number="227" hits="3" branch="false" />
            <line number="229" hits="3" branch="true" condition-coverage="100% (2/2)" />
            <line number="230" hits="2" branch="false" />
            <line number="231" hits="2" branch="false" />
            <line number="234" hits="1" branch="false" />
            <line number="235" hits="1" branch="false" />
            <line number="237" hits="9" branch="false" />
          </lines>
        </class>
      </classes>
    </package>
  </packages>
</coverage>