<?xml version="1.0" encoding="utf-8"?>
<coverage line-rate="0.9218999999999999" branch-rate="0.9065000000000001" version="1.9" timestamp="1664595207" lines-covered="390" lines-valid="423" branches-covered="165" branches-valid="182">
  <sources>
    <source>C:\Users\Andy Tran\</source>
  </sources>
  <packages>
    <package name="Formula" line-rate="0.9278" branch-rate="0.9011" complexity="179">
      <classes>
        <class name="SpreadsheetUtilities.Formula" filename="source\repos\spreadsheet-AndyTran97\Spreadsheet\Formula\Formula.cs" line-rate="0.9214" branch-rate="0.8987999999999999" complexity="172">
          <methods>
            <method name="TryPerformOps" signature="(System.Collections.Generic.Stack`1&lt;System.Double&gt;&amp;,System.Collections.Generic.Stack`1&lt;System.String&gt;&amp;,System.Double&amp;)" line-rate="0.96" branch-rate="0.9" complexity="10">
              <lines>
                <line number="168" hits="24" branch="False" />
                <line number="169" hits="24" branch="False" />
                <line number="170" hits="24" branch="False" />
                <line number="171" hits="24" branch="False" />
                <line number="172" hits="24" branch="False" />
                <line number="173" hits="24" branch="True" condition-coverage="87.5% (7/8)">
                  <conditions>
                    <condition number="53" type="jump" coverage="100%" />
                    <condition number="66" type="jump" coverage="100%" />
                    <condition number="79" type="jump" coverage="100%" />
                    <condition number="92" type="jump" coverage="50%" />
                  </conditions>
                </line>
                <line number="176" hits="14" branch="False" />
                <line number="177" hits="14" branch="False" />
                <line number="178" hits="14" branch="False" />
                <line number="180" hits="1" branch="False" />
                <line number="181" hits="1" branch="False" />
                <line number="182" hits="1" branch="False" />
                <line number="184" hits="5" branch="False" />
                <line number="185" hits="5" branch="False" />
                <line number="186" hits="5" branch="False" />
                <line number="188" hits="4" branch="True" condition-coverage="100% (2/2)">
                  <conditions>
                    <condition number="172" type="jump" coverage="100%" />
                  </conditions>
                </line>
                <line number="189" hits="2" branch="False" />
                <line number="190" hits="2" branch="False" />
                <line number="191" hits="2" branch="False" />
                <line number="194" hits="2" branch="False" />
                <line number="195" hits="2" branch="False" />
                <line number="196" hits="2" branch="False" />
                <line number="197" hits="2" branch="False" />
                <line number="201" hits="0" branch="False" />
                <line number="203" hits="24" branch="False" />
              </lines>
            </method>
            <method name="isOnTop" signature="(System.Collections.Generic.Stack`1&lt;System.Double&gt;,System.Collections.Generic.Stack`1&lt;System.String&gt;,System.String,System.String)" line-rate="1" branch-rate="1" complexity="8">
              <lines>
                <line number="217" hits="55" branch="False" />
                <line number="218" hits="55" branch="True" condition-coverage="100% (8/8)">
                  <conditions>
                    <condition number="8" type="jump" coverage="100%" />
                    <condition number="17" type="jump" coverage="100%" />
                    <condition number="31" type="jump" coverage="100%" />
                    <condition number="53" type="jump" coverage="100%" />
                  </conditions>
                </line>
                <line number="219" hits="21" branch="False" />
                <line number="220" hits="21" branch="False" />
                <line number="223" hits="34" branch="False" />
                <line number="224" hits="55" branch="False" />
              </lines>
            </method>
            <method name="isOpOrOpenParen" signature="(System.String)" line-rate="1" branch-rate="1" complexity="1">
              <lines>
                <line number="228" hits="309" branch="False" />
                <line number="229" hits="309" branch="False" />
                <line number="231" hits="309" branch="False" />
              </lines>
            </method>
            <method name="isOpOrCloseParen" signature="(System.String)" line-rate="1" branch-rate="1" complexity="1">
              <lines>
                <line number="235" hits="136" branch="False" />
                <line number="236" hits="136" branch="False" />
                <line number="238" hits="136" branch="False" />
              </lines>
            </method>
            <method name="isVariable" signature="(System.String)" line-rate="1" branch-rate="1" complexity="4">
              <lines>
                <line number="242" hits="446" branch="False" />
                <line number="244" hits="446" branch="False" />
                <line number="246" hits="446" branch="True" condition-coverage="100% (2/2)">
                  <conditions>
                    <condition number="16" type="jump" coverage="100%" />
                  </conditions>
                </line>
                <line number="247" hits="215" branch="False" />
                <line number="248" hits="215" branch="True" condition-coverage="100% (2/2)">
                  <conditions>
                    <condition number="44" type="jump" coverage="100%" />
                  </conditions>
                </line>
                <line number="249" hits="214" branch="False" />
                <line number="250" hits="1" branch="False" />
                <line number="252" hits="232" branch="False" />
                <line number="254" hits="446" branch="False" />
              </lines>
            </method>
            <method name="isNumber" signature="(System.String)" line-rate="1" branch-rate="1" complexity="2">
              <lines>
                <line number="258" hits="160" branch="False" />
                <line number="259" hits="160" branch="True" condition-coverage="100% (2/2)">
                  <conditions>
                    <condition number="11" type="jump" coverage="100%" />
                  </conditions>
                </line>
                <line number="260" hits="101" branch="False" />
                <line number="261" hits="59" branch="False" />
                <line number="262" hits="160" branch="False" />
              </lines>
            </method>
            <method name="isOperatorAndParentheses" signature="(System.String)" line-rate="1" branch-rate="1" complexity="1">
              <lines>
                <line number="266" hits="331" branch="False" />
                <line number="267" hits="331" branch="False" />
                <line number="269" hits="331" branch="False" />
              </lines>
            </method>
            <method name="isValidTokens" signature="(System.String)" line-rate="1" branch-rate="1" complexity="4">
              <lines>
                <line number="273" hits="311" branch="False" />
                <line number="274" hits="311" branch="True" condition-coverage="100% (4/4)">
                  <conditions>
                    <condition number="8" type="jump" coverage="100%" />
                    <condition number="17" type="jump" coverage="100%" />
                  </conditions>
                </line>
                <line number="275" hits="311" branch="False" />
              </lines>
            </method>
            <method name="Evaluate" signature="(System.Func`2&lt;System.String,System.Double&gt;)" line-rate="0.8048000000000001" branch-rate="0.8076000000000001" complexity="52">
              <lines>
                <line number="299" hits="7" branch="False" />
                <line number="300" hits="7" branch="False" />
                <line number="301" hits="7" branch="False" />
                <line number="303" hits="148" branch="True" condition-coverage="100% (2/2)">
                  <conditions>
                    <condition number="742" type="jump" coverage="100%" />
                  </conditions>
                </line>
                <line number="304" hits="65" branch="False" />
                <line number="305" hits="65" branch="False" />
                <line number="307" hits="65" branch="True" condition-coverage="100% (2/2)">
                  <conditions>
                    <condition number="60" type="jump" coverage="100%" />
                  </conditions>
                </line>
                <line number="308" hits="23" branch="False" />
                <line number="309" hits="23" branch="False" />
                <line number="310" hits="23" branch="True" condition-coverage="100% (2/2)">
                  <conditions>
                    <condition number="93" type="jump" coverage="100%" />
                  </conditions>
                </line>
                <line number="311" hits="4" branch="False" />
                <line number="312" hits="4" branch="True" condition-coverage="100% (2/2)">
                  <conditions>
                    <condition number="114" type="jump" coverage="100%" />
                  </conditions>
                </line>
                <line number="313" hits="2" branch="False" />
                <line number="314" hits="2" branch="False" />
                <line number="316" hits="2" branch="False" />
                <line number="318" hits="21" branch="False" />
                <line number="319" hits="42" branch="True" condition-coverage="100% (2/2)">
                  <conditions>
                    <condition number="158" type="jump" coverage="100%" />
                  </conditions>
                </line>
                <line number="320" hits="10" branch="False" />
                <line number="322" hits="10" branch="False" />
                <line number="323" hits="10" branch="False" />
                <line number="324" hits="9" branch="False" />
                <line number="325" hits="9" branch="True" condition-coverage="100% (2/2)">
                  <conditions>
                    <condition number="216" type="jump" coverage="100%" />
                  </conditions>
                </line>
                <line number="326" hits="2" branch="False" />
                <line number="328" hits="2" branch="True" condition-coverage="50% (1/2)">
                  <conditions>
                    <condition number="237" type="jump" coverage="50%" />
                  </conditions>
                </line>
                <line number="329" hits="0" branch="False" />
                <line number="330" hits="0" branch="False" />
                <line number="332" hits="2" branch="False" />
                <line number="333" hits="10" branch="False" />
                <line number="334" hits="1" branch="False" />
                <line number="335" hits="1" branch="False" />
                <line number="338" hits="9" branch="False" />
                <line number="339" hits="32" branch="True" condition-coverage="100% (4/4)">
                  <conditions>
                    <condition number="311" type="jump" coverage="100%" />
                    <condition number="332" type="jump" coverage="100%" />
                  </conditions>
                </line>
                <line number="340" hits="17" branch="False" />
                <line number="341" hits="17" branch="True" condition-coverage="100% (2/2)">
                  <conditions>
                    <condition number="356" type="jump" coverage="100%" />
                  </conditions>
                </line>
                <line number="342" hits="9" branch="False" />
                <line number="344" hits="9" branch="True" condition-coverage="50% (1/2)">
                  <conditions>
                    <condition number="377" type="jump" coverage="50%" />
                  </conditions>
                </line>
                <line number="345" hits="0" branch="False" />
                <line number="346" hits="0" branch="False" />
                <line number="348" hits="9" branch="False" />
                <line number="349" hits="17" branch="False" />
                <line number="350" hits="17" branch="False" />
                <line number="351" hits="15" branch="True" condition-coverage="100% (6/6)">
                  <conditions>
                    <condition number="430" type="jump" coverage="100%" />
                    <condition number="444" type="jump" coverage="100%" />
                    <condition number="465" type="jump" coverage="100%" />
                  </conditions>
                </line>
                <line number="352" hits="12" branch="False" />
                <line number="353" hits="12" branch="False" />
                <line number="354" hits="12" branch="False" />
                <line number="355" hits="3" branch="True" condition-coverage="50% (1/2)">
                  <conditions>
                    <condition number="499" type="jump" coverage="50%" />
                  </conditions>
                </line>
                <line number="356" hits="3" branch="False" />
                <line number="358" hits="3" branch="True" condition-coverage="100% (2/2)">
                  <conditions>
                    <condition number="526" type="jump" coverage="100%" />
                  </conditions>
                </line>
                <line number="359" hits="3" branch="False" />
                <line number="361" hits="3" branch="True" condition-coverage="50% (1/2)">
                  <conditions>
                    <condition number="547" type="jump" coverage="50%" />
                  </conditions>
                </line>
                <line number="362" hits="0" branch="False" />
                <line number="363" hits="0" branch="False" />
                <line number="365" hits="3" branch="False" />
                <line number="368" hits="3" branch="True" condition-coverage="50% (2/4)">
                  <conditions>
                    <condition number="580" type="jump" coverage="50%" />
                    <condition number="605" type="jump" coverage="50%" />
                  </conditions>
                </line>
                <line number="369" hits="3" branch="False" />
                <line number="370" hits="3" branch="False" />
                <line number="371" hits="3" branch="False" />
                <line number="373" hits="0" branch="False" />
                <line number="374" hits="0" branch="False" />
                <line number="378" hits="3" branch="True" condition-coverage="100% (2/2)">
                  <conditions>
                    <condition number="662" type="jump" coverage="100%" />
                  </conditions>
                </line>
                <line number="379" hits="3" branch="False" />
                <line number="381" hits="3" branch="True" condition-coverage="50% (1/2)">
                  <conditions>
                    <condition number="683" type="jump" coverage="50%" />
                  </conditions>
                </line>
                <line number="382" hits="0" branch="False" />
                <line number="383" hits="0" branch="False" />
                <line number="385" hits="3" branch="False" />
                <line number="386" hits="3" branch="False" />
                <line number="388" hits="0" branch="False" />
                <line number="389" hits="0" branch="False" />
                <line number="391" hits="62" branch="False" />
                <line number="393" hits="4" branch="True" condition-coverage="100% (4/4)">
                  <conditions>
                    <condition number="766" type="jump" coverage="100%" />
                    <condition number="784" type="jump" coverage="100%" />
                  </conditions>
                </line>
                <line number="394" hits="1" branch="False" />
                <line number="395" hits="1" branch="False" />
                <line number="397" hits="3" branch="True" condition-coverage="50% (2/4)">
                  <conditions>
                    <condition number="809" type="jump" coverage="50%" />
                    <condition number="827" type="jump" coverage="50%" />
                  </conditions>
                </line>
                <line number="398" hits="3" branch="False" />
                <line number="400" hits="3" branch="True" condition-coverage="50% (1/2)">
                  <conditions>
                    <condition number="848" type="jump" coverage="50%" />
                  </conditions>
                </line>
                <line number="401" hits="0" branch="False" />
                <line number="402" hits="0" branch="False" />
                <line number="405" hits="3" branch="False" />
                <line number="406" hits="3" branch="False" />
                <line number="410" hits="0" branch="False" />
                <line number="411" hits="0" branch="False" />
                <line number="415" hits="7" branch="False" />
              </lines>
            </method>
            <method name="GetVariables" signature="()" line-rate="1" branch-rate="1" complexity="4">
              <lines>
                <line number="429" hits="2" branch="False" />
                <line number="430" hits="2" branch="False" />
                <line number="431" hits="58" branch="True" condition-coverage="100% (2/2)">
                  <conditions>
                    <condition number="69" type="jump" coverage="100%" />
                  </conditions>
                </line>
                <line number="432" hits="26" branch="False" />
                <line number="433" hits="26" branch="True" condition-coverage="100% (2/2)">
                  <conditions>
                    <condition number="39" type="jump" coverage="100%" />
                  </conditions>
                </line>
                <line number="434" hits="6" branch="False" />
                <line number="435" hits="6" branch="False" />
                <line number="436" hits="6" branch="False" />
                <line number="437" hits="26" branch="False" />
                <line number="438" hits="2" branch="False" />
                <line number="439" hits="2" branch="False" />
              </lines>
            </method>
            <method name="ToString" signature="()" line-rate="1" branch-rate="1" complexity="2">
              <lines>
                <line number="452" hits="4" branch="False" />
                <line number="453" hits="4" branch="False" />
                <line number="454" hits="56" branch="True" condition-coverage="100% (2/2)">
                  <conditions>
                    <condition number="56" type="jump" coverage="100%" />
                  </conditions>
                </line>
                <line number="455" hits="22" branch="False" />
                <line number="456" hits="22" branch="False" />
                <line number="457" hits="22" branch="False" />
                <line number="458" hits="4" branch="False" />
                <line number="459" hits="4" branch="False" />
              </lines>
            </method>
            <method name="Equals" signature="(System.Object)" line-rate="0.8529000000000001" branch-rate="0.8181" complexity="22">
              <lines>
                <line number="482" hits="6" branch="False" />
                <line number="483" hits="6" branch="True" condition-coverage="100% (4/4)">
                  <conditions>
                    <condition number="2" type="jump" coverage="100%" />
                    <condition number="21" type="jump" coverage="100%" />
                  </conditions>
                </line>
                <line number="484" hits="2" branch="False" />
                <line number="485" hits="2" branch="False" />
                <line number="488" hits="4" branch="False" />
                <line number="489" hits="4" branch="False" />
                <line number="490" hits="4" branch="False" />
                <line number="492" hits="51" branch="True" condition-coverage="100% (2/2)">
                  <conditions>
                    <condition number="314" type="jump" coverage="100%" />
                  </conditions>
                </line>
                <line number="493" hits="20" branch="False" />
                <line number="494" hits="20" branch="True" condition-coverage="50% (1/2)">
                  <conditions>
                    <condition number="98" type="jump" coverage="50%" />
                  </conditions>
                </line>
                <line number="495" hits="0" branch="False" />
                <line number="497" hits="20" branch="True" condition-coverage="100% (2/2)">
                  <conditions>
                    <condition number="120" type="jump" coverage="100%" />
                  </conditions>
                </line>
                <line number="498" hits="8" branch="False" />
                <line number="499" hits="8" branch="True" condition-coverage="50% (1/2)">
                  <conditions>
                    <condition number="144" type="jump" coverage="50%" />
                  </conditions>
                </line>
                <line number="500" hits="0" branch="False" />
                <line number="501" hits="8" branch="False" />
                <line number="502" hits="12" branch="True" condition-coverage="100% (4/4)">
                  <conditions>
                    <condition number="169" type="jump" coverage="100%" />
                    <condition number="192" type="jump" coverage="100%" />
                  </conditions>
                </line>
                <line number="503" hits="4" branch="False" />
                <line number="504" hits="4" branch="False" />
                <line number="505" hits="4" branch="False" />
                <line number="506" hits="4" branch="True" condition-coverage="50% (1/2)">
                  <conditions>
                    <condition number="229" type="jump" coverage="50%" />
                  </conditions>
                </line>
                <line number="507" hits="0" branch="False" />
                <line number="508" hits="4" branch="False" />
                <line number="509" hits="8" branch="True" condition-coverage="50% (1/2)">
                  <conditions>
                    <condition number="251" type="jump" coverage="50%" />
                  </conditions>
                </line>
                <line number="510" hits="8" branch="False" />
                <line number="511" hits="8" branch="True" condition-coverage="100% (2/2)">
                  <conditions>
                    <condition number="286" type="jump" coverage="100%" />
                  </conditions>
                </line>
                <line number="512" hits="1" branch="False" />
                <line number="513" hits="7" branch="False" />
                <line number="515" hits="0" branch="False" />
                <line number="516" hits="0" branch="False" />
                <line number="518" hits="19" branch="False" />
                <line number="519" hits="19" branch="False" />
                <line number="522" hits="3" branch="False" />
                <line number="523" hits="6" branch="False" />
              </lines>
            </method>
            <method name="op_Equality" signature="(SpreadsheetUtilities.Formula,SpreadsheetUtilities.Formula)" line-rate="1" branch-rate="0.75" complexity="4">
              <lines>
                <line number="530" hits="3" branch="False" />
                <line number="531" hits="3" branch="True" condition-coverage="75% (3/4)">
                  <conditions>
                    <condition number="2" type="jump" coverage="50%" />
                    <condition number="13" type="jump" coverage="100%" />
                  </conditions>
                </line>
                <line number="532" hits="1" branch="False" />
                <line number="533" hits="1" branch="False" />
                <line number="535" hits="2" branch="False" />
                <line number="536" hits="3" branch="False" />
              </lines>
            </method>
            <method name="op_Inequality" signature="(SpreadsheetUtilities.Formula,SpreadsheetUtilities.Formula)" line-rate="1" branch-rate="0.75" complexity="4">
              <lines>
                <line number="543" hits="2" branch="False" />
                <line number="544" hits="2" branch="True" condition-coverage="75% (3/4)">
                  <conditions>
                    <condition number="2" type="jump" coverage="50%" />
                    <condition number="13" type="jump" coverage="100%" />
                  </conditions>
                </line>
                <line number="545" hits="1" branch="False" />
                <line number="546" hits="1" branch="False" />
                <line number="548" hits="1" branch="False" />
                <line number="549" hits="2" branch="False" />
              </lines>
            </method>
            <method name="GetHashCode" signature="()" line-rate="1" branch-rate="1" complexity="6">
              <lines>
                <line number="557" hits="6" branch="False" />
                <line number="558" hits="6" branch="False" />
                <line number="559" hits="6" branch="False" />
                <line number="561" hits="174" branch="True" condition-coverage="100% (2/2)">
                  <conditions>
                    <condition number="110" type="jump" coverage="100%" />
                  </conditions>
                </line>
                <line number="562" hits="78" branch="False" />
                <line number="563" hits="78" branch="False" />
                <line number="564" hits="78" branch="True" condition-coverage="100% (2/2)">
                  <conditions>
                    <condition number="43" type="jump" coverage="100%" />
                  </conditions>
                </line>
                <line number="565" hits="26" branch="False" />
                <line number="566" hits="26" branch="False" />
                <line number="567" hits="26" branch="False" />
                <line number="568" hits="52" branch="True" condition-coverage="100% (2/2)">
                  <conditions>
                    <condition number="69" type="jump" coverage="100%" />
                  </conditions>
                </line>
                <line number="569" hits="14" branch="False" />
                <line number="570" hits="14" branch="False" />
                <line number="571" hits="14" branch="False" />
                <line number="573" hits="78" branch="False" />
                <line number="574" hits="78" branch="False" />
                <line number="575" hits="78" branch="False" />
                <line number="577" hits="6" branch="False" />
                <line number="578" hits="6" branch="False" />
              </lines>
            </method>
            <method name=".ctor" signature="(System.String)" line-rate="1" branch-rate="1" complexity="1">
              <lines>
                <line number="50" hits="176" branch="False" />
                <line number="51" hits="11" branch="False" />
                <line number="52" hits="11" branch="False" />
              </lines>
            </method>
            <method name=".ctor" signature="(System.String,System.Func`2&lt;System.String,System.String&gt;,System.Func`2&lt;System.String,System.Boolean&gt;)" line-rate="1" branch-rate="1" complexity="46">
              <lines>
                <line number="76" hits="40" branch="False" />
                <line number="77" hits="40" branch="False" />
                <line number="78" hits="40" branch="False" />
                <line number="79" hits="40" branch="False" />
                <line number="81" hits="40" branch="False" />
                <line number="84" hits="40" branch="True" condition-coverage="100% (2/2)">
                  <conditions>
                    <condition number="52" type="jump" coverage="100%" />
                  </conditions>
                </line>
                <line number="85" hits="1" branch="False" />
                <line number="86" hits="1" branch="False" />
                <line number="90" hits="39" branch="False" />
                <line number="91" hits="39" branch="True" condition-coverage="100% (6/6)">
                  <conditions>
                    <condition number="86" type="jump" coverage="100%" />
                    <condition number="99" type="jump" coverage="100%" />
                    <condition number="118" type="jump" coverage="100%" />
                  </conditions>
                </line>
                <line number="92" hits="1" branch="False" />
                <line number="95" hits="38" branch="False" />
                <line number="96" hits="38" branch="True" condition-coverage="100% (6/6)">
                  <conditions>
                    <condition number="151" type="jump" coverage="100%" />
                    <condition number="164" type="jump" coverage="100%" />
                    <condition number="183" type="jump" coverage="100%" />
                  </conditions>
                </line>
                <line number="97" hits="1" branch="False" />
                <line number="99" hits="37" branch="False" />
                <line number="100" hits="37" branch="False" />
                <line number="101" hits="37" branch="False" />
                <line number="102" hits="37" branch="False" />
                <line number="104" hits="728" branch="True" condition-coverage="100% (2/2)">
                  <conditions>
                    <condition number="530" type="jump" coverage="100%" />
                  </conditions>
                </line>
                <line number="105" hits="311" branch="False" />
                <line number="106" hits="311" branch="False" />
                <line number="110" hits="311" branch="True" condition-coverage="100% (2/2)">
                  <conditions>
                    <condition number="261" type="jump" coverage="100%" />
                  </conditions>
                </line>
                <line number="111" hits="1" branch="False" />
                <line number="112" hits="1" branch="False" />
                <line number="113" hits="1" branch="False" />
                <line number="119" hits="310" branch="True" condition-coverage="100% (2/2)">
                  <conditions>
                    <condition number="281" type="jump" coverage="100%" />
                  </conditions>
                </line>
                <line number="120" hits="137" branch="False" />
                <line number="121" hits="137" branch="True" condition-coverage="100% (6/6)">
                  <conditions>
                    <condition number="293" type="jump" coverage="100%" />
                    <condition number="307" type="jump" coverage="100%" />
                    <condition number="327" type="jump" coverage="100%" />
                  </conditions>
                </line>
                <line number="122" hits="1" branch="False" />
                <line number="123" hits="1" branch="False" />
                <line number="124" hits="136" branch="False" />
                <line number="125" hits="309" branch="True" condition-coverage="100% (2/2)">
                  <conditions>
                    <condition number="353" type="jump" coverage="100%" />
                  </conditions>
                </line>
                <line number="126" hits="140" branch="False" />
                <line number="127" hits="169" branch="False" />
                <line number="131" hits="309" branch="True" condition-coverage="100% (2/2)">
                  <conditions>
                    <condition number="369" type="jump" coverage="100%" />
                  </conditions>
                </line>
                <line number="132" hits="136" branch="False" />
                <line number="133" hits="136" branch="True" condition-coverage="100% (2/2)">
                  <conditions>
                    <condition number="387" type="jump" coverage="100%" />
                  </conditions>
                </line>
                <line number="134" hits="2" branch="False" />
                <line number="135" hits="2" branch="False" />
                <line number="136" hits="134" branch="False" />
                <line number="137" hits="307" branch="True" condition-coverage="100% (6/6)">
                  <conditions>
                    <condition number="410" type="jump" coverage="100%" />
                    <condition number="424" type="jump" coverage="100%" />
                    <condition number="441" type="jump" coverage="100%" />
                  </conditions>
                </line>
                <line number="138" hits="169" branch="False" />
                <line number="139" hits="138" branch="False" />
                <line number="143" hits="307" branch="True" condition-coverage="100% (2/2)">
                  <conditions>
                    <condition number="467" type="jump" coverage="100%" />
                  </conditions>
                </line>
                <line number="144" hits="14" branch="False" />
                <line number="145" hits="307" branch="True" condition-coverage="100% (2/2)">
                  <conditions>
                    <condition number="491" type="jump" coverage="100%" />
                  </conditions>
                </line>
                <line number="146" hits="10" branch="False" />
                <line number="147" hits="307" branch="True" condition-coverage="100% (2/2)">
                  <conditions>
                    <condition number="509" type="jump" coverage="100%" />
                  </conditions>
                </line>
                <line number="148" hits="1" branch="False" />
                <line number="149" hits="1" branch="False" />
                <line number="151" hits="306" branch="False" />
                <line number="154" hits="32" branch="True" condition-coverage="100% (2/2)">
                  <conditions>
                    <condition number="563" type="jump" coverage="100%" />
                  </conditions>
                </line>
                <line number="155" hits="2" branch="False" />
                <line number="157" hits="30" branch="False" />
              </lines>
            </method>
          </methods>
          <lines>
            <line number="168" hits="24" branch="False" />
            <line number="169" hits="24" branch="False" />
            <line number="170" hits="24" branch="False" />
            <line number="171" hits="24" branch="False" />
            <line number="172" hits="24" branch="False" />
            <line number="173" hits="24" branch="True" condition-coverage="87.5% (7/8)">
              <conditions>
                <condition number="53" type="jump" coverage="100%" />
                <condition number="66" type="jump" coverage="100%" />
                <condition number="79" type="jump" coverage="100%" />
                <condition number="92" type="jump" coverage="50%" />
              </conditions>
            </line>
            <line number="176" hits="14" branch="False" />
            <line number="177" hits="14" branch="False" />
            <line number="178" hits="14" branch="False" />
            <line number="180" hits="1" branch="False" />
            <line number="181" hits="1" branch="False" />
            <line number="182" hits="1" branch="False" />
            <line number="184" hits="5" branch="False" />
            <line number="185" hits="5" branch="False" />
            <line number="186" hits="5" branch="False" />
            <line number="188" hits="4" branch="True" condition-coverage="100% (2/2)">
              <conditions>
                <condition number="172" type="jump" coverage="100%" />
              </conditions>
            </line>
            <line number="189" hits="2" branch="False" />
            <line number="190" hits="2" branch="False" />
            <line number="191" hits="2" branch="False" />
            <line number="194" hits="2" branch="False" />
            <line number="195" hits="2" branch="False" />
            <line number="196" hits="2" branch="False" />
            <line number="197" hits="2" branch="False" />
            <line number="201" hits="0" branch="False" />
            <line number="203" hits="24" branch="False" />
            <line number="217" hits="55" branch="False" />
            <line number="218" hits="55" branch="True" condition-coverage="100% (8/8)">
              <conditions>
                <condition number="8" type="jump" coverage="100%" />
                <condition number="17" type="jump" coverage="100%" />
                <condition number="31" type="jump" coverage="100%" />
                <condition number="53" type="jump" coverage="100%" />
              </conditions>
            </line>
            <line number="219" hits="21" branch="False" />
            <line number="220" hits="21" branch="False" />
            <line number="223" hits="34" branch="False" />
            <line number="224" hits="55" branch="False" />
            <line number="228" hits="309" branch="False" />
            <line number="229" hits="309" branch="False" />
            <line number="231" hits="309" branch="False" />
            <line number="235" hits="136" branch="False" />
            <line number="236" hits="136" branch="False" />
            <line number="238" hits="136" branch="False" />
            <line number="242" hits="446" branch="False" />
            <line number="244" hits="446" branch="False" />
            <line number="246" hits="446" branch="True" condition-coverage="100% (2/2)">
              <conditions>
                <condition number="16" type="jump" coverage="100%" />
              </conditions>
            </line>
            <line number="247" hits="215" branch="False" />
            <line number="248" hits="215" branch="True" condition-coverage="100% (2/2)">
              <conditions>
                <condition number="44" type="jump" coverage="100%" />
              </conditions>
            </line>
            <line number="249" hits="214" branch="False" />
            <line number="250" hits="1" branch="False" />
            <line number="252" hits="232" branch="False" />
            <line number="254" hits="446" branch="False" />
            <line number="258" hits="160" branch="False" />
            <line number="259" hits="160" branch="True" condition-coverage="100% (2/2)">
              <conditions>
                <condition number="11" type="jump" coverage="100%" />
              </conditions>
            </line>
            <line number="260" hits="101" branch="False" />
            <line number="261" hits="59" branch="False" />
            <line number="262" hits="160" branch="False" />
            <line number="266" hits="331" branch="False" />
            <line number="267" hits="331" branch="False" />
            <line number="269" hits="331" branch="False" />
            <line number="273" hits="311" branch="False" />
            <line number="274" hits="311" branch="True" condition-coverage="100% (4/4)">
              <conditions>
                <condition number="8" type="jump" coverage="100%" />
                <condition number="17" type="jump" coverage="100%" />
              </conditions>
            </line>
            <line number="275" hits="311" branch="False" />
            <line number="299" hits="7" branch="False" />
            <line number="300" hits="7" branch="False" />
            <line number="301" hits="7" branch="False" />
            <line number="303" hits="148" branch="True" condition-coverage="100% (2/2)">
              <conditions>
                <condition number="742" type="jump" coverage="100%" />
              </conditions>
            </line>
            <line number="304" hits="65" branch="False" />
            <line number="305" hits="65" branch="False" />
            <line number="307" hits="65" branch="True" condition-coverage="100% (2/2)">
              <conditions>
                <condition number="60" type="jump" coverage="100%" />
              </conditions>
            </line>
            <line number="308" hits="23" branch="False" />
            <line number="309" hits="23" branch="False" />
            <line number="310" hits="23" branch="True" condition-coverage="100% (2/2)">
              <conditions>
                <condition number="93" type="jump" coverage="100%" />
              </conditions>
            </line>
            <line number="311" hits="4" branch="False" />
            <line number="312" hits="4" branch="True" condition-coverage="100% (2/2)">
              <conditions>
                <condition number="114" type="jump" coverage="100%" />
              </conditions>
            </line>
            <line number="313" hits="2" branch="False" />
            <line number="314" hits="2" branch="False" />
            <line number="316" hits="2" branch="False" />
            <line number="318" hits="21" branch="False" />
            <line number="319" hits="42" branch="True" condition-coverage="100% (2/2)">
              <conditions>
                <condition number="158" type="jump" coverage="100%" />
              </conditions>
            </line>
            <line number="320" hits="10" branch="False" />
            <line number="322" hits="10" branch="False" />
            <line number="323" hits="10" branch="False" />
            <line number="324" hits="9" branch="False" />
            <line number="325" hits="9" branch="True" condition-coverage="100% (2/2)">
              <conditions>
                <condition number="216" type="jump" coverage="100%" />
              </conditions>
            </line>
            <line number="326" hits="2" branch="False" />
            <line number="328" hits="2" branch="True" condition-coverage="50% (1/2)">
              <conditions>
                <condition number="237" type="jump" coverage="50%" />
              </conditions>
            </line>
            <line number="329" hits="0" branch="False" />
            <line number="330" hits="0" branch="False" />
            <line number="332" hits="2" branch="False" />
            <line number="333" hits="10" branch="False" />
            <line number="334" hits="1" branch="False" />
            <line number="335" hits="1" branch="False" />
            <line number="338" hits="9" branch="False" />
            <line number="339" hits="32" branch="True" condition-coverage="100% (4/4)">
              <conditions>
                <condition number="311" type="jump" coverage="100%" />
                <condition number="332" type="jump" coverage="100%" />
              </conditions>
            </line>
            <line number="340" hits="17" branch="False" />
            <line number="341" hits="17" branch="True" condition-coverage="100% (2/2)">
              <conditions>
                <condition number="356" type="jump" coverage="100%" />
              </conditions>
            </line>
            <line number="342" hits="9" branch="False" />
            <line number="344" hits="9" branch="True" condition-coverage="50% (1/2)">
              <conditions>
                <condition number="377" type="jump" coverage="50%" />
              </conditions>
            </line>
            <line number="345" hits="0" branch="False" />
            <line number="346" hits="0" branch="False" />
            <line number="348" hits="9" branch="False" />
            <line number="349" hits="17" branch="False" />
            <line number="350" hits="17" branch="False" />
            <line number="351" hits="15" branch="True" condition-coverage="100% (6/6)">
              <conditions>
                <condition number="430" type="jump" coverage="100%" />
                <condition number="444" type="jump" coverage="100%" />
                <condition number="465" type="jump" coverage="100%" />
              </conditions>
            </line>
            <line number="352" hits="12" branch="False" />
            <line number="353" hits="12" branch="False" />
            <line number="354" hits="12" branch="False" />
            <line number="355" hits="3" branch="True" condition-coverage="50% (1/2)">
              <conditions>
                <condition number="499" type="jump" coverage="50%" />
              </conditions>
            </line>
            <line number="356" hits="3" branch="False" />
            <line number="358" hits="3" branch="True" condition-coverage="100% (2/2)">
              <conditions>
                <condition number="526" type="jump" coverage="100%" />
              </conditions>
            </line>
            <line number="359" hits="3" branch="False" />
            <line number="361" hits="3" branch="True" condition-coverage="50% (1/2)">
              <conditions>
                <condition number="547" type="jump" coverage="50%" />
              </conditions>
            </line>
            <line number="362" hits="0" branch="False" />
            <line number="363" hits="0" branch="False" />
            <line number="365" hits="3" branch="False" />
            <line number="368" hits="3" branch="True" condition-coverage="50% (2/4)">
              <conditions>
                <condition number="580" type="jump" coverage="50%" />
                <condition number="605" type="jump" coverage="50%" />
              </conditions>
            </line>
            <line number="369" hits="3" branch="False" />
            <line number="370" hits="3" branch="False" />
            <line number="371" hits="3" branch="False" />
            <line number="373" hits="0" branch="False" />
            <line number="374" hits="0" branch="False" />
            <line number="378" hits="3" branch="True" condition-coverage="100% (2/2)">
              <conditions>
                <condition number="662" type="jump" coverage="100%" />
              </conditions>
            </line>
            <line number="379" hits="3" branch="False" />
            <line number="381" hits="3" branch="True" condition-coverage="50% (1/2)">
              <conditions>
                <condition number="683" type="jump" coverage="50%" />
              </conditions>
            </line>
            <line number="382" hits="0" branch="False" />
            <line number="383" hits="0" branch="False" />
            <line number="385" hits="3" branch="False" />
            <line number="386" hits="3" branch="False" />
            <line number="388" hits="0" branch="False" />
            <line number="389" hits="0" branch="False" />
            <line number="391" hits="62" branch="False" />
            <line number="393" hits="4" branch="True" condition-coverage="100% (4/4)">
              <conditions>
                <condition number="766" type="jump" coverage="100%" />
                <condition number="784" type="jump" coverage="100%" />
              </conditions>
            </line>
            <line number="394" hits="1" branch="False" />
            <line number="395" hits="1" branch="False" />
            <line number="397" hits="3" branch="True" condition-coverage="50% (2/4)">
              <conditions>
                <condition number="809" type="jump" coverage="50%" />
                <condition number="827" type="jump" coverage="50%" />
              </conditions>
            </line>
            <line number="398" hits="3" branch="False" />
            <line number="400" hits="3" branch="True" condition-coverage="50% (1/2)">
              <conditions>
                <condition number="848" type="jump" coverage="50%" />
              </conditions>
            </line>
            <line number="401" hits="0" branch="False" />
            <line number="402" hits="0" branch="False" />
            <line number="405" hits="3" branch="False" />
            <line number="406" hits="3" branch="False" />
            <line number="410" hits="0" branch="False" />
            <line number="411" hits="0" branch="False" />
            <line number="415" hits="7" branch="False" />
            <line number="429" hits="2" branch="False" />
            <line number="430" hits="2" branch="False" />
            <line number="431" hits="58" branch="True" condition-coverage="100% (2/2)">
              <conditions>
                <condition number="69" type="jump" coverage="100%" />
              </conditions>
            </line>
            <line number="432" hits="26" branch="False" />
            <line number="433" hits="26" branch="True" condition-coverage="100% (2/2)">
              <conditions>
                <condition number="39" type="jump" coverage="100%" />
              </conditions>
            </line>
            <line number="434" hits="6" branch="False" />
            <line number="435" hits="6" branch="False" />
            <line number="436" hits="6" branch="False" />
            <line number="437" hits="26" branch="False" />
            <line number="438" hits="2" branch="False" />
            <line number="439" hits="2" branch="False" />
            <line number="452" hits="4" branch="False" />
            <line number="453" hits="4" branch="False" />
            <line number="454" hits="56" branch="True" condition-coverage="100% (2/2)">
              <conditions>
                <condition number="56" type="jump" coverage="100%" />
              </conditions>
            </line>
            <line number="455" hits="22" branch="False" />
            <line number="456" hits="22" branch="False" />
            <line number="457" hits="22" branch="False" />
            <line number="458" hits="4" branch="False" />
            <line number="459" hits="4" branch="False" />
            <line number="482" hits="6" branch="False" />
            <line number="483" hits="6" branch="True" condition-coverage="100% (4/4)">
              <conditions>
                <condition number="2" type="jump" coverage="100%" />
                <condition number="21" type="jump" coverage="100%" />
              </conditions>
            </line>
            <line number="484" hits="2" branch="False" />
            <line number="485" hits="2" branch="False" />
            <line number="488" hits="4" branch="False" />
            <line number="489" hits="4" branch="False" />
            <line number="490" hits="4" branch="False" />
            <line number="492" hits="51" branch="True" condition-coverage="100% (2/2)">
              <conditions>
                <condition number="314" type="jump" coverage="100%" />
              </conditions>
            </line>
            <line number="493" hits="20" branch="False" />
            <line number="494" hits="20" branch="True" condition-coverage="50% (1/2)">
              <conditions>
                <condition number="98" type="jump" coverage="50%" />
              </conditions>
            </line>
            <line number="495" hits="0" branch="False" />
            <line number="497" hits="20" branch="True" condition-coverage="100% (2/2)">
              <conditions>
                <condition number="120" type="jump" coverage="100%" />
              </conditions>
            </line>
            <line number="498" hits="8" branch="False" />
            <line number="499" hits="8" branch="True" condition-coverage="50% (1/2)">
              <conditions>
                <condition number="144" type="jump" coverage="50%" />
              </conditions>
            </line>
            <line number="500" hits="0" branch="False" />
            <line number="501" hits="8" branch="False" />
            <line number="502" hits="12" branch="True" condition-coverage="100% (4/4)">
              <conditions>
                <condition number="169" type="jump" coverage="100%" />
                <condition number="192" type="jump" coverage="100%" />
              </conditions>
            </line>
            <line number="503" hits="4" branch="False" />
            <line number="504" hits="4" branch="False" />
            <line number="505" hits="4" branch="False" />
            <line number="506" hits="4" branch="True" condition-coverage="50% (1/2)">
              <conditions>
                <condition number="229" type="jump" coverage="50%" />
              </conditions>
            </line>
            <line number="507" hits="0" branch="False" />
            <line number="508" hits="4" branch="False" />
            <line number="509" hits="8" branch="True" condition-coverage="50% (1/2)">
              <conditions>
                <condition number="251" type="jump" coverage="50%" />
              </conditions>
            </line>
            <line number="510" hits="8" branch="False" />
            <line number="511" hits="8" branch="True" condition-coverage="100% (2/2)">
              <conditions>
                <condition number="286" type="jump" coverage="100%" />
              </conditions>
            </line>
            <line number="512" hits="1" branch="False" />
            <line number="513" hits="7" branch="False" />
            <line number="515" hits="0" branch="False" />
            <line number="516" hits="0" branch="False" />
            <line number="518" hits="19" branch="False" />
            <line number="519" hits="19" branch="False" />
            <line number="522" hits="3" branch="False" />
            <line number="523" hits="6" branch="False" />
            <line number="530" hits="3" branch="False" />
            <line number="531" hits="3" branch="True" condition-coverage="75% (3/4)">
              <conditions>
                <condition number="2" type="jump" coverage="50%" />
                <condition number="13" type="jump" coverage="100%" />
              </conditions>
            </line>
            <line number="532" hits="1" branch="False" />
            <line number="533" hits="1" branch="False" />
            <line number="535" hits="2" branch="False" />
            <line number="536" hits="3" branch="False" />
            <line number="543" hits="2" branch="False" />
            <line number="544" hits="2" branch="True" condition-coverage="75% (3/4)">
              <conditions>
                <condition number="2" type="jump" coverage="50%" />
                <condition number="13" type="jump" coverage="100%" />
              </conditions>
            </line>
            <line number="545" hits="1" branch="False" />
            <line number="546" hits="1" branch="False" />
            <line number="548" hits="1" branch="False" />
            <line number="549" hits="2" branch="False" />
            <line number="557" hits="6" branch="False" />
            <line number="558" hits="6" branch="False" />
            <line number="559" hits="6" branch="False" />
            <line number="561" hits="174" branch="True" condition-coverage="100% (2/2)">
              <conditions>
                <condition number="110" type="jump" coverage="100%" />
              </conditions>
            </line>
            <line number="562" hits="78" branch="False" />
            <line number="563" hits="78" branch="False" />
            <line number="564" hits="78" branch="True" condition-coverage="100% (2/2)">
              <conditions>
                <condition number="43" type="jump" coverage="100%" />
              </conditions>
            </line>
            <line number="565" hits="26" branch="False" />
            <line number="566" hits="26" branch="False" />
            <line number="567" hits="26" branch="False" />
            <line number="568" hits="52" branch="True" condition-coverage="100% (2/2)">
              <conditions>
                <condition number="69" type="jump" coverage="100%" />
              </conditions>
            </line>
            <line number="569" hits="14" branch="False" />
            <line number="570" hits="14" branch="False" />
            <line number="571" hits="14" branch="False" />
            <line number="573" hits="78" branch="False" />
            <line number="574" hits="78" branch="False" />
            <line number="575" hits="78" branch="False" />
            <line number="577" hits="6" branch="False" />
            <line number="578" hits="6" branch="False" />
            <line number="50" hits="176" branch="False" />
            <line number="51" hits="11" branch="False" />
            <line number="52" hits="11" branch="False" />
            <line number="76" hits="40" branch="False" />
            <line number="77" hits="40" branch="False" />
            <line number="78" hits="40" branch="False" />
            <line number="79" hits="40" branch="False" />
            <line number="81" hits="40" branch="False" />
            <line number="84" hits="40" branch="True" condition-coverage="100% (2/2)">
              <conditions>
                <condition number="52" type="jump" coverage="100%" />
              </conditions>
            </line>
            <line number="85" hits="1" branch="False" />
            <line number="86" hits="1" branch="False" />
            <line number="90" hits="39" branch="False" />
            <line number="91" hits="39" branch="True" condition-coverage="100% (6/6)">
              <conditions>
                <condition number="86" type="jump" coverage="100%" />
                <condition number="99" type="jump" coverage="100%" />
                <condition number="118" type="jump" coverage="100%" />
              </conditions>
            </line>
            <line number="92" hits="1" branch="False" />
            <line number="95" hits="38" branch="False" />
            <line number="96" hits="38" branch="True" condition-coverage="100% (6/6)">
              <conditions>
                <condition number="151" type="jump" coverage="100%" />
                <condition number="164" type="jump" coverage="100%" />
                <condition number="183" type="jump" coverage="100%" />
              </conditions>
            </line>
            <line number="97" hits="1" branch="False" />
            <line number="99" hits="37" branch="False" />
            <line number="100" hits="37" branch="False" />
            <line number="101" hits="37" branch="False" />
            <line number="102" hits="37" branch="False" />
            <line number="104" hits="728" branch="True" condition-coverage="100% (2/2)">
              <conditions>
                <condition number="530" type="jump" coverage="100%" />
              </conditions>
            </line>
            <line number="105" hits="311" branch="False" />
            <line number="106" hits="311" branch="False" />
            <line number="110" hits="311" branch="True" condition-coverage="100% (2/2)">
              <conditions>
                <condition number="261" type="jump" coverage="100%" />
              </conditions>
            </line>
            <line number="111" hits="1" branch="False" />
            <line number="112" hits="1" branch="False" />
            <line number="113" hits="1" branch="False" />
            <line number="119" hits="310" branch="True" condition-coverage="100% (2/2)">
              <conditions>
                <condition number="281" type="jump" coverage="100%" />
              </conditions>
            </line>
            <line number="120" hits="137" branch="False" />
            <line number="121" hits="137" branch="True" condition-coverage="100% (6/6)">
              <conditions>
                <condition number="293" type="jump" coverage="100%" />
                <condition number="307" type="jump" coverage="100%" />
                <condition number="327" type="jump" coverage="100%" />
              </conditions>
            </line>
            <line number="122" hits="1" branch="False" />
            <line number="123" hits="1" branch="False" />
            <line number="124" hits="136" branch="False" />
            <line number="125" hits="309" branch="True" condition-coverage="100% (2/2)">
              <conditions>
                <condition number="353" type="jump" coverage="100%" />
              </conditions>
            </line>
            <line number="126" hits="140" branch="False" />
            <line number="127" hits="169" branch="False" />
            <line number="131" hits="309" branch="True" condition-coverage="100% (2/2)">
              <conditions>
                <condition number="369" type="jump" coverage="100%" />
              </conditions>
            </line>
            <line number="132" hits="136" branch="False" />
            <line number="133" hits="136" branch="True" condition-coverage="100% (2/2)">
              <conditions>
                <condition number="387" type="jump" coverage="100%" />
              </conditions>
            </line>
            <line number="134" hits="2" branch="False" />
            <line number="135" hits="2" branch="False" />
            <line number="136" hits="134" branch="False" />
            <line number="137" hits="307" branch="True" condition-coverage="100% (6/6)">
              <conditions>
                <condition number="410" type="jump" coverage="100%" />
                <condition number="424" type="jump" coverage="100%" />
                <condition number="441" type="jump" coverage="100%" />
              </conditions>
            </line>
            <line number="138" hits="169" branch="False" />
            <line number="139" hits="138" branch="False" />
            <line number="143" hits="307" branch="True" condition-coverage="100% (2/2)">
              <conditions>
                <condition number="467" type="jump" coverage="100%" />
              </conditions>
            </line>
            <line number="144" hits="14" branch="False" />
            <line number="145" hits="307" branch="True" condition-coverage="100% (2/2)">
              <conditions>
                <condition number="491" type="jump" coverage="100%" />
              </conditions>
            </line>
            <line number="146" hits="10" branch="False" />
            <line number="147" hits="307" branch="True" condition-coverage="100% (2/2)">
              <conditions>
                <condition number="509" type="jump" coverage="100%" />
              </conditions>
            </line>
            <line number="148" hits="1" branch="False" />
            <line number="149" hits="1" branch="False" />
            <line number="151" hits="306" branch="False" />
            <line number="154" hits="32" branch="True" condition-coverage="100% (2/2)">
              <conditions>
                <condition number="563" type="jump" coverage="100%" />
              </conditions>
            </line>
            <line number="155" hits="2" branch="False" />
            <line number="157" hits="30" branch="False" />
          </lines>
        </class>
        <class name="SpreadsheetUtilities.Formula/&lt;GetTokens&gt;d__20" filename="source\repos\spreadsheet-AndyTran97\Spreadsheet\Formula\Formula.cs" line-rate="1" branch-rate="1" complexity="4">
          <methods>
            <method name="MoveNext" signature="()" line-rate="1" branch-rate="1" complexity="4">
              <lines>
                <line number="587" hits="217" branch="False" />
                <line number="589" hits="217" branch="False" />
                <line number="590" hits="217" branch="False" />
                <line number="591" hits="217" branch="False" />
                <line number="592" hits="217" branch="False" />
                <line number="593" hits="217" branch="False" />
                <line number="594" hits="217" branch="False" />
                <line number="597" hits="217" branch="False" />
                <line number="598" hits="217" branch="False" />
                <line number="601" hits="6721" branch="True" condition-coverage="100% (2/2)">
                  <conditions>
                    <condition number="323" type="jump" coverage="100%" />
                  </conditions>
                </line>
                <line number="602" hits="3069" branch="False" />
                <line number="603" hits="3069" branch="True" condition-coverage="100% (2/2)">
                  <conditions>
                    <condition number="255" type="jump" coverage="100%" />
                  </conditions>
                </line>
                <line number="604" hits="1420" branch="False" />
                <line number="605" hits="1420" branch="False" />
                <line number="606" hits="1352" branch="False" />
                <line number="607" hits="3001" branch="False" />
                <line number="609" hits="149" branch="False" />
              </lines>
            </method>
          </methods>
          <lines>
            <line number="587" hits="217" branch="False" />
            <line number="589" hits="217" branch="False" />
            <line number="590" hits="217" branch="False" />
            <line number="591" hits="217" branch="False" />
            <line number="592" hits="217" branch="False" />
            <line number="593" hits="217" branch="False" />
            <line number="594" hits="217" branch="False" />
            <line number="597" hits="217" branch="False" />
            <line number="598" hits="217" branch="False" />
            <line number="601" hits="6721" branch="True" condition-coverage="100% (2/2)">
              <conditions>
                <condition number="323" type="jump" coverage="100%" />
              </conditions>
            </line>
            <line number="602" hits="3069" branch="False" />
            <line number="603" hits="3069" branch="True" condition-coverage="100% (2/2)">
              <conditions>
                <condition number="255" type="jump" coverage="100%" />
              </conditions>
            </line>
            <line number="604" hits="1420" branch="False" />
            <line number="605" hits="1420" branch="False" />
            <line number="606" hits="1352" branch="False" />
            <line number="607" hits="3001" branch="False" />
            <line number="609" hits="149" branch="False" />
          </lines>
        </class>
        <class name="SpreadsheetUtilities.FormulaFormatException" filename="source\repos\spreadsheet-AndyTran97\Spreadsheet\Formula\Formula.cs" line-rate="1" branch-rate="1" complexity="1">
          <methods>
            <method name=".ctor" signature="(System.String)" line-rate="1" branch-rate="1" complexity="1">
              <lines>
                <line number="621" hits="10" branch="False" />
                <line number="622" hits="10" branch="False" />
                <line number="623" hits="10" branch="False" />
              </lines>
            </method>
          </methods>
          <lines>
            <line number="621" hits="10" branch="False" />
            <line number="622" hits="10" branch="False" />
            <line number="623" hits="10" branch="False" />
          </lines>
        </class>
        <class name="SpreadsheetUtilities.FormulaError" filename="source\repos\spreadsheet-AndyTran97\Spreadsheet\Formula\Formula.cs" line-rate="1" branch-rate="1" complexity="2">
          <methods>
            <method name="get_Reason" signature="()" line-rate="1" branch-rate="1" complexity="1">
              <lines>
                <line number="644" hits="3" branch="False" />
              </lines>
            </method>
            <method name=".ctor" signature="(System.String)" line-rate="1" branch-rate="1" complexity="1">
              <lines>
                <line number="636" hits="3" branch="False" />
                <line number="637" hits="3" branch="False" />
                <line number="638" hits="3" branch="False" />
                <line number="639" hits="3" branch="False" />
              </lines>
            </method>
          </methods>
          <lines>
            <line number="644" hits="3" branch="False" />
            <line number="636" hits="3" branch="False" />
            <line number="637" hits="3" branch="False" />
            <line number="638" hits="3" branch="False" />
            <line number="639" hits="3" branch="False" />
          </lines>
        </class>
      </classes>
    </package>
    <package name="FormulaTests" line-rate="0.9067000000000001" branch-rate="1" complexity="29">
      <classes>
        <class name="AutoGeneratedProgram" filename=".nuget\packages\microsoft.net.test.sdk\17.1.0\build\netcoreapp2.1\Microsoft.NET.Test.Sdk.Program.cs" line-rate="0" branch-rate="1" complexity="1">
          <methods>
            <method name="Main" signature="(System.String[])" line-rate="0" branch-rate="1" complexity="1">
              <lines>
                <line number="4" hits="0" branch="False" />
              </lines>
            </method>
          </methods>
          <lines>
            <line number="4" hits="0" branch="False" />
          </lines>
        </class>
        <class name="FormulaTest.UnitTest1" filename="source\repos\spreadsheet-AndyTran97\Spreadsheet\FormulaTests\UnitTest1.cs" line-rate="0.9145" branch-rate="1" complexity="28">
          <methods>
            <method name="TestForException1" signature="()" line-rate="0.6666" branch-rate="1" complexity="1">
              <lines>
                <line number="13" hits="1" branch="False" />
                <line number="15" hits="1" branch="False" />
                <line number="16" hits="0" branch="False" />
              </lines>
            </method>
            <method name="TestForException2" signature="()" line-rate="0.6666" branch-rate="1" complexity="1">
              <lines>
                <line number="21" hits="1" branch="False" />
                <line number="23" hits="1" branch="False" />
                <line number="24" hits="0" branch="False" />
              </lines>
            </method>
            <method name="TestForException3" signature="()" line-rate="0.6666" branch-rate="1" complexity="1">
              <lines>
                <line number="29" hits="1" branch="False" />
                <line number="31" hits="1" branch="False" />
                <line number="32" hits="0" branch="False" />
              </lines>
            </method>
            <method name="TestForException4" signature="()" line-rate="0.6666" branch-rate="1" complexity="1">
              <lines>
                <line number="37" hits="1" branch="False" />
                <line number="39" hits="1" branch="False" />
                <line number="40" hits="0" branch="False" />
              </lines>
            </method>
            <method name="TestForException5" signature="()" line-rate="0.6666" branch-rate="1" complexity="1">
              <lines>
                <line number="45" hits="1" branch="False" />
                <line number="47" hits="1" branch="False" />
                <line number="48" hits="0" branch="False" />
              </lines>
            </method>
            <method name="TestForException6" signature="()" line-rate="0.6666" branch-rate="1" complexity="1">
              <lines>
                <line number="53" hits="1" branch="False" />
                <line number="55" hits="1" branch="False" />
                <line number="56" hits="0" branch="False" />
              </lines>
            </method>
            <method name="TestForException7" signature="()" line-rate="0.6666" branch-rate="1" complexity="1">
              <lines>
                <line number="61" hits="1" branch="False" />
                <line number="63" hits="1" branch="False" />
                <line number="64" hits="0" branch="False" />
              </lines>
            </method>
            <method name="TestForException8" signature="()" line-rate="0.6666" branch-rate="1" complexity="1">
              <lines>
                <line number="69" hits="1" branch="False" />
                <line number="71" hits="1" branch="False" />
                <line number="72" hits="0" branch="False" />
              </lines>
            </method>
            <method name="TestForException9" signature="()" line-rate="0.6666" branch-rate="1" complexity="1">
              <lines>
                <line number="77" hits="1" branch="False" />
                <line number="79" hits="1" branch="False" />
                <line number="80" hits="0" branch="False" />
              </lines>
            </method>
            <method name="TestForUnknownVariable" signature="()" line-rate="1" branch-rate="1" complexity="1">
              <lines>
                <line number="84" hits="1" branch="False" />
                <line number="86" hits="1" branch="False" />
                <line number="87" hits="1" branch="False" />
                <line number="88" hits="1" branch="False" />
              </lines>
            </method>
            <method name="TestComparingToEmptyString" signature="()" line-rate="1" branch-rate="1" complexity="1">
              <lines>
                <line number="92" hits="1" branch="False" />
                <line number="93" hits="1" branch="False" />
                <line number="94" hits="1" branch="False" />
                <line number="95" hits="1" branch="False" />
              </lines>
            </method>
            <method name="TestConstructor" signature="()" line-rate="0.8571" branch-rate="1" complexity="1">
              <lines>
                <line number="101" hits="1" branch="False" />
                <line number="103" hits="1" branch="False" />
                <line number="104" hits="1" branch="False" />
                <line number="105" hits="1" branch="False" />
                <line number="106" hits="1" branch="False" />
                <line number="109" hits="1" branch="False" />
                <line number="110" hits="0" branch="False" />
              </lines>
            </method>
            <method name="TestGetHashCode" signature="()" line-rate="1" branch-rate="1" complexity="1">
              <lines>
                <line number="114" hits="1" branch="False" />
                <line number="115" hits="1" branch="False" />
                <line number="116" hits="1" branch="False" />
                <line number="117" hits="1" branch="False" />
                <line number="119" hits="1" branch="False" />
                <line number="120" hits="1" branch="False" />
                <line number="121" hits="1" branch="False" />
                <line number="123" hits="1" branch="False" />
                <line number="124" hits="1" branch="False" />
                <line number="125" hits="1" branch="False" />
                <line number="127" hits="1" branch="False" />
              </lines>
            </method>
            <method name="TestEqualAndNotEqualOperator" signature="()" line-rate="1" branch-rate="1" complexity="1">
              <lines>
                <line number="132" hits="1" branch="False" />
                <line number="134" hits="1" branch="False" />
                <line number="135" hits="1" branch="False" />
                <line number="136" hits="1" branch="False" />
                <line number="138" hits="1" branch="False" />
                <line number="139" hits="1" branch="False" />
                <line number="140" hits="1" branch="False" />
                <line number="143" hits="1" branch="False" />
                <line number="144" hits="1" branch="False" />
                <line number="145" hits="1" branch="False" />
                <line number="148" hits="1" branch="False" />
                <line number="149" hits="1" branch="False" />
                <line number="151" hits="1" branch="False" />
                <line number="152" hits="1" branch="False" />
                <line number="153" hits="1" branch="False" />
              </lines>
            </method>
            <method name="TestEqualsMethod" signature="()" line-rate="1" branch-rate="1" complexity="1">
              <lines>
                <line number="158" hits="1" branch="False" />
                <line number="159" hits="1" branch="False" />
                <line number="160" hits="1" branch="False" />
                <line number="161" hits="1" branch="False" />
                <line number="162" hits="1" branch="False" />
              </lines>
            </method>
            <method name="TestGetVariables" signature="()" line-rate="1" branch-rate="1" complexity="1">
              <lines>
                <line number="167" hits="1" branch="False" />
                <line number="168" hits="1" branch="False" />
                <line number="169" hits="1" branch="False" />
                <line number="171" hits="1" branch="False" />
                <line number="172" hits="1" branch="False" />
                <line number="173" hits="1" branch="False" />
              </lines>
            </method>
            <method name="TestEvaluateMethod" signature="()" line-rate="1" branch-rate="1" complexity="1">
              <lines>
                <line number="177" hits="1" branch="False" />
                <line number="180" hits="1" branch="False" />
                <line number="181" hits="1" branch="False" />
                <line number="183" hits="1" branch="False" />
                <line number="184" hits="1" branch="False" />
                <line number="187" hits="1" branch="False" />
                <line number="188" hits="1" branch="False" />
                <line number="191" hits="1" branch="False" />
                <line number="192" hits="1" branch="False" />
                <line number="194" hits="1" branch="False" />
                <line number="195" hits="1" branch="False" />
                <line number="198" hits="1" branch="False" />
                <line number="199" hits="1" branch="False" />
                <line number="201" hits="1" branch="False" />
              </lines>
            </method>
            <method name="isValid" signature="(System.String)" line-rate="1" branch-rate="1" complexity="1">
              <lines>
                <line number="204" hits="146" branch="False" />
                <line number="205" hits="146" branch="False" />
                <line number="206" hits="146" branch="False" />
              </lines>
            </method>
            <method name="normalize" signature="(System.String)" line-rate="1" branch-rate="1" complexity="4">
              <lines>
                <line number="209" hits="188" branch="False" />
                <line number="210" hits="912" branch="True" condition-coverage="100% (2/2)">
                  <conditions>
                    <condition number="68" type="jump" coverage="100%" />
                  </conditions>
                </line>
                <line number="211" hits="243" branch="False" />
                <line number="212" hits="243" branch="True" condition-coverage="100% (2/2)">
                  <conditions>
                    <condition number="25" type="jump" coverage="100%" />
                  </conditions>
                </line>
                <line number="213" hits="138" branch="False" />
                <line number="214" hits="105" branch="False" />
                <line number="215" hits="50" branch="False" />
                <line number="216" hits="188" branch="False" />
              </lines>
            </method>
            <method name="LookUp" signature="(System.String)" line-rate="1" branch-rate="1" complexity="6">
              <lines>
                <line number="219" hits="10" branch="False" />
                <line number="220" hits="10" branch="True" condition-coverage="100% (2/2)">
                  <conditions>
                    <condition number="14" type="jump" coverage="100%" />
                  </conditions>
                </line>
                <line number="221" hits="4" branch="False" />
                <line number="223" hits="4" branch="False" />
                <line number="225" hits="6" branch="True" condition-coverage="100% (2/2)">
                  <conditions>
                    <condition number="42" type="jump" coverage="100%" />
                  </conditions>
                </line>
                <line number="226" hits="3" branch="False" />
                <line number="227" hits="3" branch="False" />
                <line number="229" hits="3" branch="True" condition-coverage="100% (2/2)">
                  <conditions>
                    <condition number="70" type="jump" coverage="100%" />
                  </conditions>
                </line>
                <line number="230" hits="2" branch="False" />
                <line number="231" hits="2" branch="False" />
                <line number="234" hits="1" branch="False" />
                <line number="235" hits="1" branch="False" />
                <line number="237" hits="9" branch="False" />
              </lines>
            </method>
          </methods>
          <lines>
            <line number="13" hits="1" branch="False" />
            <line number="15" hits="1" branch="False" />
            <line number="16" hits="0" branch="False" />
            <line number="21" hits="1" branch="False" />
            <line number="23" hits="1" branch="False" />
            <line number="24" hits="0" branch="False" />
            <line number="29" hits="1" branch="False" />
            <line number="31" hits="1" branch="False" />
            <line number="32" hits="0" branch="False" />
            <line number="37" hits="1" branch="False" />
            <line number="39" hits="1" branch="False" />
            <line number="40" hits="0" branch="False" />
            <line number="45" hits="1" branch="False" />
            <line number="47" hits="1" branch="False" />
            <line number="48" hits="0" branch="False" />
            <line number="53" hits="1" branch="False" />
            <line number="55" hits="1" branch="False" />
            <line number="56" hits="0" branch="False" />
            <line number="61" hits="1" branch="False" />
            <line number="63" hits="1" branch="False" />
            <line number="64" hits="0" branch="False" />
            <line number="69" hits="1" branch="False" />
            <line number="71" hits="1" branch="False" />
            <line number="72" hits="0" branch="False" />
            <line number="77" hits="1" branch="False" />
            <line number="79" hits="1" branch="False" />
            <line number="80" hits="0" branch="False" />
            <line number="84" hits="1" branch="False" />
            <line number="86" hits="1" branch="False" />
            <line number="87" hits="1" branch="False" />
            <line number="88" hits="1" branch="False" />
            <line number="92" hits="1" branch="False" />
            <line number="93" hits="1" branch="False" />
            <line number="94" hits="1" branch="False" />
            <line number="95" hits="1" branch="False" />
            <line number="101" hits="1" branch="False" />
            <line number="103" hits="1" branch="False" />
            <line number="104" hits="1" branch="False" />
            <line number="105" hits="1" branch="False" />
            <line number="106" hits="1" branch="False" />
            <line number="109" hits="1" branch="False" />
            <line number="110" hits="0" branch="False" />
            <line number="114" hits="1" branch="False" />
            <line number="115" hits="1" branch="False" />
            <line number="116" hits="1" branch="False" />
            <line number="117" hits="1" branch="False" />
            <line number="119" hits="1" branch="False" />
            <line number="120" hits="1" branch="False" />
            <line number="121" hits="1" branch="False" />
            <line number="123" hits="1" branch="False" />
            <line number="124" hits="1" branch="False" />
            <line number="125" hits="1" branch="False" />
            <line number="127" hits="1" branch="False" />
            <line number="132" hits="1" branch="False" />
            <line number="134" hits="1" branch="False" />
            <line number="135" hits="1" branch="False" />
            <line number="136" hits="1" branch="False" />
            <line number="138" hits="1" branch="False" />
            <line number="139" hits="1" branch="False" />
            <line number="140" hits="1" branch="False" />
            <line number="143" hits="1" branch="False" />
            <line number="144" hits="1" branch="False" />
            <line number="145" hits="1" branch="False" />
            <line number="148" hits="1" branch="False" />
            <line number="149" hits="1" branch="False" />
            <line number="151" hits="1" branch="False" />
            <line number="152" hits="1" branch="False" />
            <line number="153" hits="1" branch="False" />
            <line number="158" hits="1" branch="False" />
            <line number="159" hits="1" branch="False" />
            <line number="160" hits="1" branch="False" />
            <line number="161" hits="1" branch="False" />
            <line number="162" hits="1" branch="False" />
            <line number="167" hits="1" branch="False" />
            <line number="168" hits="1" branch="False" />
            <line number="169" hits="1" branch="False" />
            <line number="171" hits="1" branch="False" />
            <line number="172" hits="1" branch="False" />
            <line number="173" hits="1" branch="False" />
            <line number="177" hits="1" branch="False" />
            <line number="180" hits="1" branch="False" />
            <line number="181" hits="1" branch="False" />
            <line number="183" hits="1" branch="False" />
            <line number="184" hits="1" branch="False" />
            <line number="187" hits="1" branch="False" />
            <line number="188" hits="1" branch="False" />
            <line number="191" hits="1" branch="False" />
            <line number="192" hits="1" branch="False" />
            <line number="194" hits="1" branch="False" />
            <line number="195" hits="1" branch="False" />
            <line number="198" hits="1" branch="False" />
            <line number="199" hits="1" branch="False" />
            <line number="201" hits="1" branch="False" />
            <line number="204" hits="146" branch="False" />
            <line number="205" hits="146" branch="False" />
            <line number="206" hits="146" branch="False" />
            <line number="209" hits="188" branch="False" />
            <line number="210" hits="912" branch="True" condition-coverage="100% (2/2)">
              <conditions>
                <condition number="68" type="jump" coverage="100%" />
              </conditions>
            </line>
            <line number="211" hits="243" branch="False" />
            <line number="212" hits="243" branch="True" condition-coverage="100% (2/2)">
              <conditions>
                <condition number="25" type="jump" coverage="100%" />
              </conditions>
            </line>
            <line number="213" hits="138" branch="False" />
            <line number="214" hits="105" branch="False" />
            <line number="215" hits="50" branch="False" />
            <line number="216" hits="188" branch="False" />
            <line number="219" hits="10" branch="False" />
            <line number="220" hits="10" branch="True" condition-coverage="100% (2/2)">
              <conditions>
                <condition number="14" type="jump" coverage="100%" />
              </conditions>
            </line>
            <line number="221" hits="4" branch="False" />
            <line number="223" hits="4" branch="False" />
            <line number="225" hits="6" branch="True" condition-coverage="100% (2/2)">
              <conditions>
                <condition number="42" type="jump" coverage="100%" />
              </conditions>
            </line>
            <line number="226" hits="3" branch="False" />
            <line number="227" hits="3" branch="False" />
            <line number="229" hits="3" branch="True" condition-coverage="100% (2/2)">
              <conditions>
                <condition number="70" type="jump" coverage="100%" />
              </conditions>
            </line>
            <line number="230" hits="2" branch="False" />
            <line number="231" hits="2" branch="False" />
            <line number="234" hits="1" branch="False" />
            <line number="235" hits="1" branch="False" />
            <line number="237" hits="9" branch="False" />
          </lines>
        </class>
      </classes>
    </package>
  </packages>
</coverage>