<?xml version="1.0" encoding="utf-8"?>
<coverage line-rate="0.6492" branch-rate="0.4334" version="1.9" timestamp="1664490509" lines-covered="572" lines-valid="881" branches-covered="140" branches-valid="323">
  <sources>
    <source>C:\Users\Andy Tran\</source>
  </sources>
  <packages>
    <package name="DependencyGraph" line-rate="0.8314" branch-rate="0.7619" complexity="44">
      <classes>
        <class name="SpreadsheetUtilities.DependencyGraph" filename="source\repos\spreadsheet-AndyTran97\Spreadsheet\DependencyGraph\DependencyGraph.cs" line-rate="0.8314" branch-rate="0.7619" complexity="44">
          <methods>
            <method name="get_Size" signature="()" line-rate="0" branch-rate="1" complexity="1">
              <lines>
                <line number="67" hits="0" branch="False" />
              </lines>
            </method>
            <method name="get_Item" signature="(System.String)" line-rate="0" branch-rate="0" complexity="2">
              <lines>
                <line number="80" hits="0" branch="False" />
                <line number="81" hits="0" branch="True" condition-coverage="0% (0/2)">
                  <conditions>
                    <condition number="10" type="jump" coverage="0%" />
                  </conditions>
                </line>
                <line number="82" hits="0" branch="False" />
                <line number="83" hits="0" branch="False" />
                <line number="84" hits="0" branch="False" />
              </lines>
            </method>
            <method name="HasDependents" signature="(System.String)" line-rate="1" branch-rate="1" complexity="2">
              <lines>
                <line number="92" hits="706853" branch="False" />
                <line number="93" hits="706853" branch="True" condition-coverage="100% (2/2)">
                  <conditions>
                    <condition number="15" type="jump" coverage="100%" />
                  </conditions>
                </line>
                <line number="94" hits="659474" branch="False" />
                <line number="95" hits="47379" branch="False" />
                <line number="96" hits="706853" branch="False" />
              </lines>
            </method>
            <method name="HasDependees" signature="(System.String)" line-rate="1" branch-rate="1" complexity="2">
              <lines>
                <line number="103" hits="51129" branch="False" />
                <line number="104" hits="51129" branch="True" condition-coverage="100% (2/2)">
                  <conditions>
                    <condition number="15" type="jump" coverage="100%" />
                  </conditions>
                </line>
                <line number="105" hits="89" branch="False" />
                <line number="106" hits="51040" branch="False" />
                <line number="107" hits="51129" branch="False" />
              </lines>
            </method>
            <method name="GetDependents" signature="(System.String)" line-rate="1" branch-rate="1" complexity="2">
              <lines>
                <line number="114" hits="703119" branch="False" />
                <line number="115" hits="703119" branch="True" condition-coverage="100% (2/2)">
                  <conditions>
                    <condition number="10" type="jump" coverage="100%" />
                  </conditions>
                </line>
                <line number="116" hits="659414" branch="False" />
                <line number="117" hits="43705" branch="False" />
                <line number="118" hits="703119" branch="False" />
              </lines>
            </method>
            <method name="GetDependees" signature="(System.String)" line-rate="1" branch-rate="1" complexity="2">
              <lines>
                <line number="124" hits="3678" branch="False" />
                <line number="125" hits="3678" branch="True" condition-coverage="100% (2/2)">
                  <conditions>
                    <condition number="10" type="jump" coverage="100%" />
                  </conditions>
                </line>
                <line number="126" hits="4" branch="False" />
                <line number="127" hits="3674" branch="False" />
                <line number="128" hits="3678" branch="False" />
              </lines>
            </method>
            <method name="AddDependency" signature="(System.String,System.String)" line-rate="1" branch-rate="1" complexity="8">
              <lines>
                <line number="142" hits="3709" branch="False" />
                <line number="145" hits="3709" branch="True" condition-coverage="100% (2/2)">
                  <conditions>
                    <condition number="10" type="jump" coverage="100%" />
                  </conditions>
                </line>
                <line number="146" hits="35" branch="False" />
                <line number="148" hits="35" branch="True" condition-coverage="100% (2/2)">
                  <conditions>
                    <condition number="36" type="jump" coverage="100%" />
                  </conditions>
                </line>
                <line number="149" hits="35" branch="False" />
                <line number="150" hits="35" branch="False" />
                <line number="151" hits="35" branch="False" />
                <line number="152" hits="35" branch="False" />
                <line number="153" hits="35" branch="False" />
                <line number="155" hits="3674" branch="False" />
                <line number="156" hits="3674" branch="False" />
                <line number="157" hits="3674" branch="False" />
                <line number="158" hits="3674" branch="False" />
                <line number="159" hits="3674" branch="False" />
                <line number="162" hits="3709" branch="True" condition-coverage="100% (2/2)">
                  <conditions>
                    <condition number="129" type="jump" coverage="100%" />
                  </conditions>
                </line>
                <line number="163" hits="38" branch="False" />
                <line number="165" hits="38" branch="True" condition-coverage="100% (2/2)">
                  <conditions>
                    <condition number="157" type="jump" coverage="100%" />
                  </conditions>
                </line>
                <line number="166" hits="38" branch="False" />
                <line number="167" hits="38" branch="False" />
                <line number="169" hits="3671" branch="False" />
                <line number="170" hits="3671" branch="False" />
                <line number="171" hits="3671" branch="False" />
                <line number="172" hits="3671" branch="False" />
                <line number="174" hits="3709" branch="False" />
              </lines>
            </method>
            <method name="RemoveDependency" signature="(System.String,System.String)" line-rate="1" branch-rate="0.8332999999999999" complexity="12">
              <lines>
                <line number="183" hits="25" branch="False" />
                <line number="184" hits="25" branch="True" condition-coverage="75% (3/4)">
                  <conditions>
                    <condition number="8" type="jump" coverage="50%" />
                    <condition number="33" type="jump" coverage="100%" />
                  </conditions>
                </line>
                <line number="185" hits="25" branch="False" />
                <line number="186" hits="25" branch="False" />
                <line number="187" hits="25" branch="True" condition-coverage="100% (2/2)">
                  <conditions>
                    <condition number="77" type="jump" coverage="100%" />
                  </conditions>
                </line>
                <line number="188" hits="20" branch="False" />
                <line number="189" hits="25" branch="False" />
                <line number="190" hits="25" branch="False" />
                <line number="192" hits="25" branch="True" condition-coverage="75% (3/4)">
                  <conditions>
                    <condition number="114" type="jump" coverage="50%" />
                    <condition number="139" type="jump" coverage="100%" />
                  </conditions>
                </line>
                <line number="193" hits="25" branch="False" />
                <line number="194" hits="25" branch="False" />
                <line number="195" hits="25" branch="True" condition-coverage="100% (2/2)">
                  <conditions>
                    <condition number="183" type="jump" coverage="100%" />
                  </conditions>
                </line>
                <line number="196" hits="22" branch="False" />
                <line number="197" hits="25" branch="False" />
                <line number="200" hits="25" branch="False" />
              </lines>
            </method>
            <method name="ReplaceDependents" signature="(System.String,System.Collections.Generic.IEnumerable`1&lt;System.String&gt;)" line-rate="0" branch-rate="0" complexity="6">
              <lines>
                <line number="208" hits="0" branch="False" />
                <line number="209" hits="0" branch="True" condition-coverage="0% (0/2)">
                  <conditions>
                    <condition number="10" type="jump" coverage="0%" />
                  </conditions>
                </line>
                <line number="210" hits="0" branch="False" />
                <line number="211" hits="0" branch="True" condition-coverage="0% (0/2)">
                  <conditions>
                    <condition number="58" type="jump" coverage="0%" />
                  </conditions>
                </line>
                <line number="212" hits="0" branch="False" />
                <line number="213" hits="0" branch="False" />
                <line number="215" hits="0" branch="True" condition-coverage="0% (0/2)">
                  <conditions>
                    <condition number="112" type="jump" coverage="0%" />
                  </conditions>
                </line>
                <line number="216" hits="0" branch="False" />
                <line number="217" hits="0" branch="False" />
              </lines>
            </method>
            <method name="ReplaceDependees" signature="(System.String,System.Collections.Generic.IEnumerable`1&lt;System.String&gt;)" line-rate="1" branch-rate="1" complexity="6">
              <lines>
                <line number="225" hits="43717" branch="False" />
                <line number="226" hits="43717" branch="True" condition-coverage="100% (2/2)">
                  <conditions>
                    <condition number="10" type="jump" coverage="100%" />
                  </conditions>
                </line>
                <line number="227" hits="22" branch="False" />
                <line number="228" hits="116" branch="True" condition-coverage="100% (2/2)">
                  <conditions>
                    <condition number="58" type="jump" coverage="100%" />
                  </conditions>
                </line>
                <line number="229" hits="25" branch="False" />
                <line number="230" hits="22" branch="False" />
                <line number="232" hits="138569" branch="True" condition-coverage="100% (2/2)">
                  <conditions>
                    <condition number="112" type="jump" coverage="100%" />
                  </conditions>
                </line>
                <line number="233" hits="3709" branch="False" />
                <line number="234" hits="43717" branch="False" />
              </lines>
            </method>
            <method name=".ctor" signature="()" line-rate="1" branch-rate="1" complexity="1">
              <lines>
                <line number="50" hits="45" branch="False" />
                <line number="55" hits="45" branch="False" />
                <line number="56" hits="45" branch="False" />
                <line number="57" hits="45" branch="False" />
                <line number="58" hits="45" branch="False" />
                <line number="59" hits="45" branch="False" />
              </lines>
            </method>
          </methods>
          <lines>
            <line number="67" hits="0" branch="False" />
            <line number="80" hits="0" branch="False" />
            <line number="81" hits="0" branch="True" condition-coverage="0% (0/2)">
              <conditions>
                <condition number="10" type="jump" coverage="0%" />
              </conditions>
            </line>
            <line number="82" hits="0" branch="False" />
            <line number="83" hits="0" branch="False" />
            <line number="84" hits="0" branch="False" />
            <line number="92" hits="706853" branch="False" />
            <line number="93" hits="706853" branch="True" condition-coverage="100% (2/2)">
              <conditions>
                <condition number="15" type="jump" coverage="100%" />
              </conditions>
            </line>
            <line number="94" hits="659474" branch="False" />
            <line number="95" hits="47379" branch="False" />
            <line number="96" hits="706853" branch="False" />
            <line number="103" hits="51129" branch="False" />
            <line number="104" hits="51129" branch="True" condition-coverage="100% (2/2)">
              <conditions>
                <condition number="15" type="jump" coverage="100%" />
              </conditions>
            </line>
            <line number="105" hits="89" branch="False" />
            <line number="106" hits="51040" branch="False" />
            <line number="107" hits="51129" branch="False" />
            <line number="114" hits="703119" branch="False" />
            <line number="115" hits="703119" branch="True" condition-coverage="100% (2/2)">
              <conditions>
                <condition number="10" type="jump" coverage="100%" />
              </conditions>
            </line>
            <line number="116" hits="659414" branch="False" />
            <line number="117" hits="43705" branch="False" />
            <line number="118" hits="703119" branch="False" />
            <line number="124" hits="3678" branch="False" />
            <line number="125" hits="3678" branch="True" condition-coverage="100% (2/2)">
              <conditions>
                <condition number="10" type="jump" coverage="100%" />
              </conditions>
            </line>
            <line number="126" hits="4" branch="False" />
            <line number="127" hits="3674" branch="False" />
            <line number="128" hits="3678" branch="False" />
            <line number="142" hits="3709" branch="False" />
            <line number="145" hits="3709" branch="True" condition-coverage="100% (2/2)">
              <conditions>
                <condition number="10" type="jump" coverage="100%" />
              </conditions>
            </line>
            <line number="146" hits="35" branch="False" />
            <line number="148" hits="35" branch="True" condition-coverage="100% (2/2)">
              <conditions>
                <condition number="36" type="jump" coverage="100%" />
              </conditions>
            </line>
            <line number="149" hits="35" branch="False" />
            <line number="150" hits="35" branch="False" />
            <line number="151" hits="35" branch="False" />
            <line number="152" hits="35" branch="False" />
            <line number="153" hits="35" branch="False" />
            <line number="155" hits="3674" branch="False" />
            <line number="156" hits="3674" branch="False" />
            <line number="157" hits="3674" branch="False" />
            <line number="158" hits="3674" branch="False" />
            <line number="159" hits="3674" branch="False" />
            <line number="162" hits="3709" branch="True" condition-coverage="100% (2/2)">
              <conditions>
                <condition number="129" type="jump" coverage="100%" />
              </conditions>
            </line>
            <line number="163" hits="38" branch="False" />
            <line number="165" hits="38" branch="True" condition-coverage="100% (2/2)">
              <conditions>
                <condition number="157" type="jump" coverage="100%" />
              </conditions>
            </line>
            <line number="166" hits="38" branch="False" />
            <line number="167" hits="38" branch="False" />
            <line number="169" hits="3671" branch="False" />
            <line number="170" hits="3671" branch="False" />
            <line number="171" hits="3671" branch="False" />
            <line number="172" hits="3671" branch="False" />
            <line number="174" hits="3709" branch="False" />
            <line number="183" hits="25" branch="False" />
            <line number="184" hits="25" branch="True" condition-coverage="75% (3/4)">
              <conditions>
                <condition number="8" type="jump" coverage="50%" />
                <condition number="33" type="jump" coverage="100%" />
              </conditions>
            </line>
            <line number="185" hits="25" branch="False" />
            <line number="186" hits="25" branch="False" />
            <line number="187" hits="25" branch="True" condition-coverage="100% (2/2)">
              <conditions>
                <condition number="77" type="jump" coverage="100%" />
              </conditions>
            </line>
            <line number="188" hits="20" branch="False" />
            <line number="189" hits="25" branch="False" />
            <line number="190" hits="25" branch="False" />
            <line number="192" hits="25" branch="True" condition-coverage="75% (3/4)">
              <conditions>
                <condition number="114" type="jump" coverage="50%" />
                <condition number="139" type="jump" coverage="100%" />
              </conditions>
            </line>
            <line number="193" hits="25" branch="False" />
            <line number="194" hits="25" branch="False" />
            <line number="195" hits="25" branch="True" condition-coverage="100% (2/2)">
              <conditions>
                <condition number="183" type="jump" coverage="100%" />
              </conditions>
            </line>
            <line number="196" hits="22" branch="False" />
            <line number="197" hits="25" branch="False" />
            <line number="200" hits="25" branch="False" />
            <line number="208" hits="0" branch="False" />
            <line number="209" hits="0" branch="True" condition-coverage="0% (0/2)">
              <conditions>
                <condition number="10" type="jump" coverage="0%" />
              </conditions>
            </line>
            <line number="210" hits="0" branch="False" />
            <line number="211" hits="0" branch="True" condition-coverage="0% (0/2)">
              <conditions>
                <condition number="58" type="jump" coverage="0%" />
              </conditions>
            </line>
            <line number="212" hits="0" branch="False" />
            <line number="213" hits="0" branch="False" />
            <line number="215" hits="0" branch="True" condition-coverage="0% (0/2)">
              <conditions>
                <condition number="112" type="jump" coverage="0%" />
              </conditions>
            </line>
            <line number="216" hits="0" branch="False" />
            <line number="217" hits="0" branch="False" />
            <line number="225" hits="43717" branch="False" />
            <line number="226" hits="43717" branch="True" condition-coverage="100% (2/2)">
              <conditions>
                <condition number="10" type="jump" coverage="100%" />
              </conditions>
            </line>
            <line number="227" hits="22" branch="False" />
            <line number="228" hits="116" branch="True" condition-coverage="100% (2/2)">
              <conditions>
                <condition number="58" type="jump" coverage="100%" />
              </conditions>
            </line>
            <line number="229" hits="25" branch="False" />
            <line number="230" hits="22" branch="False" />
            <line number="232" hits="138569" branch="True" condition-coverage="100% (2/2)">
              <conditions>
                <condition number="112" type="jump" coverage="100%" />
              </conditions>
            </line>
            <line number="233" hits="3709" branch="False" />
            <line number="234" hits="43717" branch="False" />
            <line number="50" hits="45" branch="False" />
            <line number="55" hits="45" branch="False" />
            <line number="56" hits="45" branch="False" />
            <line number="57" hits="45" branch="False" />
            <line number="58" hits="45" branch="False" />
            <line number="59" hits="45" branch="False" />
          </lines>
        </class>
      </classes>
    </package>
    <package name="Formula" line-rate="0.4" branch-rate="0.36619999999999997" complexity="179">
      <classes>
        <class name="SpreadsheetUtilities.Formula" filename="source\repos\spreadsheet-AndyTran97\Spreadsheet\Formula\Formula.cs" line-rate="0.375" branch-rate="0.35109999999999997" complexity="172">
          <methods>
            <method name="TryPerformOps" signature="(System.Collections.Generic.Stack`1&lt;System.Double&gt;&amp;,System.Collections.Generic.Stack`1&lt;System.String&gt;&amp;,System.Double&amp;)" line-rate="0" branch-rate="0" complexity="10">
              <lines>
                <line number="168" hits="0" branch="False" />
                <line number="169" hits="0" branch="False" />
                <line number="170" hits="0" branch="False" />
                <line number="171" hits="0" branch="False" />
                <line number="172" hits="0" branch="False" />
                <line number="173" hits="0" branch="True" condition-coverage="0% (0/8)">
                  <conditions>
                    <condition number="53" type="jump" coverage="0%" />
                    <condition number="66" type="jump" coverage="0%" />
                    <condition number="79" type="jump" coverage="0%" />
                    <condition number="92" type="jump" coverage="0%" />
                  </conditions>
                </line>
                <line number="176" hits="0" branch="False" />
                <line number="177" hits="0" branch="False" />
                <line number="178" hits="0" branch="False" />
                <line number="180" hits="0" branch="False" />
                <line number="181" hits="0" branch="False" />
                <line number="182" hits="0" branch="False" />
                <line number="184" hits="0" branch="False" />
                <line number="185" hits="0" branch="False" />
                <line number="186" hits="0" branch="False" />
                <line number="188" hits="0" branch="True" condition-coverage="0% (0/2)">
                  <conditions>
                    <condition number="172" type="jump" coverage="0%" />
                  </conditions>
                </line>
                <line number="189" hits="0" branch="False" />
                <line number="190" hits="0" branch="False" />
                <line number="191" hits="0" branch="False" />
                <line number="194" hits="0" branch="False" />
                <line number="195" hits="0" branch="False" />
                <line number="196" hits="0" branch="False" />
                <line number="197" hits="0" branch="False" />
                <line number="201" hits="0" branch="False" />
                <line number="203" hits="0" branch="False" />
              </lines>
            </method>
            <method name="isOnTop" signature="(System.Collections.Generic.Stack`1&lt;System.Double&gt;,System.Collections.Generic.Stack`1&lt;System.String&gt;,System.String,System.String)" line-rate="0" branch-rate="0" complexity="8">
              <lines>
                <line number="217" hits="0" branch="False" />
                <line number="218" hits="0" branch="True" condition-coverage="0% (0/8)">
                  <conditions>
                    <condition number="8" type="jump" coverage="0%" />
                    <condition number="17" type="jump" coverage="0%" />
                    <condition number="31" type="jump" coverage="0%" />
                    <condition number="53" type="jump" coverage="0%" />
                  </conditions>
                </line>
                <line number="219" hits="0" branch="False" />
                <line number="220" hits="0" branch="False" />
                <line number="223" hits="0" branch="False" />
                <line number="224" hits="0" branch="False" />
              </lines>
            </method>
            <method name="isOpOrOpenParen" signature="(System.String)" line-rate="1" branch-rate="1" complexity="1">
              <lines>
                <line number="228" hits="3761" branch="False" />
                <line number="229" hits="3761" branch="False" />
                <line number="231" hits="3761" branch="False" />
              </lines>
            </method>
            <method name="isOpOrCloseParen" signature="(System.String)" line-rate="1" branch-rate="1" complexity="1">
              <lines>
                <line number="235" hits="39" branch="False" />
                <line number="236" hits="39" branch="False" />
                <line number="238" hits="39" branch="False" />
              </lines>
            </method>
            <method name="isVariable" signature="(System.String)" line-rate="0.8887999999999999" branch-rate="0.75" complexity="4">
              <lines>
                <line number="242" hits="18596" branch="False" />
                <line number="244" hits="18596" branch="False" />
                <line number="246" hits="18596" branch="True" condition-coverage="100% (2/2)">
                  <conditions>
                    <condition number="16" type="jump" coverage="100%" />
                  </conditions>
                </line>
                <line number="247" hits="18511" branch="False" />
                <line number="248" hits="18511" branch="True" condition-coverage="50% (1/2)">
                  <conditions>
                    <condition number="44" type="jump" coverage="50%" />
                  </conditions>
                </line>
                <line number="249" hits="18511" branch="False" />
                <line number="250" hits="0" branch="False" />
                <line number="252" hits="85" branch="False" />
                <line number="254" hits="18596" branch="False" />
              </lines>
            </method>
            <method name="isNumber" signature="(System.String)" line-rate="1" branch-rate="1" complexity="2">
              <lines>
                <line number="258" hits="3722" branch="False" />
                <line number="261" hits="3722" branch="True" condition-coverage="100% (2/2)">
                  <conditions>
                    <condition number="11" type="jump" coverage="100%" />
                  </conditions>
                </line>
                <line number="262" hits="12" branch="False" />
                <line number="263" hits="3710" branch="False" />
                <line number="264" hits="3722" branch="False" />
              </lines>
            </method>
            <method name="isOperatorAndParentheses" signature="(System.String)" line-rate="1" branch-rate="1" complexity="1">
              <lines>
                <line number="268" hits="3765" branch="False" />
                <line number="269" hits="3765" branch="False" />
                <line number="271" hits="3765" branch="False" />
              </lines>
            </method>
            <method name="isValidTokens" signature="(System.String)" line-rate="1" branch-rate="1" complexity="4">
              <lines>
                <line number="275" hits="3761" branch="False" />
                <line number="276" hits="3761" branch="True" condition-coverage="100% (4/4)">
                  <conditions>
                    <condition number="8" type="jump" coverage="100%" />
                    <condition number="17" type="jump" coverage="100%" />
                  </conditions>
                </line>
                <line number="277" hits="3761" branch="False" />
              </lines>
            </method>
            <method name="Evaluate" signature="(System.Func`2&lt;System.String,System.Double&gt;)" line-rate="0" branch-rate="0" complexity="52">
              <lines>
                <line number="301" hits="0" branch="False" />
                <line number="302" hits="0" branch="False" />
                <line number="303" hits="0" branch="False" />
                <line number="305" hits="0" branch="True" condition-coverage="0% (0/2)">
                  <conditions>
                    <condition number="742" type="jump" coverage="0%" />
                  </conditions>
                </line>
                <line number="306" hits="0" branch="False" />
                <line number="307" hits="0" branch="False" />
                <line number="309" hits="0" branch="True" condition-coverage="0% (0/2)">
                  <conditions>
                    <condition number="60" type="jump" coverage="0%" />
                  </conditions>
                </line>
                <line number="310" hits="0" branch="False" />
                <line number="311" hits="0" branch="False" />
                <line number="312" hits="0" branch="True" condition-coverage="0% (0/2)">
                  <conditions>
                    <condition number="93" type="jump" coverage="0%" />
                  </conditions>
                </line>
                <line number="313" hits="0" branch="False" />
                <line number="314" hits="0" branch="True" condition-coverage="0% (0/2)">
                  <conditions>
                    <condition number="114" type="jump" coverage="0%" />
                  </conditions>
                </line>
                <line number="315" hits="0" branch="False" />
                <line number="316" hits="0" branch="False" />
                <line number="318" hits="0" branch="False" />
                <line number="320" hits="0" branch="False" />
                <line number="321" hits="0" branch="True" condition-coverage="0% (0/2)">
                  <conditions>
                    <condition number="158" type="jump" coverage="0%" />
                  </conditions>
                </line>
                <line number="322" hits="0" branch="False" />
                <line number="324" hits="0" branch="False" />
                <line number="325" hits="0" branch="False" />
                <line number="326" hits="0" branch="False" />
                <line number="327" hits="0" branch="True" condition-coverage="0% (0/2)">
                  <conditions>
                    <condition number="216" type="jump" coverage="0%" />
                  </conditions>
                </line>
                <line number="328" hits="0" branch="False" />
                <line number="330" hits="0" branch="True" condition-coverage="0% (0/2)">
                  <conditions>
                    <condition number="237" type="jump" coverage="0%" />
                  </conditions>
                </line>
                <line number="331" hits="0" branch="False" />
                <line number="332" hits="0" branch="False" />
                <line number="334" hits="0" branch="False" />
                <line number="335" hits="0" branch="False" />
                <line number="336" hits="0" branch="False" />
                <line number="337" hits="0" branch="False" />
                <line number="340" hits="0" branch="False" />
                <line number="341" hits="0" branch="True" condition-coverage="0% (0/4)">
                  <conditions>
                    <condition number="311" type="jump" coverage="0%" />
                    <condition number="332" type="jump" coverage="0%" />
                  </conditions>
                </line>
                <line number="342" hits="0" branch="False" />
                <line number="343" hits="0" branch="True" condition-coverage="0% (0/2)">
                  <conditions>
                    <condition number="356" type="jump" coverage="0%" />
                  </conditions>
                </line>
                <line number="344" hits="0" branch="False" />
                <line number="346" hits="0" branch="True" condition-coverage="0% (0/2)">
                  <conditions>
                    <condition number="377" type="jump" coverage="0%" />
                  </conditions>
                </line>
                <line number="347" hits="0" branch="False" />
                <line number="348" hits="0" branch="False" />
                <line number="350" hits="0" branch="False" />
                <line number="351" hits="0" branch="False" />
                <line number="352" hits="0" branch="False" />
                <line number="353" hits="0" branch="True" condition-coverage="0% (0/6)">
                  <conditions>
                    <condition number="430" type="jump" coverage="0%" />
                    <condition number="444" type="jump" coverage="0%" />
                    <condition number="465" type="jump" coverage="0%" />
                  </conditions>
                </line>
                <line number="354" hits="0" branch="False" />
                <line number="355" hits="0" branch="False" />
                <line number="356" hits="0" branch="False" />
                <line number="357" hits="0" branch="True" condition-coverage="0% (0/2)">
                  <conditions>
                    <condition number="499" type="jump" coverage="0%" />
                  </conditions>
                </line>
                <line number="358" hits="0" branch="False" />
                <line number="360" hits="0" branch="True" condition-coverage="0% (0/2)">
                  <conditions>
                    <condition number="526" type="jump" coverage="0%" />
                  </conditions>
                </line>
                <line number="361" hits="0" branch="False" />
                <line number="363" hits="0" branch="True" condition-coverage="0% (0/2)">
                  <conditions>
                    <condition number="547" type="jump" coverage="0%" />
                  </conditions>
                </line>
                <line number="364" hits="0" branch="False" />
                <line number="365" hits="0" branch="False" />
                <line number="367" hits="0" branch="False" />
                <line number="370" hits="0" branch="True" condition-coverage="0% (0/4)">
                  <conditions>
                    <condition number="580" type="jump" coverage="0%" />
                    <condition number="605" type="jump" coverage="0%" />
                  </conditions>
                </line>
                <line number="371" hits="0" branch="False" />
                <line number="372" hits="0" branch="False" />
                <line number="373" hits="0" branch="False" />
                <line number="375" hits="0" branch="False" />
                <line number="376" hits="0" branch="False" />
                <line number="380" hits="0" branch="True" condition-coverage="0% (0/2)">
                  <conditions>
                    <condition number="662" type="jump" coverage="0%" />
                  </conditions>
                </line>
                <line number="381" hits="0" branch="False" />
                <line number="383" hits="0" branch="True" condition-coverage="0% (0/2)">
                  <conditions>
                    <condition number="683" type="jump" coverage="0%" />
                  </conditions>
                </line>
                <line number="384" hits="0" branch="False" />
                <line number="385" hits="0" branch="False" />
                <line number="387" hits="0" branch="False" />
                <line number="388" hits="0" branch="False" />
                <line number="390" hits="0" branch="False" />
                <line number="391" hits="0" branch="False" />
                <line number="393" hits="0" branch="False" />
                <line number="395" hits="0" branch="True" condition-coverage="0% (0/4)">
                  <conditions>
                    <condition number="766" type="jump" coverage="0%" />
                    <condition number="784" type="jump" coverage="0%" />
                  </conditions>
                </line>
                <line number="396" hits="0" branch="False" />
                <line number="397" hits="0" branch="False" />
                <line number="399" hits="0" branch="True" condition-coverage="0% (0/4)">
                  <conditions>
                    <condition number="809" type="jump" coverage="0%" />
                    <condition number="827" type="jump" coverage="0%" />
                  </conditions>
                </line>
                <line number="400" hits="0" branch="False" />
                <line number="402" hits="0" branch="True" condition-coverage="0% (0/2)">
                  <conditions>
                    <condition number="848" type="jump" coverage="0%" />
                  </conditions>
                </line>
                <line number="403" hits="0" branch="False" />
                <line number="404" hits="0" branch="False" />
                <line number="407" hits="0" branch="False" />
                <line number="408" hits="0" branch="False" />
                <line number="412" hits="0" branch="False" />
                <line number="413" hits="0" branch="False" />
                <line number="417" hits="0" branch="False" />
              </lines>
            </method>
            <method name="GetVariables" signature="()" line-rate="1" branch-rate="1" complexity="4">
              <lines>
                <line number="431" hits="3678" branch="False" />
                <line number="432" hits="3678" branch="False" />
                <line number="433" hits="18546" branch="True" condition-coverage="100% (2/2)">
                  <conditions>
                    <condition number="69" type="jump" coverage="100%" />
                  </conditions>
                </line>
                <line number="434" hits="3756" branch="False" />
                <line number="435" hits="3756" branch="True" condition-coverage="100% (2/2)">
                  <conditions>
                    <condition number="39" type="jump" coverage="100%" />
                  </conditions>
                </line>
                <line number="436" hits="3710" branch="False" />
                <line number="437" hits="3710" branch="False" />
                <line number="438" hits="3710" branch="False" />
                <line number="439" hits="3756" branch="False" />
                <line number="440" hits="3678" branch="False" />
                <line number="441" hits="3678" branch="False" />
              </lines>
            </method>
            <method name="ToString" signature="()" line-rate="1" branch-rate="1" complexity="2">
              <lines>
                <line number="454" hits="4" branch="False" />
                <line number="455" hits="4" branch="False" />
                <line number="456" hits="20" branch="True" condition-coverage="100% (2/2)">
                  <conditions>
                    <condition number="56" type="jump" coverage="100%" />
                  </conditions>
                </line>
                <line number="457" hits="4" branch="False" />
                <line number="458" hits="4" branch="False" />
                <line number="459" hits="4" branch="False" />
                <line number="460" hits="4" branch="False" />
                <line number="461" hits="4" branch="False" />
              </lines>
            </method>
            <method name="Equals" signature="(System.Object)" line-rate="0.5882000000000001" branch-rate="0.4545" complexity="22">
              <lines>
                <line number="484" hits="4" branch="False" />
                <line number="485" hits="4" branch="True" condition-coverage="50% (2/4)">
                  <conditions>
                    <condition number="2" type="jump" coverage="50%" />
                    <condition number="21" type="jump" coverage="50%" />
                  </conditions>
                </line>
                <line number="486" hits="0" branch="False" />
                <line number="487" hits="0" branch="False" />
                <line number="490" hits="4" branch="False" />
                <line number="491" hits="4" branch="False" />
                <line number="492" hits="4" branch="False" />
                <line number="494" hits="18" branch="True" condition-coverage="100% (2/2)">
                  <conditions>
                    <condition number="314" type="jump" coverage="100%" />
                  </conditions>
                </line>
                <line number="495" hits="4" branch="False" />
                <line number="496" hits="4" branch="True" condition-coverage="50% (1/2)">
                  <conditions>
                    <condition number="98" type="jump" coverage="50%" />
                  </conditions>
                </line>
                <line number="497" hits="0" branch="False" />
                <line number="499" hits="4" branch="True" condition-coverage="50% (1/2)">
                  <conditions>
                    <condition number="120" type="jump" coverage="50%" />
                  </conditions>
                </line>
                <line number="500" hits="0" branch="False" />
                <line number="501" hits="0" branch="True" condition-coverage="0% (0/2)">
                  <conditions>
                    <condition number="144" type="jump" coverage="0%" />
                  </conditions>
                </line>
                <line number="502" hits="0" branch="False" />
                <line number="503" hits="0" branch="False" />
                <line number="504" hits="4" branch="True" condition-coverage="50% (2/4)">
                  <conditions>
                    <condition number="169" type="jump" coverage="50%" />
                    <condition number="192" type="jump" coverage="50%" />
                  </conditions>
                </line>
                <line number="505" hits="4" branch="False" />
                <line number="506" hits="4" branch="False" />
                <line number="507" hits="4" branch="False" />
                <line number="508" hits="4" branch="True" condition-coverage="100% (2/2)">
                  <conditions>
                    <condition number="229" type="jump" coverage="100%" />
                  </conditions>
                </line>
                <line number="509" hits="2" branch="False" />
                <line number="510" hits="2" branch="False" />
                <line number="511" hits="0" branch="True" condition-coverage="0% (0/2)">
                  <conditions>
                    <condition number="251" type="jump" coverage="0%" />
                  </conditions>
                </line>
                <line number="512" hits="0" branch="False" />
                <line number="513" hits="0" branch="True" condition-coverage="0% (0/2)">
                  <conditions>
                    <condition number="286" type="jump" coverage="0%" />
                  </conditions>
                </line>
                <line number="514" hits="0" branch="False" />
                <line number="515" hits="0" branch="False" />
                <line number="517" hits="0" branch="False" />
                <line number="518" hits="0" branch="False" />
                <line number="520" hits="2" branch="False" />
                <line number="521" hits="2" branch="False" />
                <line number="524" hits="2" branch="False" />
                <line number="525" hits="4" branch="False" />
              </lines>
            </method>
            <method name="op_Equality" signature="(SpreadsheetUtilities.Formula,SpreadsheetUtilities.Formula)" line-rate="0" branch-rate="0" complexity="4">
              <lines>
                <line number="532" hits="0" branch="False" />
                <line number="533" hits="0" branch="True" condition-coverage="0% (0/4)">
                  <conditions>
                    <condition number="2" type="jump" coverage="0%" />
                    <condition number="13" type="jump" coverage="0%" />
                  </conditions>
                </line>
                <line number="534" hits="0" branch="False" />
                <line number="535" hits="0" branch="False" />
                <line number="537" hits="0" branch="False" />
                <line number="538" hits="0" branch="False" />
              </lines>
            </method>
            <method name="op_Inequality" signature="(SpreadsheetUtilities.Formula,SpreadsheetUtilities.Formula)" line-rate="0" branch-rate="0" complexity="4">
              <lines>
                <line number="545" hits="0" branch="False" />
                <line number="546" hits="0" branch="True" condition-coverage="0% (0/4)">
                  <conditions>
                    <condition number="2" type="jump" coverage="0%" />
                    <condition number="13" type="jump" coverage="0%" />
                  </conditions>
                </line>
                <line number="547" hits="0" branch="False" />
                <line number="548" hits="0" branch="False" />
                <line number="550" hits="0" branch="False" />
                <line number="551" hits="0" branch="False" />
              </lines>
            </method>
            <method name="GetHashCode" signature="()" line-rate="0" branch-rate="0" complexity="6">
              <lines>
                <line number="559" hits="0" branch="False" />
                <line number="560" hits="0" branch="False" />
                <line number="561" hits="0" branch="False" />
                <line number="563" hits="0" branch="True" condition-coverage="0% (0/2)">
                  <conditions>
                    <condition number="110" type="jump" coverage="0%" />
                  </conditions>
                </line>
                <line number="564" hits="0" branch="False" />
                <line number="565" hits="0" branch="False" />
                <line number="566" hits="0" branch="True" condition-coverage="0% (0/2)">
                  <conditions>
                    <condition number="43" type="jump" coverage="0%" />
                  </conditions>
                </line>
                <line number="567" hits="0" branch="False" />
                <line number="568" hits="0" branch="False" />
                <line number="569" hits="0" branch="False" />
                <line number="570" hits="0" branch="True" condition-coverage="0% (0/2)">
                  <conditions>
                    <condition number="69" type="jump" coverage="0%" />
                  </conditions>
                </line>
                <line number="571" hits="0" branch="False" />
                <line number="572" hits="0" branch="False" />
                <line number="573" hits="0" branch="False" />
                <line number="575" hits="0" branch="False" />
                <line number="576" hits="0" branch="False" />
                <line number="577" hits="0" branch="False" />
                <line number="579" hits="0" branch="False" />
                <line number="580" hits="0" branch="False" />
              </lines>
            </method>
            <method name=".ctor" signature="(System.String)" line-rate="1" branch-rate="1" complexity="1">
              <lines>
                <line number="50" hits="44419" branch="False" />
                <line number="51" hits="3683" branch="False" />
                <line number="52" hits="3683" branch="False" />
              </lines>
            </method>
            <method name=".ctor" signature="(System.String,System.Func`2&lt;System.String,System.String&gt;,System.Func`2&lt;System.String,System.Boolean&gt;)" line-rate="0.7037" branch-rate="0.7391" complexity="46">
              <lines>
                <line number="76" hits="3683" branch="False" />
                <line number="77" hits="3683" branch="False" />
                <line number="78" hits="3683" branch="False" />
                <line number="79" hits="3683" branch="False" />
                <line number="81" hits="3683" branch="False" />
                <line number="84" hits="3683" branch="True" condition-coverage="50% (1/2)">
                  <conditions>
                    <condition number="52" type="jump" coverage="50%" />
                  </conditions>
                </line>
                <line number="85" hits="0" branch="False" />
                <line number="86" hits="0" branch="False" />
                <line number="90" hits="3683" branch="False" />
                <line number="91" hits="3683" branch="True" condition-coverage="83.33% (5/6)">
                  <conditions>
                    <condition number="86" type="jump" coverage="100%" />
                    <condition number="99" type="jump" coverage="100%" />
                    <condition number="118" type="jump" coverage="50%" />
                  </conditions>
                </line>
                <line number="92" hits="0" branch="False" />
                <line number="95" hits="3683" branch="False" />
                <line number="96" hits="3683" branch="True" condition-coverage="83.33% (5/6)">
                  <conditions>
                    <condition number="151" type="jump" coverage="100%" />
                    <condition number="164" type="jump" coverage="100%" />
                    <condition number="183" type="jump" coverage="50%" />
                  </conditions>
                </line>
                <line number="97" hits="0" branch="False" />
                <line number="99" hits="3683" branch="False" />
                <line number="100" hits="3683" branch="False" />
                <line number="101" hits="3683" branch="False" />
                <line number="102" hits="3683" branch="False" />
                <line number="104" hits="18571" branch="True" condition-coverage="100% (2/2)">
                  <conditions>
                    <condition number="530" type="jump" coverage="100%" />
                  </conditions>
                </line>
                <line number="105" hits="3761" branch="False" />
                <line number="106" hits="3761" branch="False" />
                <line number="110" hits="3761" branch="True" condition-coverage="50% (1/2)">
                  <conditions>
                    <condition number="261" type="jump" coverage="50%" />
                  </conditions>
                </line>
                <line number="111" hits="0" branch="False" />
                <line number="112" hits="0" branch="False" />
                <line number="113" hits="0" branch="False" />
                <line number="119" hits="3761" branch="True" condition-coverage="100% (2/2)">
                  <conditions>
                    <condition number="281" type="jump" coverage="100%" />
                  </conditions>
                </line>
                <line number="120" hits="39" branch="False" />
                <line number="121" hits="39" branch="True" condition-coverage="50% (3/6)">
                  <conditions>
                    <condition number="293" type="jump" coverage="50%" />
                    <condition number="307" type="jump" coverage="50%" />
                    <condition number="327" type="jump" coverage="50%" />
                  </conditions>
                </line>
                <line number="122" hits="0" branch="False" />
                <line number="123" hits="0" branch="False" />
                <line number="124" hits="39" branch="False" />
                <line number="125" hits="3761" branch="True" condition-coverage="100% (2/2)">
                  <conditions>
                    <condition number="353" type="jump" coverage="100%" />
                  </conditions>
                </line>
                <line number="126" hits="39" branch="False" />
                <line number="127" hits="3722" branch="False" />
                <line number="131" hits="3761" branch="True" condition-coverage="100% (2/2)">
                  <conditions>
                    <condition number="369" type="jump" coverage="100%" />
                  </conditions>
                </line>
                <line number="132" hits="39" branch="False" />
                <line number="133" hits="39" branch="True" condition-coverage="50% (1/2)">
                  <conditions>
                    <condition number="387" type="jump" coverage="50%" />
                  </conditions>
                </line>
                <line number="134" hits="0" branch="False" />
                <line number="135" hits="0" branch="False" />
                <line number="136" hits="39" branch="False" />
                <line number="137" hits="3761" branch="True" condition-coverage="100% (6/6)">
                  <conditions>
                    <condition number="410" type="jump" coverage="100%" />
                    <condition number="424" type="jump" coverage="100%" />
                    <condition number="441" type="jump" coverage="100%" />
                  </conditions>
                </line>
                <line number="138" hits="3722" branch="False" />
                <line number="139" hits="39" branch="False" />
                <line number="143" hits="3761" branch="True" condition-coverage="50% (1/2)">
                  <conditions>
                    <condition number="467" type="jump" coverage="50%" />
                  </conditions>
                </line>
                <line number="144" hits="0" branch="False" />
                <line number="145" hits="3761" branch="True" condition-coverage="50% (1/2)">
                  <conditions>
                    <condition number="491" type="jump" coverage="50%" />
                  </conditions>
                </line>
                <line number="146" hits="0" branch="False" />
                <line number="147" hits="3761" branch="True" condition-coverage="50% (1/2)">
                  <conditions>
                    <condition number="509" type="jump" coverage="50%" />
                  </conditions>
                </line>
                <line number="148" hits="0" branch="False" />
                <line number="149" hits="0" branch="False" />
                <line number="151" hits="3761" branch="False" />
                <line number="154" hits="3683" branch="True" condition-coverage="50% (1/2)">
                  <conditions>
                    <condition number="563" type="jump" coverage="50%" />
                  </conditions>
                </line>
                <line number="155" hits="0" branch="False" />
                <line number="157" hits="3683" branch="False" />
              </lines>
            </method>
          </methods>
          <lines>
            <line number="168" hits="0" branch="False" />
            <line number="169" hits="0" branch="False" />
            <line number="170" hits="0" branch="False" />
            <line number="171" hits="0" branch="False" />
            <line number="172" hits="0" branch="False" />
            <line number="173" hits="0" branch="True" condition-coverage="0% (0/8)">
              <conditions>
                <condition number="53" type="jump" coverage="0%" />
                <condition number="66" type="jump" coverage="0%" />
                <condition number="79" type="jump" coverage="0%" />
                <condition number="92" type="jump" coverage="0%" />
              </conditions>
            </line>
            <line number="176" hits="0" branch="False" />
            <line number="177" hits="0" branch="False" />
            <line number="178" hits="0" branch="False" />
            <line number="180" hits="0" branch="False" />
            <line number="181" hits="0" branch="False" />
            <line number="182" hits="0" branch="False" />
            <line number="184" hits="0" branch="False" />
            <line number="185" hits="0" branch="False" />
            <line number="186" hits="0" branch="False" />
            <line number="188" hits="0" branch="True" condition-coverage="0% (0/2)">
              <conditions>
                <condition number="172" type="jump" coverage="0%" />
              </conditions>
            </line>
            <line number="189" hits="0" branch="False" />
            <line number="190" hits="0" branch="False" />
            <line number="191" hits="0" branch="False" />
            <line number="194" hits="0" branch="False" />
            <line number="195" hits="0" branch="False" />
            <line number="196" hits="0" branch="False" />
            <line number="197" hits="0" branch="False" />
            <line number="201" hits="0" branch="False" />
            <line number="203" hits="0" branch="False" />
            <line number="217" hits="0" branch="False" />
            <line number="218" hits="0" branch="True" condition-coverage="0% (0/8)">
              <conditions>
                <condition number="8" type="jump" coverage="0%" />
                <condition number="17" type="jump" coverage="0%" />
                <condition number="31" type="jump" coverage="0%" />
                <condition number="53" type="jump" coverage="0%" />
              </conditions>
            </line>
            <line number="219" hits="0" branch="False" />
            <line number="220" hits="0" branch="False" />
            <line number="223" hits="0" branch="False" />
            <line number="224" hits="0" branch="False" />
            <line number="228" hits="3761" branch="False" />
            <line number="229" hits="3761" branch="False" />
            <line number="231" hits="3761" branch="False" />
            <line number="235" hits="39" branch="False" />
            <line number="236" hits="39" branch="False" />
            <line number="238" hits="39" branch="False" />
            <line number="242" hits="18596" branch="False" />
            <line number="244" hits="18596" branch="False" />
            <line number="246" hits="18596" branch="True" condition-coverage="100% (2/2)">
              <conditions>
                <condition number="16" type="jump" coverage="100%" />
              </conditions>
            </line>
            <line number="247" hits="18511" branch="False" />
            <line number="248" hits="18511" branch="True" condition-coverage="50% (1/2)">
              <conditions>
                <condition number="44" type="jump" coverage="50%" />
              </conditions>
            </line>
            <line number="249" hits="18511" branch="False" />
            <line number="250" hits="0" branch="False" />
            <line number="252" hits="85" branch="False" />
            <line number="254" hits="18596" branch="False" />
            <line number="258" hits="3722" branch="False" />
            <line number="261" hits="3722" branch="True" condition-coverage="100% (2/2)">
              <conditions>
                <condition number="11" type="jump" coverage="100%" />
              </conditions>
            </line>
            <line number="262" hits="12" branch="False" />
            <line number="263" hits="3710" branch="False" />
            <line number="264" hits="3722" branch="False" />
            <line number="268" hits="3765" branch="False" />
            <line number="269" hits="3765" branch="False" />
            <line number="271" hits="3765" branch="False" />
            <line number="275" hits="3761" branch="False" />
            <line number="276" hits="3761" branch="True" condition-coverage="100% (4/4)">
              <conditions>
                <condition number="8" type="jump" coverage="100%" />
                <condition number="17" type="jump" coverage="100%" />
              </conditions>
            </line>
            <line number="277" hits="3761" branch="False" />
            <line number="301" hits="0" branch="False" />
            <line number="302" hits="0" branch="False" />
            <line number="303" hits="0" branch="False" />
            <line number="305" hits="0" branch="True" condition-coverage="0% (0/2)">
              <conditions>
                <condition number="742" type="jump" coverage="0%" />
              </conditions>
            </line>
            <line number="306" hits="0" branch="False" />
            <line number="307" hits="0" branch="False" />
            <line number="309" hits="0" branch="True" condition-coverage="0% (0/2)">
              <conditions>
                <condition number="60" type="jump" coverage="0%" />
              </conditions>
            </line>
            <line number="310" hits="0" branch="False" />
            <line number="311" hits="0" branch="False" />
            <line number="312" hits="0" branch="True" condition-coverage="0% (0/2)">
              <conditions>
                <condition number="93" type="jump" coverage="0%" />
              </conditions>
            </line>
            <line number="313" hits="0" branch="False" />
            <line number="314" hits="0" branch="True" condition-coverage="0% (0/2)">
              <conditions>
                <condition number="114" type="jump" coverage="0%" />
              </conditions>
            </line>
            <line number="315" hits="0" branch="False" />
            <line number="316" hits="0" branch="False" />
            <line number="318" hits="0" branch="False" />
            <line number="320" hits="0" branch="False" />
            <line number="321" hits="0" branch="True" condition-coverage="0% (0/2)">
              <conditions>
                <condition number="158" type="jump" coverage="0%" />
              </conditions>
            </line>
            <line number="322" hits="0" branch="False" />
            <line number="324" hits="0" branch="False" />
            <line number="325" hits="0" branch="False" />
            <line number="326" hits="0" branch="False" />
            <line number="327" hits="0" branch="True" condition-coverage="0% (0/2)">
              <conditions>
                <condition number="216" type="jump" coverage="0%" />
              </conditions>
            </line>
            <line number="328" hits="0" branch="False" />
            <line number="330" hits="0" branch="True" condition-coverage="0% (0/2)">
              <conditions>
                <condition number="237" type="jump" coverage="0%" />
              </conditions>
            </line>
            <line number="331" hits="0" branch="False" />
            <line number="332" hits="0" branch="False" />
            <line number="334" hits="0" branch="False" />
            <line number="335" hits="0" branch="False" />
            <line number="336" hits="0" branch="False" />
            <line number="337" hits="0" branch="False" />
            <line number="340" hits="0" branch="False" />
            <line number="341" hits="0" branch="True" condition-coverage="0% (0/4)">
              <conditions>
                <condition number="311" type="jump" coverage="0%" />
                <condition number="332" type="jump" coverage="0%" />
              </conditions>
            </line>
            <line number="342" hits="0" branch="False" />
            <line number="343" hits="0" branch="True" condition-coverage="0% (0/2)">
              <conditions>
                <condition number="356" type="jump" coverage="0%" />
              </conditions>
            </line>
            <line number="344" hits="0" branch="False" />
            <line number="346" hits="0" branch="True" condition-coverage="0% (0/2)">
              <conditions>
                <condition number="377" type="jump" coverage="0%" />
              </conditions>
            </line>
            <line number="347" hits="0" branch="False" />
            <line number="348" hits="0" branch="False" />
            <line number="350" hits="0" branch="False" />
            <line number="351" hits="0" branch="False" />
            <line number="352" hits="0" branch="False" />
            <line number="353" hits="0" branch="True" condition-coverage="0% (0/6)">
              <conditions>
                <condition number="430" type="jump" coverage="0%" />
                <condition number="444" type="jump" coverage="0%" />
                <condition number="465" type="jump" coverage="0%" />
              </conditions>
            </line>
            <line number="354" hits="0" branch="False" />
            <line number="355" hits="0" branch="False" />
            <line number="356" hits="0" branch="False" />
            <line number="357" hits="0" branch="True" condition-coverage="0% (0/2)">
              <conditions>
                <condition number="499" type="jump" coverage="0%" />
              </conditions>
            </line>
            <line number="358" hits="0" branch="False" />
            <line number="360" hits="0" branch="True" condition-coverage="0% (0/2)">
              <conditions>
                <condition number="526" type="jump" coverage="0%" />
              </conditions>
            </line>
            <line number="361" hits="0" branch="False" />
            <line number="363" hits="0" branch="True" condition-coverage="0% (0/2)">
              <conditions>
                <condition number="547" type="jump" coverage="0%" />
              </conditions>
            </line>
            <line number="364" hits="0" branch="False" />
            <line number="365" hits="0" branch="False" />
            <line number="367" hits="0" branch="False" />
            <line number="370" hits="0" branch="True" condition-coverage="0% (0/4)">
              <conditions>
                <condition number="580" type="jump" coverage="0%" />
                <condition number="605" type="jump" coverage="0%" />
              </conditions>
            </line>
            <line number="371" hits="0" branch="False" />
            <line number="372" hits="0" branch="False" />
            <line number="373" hits="0" branch="False" />
            <line number="375" hits="0" branch="False" />
            <line number="376" hits="0" branch="False" />
            <line number="380" hits="0" branch="True" condition-coverage="0% (0/2)">
              <conditions>
                <condition number="662" type="jump" coverage="0%" />
              </conditions>
            </line>
            <line number="381" hits="0" branch="False" />
            <line number="383" hits="0" branch="True" condition-coverage="0% (0/2)">
              <conditions>
                <condition number="683" type="jump" coverage="0%" />
              </conditions>
            </line>
            <line number="384" hits="0" branch="False" />
            <line number="385" hits="0" branch="False" />
            <line number="387" hits="0" branch="False" />
            <line number="388" hits="0" branch="False" />
            <line number="390" hits="0" branch="False" />
            <line number="391" hits="0" branch="False" />
            <line number="393" hits="0" branch="False" />
            <line number="395" hits="0" branch="True" condition-coverage="0% (0/4)">
              <conditions>
                <condition number="766" type="jump" coverage="0%" />
                <condition number="784" type="jump" coverage="0%" />
              </conditions>
            </line>
            <line number="396" hits="0" branch="False" />
            <line number="397" hits="0" branch="False" />
            <line number="399" hits="0" branch="True" condition-coverage="0% (0/4)">
              <conditions>
                <condition number="809" type="jump" coverage="0%" />
                <condition number="827" type="jump" coverage="0%" />
              </conditions>
            </line>
            <line number="400" hits="0" branch="False" />
            <line number="402" hits="0" branch="True" condition-coverage="0% (0/2)">
              <conditions>
                <condition number="848" type="jump" coverage="0%" />
              </conditions>
            </line>
            <line number="403" hits="0" branch="False" />
            <line number="404" hits="0" branch="False" />
            <line number="407" hits="0" branch="False" />
            <line number="408" hits="0" branch="False" />
            <line number="412" hits="0" branch="False" />
            <line number="413" hits="0" branch="False" />
            <line number="417" hits="0" branch="False" />
            <line number="431" hits="3678" branch="False" />
            <line number="432" hits="3678" branch="False" />
            <line number="433" hits="18546" branch="True" condition-coverage="100% (2/2)">
              <conditions>
                <condition number="69" type="jump" coverage="100%" />
              </conditions>
            </line>
            <line number="434" hits="3756" branch="False" />
            <line number="435" hits="3756" branch="True" condition-coverage="100% (2/2)">
              <conditions>
                <condition number="39" type="jump" coverage="100%" />
              </conditions>
            </line>
            <line number="436" hits="3710" branch="False" />
            <line number="437" hits="3710" branch="False" />
            <line number="438" hits="3710" branch="False" />
            <line number="439" hits="3756" branch="False" />
            <line number="440" hits="3678" branch="False" />
            <line number="441" hits="3678" branch="False" />
            <line number="454" hits="4" branch="False" />
            <line number="455" hits="4" branch="False" />
            <line number="456" hits="20" branch="True" condition-coverage="100% (2/2)">
              <conditions>
                <condition number="56" type="jump" coverage="100%" />
              </conditions>
            </line>
            <line number="457" hits="4" branch="False" />
            <line number="458" hits="4" branch="False" />
            <line number="459" hits="4" branch="False" />
            <line number="460" hits="4" branch="False" />
            <line number="461" hits="4" branch="False" />
            <line number="484" hits="4" branch="False" />
            <line number="485" hits="4" branch="True" condition-coverage="50% (2/4)">
              <conditions>
                <condition number="2" type="jump" coverage="50%" />
                <condition number="21" type="jump" coverage="50%" />
              </conditions>
            </line>
            <line number="486" hits="0" branch="False" />
            <line number="487" hits="0" branch="False" />
            <line number="490" hits="4" branch="False" />
            <line number="491" hits="4" branch="False" />
            <line number="492" hits="4" branch="False" />
            <line number="494" hits="18" branch="True" condition-coverage="100% (2/2)">
              <conditions>
                <condition number="314" type="jump" coverage="100%" />
              </conditions>
            </line>
            <line number="495" hits="4" branch="False" />
            <line number="496" hits="4" branch="True" condition-coverage="50% (1/2)">
              <conditions>
                <condition number="98" type="jump" coverage="50%" />
              </conditions>
            </line>
            <line number="497" hits="0" branch="False" />
            <line number="499" hits="4" branch="True" condition-coverage="50% (1/2)">
              <conditions>
                <condition number="120" type="jump" coverage="50%" />
              </conditions>
            </line>
            <line number="500" hits="0" branch="False" />
            <line number="501" hits="0" branch="True" condition-coverage="0% (0/2)">
              <conditions>
                <condition number="144" type="jump" coverage="0%" />
              </conditions>
            </line>
            <line number="502" hits="0" branch="False" />
            <line number="503" hits="0" branch="False" />
            <line number="504" hits="4" branch="True" condition-coverage="50% (2/4)">
              <conditions>
                <condition number="169" type="jump" coverage="50%" />
                <condition number="192" type="jump" coverage="50%" />
              </conditions>
            </line>
            <line number="505" hits="4" branch="False" />
            <line number="506" hits="4" branch="False" />
            <line number="507" hits="4" branch="False" />
            <line number="508" hits="4" branch="True" condition-coverage="100% (2/2)">
              <conditions>
                <condition number="229" type="jump" coverage="100%" />
              </conditions>
            </line>
            <line number="509" hits="2" branch="False" />
            <line number="510" hits="2" branch="False" />
            <line number="511" hits="0" branch="True" condition-coverage="0% (0/2)">
              <conditions>
                <condition number="251" type="jump" coverage="0%" />
              </conditions>
            </line>
            <line number="512" hits="0" branch="False" />
            <line number="513" hits="0" branch="True" condition-coverage="0% (0/2)">
              <conditions>
                <condition number="286" type="jump" coverage="0%" />
              </conditions>
            </line>
            <line number="514" hits="0" branch="False" />
            <line number="515" hits="0" branch="False" />
            <line number="517" hits="0" branch="False" />
            <line number="518" hits="0" branch="False" />
            <line number="520" hits="2" branch="False" />
            <line number="521" hits="2" branch="False" />
            <line number="524" hits="2" branch="False" />
            <line number="525" hits="4" branch="False" />
            <line number="532" hits="0" branch="False" />
            <line number="533" hits="0" branch="True" condition-coverage="0% (0/4)">
              <conditions>
                <condition number="2" type="jump" coverage="0%" />
                <condition number="13" type="jump" coverage="0%" />
              </conditions>
            </line>
            <line number="534" hits="0" branch="False" />
            <line number="535" hits="0" branch="False" />
            <line number="537" hits="0" branch="False" />
            <line number="538" hits="0" branch="False" />
            <line number="545" hits="0" branch="False" />
            <line number="546" hits="0" branch="True" condition-coverage="0% (0/4)">
              <conditions>
                <condition number="2" type="jump" coverage="0%" />
                <condition number="13" type="jump" coverage="0%" />
              </conditions>
            </line>
            <line number="547" hits="0" branch="False" />
            <line number="548" hits="0" branch="False" />
            <line number="550" hits="0" branch="False" />
            <line number="551" hits="0" branch="False" />
            <line number="559" hits="0" branch="False" />
            <line number="560" hits="0" branch="False" />
            <line number="561" hits="0" branch="False" />
            <line number="563" hits="0" branch="True" condition-coverage="0% (0/2)">
              <conditions>
                <condition number="110" type="jump" coverage="0%" />
              </conditions>
            </line>
            <line number="564" hits="0" branch="False" />
            <line number="565" hits="0" branch="False" />
            <line number="566" hits="0" branch="True" condition-coverage="0% (0/2)">
              <conditions>
                <condition number="43" type="jump" coverage="0%" />
              </conditions>
            </line>
            <line number="567" hits="0" branch="False" />
            <line number="568" hits="0" branch="False" />
            <line number="569" hits="0" branch="False" />
            <line number="570" hits="0" branch="True" condition-coverage="0% (0/2)">
              <conditions>
                <condition number="69" type="jump" coverage="0%" />
              </conditions>
            </line>
            <line number="571" hits="0" branch="False" />
            <line number="572" hits="0" branch="False" />
            <line number="573" hits="0" branch="False" />
            <line number="575" hits="0" branch="False" />
            <line number="576" hits="0" branch="False" />
            <line number="577" hits="0" branch="False" />
            <line number="579" hits="0" branch="False" />
            <line number="580" hits="0" branch="False" />
            <line number="50" hits="44419" branch="False" />
            <line number="51" hits="3683" branch="False" />
            <line number="52" hits="3683" branch="False" />
            <line number="76" hits="3683" branch="False" />
            <line number="77" hits="3683" branch="False" />
            <line number="78" hits="3683" branch="False" />
            <line number="79" hits="3683" branch="False" />
            <line number="81" hits="3683" branch="False" />
            <line number="84" hits="3683" branch="True" condition-coverage="50% (1/2)">
              <conditions>
                <condition number="52" type="jump" coverage="50%" />
              </conditions>
            </line>
            <line number="85" hits="0" branch="False" />
            <line number="86" hits="0" branch="False" />
            <line number="90" hits="3683" branch="False" />
            <line number="91" hits="3683" branch="True" condition-coverage="83.33% (5/6)">
              <conditions>
                <condition number="86" type="jump" coverage="100%" />
                <condition number="99" type="jump" coverage="100%" />
                <condition number="118" type="jump" coverage="50%" />
              </conditions>
            </line>
            <line number="92" hits="0" branch="False" />
            <line number="95" hits="3683" branch="False" />
            <line number="96" hits="3683" branch="True" condition-coverage="83.33% (5/6)">
              <conditions>
                <condition number="151" type="jump" coverage="100%" />
                <condition number="164" type="jump" coverage="100%" />
                <condition number="183" type="jump" coverage="50%" />
              </conditions>
            </line>
            <line number="97" hits="0" branch="False" />
            <line number="99" hits="3683" branch="False" />
            <line number="100" hits="3683" branch="False" />
            <line number="101" hits="3683" branch="False" />
            <line number="102" hits="3683" branch="False" />
            <line number="104" hits="18571" branch="True" condition-coverage="100% (2/2)">
              <conditions>
                <condition number="530" type="jump" coverage="100%" />
              </conditions>
            </line>
            <line number="105" hits="3761" branch="False" />
            <line number="106" hits="3761" branch="False" />
            <line number="110" hits="3761" branch="True" condition-coverage="50% (1/2)">
              <conditions>
                <condition number="261" type="jump" coverage="50%" />
              </conditions>
            </line>
            <line number="111" hits="0" branch="False" />
            <line number="112" hits="0" branch="False" />
[...]
              </conditions>
            </line>
            <line number="526" hits="132700" branch="False" />
            <line number="527" hits="132700" branch="True" condition-coverage="100% (5/5)">
              <conditions>
                <condition number="28" type="switch" coverage="100%" />
              </conditions>
            </line>
            <line number="530" hits="33160" branch="False" />
            <line number="531" hits="33160" branch="False" />
            <line number="533" hits="33409" branch="False" />
            <line number="534" hits="33409" branch="False" />
            <line number="536" hits="32961" branch="False" />
            <line number="537" hits="32961" branch="False" />
            <line number="539" hits="33170" branch="False" />
            <line number="540" hits="33170" branch="False" />
            <line number="542" hits="132700" branch="True" condition-coverage="100% (4/4)">
              <conditions>
                <condition number="122" type="jump" coverage="100%" />
                <condition number="129" type="jump" coverage="100%" />
              </conditions>
            </line>
            <line number="545" hits="66370" branch="False" />
            <line number="546" hits="66370" branch="False" />
            <line number="548" hits="66330" branch="False" />
            <line number="549" hits="66330" branch="False" />
            <line number="551" hits="132700" branch="False" />
            <line number="552" hits="13270" branch="False" />
            <line number="553" hits="13270" branch="False" />
          </lines>
        </class>
      </classes>
    </package>
    <package name="Spreadsheet" line-rate="1" branch-rate="1" complexity="27">
      <classes>
        <class name="SS.AbstractSpreadsheet" filename="source\repos\spreadsheet-AndyTran97\Spreadsheet\Spreadsheet\AbstractSpreadsheet.cs" line-rate="1" branch-rate="1" complexity="7">
          <methods>
            <method name="GetCellsToRecalculate" signature="(System.String)" line-rate="1" branch-rate="1" complexity="1">
              <lines>
                <line number="174" hits="43709" branch="False" />
                <line number="175" hits="43709" branch="False" />
                <line number="176" hits="43709" branch="False" />
                <line number="177" hits="43709" branch="False" />
                <line number="178" hits="43701" branch="False" />
                <line number="179" hits="43701" branch="False" />
              </lines>
            </method>
            <method name="Visit" signature="(System.String,System.String,System.Collections.Generic.ISet`1&lt;System.String&gt;,System.Collections.Generic.LinkedList`1&lt;System.String&gt;)" line-rate="1" branch-rate="1" complexity="6">
              <lines>
                <line number="189" hits="703119" branch="False" />
                <line number="190" hits="703119" branch="False" />
                <line number="191" hits="3427835" branch="True" condition-coverage="100% (2/2)">
                  <conditions>
                    <condition number="86" type="jump" coverage="100%" />
                  </conditions>
                </line>
                <line number="192" hits="659446" branch="False" />
                <line number="193" hits="659446" branch="True" condition-coverage="100% (2/2)">
                  <conditions>
                    <condition number="42" type="jump" coverage="100%" />
                  </conditions>
                </line>
                <line number="194" hits="8" branch="False" />
                <line number="195" hits="8" branch="False" />
                <line number="197" hits="659438" branch="True" condition-coverage="100% (2/2)">
                  <conditions>
                    <condition number="63" type="jump" coverage="100%" />
                  </conditions>
                </line>
                <line number="198" hits="659410" branch="False" />
                <line number="199" hits="659410" branch="False" />
                <line number="200" hits="659004" branch="False" />
                <line number="201" hits="659032" branch="False" />
                <line number="202" hits="702705" branch="False" />
                <line number="203" hits="702705" branch="False" />
              </lines>
            </method>
          </methods>
          <lines>
            <line number="174" hits="43709" branch="False" />
            <line number="175" hits="43709" branch="False" />
            <line number="176" hits="43709" branch="False" />
            <line number="177" hits="43709" branch="False" />
            <line number="178" hits="43701" branch="False" />
            <line number="179" hits="43701" branch="False" />
            <line number="189" hits="703119" branch="False" />
            <line number="190" hits="703119" branch="False" />
            <line number="191" hits="3427835" branch="True" condition-coverage="100% (2/2)">
              <conditions>
                <condition number="86" type="jump" coverage="100%" />
              </conditions>
            </line>
            <line number="192" hits="659446" branch="False" />
            <line number="193" hits="659446" branch="True" condition-coverage="100% (2/2)">
              <conditions>
                <condition number="42" type="jump" coverage="100%" />
              </conditions>
            </line>
            <line number="194" hits="8" branch="False" />
            <line number="195" hits="8" branch="False" />
            <line number="197" hits="659438" branch="True" condition-coverage="100% (2/2)">
              <conditions>
                <condition number="63" type="jump" coverage="100%" />
              </conditions>
            </line>
            <line number="198" hits="659410" branch="False" />
            <line number="199" hits="659410" branch="False" />
            <line number="200" hits="659004" branch="False" />
            <line number="201" hits="659032" branch="False" />
            <line number="202" hits="702705" branch="False" />
            <line number="203" hits="702705" branch="False" />
          </lines>
        </class>
        <class name="SS.Spreadsheet" filename="source\repos\spreadsheet-AndyTran97\Spreadsheet\Spreadsheet\Spreadsheet.cs" line-rate="1" branch-rate="1" complexity="18">
          <methods>
            <method name="GetCellContents" signature="(System.String)" line-rate="1" branch-rate="1" complexity="4">
              <lines>
                <line number="39" hits="11" branch="False" />
                <line number="41" hits="11" branch="True" condition-coverage="100% (2/2)">
                  <conditions>
                    <condition number="13" type="jump" coverage="100%" />
                  </conditions>
                </line>
                <line number="42" hits="1" branch="False" />
                <line number="45" hits="10" branch="True" condition-coverage="100% (2/2)">
                  <conditions>
                    <condition number="35" type="jump" coverage="100%" />
                  </conditions>
                </line>
                <line number="46" hits="8" branch="False" />
                <line number="47" hits="8" branch="False" />
                <line number="50" hits="2" branch="False" />
                <line number="51" hits="10" branch="False" />
              </lines>
            </method>
            <method name="GetNamesOfAllNonemptyCells" signature="()" line-rate="1" branch-rate="1" complexity="1">
              <lines>
                <line number="57" hits="11" branch="False" />
                <line number="58" hits="11" branch="False" />
                <line number="59" hits="11" branch="False" />
              </lines>
            </method>
            <method name="SetCellContents" signature="(System.String,System.Double)" line-rate="1" branch-rate="1" complexity="2">
              <lines>
                <line number="72" hits="13398" branch="False" />
                <line number="75" hits="13398" branch="True" condition-coverage="100% (2/2)">
                  <conditions>
                    <condition number="13" type="jump" coverage="100%" />
                  </conditions>
                </line>
                <line number="76" hits="1" branch="False" />
                <line number="79" hits="13397" branch="False" />
                <line number="82" hits="13397" branch="False" />
                <line number="85" hits="13397" branch="False" />
                <line number="86" hits="13397" branch="False" />
              </lines>
            </method>
            <method name="SetCellContents" signature="(System.String,System.String)" line-rate="1" branch-rate="1" complexity="4">
              <lines>
                <line number="100" hits="26636" branch="False" />
                <line number="101" hits="26636" branch="True" condition-coverage="100% (2/2)">
                  <conditions>
                    <condition number="14" type="jump" coverage="100%" />
                  </conditions>
                </line>
                <line number="102" hits="1" branch="False" />
                <line number="105" hits="26635" branch="True" condition-coverage="100% (2/2)">
                  <conditions>
                    <condition number="36" type="jump" coverage="100%" />
                  </conditions>
                </line>
                <line number="106" hits="1" branch="False" />
                <line number="109" hits="26634" branch="False" />
                <line number="112" hits="26634" branch="False" />
                <line number="115" hits="26634" branch="False" />
                <line number="116" hits="26635" branch="False" />
              </lines>
            </method>
            <method name="SetCellContents" signature="(System.String,SpreadsheetUtilities.Formula)" line-rate="1" branch-rate="1" complexity="2">
              <lines>
                <line number="132" hits="3679" branch="False" />
                <line number="134" hits="3679" branch="True" condition-coverage="100% (2/2)">
                  <conditions>
                    <condition number="13" type="jump" coverage="100%" />
                  </conditions>
                </line>
                <line number="135" hits="1" branch="False" />
                <line number="138" hits="3678" branch="False" />
                <line number="141" hits="3678" branch="False" />
                <line number="144" hits="3678" branch="False" />
                <line number="148" hits="3678" branch="False" />
                <line number="150" hits="3678" branch="False" />
                <line number="153" hits="3670" branch="False" />
                <line number="155" hits="3670" branch="False" />
                <line number="157" hits="8" branch="False" />
                <line number="158" hits="8" branch="False" />
                <line number="160" hits="8" branch="False" />
                <line number="161" hits="8" branch="False" />
                <line number="164" hits="3670" branch="False" />
              </lines>
            </method>
            <method name="GetDirectDependents" signature="(System.String)" line-rate="1" branch-rate="1" complexity="1">
              <lines>
                <line number="180" hits="703119" branch="False" />
                <line number="181" hits="703119" branch="False" />
                <line number="182" hits="703119" branch="False" />
              </lines>
            </method>
            <method name="IsValidCell" signature="(System.String)" line-rate="1" branch-rate="1" complexity="1">
              <lines>
                <line number="190" hits="43723" branch="False" />
                <line number="191" hits="43723" branch="False" />
                <line number="192" hits="43723" branch="False" />
                <line number="193" hits="43723" branch="False" />
              </lines>
            </method>
            <method name="SetCellContentsHelper" signature="(System.String,System.Object)" line-rate="1" branch-rate="1" complexity="2">
              <lines>
                <line number="201" hits="43701" branch="False" />
                <line number="202" hits="43701" branch="True" condition-coverage="100% (2/2)">
                  <conditions>
                    <condition number="15" type="jump" coverage="100%" />
                  </conditions>
                </line>
                <line number="203" hits="29924" branch="False" />
                <line number="204" hits="29924" branch="False" />
                <line number="205" hits="29924" branch="False" />
                <line number="207" hits="13777" branch="False" />
                <line number="208" hits="13777" branch="False" />
                <line number="209" hits="13777" branch="False" />
                <line number="210" hits="13777" branch="False" />
                <line number="211" hits="43701" branch="False" />
              </lines>
            </method>
            <method name=".ctor" signature="()" line-rate="1" branch-rate="1" complexity="1">
              <lines>
                <line number="26" hits="45" branch="False" />
                <line number="27" hits="45" branch="False" />
                <line number="28" hits="45" branch="False" />
                <line number="29" hits="45" branch="False" />
                <line number="30" hits="45" branch="False" />
              </lines>
            </method>
          </methods>
          <lines>
            <line number="39" hits="11" branch="False" />
            <line number="41" hits="11" branch="True" condition-coverage="100% (2/2)">
              <conditions>
                <condition number="13" type="jump" coverage="100%" />
              </conditions>
            </line>
            <line number="42" hits="1" branch="False" />
            <line number="45" hits="10" branch="True" condition-coverage="100% (2/2)">
              <conditions>
                <condition number="35" type="jump" coverage="100%" />
              </conditions>
            </line>
            <line number="46" hits="8" branch="False" />
            <line number="47" hits="8" branch="False" />
            <line number="50" hits="2" branch="False" />
            <line number="51" hits="10" branch="False" />
            <line number="57" hits="11" branch="False" />
            <line number="58" hits="11" branch="False" />
            <line number="59" hits="11" branch="False" />
            <line number="72" hits="13398" branch="False" />
            <line number="75" hits="13398" branch="True" condition-coverage="100% (2/2)">
              <conditions>
                <condition number="13" type="jump" coverage="100%" />
              </conditions>
            </line>
            <line number="76" hits="1" branch="False" />
            <line number="79" hits="13397" branch="False" />
            <line number="82" hits="13397" branch="False" />
            <line number="85" hits="13397" branch="False" />
            <line number="86" hits="13397" branch="False" />
            <line number="100" hits="26636" branch="False" />
            <line number="101" hits="26636" branch="True" condition-coverage="100% (2/2)">
              <conditions>
                <condition number="14" type="jump" coverage="100%" />
              </conditions>
            </line>
            <line number="102" hits="1" branch="False" />
            <line number="105" hits="26635" branch="True" condition-coverage="100% (2/2)">
              <conditions>
                <condition number="36" type="jump" coverage="100%" />
              </conditions>
            </line>
            <line number="106" hits="1" branch="False" />
            <line number="109" hits="26634" branch="False" />
            <line number="112" hits="26634" branch="False" />
            <line number="115" hits="26634" branch="False" />
            <line number="116" hits="26635" branch="False" />
            <line number="132" hits="3679" branch="False" />
            <line number="134" hits="3679" branch="True" condition-coverage="100% (2/2)">
              <conditions>
                <condition number="13" type="jump" coverage="100%" />
              </conditions>
            </line>
            <line number="135" hits="1" branch="False" />
            <line number="138" hits="3678" branch="False" />
            <line number="141" hits="3678" branch="False" />
            <line number="144" hits="3678" branch="False" />
            <line number="148" hits="3678" branch="False" />
            <line number="150" hits="3678" branch="False" />
            <line number="153" hits="3670" branch="False" />
            <line number="155" hits="3670" branch="False" />
            <line number="157" hits="8" branch="False" />
            <line number="158" hits="8" branch="False" />
            <line number="160" hits="8" branch="False" />
            <line number="161" hits="8" branch="False" />
            <line number="164" hits="3670" branch="False" />
            <line number="180" hits="703119" branch="False" />
            <line number="181" hits="703119" branch="False" />
            <line number="182" hits="703119" branch="False" />
            <line number="190" hits="43723" branch="False" />
            <line number="191" hits="43723" branch="False" />
            <line number="192" hits="43723" branch="False" />
            <line number="193" hits="43723" branch="False" />
            <line number="201" hits="43701" branch="False" />
            <line number="202" hits="43701" branch="True" condition-coverage="100% (2/2)">
              <conditions>
                <condition number="15" type="jump" coverage="100%" />
              </conditions>
            </line>
            <line number="203" hits="29924" branch="False" />
            <line number="204" hits="29924" branch="False" />
            <line number="205" hits="29924" branch="False" />
            <line number="207" hits="13777" branch="False" />
            <line number="208" hits="13777" branch="False" />
            <line number="209" hits="13777" branch="False" />
            <line number="210" hits="13777" branch="False" />
            <line number="211" hits="43701" branch="False" />
            <line number="26" hits="45" branch="False" />
            <line number="27" hits="45" branch="False" />
            <line number="28" hits="45" branch="False" />
            <line number="29" hits="45" branch="False" />
            <line number="30" hits="45" branch="False" />
          </lines>
        </class>
        <class name="SS.Spreadsheet/Cell" filename="source\repos\spreadsheet-AndyTran97\Spreadsheet\Spreadsheet\Spreadsheet.cs" line-rate="1" branch-rate="1" complexity="2">
          <methods>
            <method name="get_Content" signature="()" line-rate="1" branch-rate="1" complexity="1">
              <lines>
                <line number="219" hits="43709" branch="False" />
              </lines>
            </method>
            <method name=".ctor" signature="(System.Object)" line-rate="1" branch-rate="1" complexity="1">
              <lines>
                <line number="221" hits="13777" branch="False" />
                <line number="222" hits="13777" branch="False" />
                <line number="223" hits="13777" branch="False" />
                <line number="224" hits="13777" branch="False" />
              </lines>
            </method>
          </methods>
          <lines>
            <line number="219" hits="43709" branch="False" />
            <line number="221" hits="13777" branch="False" />
            <line number="222" hits="13777" branch="False" />
            <line number="223" hits="13777" branch="False" />
            <line number="224" hits="13777" branch="False" />
          </lines>
        </class>
      </classes>
    </package>
  </packages>
</coverage>