<?xml version="1.0" encoding="utf-8"?>
<coverage line-rate="0.8795999999999999" branch-rate="0.8548" version="1.9" timestamp="1668227922" lines-covered="475" lines-valid="540" branches-covered="53" branches-valid="62">
  <sources>
    <source>C:\Users\Andy Tran\</source>
  </sources>
  <packages>
    <package name="NetworkController" line-rate="0.7326999999999999" branch-rate="0.875" complexity="27">
      <classes>
        <class name="NetworkUtil.Networking" filename="source\repos\game-bugshooters_game\PS7\NetworkController\Networking.cs" line-rate="0.6789000000000001" branch-rate="0.875" complexity="18">
          <methods>
            <method name="StartServer" signature="(System.Action`1&lt;NetworkUtil.SocketState&gt;,System.Int32)" line-rate="0.75" branch-rate="1" complexity="1">
              <lines>
                <line number="28" hits="30" branch="False" />
                <line number="30" hits="30" branch="False" />
                <line number="33" hits="30" branch="False" />
                <line number="35" hits="30" branch="False" />
                <line number="38" hits="30" branch="False" />
                <line number="41" hits="30" branch="False" />
                <line number="43" hits="30" branch="False" />
                <line number="44" hits="0" branch="False" />
                <line number="45" hits="0" branch="False" />
                <line number="46" hits="0" branch="False" />
                <line number="48" hits="30" branch="False" />
                <line number="50" hits="30" branch="False" />
              </lines>
            </method>
            <method name="AcceptNewClient" signature="(System.IAsyncResult)" line-rate="1" branch-rate="1" complexity="1">
              <lines>
                <line number="71" hits="60" branch="False" />
                <line number="73" hits="60" branch="False" />
                <line number="75" hits="60" branch="False" />
                <line number="76" hits="60" branch="False" />
                <line number="78" hits="60" branch="False" />
                <line number="79" hits="60" branch="False" />
                <line number="80" hits="30" branch="False" />
                <line number="83" hits="30" branch="False" />
                <line number="86" hits="30" branch="False" />
                <line number="88" hits="30" branch="False" />
                <line number="89" hits="30" branch="False" />
                <line number="90" hits="30" branch="False" />
                <line number="91" hits="30" branch="False" />
                <line number="92" hits="30" branch="False" />
                <line number="93" hits="30" branch="False" />
                <line number="95" hits="60" branch="False" />
              </lines>
            </method>
            <method name="StopServer" signature="(System.Net.Sockets.TcpListener)" line-rate="0" branch-rate="1" complexity="1">
              <lines>
                <line number="101" hits="0" branch="False" />
                <line number="103" hits="0" branch="False" />
                <line number="104" hits="0" branch="False" />
                <line number="105" hits="0" branch="False" />
                <line number="106" hits="0" branch="False" />
                <line number="107" hits="0" branch="False" />
                <line number="108" hits="0" branch="False" />
                <line number="110" hits="0" branch="False" />
              </lines>
            </method>
            <method name="ConnectToServer" signature="(System.Action`1&lt;NetworkUtil.SocketState&gt;,System.String,System.Int32)" line-rate="0.5207999999999999" branch-rate="0.875" complexity="8">
              <lines>
                <line number="133" hits="32" branch="False" />
                <line number="138" hits="32" branch="False" />
                <line number="142" hits="32" branch="False" />
                <line number="143" hits="32" branch="False" />
                <line number="144" hits="32" branch="False" />
                <line number="145" hits="192" branch="True" condition-coverage="100% (2/2)">
                  <conditions>
                    <condition number="78" type="jump" coverage="100%" />
                  </conditions>
                </line>
                <line number="146" hits="64" branch="True" condition-coverage="100% (2/2)">
                  <conditions>
                    <condition number="56" type="jump" coverage="100%" />
                  </conditions>
                </line>
                <line number="147" hits="32" branch="False" />
                <line number="148" hits="32" branch="False" />
                <line number="149" hits="32" branch="False" />
                <line number="150" hits="32" branch="False" />
                <line number="153" hits="32" branch="True" condition-coverage="50% (1/2)">
                  <conditions>
                    <condition number="88" type="jump" coverage="50%" />
                  </conditions>
                </line>
                <line number="154" hits="0" branch="False" />
                <line number="155" hits="0" branch="False" />
                <line number="156" hits="0" branch="False" />
                <line number="157" hits="0" branch="False" />
                <line number="158" hits="0" branch="False" />
                <line number="159" hits="32" branch="False" />
                <line number="160" hits="0" branch="False" />
                <line number="161" hits="0" branch="False" />
                <line number="164" hits="0" branch="False" />
                <line number="165" hits="0" branch="False" />
                <line number="166" hits="0" branch="False" />
                <line number="167" hits="0" branch="False" />
                <line number="168" hits="0" branch="False" />
                <line number="169" hits="0" branch="False" />
                <line number="170" hits="0" branch="False" />
                <line number="171" hits="0" branch="False" />
                <line number="172" hits="0" branch="False" />
                <line number="173" hits="0" branch="False" />
                <line number="176" hits="32" branch="False" />
                <line number="181" hits="32" branch="False" />
                <line number="184" hits="32" branch="False" />
                <line number="187" hits="32" branch="False" />
                <line number="189" hits="32" branch="False" />
                <line number="190" hits="32" branch="False" />
                <line number="191" hits="32" branch="True" condition-coverage="100% (2/2)">
                  <conditions>
                    <condition number="278" type="jump" coverage="100%" />
                  </conditions>
                </line>
                <line number="192" hits="1" branch="False" />
                <line number="193" hits="1" branch="False" />
                <line number="194" hits="1" branch="False" />
                <line number="196" hits="32" branch="False" />
                <line number="197" hits="0" branch="False" />
                <line number="198" hits="0" branch="False" />
                <line number="199" hits="0" branch="False" />
                <line number="200" hits="0" branch="False" />
                <line number="201" hits="0" branch="False" />
                <line number="202" hits="0" branch="False" />
                <line number="204" hits="32" branch="False" />
              </lines>
            </method>
            <method name="ConnectedCallback" signature="(System.IAsyncResult)" line-rate="1" branch-rate="1" complexity="1">
              <lines>
                <line number="220" hits="32" branch="False" />
                <line number="222" hits="32" branch="False" />
                <line number="223" hits="32" branch="False" />
                <line number="224" hits="32" branch="False" />
                <line number="226" hits="32" branch="False" />
                <line number="227" hits="32" branch="False" />
                <line number="228" hits="30" branch="False" />
                <line number="229" hits="30" branch="False" />
                <line number="231" hits="30" branch="False" />
                <line number="232" hits="2" branch="False" />
                <line number="233" hits="2" branch="False" />
                <line number="234" hits="2" branch="False" />
                <line number="235" hits="2" branch="False" />
                <line number="236" hits="2" branch="False" />
                <line number="237" hits="2" branch="False" />
                <line number="239" hits="32" branch="False" />
              </lines>
            </method>
            <method name="GetData" signature="(NetworkUtil.SocketState)" line-rate="0.5" branch-rate="1" complexity="1">
              <lines>
                <line number="258" hits="20661" branch="False" />
                <line number="260" hits="20661" branch="False" />
                <line number="262" hits="20661" branch="False" />
                <line number="263" hits="20661" branch="False" />
                <line number="264" hits="20661" branch="False" />
                <line number="265" hits="0" branch="False" />
                <line number="266" hits="0" branch="False" />
                <line number="267" hits="0" branch="False" />
                <line number="268" hits="0" branch="False" />
                <line number="269" hits="0" branch="False" />
                <line number="270" hits="0" branch="False" />
                <line number="271" hits="20661" branch="False" />
              </lines>
            </method>
            <method name="ReceiveCallback" signature="(System.IAsyncResult)" line-rate="1" branch-rate="1" complexity="1">
              <lines>
                <line number="291" hits="20661" branch="False" />
                <line number="292" hits="20661" branch="False" />
                <line number="294" hits="20661" branch="False" />
                <line number="295" hits="20661" branch="False" />
                <line number="297" hits="20653" branch="False" />
                <line number="298" hits="20653" branch="False" />
                <line number="300" hits="20653" branch="False" />
                <line number="303" hits="20653" branch="False" />
                <line number="304" hits="20653" branch="False" />
                <line number="307" hits="20653" branch="False" />
                <line number="308" hits="20653" branch="False" />
                <line number="309" hits="8" branch="False" />
                <line number="310" hits="8" branch="False" />
                <line number="311" hits="8" branch="False" />
                <line number="312" hits="8" branch="False" />
                <line number="313" hits="8" branch="False" />
                <line number="314" hits="8" branch="False" />
                <line number="316" hits="20661" branch="False" />
              </lines>
            </method>
            <method name="Send" signature="(System.Net.Sockets.Socket,System.String)" line-rate="0.3333" branch-rate="1" complexity="1">
              <lines>
                <line number="329" hits="22022" branch="False" />
                <line number="332" hits="22022" branch="False" />
                <line number="333" hits="22022" branch="False" />
                <line number="336" hits="22022" branch="False" />
                <line number="337" hits="22022" branch="False" />
                <line number="339" hits="0" branch="False" />
                <line number="340" hits="0" branch="False" />
                <line number="341" hits="0" branch="False" />
                <line number="343" hits="0" branch="False" />
                <line number="344" hits="0" branch="False" />
                <line number="346" hits="0" branch="False" />
                <line number="347" hits="0" branch="False" />
                <line number="348" hits="0" branch="False" />
                <line number="350" hits="0" branch="False" />
                <line number="351" hits="0" branch="False" />
                <line number="352" hits="0" branch="False" />
                <line number="353" hits="0" branch="False" />
                <line number="355" hits="22022" branch="False" />
              </lines>
            </method>
            <method name="SendCallback" signature="(System.IAsyncResult)" line-rate="1" branch-rate="1" complexity="1">
              <lines>
                <line number="369" hits="22022" branch="False" />
                <line number="372" hits="22022" branch="False" />
                <line number="373" hits="22022" branch="False" />
                <line number="374" hits="22022" branch="False" />
                <line number="376" hits="22020" branch="False" />
                <line number="377" hits="2" branch="False" />
                <line number="378" hits="2" branch="False" />
                <line number="379" hits="2" branch="False" />
                <line number="381" hits="22022" branch="False" />
              </lines>
            </method>
            <method name="SendAndClose" signature="(System.Net.Sockets.Socket,System.String)" line-rate="0.5" branch-rate="1" complexity="1">
              <lines>
                <line number="396" hits="16" branch="False" />
                <line number="399" hits="16" branch="False" />
                <line number="400" hits="16" branch="False" />
                <line number="403" hits="16" branch="False" />
                <line number="404" hits="10" branch="False" />
                <line number="406" hits="6" branch="False" />
                <line number="407" hits="6" branch="False" />
                <line number="408" hits="6" branch="False" />
                <line number="410" hits="0" branch="False" />
                <line number="411" hits="0" branch="False" />
                <line number="413" hits="0" branch="False" />
                <line number="414" hits="0" branch="False" />
                <line number="415" hits="0" branch="False" />
                <line number="417" hits="0" branch="False" />
                <line number="418" hits="0" branch="False" />
                <line number="419" hits="0" branch="False" />
                <line number="420" hits="0" branch="False" />
                <line number="422" hits="16" branch="False" />
              </lines>
            </method>
            <method name="SendAndCloseCallback" signature="(System.IAsyncResult)" line-rate="1" branch-rate="1" complexity="1">
              <lines>
                <line number="438" hits="10" branch="False" />
                <line number="440" hits="10" branch="False" />
                <line number="441" hits="10" branch="False" />
                <line number="442" hits="10" branch="False" />
                <line number="444" hits="8" branch="False" />
                <line number="445" hits="8" branch="False" />
                <line number="446" hits="8" branch="False" />
                <line number="448" hits="8" branch="False" />
                <line number="449" hits="8" branch="False" />
                <line number="450" hits="8" branch="False" />
                <line number="452" hits="8" branch="False" />
                <line number="453" hits="2" branch="False" />
                <line number="454" hits="2" branch="False" />
                <line number="455" hits="2" branch="False" />
                <line number="457" hits="10" branch="False" />
              </lines>
            </method>
          </methods>
          <lines>
            <line number="28" hits="30" branch="False" />
            <line number="30" hits="30" branch="False" />
            <line number="33" hits="30" branch="False" />
            <line number="35" hits="30" branch="False" />
            <line number="38" hits="30" branch="False" />
            <line number="41" hits="30" branch="False" />
            <line number="43" hits="30" branch="False" />
            <line number="44" hits="0" branch="False" />
            <line number="45" hits="0" branch="False" />
            <line number="46" hits="0" branch="False" />
            <line number="48" hits="30" branch="False" />
            <line number="50" hits="30" branch="False" />
            <line number="71" hits="60" branch="False" />
            <line number="73" hits="60" branch="False" />
            <line number="75" hits="60" branch="False" />
            <line number="76" hits="60" branch="False" />
            <line number="78" hits="60" branch="False" />
            <line number="79" hits="60" branch="False" />
            <line number="80" hits="30" branch="False" />
            <line number="83" hits="30" branch="False" />
            <line number="86" hits="30" branch="False" />
            <line number="88" hits="30" branch="False" />
            <line number="89" hits="30" branch="False" />
            <line number="90" hits="30" branch="False" />
            <line number="91" hits="30" branch="False" />
            <line number="92" hits="30" branch="False" />
            <line number="93" hits="30" branch="False" />
            <line number="95" hits="60" branch="False" />
            <line number="101" hits="0" branch="False" />
            <line number="103" hits="0" branch="False" />
            <line number="104" hits="0" branch="False" />
            <line number="105" hits="0" branch="False" />
            <line number="106" hits="0" branch="False" />
            <line number="107" hits="0" branch="False" />
            <line number="108" hits="0" branch="False" />
            <line number="110" hits="0" branch="False" />
            <line number="133" hits="32" branch="False" />
            <line number="138" hits="32" branch="False" />
            <line number="142" hits="32" branch="False" />
            <line number="143" hits="32" branch="False" />
            <line number="144" hits="32" branch="False" />
            <line number="145" hits="192" branch="True" condition-coverage="100% (2/2)">
              <conditions>
                <condition number="78" type="jump" coverage="100%" />
              </conditions>
            </line>
            <line number="146" hits="64" branch="True" condition-coverage="100% (2/2)">
              <conditions>
                <condition number="56" type="jump" coverage="100%" />
              </conditions>
            </line>
            <line number="147" hits="32" branch="False" />
            <line number="148" hits="32" branch="False" />
            <line number="149" hits="32" branch="False" />
            <line number="150" hits="32" branch="False" />
            <line number="153" hits="32" branch="True" condition-coverage="50% (1/2)">
              <conditions>
                <condition number="88" type="jump" coverage="50%" />
              </conditions>
            </line>
            <line number="154" hits="0" branch="False" />
            <line number="155" hits="0" branch="False" />
            <line number="156" hits="0" branch="False" />
            <line number="157" hits="0" branch="False" />
            <line number="158" hits="0" branch="False" />
            <line number="159" hits="32" branch="False" />
            <line number="160" hits="0" branch="False" />
            <line number="161" hits="0" branch="False" />
            <line number="164" hits="0" branch="False" />
            <line number="165" hits="0" branch="False" />
            <line number="166" hits="0" branch="False" />
            <line number="167" hits="0" branch="False" />
            <line number="168" hits="0" branch="False" />
            <line number="169" hits="0" branch="False" />
            <line number="170" hits="0" branch="False" />
            <line number="171" hits="0" branch="False" />
            <line number="172" hits="0" branch="False" />
            <line number="173" hits="0" branch="False" />
            <line number="176" hits="32" branch="False" />
            <line number="181" hits="32" branch="False" />
            <line number="184" hits="32" branch="False" />
            <line number="187" hits="32" branch="False" />
            <line number="189" hits="32" branch="False" />
            <line number="190" hits="32" branch="False" />
            <line number="191" hits="32" branch="True" condition-coverage="100% (2/2)">
              <conditions>
                <condition number="278" type="jump" coverage="100%" />
              </conditions>
            </line>
            <line number="192" hits="1" branch="False" />
            <line number="193" hits="1" branch="False" />
            <line number="194" hits="1" branch="False" />
            <line number="196" hits="32" branch="False" />
            <line number="197" hits="0" branch="False" />
            <line number="198" hits="0" branch="False" />
            <line number="199" hits="0" branch="False" />
            <line number="200" hits="0" branch="False" />
            <line number="201" hits="0" branch="False" />
            <line number="202" hits="0" branch="False" />
            <line number="204" hits="32" branch="False" />
            <line number="220" hits="32" branch="False" />
            <line number="222" hits="32" branch="False" />
            <line number="223" hits="32" branch="False" />
            <line number="224" hits="32" branch="False" />
            <line number="226" hits="32" branch="False" />
            <line number="227" hits="32" branch="False" />
            <line number="228" hits="30" branch="False" />
            <line number="229" hits="30" branch="False" />
            <line number="231" hits="30" branch="False" />
            <line number="232" hits="2" branch="False" />
            <line number="233" hits="2" branch="False" />
            <line number="234" hits="2" branch="False" />
            <line number="235" hits="2" branch="False" />
            <line number="236" hits="2" branch="False" />
            <line number="237" hits="2" branch="False" />
            <line number="239" hits="32" branch="False" />
            <line number="258" hits="20661" branch="False" />
            <line number="260" hits="20661" branch="False" />
            <line number="262" hits="20661" branch="False" />
            <line number="263" hits="20661" branch="False" />
            <line number="264" hits="20661" branch="False" />
            <line number="265" hits="0" branch="False" />
            <line number="266" hits="0" branch="False" />
            <line number="267" hits="0" branch="False" />
            <line number="268" hits="0" branch="False" />
            <line number="269" hits="0" branch="False" />
            <line number="270" hits="0" branch="False" />
            <line number="271" hits="20661" branch="False" />
            <line number="291" hits="20661" branch="False" />
            <line number="292" hits="20661" branch="False" />
            <line number="294" hits="20661" branch="False" />
            <line number="295" hits="20661" branch="False" />
            <line number="297" hits="20653" branch="False" />
            <line number="298" hits="20653" branch="False" />
            <line number="300" hits="20653" branch="False" />
            <line number="303" hits="20653" branch="False" />
            <line number="304" hits="20653" branch="False" />
            <line number="307" hits="20653" branch="False" />
            <line number="308" hits="20653" branch="False" />
            <line number="309" hits="8" branch="False" />
            <line number="310" hits="8" branch="False" />
            <line number="311" hits="8" branch="False" />
            <line number="312" hits="8" branch="False" />
            <line number="313" hits="8" branch="False" />
            <line number="314" hits="8" branch="False" />
            <line number="316" hits="20661" branch="False" />
            <line number="329" hits="22022" branch="False" />
            <line number="332" hits="22022" branch="False" />
            <line number="333" hits="22022" branch="False" />
            <line number="336" hits="22022" branch="False" />
            <line number="337" hits="22022" branch="False" />
            <line number="339" hits="0" branch="False" />
            <line number="340" hits="0" branch="False" />
            <line number="341" hits="0" branch="False" />
            <line number="343" hits="0" branch="False" />
            <line number="344" hits="0" branch="False" />
            <line number="346" hits="0" branch="False" />
            <line number="347" hits="0" branch="False" />
            <line number="348" hits="0" branch="False" />
            <line number="350" hits="0" branch="False" />
            <line number="351" hits="0" branch="False" />
            <line number="352" hits="0" branch="False" />
            <line number="353" hits="0" branch="False" />
            <line number="355" hits="22022" branch="False" />
            <line number="369" hits="22022" branch="False" />
            <line number="372" hits="22022" branch="False" />
            <line number="373" hits="22022" branch="False" />
            <line number="374" hits="22022" branch="False" />
            <line number="376" hits="22020" branch="False" />
            <line number="377" hits="2" branch="False" />
            <line number="378" hits="2" branch="False" />
            <line number="379" hits="2" branch="False" />
            <line number="381" hits="22022" branch="False" />
            <line number="396" hits="16" branch="False" />
            <line number="399" hits="16" branch="False" />
            <line number="400" hits="16" branch="False" />
            <line number="403" hits="16" branch="False" />
            <line number="404" hits="10" branch="False" />
            <line number="406" hits="6" branch="False" />
            <line number="407" hits="6" branch="False" />
            <line number="408" hits="6" branch="False" />
            <line number="410" hits="0" branch="False" />
            <line number="411" hits="0" branch="False" />
            <line number="413" hits="0" branch="False" />
            <line number="414" hits="0" branch="False" />
            <line number="415" hits="0" branch="False" />
            <line number="417" hits="0" branch="False" />
            <line number="418" hits="0" branch="False" />
            <line number="419" hits="0" branch="False" />
            <line number="420" hits="0" branch="False" />
            <line number="422" hits="16" branch="False" />
            <line number="438" hits="10" branch="False" />
            <line number="440" hits="10" branch="False" />
            <line number="441" hits="10" branch="False" />
            <line number="442" hits="10" branch="False" />
            <line number="444" hits="8" branch="False" />
            <line number="445" hits="8" branch="False" />
            <line number="446" hits="8" branch="False" />
            <line number="448" hits="8" branch="False" />
            <line number="449" hits="8" branch="False" />
            <line number="450" hits="8" branch="False" />
            <line number="452" hits="8" branch="False" />
            <line number="453" hits="2" branch="False" />
            <line number="454" hits="2" branch="False" />
            <line number="455" hits="2" branch="False" />
            <line number="457" hits="10" branch="False" />
          </lines>
        </class>
        <class name="NetworkUtil.SocketState" filename="source\repos\game-bugshooters_game\PS7\NetworkController\SocketState.cs" line-rate="0.9761" branch-rate="1" complexity="9">
          <methods>
            <method name="get_ErrorMessage" signature="()" line-rate="0" branch-rate="1" complexity="1">
              <lines>
                <line number="31" hits="0" branch="False" />
              </lines>
            </method>
            <method name="set_ErrorMessage" signature="(System.String)" line-rate="1" branch-rate="1" complexity="1">
              <lines>
                <line number="32" hits="40" branch="False" />
              </lines>
            </method>
            <method name="get_ErrorOccurred" signature="()" line-rate="1" branch-rate="1" complexity="1">
              <lines>
                <line number="43" hits="20643" branch="False" />
              </lines>
            </method>
            <method name="set_ErrorOccurred" signature="(System.Boolean)" line-rate="1" branch-rate="1" complexity="1">
              <lines>
                <line number="44" hits="132" branch="False" />
              </lines>
            </method>
            <method name="GetData" signature="()" line-rate="1" branch-rate="1" complexity="1">
              <lines>
                <line number="105" hits="41918" branch="False" />
                <line number="107" hits="41918" branch="False" />
                <line number="108" hits="41918" branch="False" />
                <line number="109" hits="41918" branch="False" />
                <line number="110" hits="41918" branch="False" />
                <line number="111" hits="41918" branch="False" />
                <line number="112" hits="41918" branch="False" />
              </lines>
            </method>
            <method name="RemoveData" signature="(System.Int32,System.Int32)" line-rate="1" branch-rate="1" complexity="1">
              <lines>
                <line number="121" hits="20609" branch="False" />
                <line number="122" hits="20609" branch="False" />
                <line number="123" hits="20609" branch="False" />
                <line number="124" hits="20609" branch="False" />
                <line number="125" hits="20609" branch="False" />
                <line number="126" hits="20609" branch="False" />
              </lines>
            </method>
            <method name=".ctor" signature="(System.Action`1&lt;NetworkUtil.SocketState&gt;,System.Net.Sockets.Socket)" line-rate="1" branch-rate="1" complexity="1">
              <lines>
                <line number="23" hits="92" branch="False" />
                <line number="24" hits="92" branch="False" />
                <line number="69" hits="60" branch="False" />
                <line number="70" hits="60" branch="False" />
                <line number="71" hits="60" branch="False" />
                <line number="72" hits="60" branch="False" />
                <line number="73" hits="60" branch="False" />
                <line number="74" hits="60" branch="False" />
                <line number="75" hits="60" branch="False" />
                <line number="76" hits="60" branch="False" />
                <line number="77" hits="60" branch="False" />
                <line number="78" hits="60" branch="False" />
              </lines>
            </method>
            <method name=".ctor" signature="(System.Action`1&lt;NetworkUtil.SocketState&gt;,System.String)" line-rate="1" branch-rate="1" complexity="1">
              <lines>
                <line number="86" hits="32" branch="False" />
                <line number="87" hits="32" branch="False" />
                <line number="89" hits="32" branch="False" />
                <line number="90" hits="32" branch="False" />
                <line number="91" hits="32" branch="False" />
                <line number="92" hits="32" branch="False" />
                <line number="93" hits="32" branch="False" />
                <line number="94" hits="32" branch="False" />
                <line number="95" hits="32" branch="False" />
                <line number="96" hits="32" branch="False" />
                <line number="97" hits="32" branch="False" />
              </lines>
            </method>
            <method name=".cctor" signature="()" line-rate="1" branch-rate="1" complexity="1">
              <lines>
                <line number="51" hits="1" branch="False" />
                <line number="52" hits="1" branch="False" />
              </lines>
            </method>
          </methods>
          <lines>
            <line number="31" hits="0" branch="False" />
            <line number="32" hits="40" branch="False" />
            <line number="43" hits="20643" branch="False" />
            <line number="44" hits="132" branch="False" />
            <line number="105" hits="41918" branch="False" />
            <line number="107" hits="41918" branch="False" />
            <line number="108" hits="41918" branch="False" />
            <line number="109" hits="41918" branch="False" />
            <line number="110" hits="41918" branch="False" />
            <line number="111" hits="41918" branch="False" />
            <line number="112" hits="41918" branch="False" />
            <line number="121" hits="20609" branch="False" />
            <line number="122" hits="20609" branch="False" />
            <line number="123" hits="20609" branch="False" />
            <line number="124" hits="20609" branch="False" />
            <line number="125" hits="20609" branch="False" />
            <line number="126" hits="20609" branch="False" />
            <line number="23" hits="92" branch="False" />
            <line number="24" hits="92" branch="False" />
            <line number="69" hits="60" branch="False" />
            <line number="70" hits="60" branch="False" />
            <line number="71" hits="60" branch="False" />
            <line number="72" hits="60" branch="False" />
            <line number="73" hits="60" branch="False" />
            <line number="74" hits="60" branch="False" />
            <line number="75" hits="60" branch="False" />
            <line number="76" hits="60" branch="False" />
            <line number="77" hits="60" branch="False" />
            <line number="78" hits="60" branch="False" />
            <line number="86" hits="32" branch="False" />
            <line number="87" hits="32" branch="False" />
            <line number="89" hits="32" branch="False" />
            <line number="90" hits="32" branch="False" />
            <line number="91" hits="32" branch="False" />
            <line number="92" hits="32" branch="False" />
            <line number="93" hits="32" branch="False" />
            <line number="94" hits="32" branch="False" />
            <line number="95" hits="32" branch="False" />
            <line number="96" hits="32" branch="False" />
            <line number="97" hits="32" branch="False" />
            <line number="51" hits="1" branch="False" />
            <line number="52" hits="1" branch="False" />
          </lines>
        </class>
      </classes>
    </package>
    <package name="NetworkTestHelper" line-rate="1" branch-rate="1" complexity="6">
      <classes>
        <class name="NetworkUtil.NetworkTestHelper" filename="source\repos\game-bugshooters_game\PS7\NetworkTestHelper\NetworkTestHelper.cs" line-rate="1" branch-rate="1" complexity="6">
          <methods>
            <method name="WaitForOrTimeout" signature="(System.Func`1&lt;System.Boolean&gt;,System.Int32)" line-rate="1" branch-rate="1" complexity="4">
              <lines>
                <line number="24" hits="71" branch="False" />
                <line number="25" hits="71" branch="False" />
                <line number="26" hits="2782" branch="True" condition-coverage="100% (4/4)">
                  <conditions>
                    <condition number="37" type="jump" coverage="100%" />
                    <condition number="26" type="jump" coverage="100%" />
                  </conditions>
                </line>
                <line number="27" hits="2711" branch="False" />
                <line number="28" hits="2711" branch="False" />
                <line number="30" hits="2711" branch="False" />
                <line number="31" hits="2711" branch="False" />
                <line number="32" hits="71" branch="False" />
              </lines>
            </method>
            <method name="SetupSingleConnectionTest" signature="(System.Net.Sockets.TcpListener&amp;,NetworkUtil.SocketState&amp;,NetworkUtil.SocketState&amp;)" line-rate="1" branch-rate="1" complexity="2">
              <lines>
                <line number="36" hits="29" branch="False" />
                <line number="37" hits="29" branch="False" />
                <line number="38" hits="29" branch="False" />
                <line number="50" hits="29" branch="False" />
                <line number="51" hits="29" branch="False" />
                <line number="53" hits="87" branch="True" condition-coverage="100% (2/2)">
                  <conditions>
                    <condition number="6" type="jump" coverage="100%" />
                  </conditions>
                </line>
                <line number="54" hits="29" branch="False" />
                <line number="55" hits="29" branch="False" />
                <line number="56" hits="29" branch="False" />
              </lines>
            </method>
          </methods>
          <lines>
            <line number="24" hits="71" branch="False" />
            <line number="25" hits="71" branch="False" />
            <line number="26" hits="2782" branch="True" condition-coverage="100% (4/4)">
              <conditions>
                <condition number="37" type="jump" coverage="100%" />
                <condition number="26" type="jump" coverage="100%" />
              </conditions>
            </line>
            <line number="27" hits="2711" branch="False" />
            <line number="28" hits="2711" branch="False" />
            <line number="30" hits="2711" branch="False" />
            <line number="31" hits="2711" branch="False" />
            <line number="32" hits="71" branch="False" />
            <line number="36" hits="29" branch="False" />
            <line number="37" hits="29" branch="False" />
            <line number="38" hits="29" branch="False" />
            <line number="50" hits="29" branch="False" />
            <line number="51" hits="29" branch="False" />
            <line number="53" hits="87" branch="True" condition-coverage="100% (2/2)">
              <conditions>
                <condition number="6" type="jump" coverage="100%" />
              </conditions>
            </line>
            <line number="54" hits="29" branch="False" />
            <line number="55" hits="29" branch="False" />
            <line number="56" hits="29" branch="False" />
          </lines>
        </class>
      </classes>
    </package>
    <package name="NetworkTests" line-rate="0.9895999999999999" branch-rate="0.8332999999999999" complexity="68">
      <classes>
        <class name="AutoGeneratedProgram" filename=".nuget\packages\microsoft.net.test.sdk\17.1.0\build\netcoreapp2.1\Microsoft.NET.Test.Sdk.Program.cs" line-rate="0" branch-rate="1" complexity="1">
          <methods>
            <method name="Main" signature="(System.String[])" line-rate="0" branch-rate="1" complexity="1">
              <lines>
                <line number="4" hits="0" branch="False" />
              </lines>
            </method>
          </methods>
          <lines>
            <line number="4" hits="0" branch="False" />
          </lines>
        </class>
        <class name="NetworkUtil.NetworkTests" filename="source\repos\game-bugshooters_game\PS7\NetworkTests\NetworkTests.cs" line-rate="1" branch-rate="0.8" complexity="53">
          <methods>
            <method name="Init" signature="()" line-rate="1" branch-rate="1" complexity="1">
              <lines>
                <line number="26" hits="32" branch="False" />
                <line number="27" hits="32" branch="False" />
                <line number="28" hits="32" branch="False" />
                <line number="29" hits="32" branch="False" />
                <line number="30" hits="32" branch="False" />
              </lines>
            </method>
            <method name="Cleanup" signature="()" line-rate="1" branch-rate="1" complexity="1">
              <lines>
                <line number="35" hits="32" branch="False" />
                <line number="36" hits="32" branch="False" />
                <line number="37" hits="32" branch="False" />
              </lines>
            </method>
            <method name="StopTestServer" signature="(System.Net.Sockets.TcpListener,NetworkUtil.SocketState,NetworkUtil.SocketState)" line-rate="1" branch-rate="0.7777" complexity="18">
              <lines>
                <line number="41" hits="32" branch="False" />
                <line number="43" hits="32" branch="False" />
                <line number="45" hits="32" branch="True" condition-coverage="100% (2/2)">
                  <conditions>
                    <condition number="3" type="jump" coverage="100%" />
                  </conditions>
                </line>
                <line number="46" hits="32" branch="True" condition-coverage="75% (3/4)">
                  <conditions>
                    <condition number="15" type="jump" coverage="100%" />
                    <condition number="26" type="jump" coverage="50%" />
                  </conditions>
                </line>
                <line number="47" hits="26" branch="True" condition-coverage="75% (3/4)">
                  <conditions>
                    <condition number="39" type="jump" coverage="100%" />
                    <condition number="50" type="jump" coverage="50%" />
                  </conditions>
                </line>
                <line number="48" hits="26" branch="True" condition-coverage="75% (3/4)">
                  <conditions>
                    <condition number="62" type="jump" coverage="100%" />
                    <condition number="73" type="jump" coverage="50%" />
                  </conditions>
                </line>
                <line number="49" hits="22" branch="True" condition-coverage="75% (3/4)">
                  <conditions>
                    <condition number="86" type="jump" coverage="100%" />
                    <condition number="97" type="jump" coverage="50%" />
                  </conditions>
                </line>
                <line number="50" hits="22" branch="False" />
                <line number="54" hits="30" branch="False" />
                <line number="55" hits="32" branch="False" />
              </lines>
            </method>
            <method name="SetupTestConnections" signature="(System.Boolean,System.Net.Sockets.TcpListener&amp;,NetworkUtil.SocketState&amp;,NetworkUtil.SocketState&amp;)" line-rate="1" branch-rate="1" complexity="2">
              <lines>
                <line number="61" hits="28" branch="False" />
                <line number="63" hits="28" branch="True" condition-coverage="100% (2/2)">
                  <conditions>
                    <condition number="4" type="jump" coverage="100%" />
                  </conditions>
                </line>
                <line number="64" hits="14" branch="False" />
                <line number="65" hits="14" branch="False" />
                <line number="66" hits="14" branch="False" />
                <line number="67" hits="14" branch="False" />
                <line number="68" hits="14" branch="False" />
                <line number="69" hits="14" branch="False" />
                <line number="71" hits="14" branch="False" />
                <line number="72" hits="14" branch="False" />
                <line number="73" hits="14" branch="False" />
                <line number="74" hits="14" branch="False" />
                <line number="75" hits="14" branch="False" />
                <line number="76" hits="14" branch="False" />
                <line number="78" hits="28" branch="False" />
                <line number="79" hits="28" branch="False" />
                <line number="80" hits="28" branch="False" />
                <line number="81" hits="28" branch="False" />
                <line number="82" hits="28" branch="False" />
              </lines>
            </method>
            <method name="TestConnect" signature="()" line-rate="1" branch-rate="0.5" complexity="2">
              <lines>
                <line number="88" hits="1" branch="False" />
                <line number="89" hits="1" branch="False" />
                <line number="90" hits="1" branch="False" />
                <line number="91" hits="1" branch="False" />
                <line number="93" hits="1" branch="False" />
                <line number="94" hits="1" branch="False" />
                <line number="96" hits="1" branch="True" condition-coverage="50% (1/2)">
                  <conditions>
                    <condition number="115" type="jump" coverage="50%" />
                  </conditions>
                </line>
                <line number="97" hits="1" branch="False" />
              </lines>
            </method>
            <method name="TestConnectNoServer" signature="()" line-rate="1" branch-rate="0.5" complexity="2">
              <lines>
                <line number="102" hits="1" branch="False" />
                <line number="103" hits="1" branch="False" />
                <line number="112" hits="1" branch="False" />
                <line number="113" hits="3" branch="False" />
                <line number="115" hits="1" branch="False" />
                <line number="116" hits="1" branch="True" condition-coverage="50% (1/2)">
                  <conditions>
                    <condition number="92" type="jump" coverage="50%" />
                  </conditions>
                </line>
                <line number="117" hits="1" branch="False" />
              </lines>
            </method>
            <method name="TestConnectTimeout" signature="()" line-rate="1" branch-rate="0.5" complexity="2">
              <lines>
                <line number="122" hits="1" branch="False" />
                <line number="123" hits="1" branch="False" />
                <line number="131" hits="1" branch="False" />
                <line number="134" hits="3" branch="False" />
                <line number="136" hits="1" branch="False" />
                <line number="137" hits="1" branch="True" condition-coverage="50% (1/2)">
                  <conditions>
                    <condition number="92" type="jump" coverage="50%" />
                  </conditions>
                </line>
                <line number="138" hits="1" branch="False" />
              </lines>
            </method>
            <method name="TestConnectCallsDelegate" signature="()" line-rate="1" branch-rate="1" complexity="1">
              <lines>
                <line number="143" hits="1" branch="False" />
                <line number="144" hits="1" branch="False" />
                <line number="145" hits="1" branch="False" />
                <line number="159" hits="1" branch="False" />
                <line number="160" hits="1" branch="False" />
                <line number="161" hits="3" branch="False" />
                <line number="162" hits="2" branch="False" />
                <line number="164" hits="1" branch="False" />
                <line number="165" hits="1" branch="False" />
                <line number="166" hits="1" branch="False" />
              </lines>
            </method>
            <method name="TestDisconnectLocalThenSend" signature="(System.Boolean)" line-rate="1" branch-rate="1" complexity="1">
              <lines>
                <line number="182" hits="2" branch="False" />
                <line number="183" hits="2" branch="False" />
                <line number="185" hits="2" branch="False" />
                <line number="188" hits="2" branch="False" />
                <line number="189" hits="2" branch="False" />
              </lines>
            </method>
            <method name="TestSendTinyMessage" signature="(System.Boolean)" line-rate="1" branch-rate="1" complexity="1">
              <lines>
                <line number="204" hits="2" branch="False" />
                <line number="205" hits="2" branch="False" />
                <line number="208" hits="2" branch="False" />
                <line number="209" hits="6" branch="False" />
                <line number="211" hits="2" branch="False" />
                <line number="213" hits="2" branch="False" />
                <line number="218" hits="4" branch="False" />
                <line number="220" hits="2" branch="False" />
                <line number="221" hits="2" branch="False" />
              </lines>
            </method>
            <method name="TestNoEventLoop" signature="(System.Boolean)" line-rate="1" branch-rate="1" complexity="1">
              <lines>
                <line number="227" hits="2" branch="False" />
                <line number="228" hits="2" branch="False" />
                <line number="230" hits="2" branch="False" />
                <line number="234" hits="4" branch="False" />
                <line number="236" hits="2" branch="False" />
                <line number="237" hits="2" branch="False" />
                <line number="241" hits="4" branch="False" />
                <line number="244" hits="2" branch="False" />
                <line number="245" hits="672" branch="False" />
                <line number="247" hits="2" branch="False" />
                <line number="248" hits="2" branch="False" />
              </lines>
            </method>
            <method name="TestDelayedSends" signature="(System.Boolean)" line-rate="1" branch-rate="1" complexity="1">
              <lines>
                <line number="255" hits="2" branch="False" />
                <line number="256" hits="2" branch="False" />
                <line number="259" hits="2" branch="False" />
                <line number="260" hits="10" branch="False" />
                <line number="262" hits="2" branch="False" />
                <line number="263" hits="2" branch="False" />
                <line number="267" hits="4" branch="False" />
                <line number="269" hits="2" branch="False" />
                <line number="270" hits="2" branch="False" />
                <line number="274" hits="4" branch="False" />
                <line number="276" hits="2" branch="False" />
                <line number="277" hits="2" branch="False" />
              </lines>
            </method>
            <method name="TestEventLoop" signature="(System.Boolean)" line-rate="1" branch-rate="1" complexity="2">
              <lines>
                <line number="284" hits="2" branch="False" />
                <line number="285" hits="2" branch="False" />
                <line number="287" hits="2" branch="False" />
                <line number="290" hits="2" branch="False" />
                <line number="291" hits="6" branch="False" />
                <line number="292" hits="6" branch="True" condition-coverage="100% (2/2)">
                  <conditions>
                    <condition number="9" type="jump" coverage="100%" />
                  </conditions>
                </line>
                <line number="293" hits="2" branch="False" />
                <line number="294" hits="4" branch="False" />
                <line number="295" hits="4" branch="False" />
                <line number="296" hits="8" branch="False" />
                <line number="298" hits="2" branch="False" />
                <line number="299" hits="2" branch="False" />
                <line number="300" hits="4" branch="False" />
                <line number="302" hits="2" branch="False" />
                <line number="303" hits="6" branch="False" />
                <line number="305" hits="2" branch="False" />
                <line number="306" hits="2" branch="False" />
              </lines>
            </method>
            <method name="TestChangeOnNetworkAction" signature="(System.Boolean)" line-rate="1" branch-rate="1" complexity="1">
              <lines>
                <line number="313" hits="2" branch="False" />
                <line number="314" hits="2" branch="False" />
                <line number="316" hits="2" branch="False" />
                <line number="317" hits="2" branch="False" />
                <line number="335" hits="2" branch="False" />
                <line number="337" hits="2" branch="False" />
                <line number="338" hits="2" branch="False" />
                <line number="339" hits="4" branch="False" />
                <line number="341" hits="2" branch="False" />
                <line number="342" hits="6" branch="False" />
                <line number="344" hits="2" branch="False" />
                <line number="345" hits="2" branch="False" />
                <line number="346" hits="2" branch="False" />
              </lines>
            </method>
            <method name="TestReceiveRemovesAll" signature="(System.Boolean)" line-rate="1" branch-rate="0.8332999999999999" complexity="6">
              <lines>
                <line number="354" hits="2" branch="False" />
                <line number="355" hits="2" branch="False" />
                <line number="357" hits="2" branch="False" />
                <line number="368" hits="2" branch="False" />
                <line number="371" hits="2" branch="False" />
                <line number="373" hits="40004" branch="True" condition-coverage="100% (2/2)">
                  <conditions>
                    <condition number="144" type="jump" coverage="100%" />
                  </conditions>
                </line>
                <line number="374" hits="20000" branch="False" />
                <line number="375" hits="20000" branch="False" />
                <line number="376" hits="20000" branch="True" condition-coverage="50% (1/2)">
                  <conditions>
                    <condition number="113" type="jump" coverage="50%" />
                  </conditions>
                </line>
                <line number="377" hits="20000" branch="False" />
                <line number="379" hits="5" branch="False" />
                <line number="383" hits="2" branch="False" />
                <line number="384" hits="40004" branch="True" condition-coverage="100% (2/2)">
                  <conditions>
                    <condition number="221" type="jump" coverage="100%" />
                  </conditions>
                </line>
                <line number="385" hits="20000" branch="False" />
                <line number="386" hits="20000" branch="False" />
                <line number="387" hits="20000" branch="False" />
                <line number="388" hits="20000" branch="False" />
                <line number="390" hits="2" branch="False" />
                <line number="391" hits="2" branch="False" />
              </lines>
            </method>
            <method name="TestReceiveRemovesPartial" signature="(System.Boolean)" line-rate="1" branch-rate="1" complexity="4">
              <lines>
                <line number="398" hits="2" branch="False" />
                <line number="399" hits="2" branch="False" />
                <line number="404" hits="2" branch="False" />
                <line number="406" hits="2" branch="False" />
                <line number="418" hits="2" branch="False" />
                <line number="421" hits="2" branch="False" />
                <line number="423" hits="4004" branch="True" condition-coverage="100% (2/2)">
                  <conditions>
                    <condition number="134" type="jump" coverage="100%" />
                  </conditions>
                </line>
                <line number="424" hits="2000" branch="False" />
                <line number="425" hits="2000" branch="False" />
                <line number="426" hits="2000" branch="False" />
                <line number="429" hits="672" branch="False" />
                <line number="431" hits="2" branch="False" />
                <line number="435" hits="2" branch="False" />
                <line number="436" hits="4004" branch="True" condition-coverage="100% (2/2)">
                  <conditions>
                    <condition number="245" type="jump" coverage="100%" />
                  </conditions>
                </line>
                <line number="437" hits="2000" branch="False" />
                <line number="438" hits="2000" branch="False" />
                <line number="439" hits="2000" branch="False" />
                <line number="441" hits="2" branch="False" />
                <line number="442" hits="2" branch="False" />
              </lines>
            </method>
            <method name="TestReceiveHugeMessage" signature="(System.Boolean)" line-rate="1" branch-rate="1" complexity="2">
              <lines>
                <line number="450" hits="2" branch="False" />
                <line number="451" hits="2" branch="False" />
                <line number="453" hits="2" branch="False" />
                <line number="454" hits="18" branch="False" />
                <line number="455" hits="18" branch="True" condition-coverage="100% (2/2)">
                  <conditions>
                    <condition number="9" type="jump" coverage="100%" />
                  </conditions>
                </line>
                <line number="456" hits="2" branch="False" />
                <line number="457" hits="16" branch="False" />
                <line number="458" hits="20" branch="False" />
                <line number="460" hits="2" branch="False" />
                <line number="462" hits="2" branch="False" />
                <line number="463" hits="2" branch="False" />
                <line number="465" hits="2" branch="False" />
                <line number="467" hits="6" branch="False" />
                <line number="469" hits="2" branch="False" />
                <line number="470" hits="2" branch="False" />
              </lines>
            </method>
            <method name="TestDisconnectLocalThenSendAndClose" signature="(System.Boolean)" line-rate="1" branch-rate="1" complexity="1">
              <lines>
                <line number="489" hits="2" branch="False" />
                <line number="490" hits="2" branch="False" />
                <line number="492" hits="2" branch="False" />
                <line number="495" hits="2" branch="False" />
                <line number="496" hits="2" branch="False" />
              </lines>
            </method>
            <method name="TestSendAndCloseTinyMessage" signature="(System.Boolean)" line-rate="1" branch-rate="1" complexity="1">
              <lines>
                <line number="510" hits="2" branch="False" />
                <line number="511" hits="2" branch="False" />
                <line number="514" hits="2" branch="False" />
                <line number="515" hits="6" branch="False" />
                <line number="517" hits="2" branch="False" />
                <line number="519" hits="2" branch="False" />
                <line number="524" hits="4" branch="False" />
                <line number="526" hits="2" branch="False" />
                <line number="528" hits="2" branch="False" />
              </lines>
            </method>
            <method name="TestNoEventLoopSendAndClose" signature="(System.Boolean)" line-rate="1" branch-rate="1" complexity="1">
              <lines>
                <line number="534" hits="2" branch="False" />
                <line number="535" hits="2" branch="False" />
                <line number="537" hits="2" branch="False" />
                <line number="541" hits="4" branch="False" />
                <line number="543" hits="2" branch="False" />
                <line number="544" hits="2" branch="False" />
                <line number="548" hits="4" branch="False" />
                <line number="551" hits="2" branch="False" />
                <line number="552" hits="672" branch="False" />
                <line number="554" hits="2" branch="False" />
                <line number="555" hits="2" branch="False" />
              </lines>
            </method>
            <method name="TestDelayedSendAndClose" signature="(System.Boolean)" line-rate="1" branch-rate="1" complexity="1">
              <lines>
                <line number="562" hits="2" branch="False" />
                <line number="563" hits="2" branch="False" />
                <line number="566" hits="2" branch="False" />
                <line number="567" hits="10" branch="False" />
                <line number="569" hits="2" branch="False" />
                <line number="570" hits="2" branch="False" />
                <line number="574" hits="4" branch="False" />
                <line number="576" hits="2" branch="False" />
                <line number="577" hits="2" branch="False" />
                <line number="581" hits="672" branch="False" />
                <line number="583" hits="2" branch="False" />
                <line number="584" hits="2" branch="False" />
              </lines>
            </method>
            <method name="TestChangeOnNetworkActionSendAndClose" signature="(System.Boolean)" line-rate="1" branch-rate="1" complexity="1">
              <lines>
                <line number="590" hits="2" branch="False" />
                <line number="591" hits="2" branch="False" />
                <line number="593" hits="2" branch="False" />
                <line number="594" hits="2" branch="False" />
                <line number="612" hits="2" branch="False" />
                <line number="614" hits="2" branch="False" />
                <line number="615" hits="2" branch="False" />
                <line number="616" hits="4" branch="False" />
                <line number="618" hits="2" branch="False" />
                <line number="619" hits="4" branch="False" />
                <line number="621" hits="2" branch="False" />
                <line number="622" hits="2" branch="False" />
                <line number="623" hits="2" branch="False" />
              </lines>
            </method>
          </methods>
          <lines>
            <line number="26" hits="32" branch="False" />
            <line number="27" hits="32" branch="False" />
            <line number="28" hits="32" branch="False" />
            <line number="29" hits="32" branch="False" />
            <line number="30" hits="32" branch="False" />
            <line number="35" hits="32" branch="False" />
            <line number="36" hits="32" branch="False" />
            <line number="37" hits="32" branch="False" />
            <line number="41" hits="32" branch="False" />
            <line number="43" hits="32" branch="False" />
            <line number="45" hits="32" branch="True" condition-coverage="100% (2/2)">
              <conditions>
                <condition number="3" type="jump" coverage="100%" />
              </conditions>
            </line>
            <line number="46" hits="32" branch="True" condition-coverage="75% (3/4)">
              <conditions>
                <condition number="15" type="jump" coverage="100%" />
                <condition number="26" type="jump" coverage="50%" />
              </conditions>
            </line>
            <line number="47" hits="26" branch="True" condition-coverage="75% (3/4)">
              <conditions>
                <condition number="39" type="jump" coverage="100%" />
                <condition number="50" type="jump" coverage="50%" />
              </conditions>
            </line>
            <line number="48" hits="26" branch="True" condition-coverage="75% (3/4)">
              <conditions>
                <condition number="62" type="jump" coverage="100%" />
                <condition number="73" type="jump" coverage="50%" />
              </conditions>
            </line>
            <line number="49" hits="22" branch="True" condition-coverage="75% (3/4)">
              <conditions>
                <condition number="86" type="jump" coverage="100%" />
                <condition number="97" type="jump" coverage="50%" />
              </conditions>
            </line>
            <line number="50" hits="22" branch="False" />
            <line number="54" hits="30" branch="False" />
            <line number="55" hits="32" branch="False" />
            <line number="61" hits="28" branch="False" />
            <line number="63" hits="28" branch="True" condition-coverage="100% (2/2)">
              <conditions>
                <condition number="4" type="jump" coverage="100%" />
              </conditions>
            </line>
            <line number="64" hits="14" branch="False" />
            <line number="65" hits="14" branch="False" />
            <line number="66" hits="14" branch="False" />
            <line number="67" hits="14" branch="False" />
            <line number="68" hits="14" branch="False" />
            <line number="69" hits="14" branch="False" />
            <line number="71" hits="14" branch="False" />
            <line number="72" hits="14" branch="False" />
            <line number="73" hits="14" branch="False" />
            <line number="74" hits="14" branch="False" />
            <line number="75" hits="14" branch="False" />
            <line number="76" hits="14" branch="False" />
            <line number="78" hits="28" branch="False" />
            <line number="79" hits="28" branch="False" />
            <line number="80" hits="28" branch="False" />
            <line number="81" hits="28" branch="False" />
            <line number="82" hits="28" branch="False" />
            <line number="88" hits="1" branch="False" />
            <line number="89" hits="1" branch="False" />
            <line number="90" hits="1" branch="False" />
            <line number="91" hits="1" branch="False" />
            <line number="93" hits="1" branch="False" />
            <line number="94" hits="1" branch="False" />
            <line number="96" hits="1" branch="True" condition-coverage="50% (1/2)">
              <conditions>
                <condition number="115" type="jump" coverage="50%" />
              </conditions>
            </line>
            <line number="97" hits="1" branch="False" />
            <line number="102" hits="1" branch="False" />
            <line number="103" hits="1" branch="False" />
            <line number="112" hits="1" branch="False" />
            <line number="113" hits="3" branch="False" />
            <line number="115" hits="1" branch="False" />
            <line number="116" hits="1" branch="True" condition-coverage="50% (1/2)">
              <conditions>
                <condition number="92" type="jump" coverage="50%" />
              </conditions>
            </line>
            <line number="117" hits="1" branch="False" />
            <line number="122" hits="1" branch="False" />
            <line number="123" hits="1" branch="False" />
            <line number="131" hits="1" branch="False" />
            <line number="134" hits="3" branch="False" />
            <line number="136" hits="1" branch="False" />
            <line number="137" hits="1" branch="True" condition-coverage="50% (1/2)">
              <conditions>
                <condition number="92" type="jump" coverage="50%" />
              </conditions>
            </line>
            <line number="138" hits="1" branch="False" />
            <line number="143" hits="1" branch="False" />
            <line number="144" hits="1" branch="False" />
            <line number="145" hits="1" branch="False" />
            <line number="159" hits="1" branch="False" />
            <line number="160" hits="1" branch="False" />
            <line number="161" hits="3" branch="False" />
            <line number="162" hits="2" branch="False" />
            <line number="164" hits="1" branch="False" />
            <line number="165" hits="1" branch="False" />
            <line number="166" hits="1" branch="False" />
            <line number="182" hits="2" branch="False" />
            <line number="183" hits="2" branch="False" />
            <line number="185" hits="2" branch="False" />
            <line number="188" hits="2" branch="False" />
            <line number="189" hits="2" branch="False" />
            <line number="204" hits="2" branch="False" />
            <line number="205" hits="2" branch="False" />
            <line number="208" hits="2" branch="False" />
            <line number="209" hits="6" branch="False" />
            <line number="211" hits="2" branch="False" />
            <line number="213" hits="2" branch="False" />
            <line number="218" hits="4" branch="False" />
            <line number="220" hits="2" branch="False" />
            <line number="221" hits="2" branch="False" />
            <line number="227" hits="2" branch="False" />
            <line number="228" hits="2" branch="False" />
            <line number="230" hits="2" branch="False" />
            <line number="234" hits="4" branch="False" />
            <line number="236" hits="2" branch="False" />
            <line number="237" hits="2" branch="False" />
            <line number="241" hits="4" branch="False" />
            <line number="244" hits="2" branch="False" />
            <line number="245" hits="672" branch="False" />
            <line number="247" hits="2" branch="False" />
            <line number="248" hits="2" branch="False" />
            <line number="255" hits="2" branch="False" />
            <line number="256" hits="2" branch="False" />
            <line number="259" hits="2" branch="False" />
            <line number="260" hits="10" branch="False" />
            <line number="262" hits="2" branch="False" />
            <line number="263" hits="2" branch="False" />
            <line number="267" hits="4" branch="False" />
            <line number="269" hits="2" branch="False" />
            <line number="270" hits="2" branch="False" />
            <line number="274" hits="4" branch="False" />
            <line number="276" hits="2" branch="False" />
            <line number="277" hits="2" branch="False" />
            <line number="284" hits="2" branch="False" />
            <line number="285" hits="2" branch="False" />
            <line number="287" hits="2" branch="False" />
            <line number="290" hits="2" branch="False" />
            <line number="291" hits="6" branch="False" />
            <line number="292" hits="6" branch="True" condition-coverage="100% (2/2)">
              <conditions>
                <condition number="9" type="jump" coverage="100%" />
              </conditions>
            </line>
            <line number="293" hits="2" branch="False" />
            <line number="294" hits="4" branch="False" />
            <line number="295" hits="4" branch="False" />
            <line number="296" hits="8" branch="False" />
            <line number="298" hits="2" branch="False" />
            <line number="299" hits="2" branch="False" />
            <line number="300" hits="4" branch="False" />
            <line number="302" hits="2" branch="False" />
            <line number="303" hits="6" branch="False" />
            <line number="305" hits="2" branch="False" />
            <line number="306" hits="2" branch="False" />
            <line number="313" hits="2" branch="False" />
            <line number="314" hits="2" branch="False" />
            <line number="316" hits="2" branch="False" />
            <line number="317" hits="2" branch="False" />
            <line number="335" hits="2" branch="False" />
            <line number="337" hits="2" branch="False" />
            <line number="338" hits="2" branch="False" />
            <line number="339" hits="4" branch="False" />
            <line number="341" hits="2" branch="False" />
            <line number="342" hits="6" branch="False" />
            <line number="344" hits="2" branch="False" />
            <line number="345" hits="2" branch="False" />
            <line number="346" hits="2" branch="False" />
            <line number="354" hits="2" branch="False" />
            <line number="355" hits="2" branch="False" />
            <line number="357" hits="2" branch="False" />
            <line number="368" hits="2" branch="False" />
            <line number="371" hits="2" branch="False" />
            <line number="373" hits="40004" branch="True" condition-coverage="100% (2/2)">
              <conditions>
                <condition number="144" type="jump" coverage="100%" />
              </conditions>
            </line>
            <line number="374" hits="20000" branch="False" />
            <line number="375" hits="20000" branch="False" />
            <line number="376" hits="20000" branch="True" condition-coverage="50% (1/2)">
              <conditions>
                <condition number="113" type="jump" coverage="50%" />
              </conditions>
            </line>
            <line number="377" hits="20000" branch="False" />
            <line number="379" hits="5" branch="False" />
            <line number="383" hits="2" branch="False" />
            <line number="384" hits="40004" branch="True" condition-coverage="100% (2/2)">
              <conditions>
                <condition number="221" type="jump" coverage="100%" />
              </conditions>
            </line>
            <line number="385" hits="20000" branch="False" />
            <line number="386" hits="20000" branch="False" />
            <line number="387" hits="20000" branch="False" />
            <line number="388" hits="20000" branch="False" />
            <line number="390" hits="2" branch="False" />
            <line number="391" hits="2" branch="False" />
            <line number="398" hits="2" branch="False" />
            <line number="399" hits="2" branch="False" />
            <line number="404" hits="2" branch="False" />
            <line number="406" hits="2" branch="False" />
            <line number="418" hits="2" branch="False" />
            <line number="421" hits="2" branch="False" />
            <line number="423" hits="4004" branch="True" condition-coverage="100% (2/2)">
              <conditions>
                <condition number="134" type="jump" coverage="100%" />
              </conditions>
            </line>
            <line number="424" hits="2000" branch="False" />
            <line number="425" hits="2000" branch="False" />
            <line number="426" hits="2000" branch="False" />
            <line number="429" hits="672" branch="False" />
            <line number="431" hits="2" branch="False" />
            <line number="435" hits="2" branch="False" />
            <line number="436" hits="4004" branch="True" condition-coverage="100% (2/2)">
              <conditions>
                <condition number="245" type="jump" coverage="100%" />
              </conditions>
            </line>
            <line number="437" hits="2000" branch="False" />
            <line number="438" hits="2000" branch="False" />
            <line number="439" hits="2000" branch="False" />
            <line number="441" hits="2" branch="False" />
            <line number="442" hits="2" branch="False" />
            <line number="450" hits="2" branch="False" />
            <line number="451" hits="2" branch="False" />
            <line number="453" hits="2" branch="False" />
            <line number="454" hits="18" branch="False" />
            <line number="455" hits="18" branch="True" condition-coverage="100% (2/2)">
              <conditions>
                <condition number="9" type="jump" coverage="100%" />
              </conditions>
            </line>
            <line number="456" hits="2" branch="False" />
            <line number="457" hits="16" branch="False" />
            <line number="458" hits="20" branch="False" />
            <line number="460" hits="2" branch="False" />
            <line number="462" hits="2" branch="False" />
            <line number="463" hits="2" branch="False" />
            <line number="465" hits="2" branch="False" />
            <line number="467" hits="6" branch="False" />
            <line number="469" hits="2" branch="False" />
            <line number="470" hits="2" branch="False" />
            <line number="489" hits="2" branch="False" />
            <line number="490" hits="2" branch="False" />
            <line number="492" hits="2" branch="False" />
            <line number="495" hits="2" branch="False" />
            <line number="496" hits="2" branch="False" />
            <line number="510" hits="2" branch="False" />
            <line number="511" hits="2" branch="False" />
            <line number="514" hits="2" branch="False" />
            <line number="515" hits="6" branch="False" />
            <line number="517" hits="2" branch="False" />
            <line number="519" hits="2" branch="False" />
            <line number="524" hits="4" branch="False" />
            <line number="526" hits="2" branch="False" />
            <line number="528" hits="2" branch="False" />
            <line number="534" hits="2" branch="False" />
            <line number="535" hits="2" branch="False" />
            <line number="537" hits="2" branch="False" />
            <line number="541" hits="4" branch="False" />
            <line number="543" hits="2" branch="False" />
            <line number="544" hits="2" branch="False" />
            <line number="548" hits="4" branch="False" />
            <line number="551" hits="2" branch="False" />
            <line number="552" hits="672" branch="False" />
            <line number="554" hits="2" branch="False" />
            <line number="555" hits="2" branch="False" />
            <line number="562" hits="2" branch="False" />
            <line number="563" hits="2" branch="False" />
            <line number="566" hits="2" branch="False" />
            <line number="567" hits="10" branch="False" />
            <line number="569" hits="2" branch="False" />
            <line number="570" hits="2" branch="False" />
            <line number="574" hits="4" branch="False" />
            <line number="576" hits="2" branch="False" />
            <line number="577" hits="2" branch="False" />
            <line number="581" hits="672" branch="False" />
            <line number="583" hits="2" branch="False" />
            <line number="584" hits="2" branch="False" />
            <line number="590" hits="2" branch="False" />
            <line number="591" hits="2" branch="False" />
            <line number="593" hits="2" branch="False" />
            <line number="594" hits="2" branch="False" />
            <line number="612" hits="2" branch="False" />
            <line number="614" hits="2" branch="False" />
            <line number="615" hits="2" branch="False" />
            <line number="616" hits="4" branch="False" />
            <line number="618" hits="2" branch="False" />
            <line number="619" hits="4" branch="False" />
            <line number="621" hits="2" branch="False" />
            <line number="622" hits="2" branch="False" />
            <line number="623" hits="2" branch="False" />
          </lines>
        </class>
        <class name="NetworkUtil.NetworkTests/&lt;&gt;c__DisplayClass10_0" filename="source\repos\game-bugshooters_game\PS7\NetworkTests\NetworkTests.cs" line-rate="1" branch-rate="1" complexity="2">
          <methods>
            <method name="&lt;TestConnectCallsDelegate&gt;g__saveServerState|0" signature="(NetworkUtil.SocketState)" line-rate="1" branch-rate="1" complexity="1">
              <lines>
                <line number="148" hits="1" branch="False" />
                <line number="149" hits="1" branch="False" />
                <line number="150" hits="1" branch="False" />
                <line number="151" hits="1" branch="False" />
              </lines>
            </method>
            <method name="&lt;TestConnectCallsDelegate&gt;g__saveClientState|1" signature="(NetworkUtil.SocketState)" line-rate="1" branch-rate="1" complexity="1">
              <lines>
                <line number="154" hits="1" branch="False" />
                <line number="155" hits="1" branch="False" />
                <line number="156" hits="1" branch="False" />
                <line number="157" hits="1" branch="False" />
              </lines>
            </method>
          </methods>
          <lines>
            <line number="148" hits="1" branch="False" />
            <line number="149" hits="1" branch="False" />
            <line number="150" hits="1" branch="False" />
            <line number="151" hits="1" branch="False" />
            <line number="154" hits="1" branch="False" />
            <line number="155" hits="1" branch="False" />
            <line number="156" hits="1" branch="False" />
            <line number="157" hits="1" branch="False" />
          </lines>
        </class>
        <class name="NetworkUtil.NetworkTests/&lt;&gt;c__DisplayClass16_0" filename="source\repos\game-bugshooters_game\PS7\NetworkTests\NetworkTests.cs" line-rate="0.9" branch-rate="1" complexity="3">
          <methods>
            <method name="&lt;TestChangeOnNetworkAction&gt;g__firstOnNetworkAction|0" signature="(NetworkUtil.SocketState)" line-rate="0.8571" branch-rate="1" complexity="2">
              <lines>
                <line number="321" hits="2" branch="False" />
                <line number="322" hits="2" branch="True" condition-coverage="100% (2/2)">
                  <conditions>
                    <condition number="9" type="jump" coverage="100%" />
                  </conditions>
                </line>
                <line number="323" hits="0" branch="False" />
                <line number="324" hits="2" branch="False" />
                <line number="325" hits="2" branch="False" />
                <line number="326" hits="2" branch="False" />
                <line number="327" hits="2" branch="False" />
              </lines>
            </method>
            <method name="&lt;TestChangeOnNetworkAction&gt;g__secondOnNetworkAction|1" signature="(NetworkUtil.SocketState)" line-rate="1" branch-rate="1" complexity="1">
              <lines>
                <line number="330" hits="2" branch="False" />
                <line number="331" hits="2" branch="False" />
                <line number="332" hits="2" branch="False" />
              </lines>
            </method>
          </methods>
          <lines>
            <line number="321" hits="2" branch="False" />
            <line number="322" hits="2" branch="True" condition-coverage="100% (2/2)">
              <conditions>
                <condition number="9" type="jump" coverage="100%" />
              </conditions>
            </line>
            <line number="323" hits="0" branch="False" />
            <line number="324" hits="2" branch="False" />
            <line number="325" hits="2" branch="False" />
            <line number="326" hits="2" branch="False" />
            <line number="327" hits="2" branch="False" />
            <line number="330" hits="2" branch="False" />
            <line number="331" hits="2" branch="False" />
            <line number="332" hits="2" branch="False" />
          </lines>
        </class>
        <class name="NetworkUtil.NetworkTests/&lt;&gt;c__DisplayClass17_0" filename="source\repos\game-bugshooters_game\PS7\NetworkTests\NetworkTests.cs" line-rate="1" branch-rate="1" complexity="2">
          <methods>
            <method name="&lt;TestReceiveRemovesAll&gt;g__removeMessage|0" signature="(NetworkUtil.SocketState)" line-rate="1" branch-rate="1" complexity="2">
              <lines>
                <line number="360" hits="18750" branch="False" />
                <line number="361" hits="18750" branch="True" condition-coverage="100% (2/2)">
                  <conditions>
                    <condition number="9" type="jump" coverage="100%" />
                  </conditions>
                </line>
                <line number="362" hits="2" branch="False" />
                <line number="363" hits="18748" branch="False" />
                <line number="364" hits="18748" branch="False" />
                <line number="365" hits="18748" branch="False" />
                <line number="366" hits="18750" branch="False" />
              </lines>
            </method>
          </methods>
          <lines>
            <line number="360" hits="18750" branch="False" />
            <line number="361" hits="18750" branch="True" condition-coverage="100% (2/2)">
              <conditions>
                <condition number="9" type="jump" coverage="100%" />
              </conditions>
            </line>
            <line number="362" hits="2" branch="False" />
            <line number="363" hits="18748" branch="False" />
            <line number="364" hits="18748" branch="False" />
            <line number="365" hits="18748" branch="False" />
            <line number="366" hits="18750" branch="False" />
          </lines>
        </class>
        <class name="NetworkUtil.NetworkTests/&lt;&gt;c__DisplayClass18_0" filename="source\repos\game-bugshooters_game\PS7\NetworkTests\NetworkTests.cs" line-rate="1" branch-rate="1" complexity="2">
          <methods>
            <method name="&lt;TestReceiveRemovesPartial&gt;g__removeMessage|0" signature="(NetworkUtil.SocketState)" line-rate="1" branch-rate="1" complexity="2">
              <lines>
                <line number="409" hits="1863" branch="False" />
                <line number="410" hits="1863" branch="True" condition-coverage="100% (2/2)">
                  <conditions>
                    <condition number="9" type="jump" coverage="100%" />
                  </conditions>
                </line>
                <line number="411" hits="2" branch="False" />
                <line number="412" hits="1861" branch="False" />
                <line number="413" hits="1861" branch="False" />
                <line number="414" hits="1861" branch="False" />
                <line number="415" hits="1861" branch="False" />
                <line number="416" hits="1863" branch="False" />
              </lines>
            </method>
          </methods>
          <lines>
            <line number="409" hits="1863" branch="False" />
            <line number="410" hits="1863" branch="True" condition-coverage="100% (2/2)">
              <conditions>
                <condition number="9" type="jump" coverage="100%" />
              </conditions>
            </line>
            <line number="411" hits="2" branch="False" />
            <line number="412" hits="1861" branch="False" />
            <line number="413" hits="1861" branch="False" />
            <line number="414" hits="1861" branch="False" />
            <line number="415" hits="1861" branch="False" />
            <line number="416" hits="1863" branch="False" />
          </lines>
        </class>
        <class name="NetworkUtil.NetworkTests/&lt;&gt;c__DisplayClass24_0" filename="source\repos\game-bugshooters_game\PS7\NetworkTests\NetworkTests.cs" line-rate="0.9" branch-rate="1" complexity="3">
          <methods>
            <method name="&lt;TestChangeOnNetworkActionSendAndClose&gt;g__firstOnNetworkAction|0" signature="(NetworkUtil.SocketState)" line-rate="0.8571" branch-rate="1" complexity="2">
              <lines>
                <line number="598" hits="2" branch="False" />
                <line number="599" hits="2" branch="True" condition-coverage="100% (2/2)">
                  <conditions>
                    <condition number="9" type="jump" coverage="100%" />
                  </conditions>
                </line>
                <line number="600" hits="0" branch="False" />
                <line number="601" hits="2" branch="False" />
                <line number="602" hits="2" branch="False" />
                <line number="603" hits="2" branch="False" />
                <line number="604" hits="2" branch="False" />
              </lines>
            </method>
            <method name="&lt;TestChangeOnNetworkActionSendAndClose&gt;g__secondOnNetworkAction|1" signature="(NetworkUtil.SocketState)" line-rate="1" branch-rate="1" complexity="1">
              <lines>
                <line number="607" hits="2" branch="False" />
                <line number="608" hits="2" branch="False" />
                <line number="609" hits="2" branch="False" />
              </lines>
            </method>
          </methods>
          <lines>
            <line number="598" hits="2" branch="False" />
            <line number="599" hits="2" branch="True" condition-coverage="100% (2/2)">
              <conditions>
                <condition number="9" type="jump" coverage="100%" />
              </conditions>
            </line>
            <line number="600" hits="0" branch="False" />
            <line number="601" hits="2" branch="False" />
            <line number="602" hits="2" branch="False" />
            <line number="603" hits="2" branch="False" />
            <line number="604" hits="2" branch="False" />
            <line number="607" hits="2" branch="False" />
            <line number="608" hits="2" branch="False" />
            <line number="609" hits="2" branch="False" />
          </lines>
        </class>
        <class name="NetworkUtil.NetworkTests/&lt;&gt;c__DisplayClass8_0" filename="source\repos\game-bugshooters_game\PS7\NetworkTests\NetworkTests.cs" line-rate="1" branch-rate="1" complexity="1">
          <methods>
            <method name="&lt;TestConnectNoServer&gt;g__saveClientState|0" signature="(NetworkUtil.SocketState)" line-rate="1" branch-rate="1" complexity="1">
              <lines>
                <line number="106" hits="1" branch="False" />
                <line number="107" hits="1" branch="False" />
                <line number="108" hits="1" branch="False" />
                <line number="109" hits="1" branch="False" />
              </lines>
            </method>
          </methods>
          <lines>
            <line number="106" hits="1" branch="False" />
            <line number="107" hits="1" branch="False" />
            <line number="108" hits="1" branch="False" />
            <line number="109" hits="1" branch="False" />
          </lines>
        </class>
        <class name="NetworkUtil.NetworkTests/&lt;&gt;c__DisplayClass9_0" filename="source\repos\game-bugshooters_game\PS7\NetworkTests\NetworkTests.cs" line-rate="1" branch-rate="1" complexity="1">
          <methods>
            <method name="&lt;TestConnectTimeout&gt;g__saveClientState|0" signature="(NetworkUtil.SocketState)" line-rate="1" branch-rate="1" complexity="1">
              <lines>
                <line number="126" hits="1" branch="False" />
                <line number="127" hits="1" branch="False" />
                <line number="128" hits="1" branch="False" />
                <line number="129" hits="1" branch="False" />
              </lines>
            </method>
          </methods>
          <lines>
            <line number="126" hits="1" branch="False" />
            <line number="127" hits="1" branch="False" />
            <line number="128" hits="1" branch="False" />
            <line number="129" hits="1" branch="False" />
          </lines>
        </class>
      </classes>
    </package>
  </packages>
</coverage>