<?xml version="1.0" encoding="utf-8"?>
<!DOCTYPE coverage SYSTEM "http://cobertura.sourceforge.net/xml/coverage-04.dtd">
<coverage line-rate="0.837231968810916" branch-rate="0.748466257668712" lines-covered="859" lines-valid="1026" branches-covered="244" branches-valid="326" complexity="421" version="0" timestamp="1665696743">
  <sources>
    <source>C:\Users\Andy Tran\</source>
  </sources>
  <packages>
    <package name="DependencyGraph" line-rate="0.831460674157303" branch-rate="0.761904761904762" complexity="44">
      <classes>
        <class name="SpreadsheetUtilities.DependencyGraph" filename="C:\Users\Andy Tran\source\repos\spreadsheet-AndyTran97\Spreadsheet\DependencyGraph\DependencyGraph.cs" line-rate="0.831460674157303" branch-rate="0.761904761904762" complexity="44">
          <methods>
            <method name="get_Size" signature="()" line-rate="0" branch-rate="1" complexity="1">
              <lines>
                <line number="67" hits="0" branch="false" />
              </lines>
            </method>
            <method name="get_Item" signature="(...)" line-rate="0" branch-rate="0" complexity="2">
              <lines>
                <line number="80" hits="0" branch="false" />
                <line number="81" hits="0" branch="true" condition-coverage="0% (0/2)" />
                <line number="82" hits="0" branch="false" />
                <line number="83" hits="0" branch="false" />
                <line number="84" hits="0" branch="false" />
              </lines>
            </method>
            <method name="HasDependents" signature="(...)" line-rate="1" branch-rate="1" complexity="2">
              <lines>
                <line number="92" hits="107514" branch="false" />
                <line number="93" hits="107514" branch="true" condition-coverage="100% (2/2)" />
                <line number="94" hits="105175" branch="false" />
                <line number="95" hits="2339" branch="false" />
                <line number="96" hits="107514" branch="false" />
              </lines>
            </method>
            <method name="HasDependees" signature="(...)" line-rate="1" branch-rate="1" complexity="2">
              <lines>
                <line number="103" hits="4483" branch="false" />
                <line number="104" hits="4483" branch="true" condition-coverage="100% (2/2)" />
                <line number="105" hits="1132" branch="false" />
                <line number="106" hits="3351" branch="false" />
                <line number="107" hits="4483" branch="false" />
              </lines>
            </method>
            <method name="GetDependents" signature="(...)" line-rate="1" branch-rate="1" complexity="2">
              <lines>
                <line number="114" hits="105331" branch="false" />
                <line number="115" hits="105331" branch="true" condition-coverage="100% (2/2)" />
                <line number="116" hits="104107" branch="false" />
                <line number="117" hits="1224" branch="false" />
                <line number="118" hits="105331" branch="false" />
              </lines>
            </method>
            <method name="GetDependees" signature="(...)" line-rate="1" branch-rate="1" complexity="2">
              <lines>
                <line number="124" hits="1086" branch="false" />
                <line number="125" hits="1086" branch="true" condition-coverage="100% (2/2)" />
                <line number="126" hits="16" branch="false" />
                <line number="127" hits="1070" branch="false" />
                <line number="128" hits="1086" branch="false" />
              </lines>
            </method>
            <method name="AddDependency" signature="(...)" line-rate="1" branch-rate="1" complexity="8">
              <lines>
                <line number="142" hits="2151" branch="false" />
                <line number="145" hits="2151" branch="true" condition-coverage="100% (2/2)" />
                <line number="146" hits="1036" branch="false" />
                <line number="148" hits="1036" branch="true" condition-coverage="100% (2/2)" />
                <line number="149" hits="1036" branch="false" />
                <line number="150" hits="1036" branch="false" />
                <line number="151" hits="1036" branch="false" />
                <line number="152" hits="1036" branch="false" />
                <line number="153" hits="1036" branch="false" />
                <line number="155" hits="1115" branch="false" />
                <line number="156" hits="1115" branch="false" />
                <line number="157" hits="1115" branch="false" />
                <line number="158" hits="1115" branch="false" />
                <line number="159" hits="1115" branch="false" />
                <line number="162" hits="2151" branch="true" condition-coverage="100% (2/2)" />
                <line number="163" hits="1067" branch="false" />
                <line number="165" hits="1067" branch="true" condition-coverage="100% (2/2)" />
                <line number="166" hits="1067" branch="false" />
                <line number="167" hits="1067" branch="false" />
                <line number="169" hits="1084" branch="false" />
                <line number="170" hits="1084" branch="false" />
                <line number="171" hits="1084" branch="false" />
                <line number="172" hits="1084" branch="false" />
                <line number="174" hits="2151" branch="false" />
              </lines>
            </method>
            <method name="RemoveDependency" signature="(...)" line-rate="1" branch-rate="0.833333333333333" complexity="12">
              <lines>
                <line number="183" hits="32" branch="false" />
                <line number="184" hits="32" branch="true" condition-coverage="75% (3/4)" />
                <line number="185" hits="32" branch="false" />
                <line number="186" hits="32" branch="false" />
                <line number="187" hits="32" branch="true" condition-coverage="100% (2/2)" />
                <line number="188" hits="25" branch="false" />
                <line number="189" hits="32" branch="false" />
                <line number="190" hits="32" branch="false" />
                <line number="192" hits="32" branch="true" condition-coverage="75% (3/4)" />
                <line number="193" hits="32" branch="false" />
                <line number="194" hits="32" branch="false" />
                <line number="195" hits="32" branch="true" condition-coverage="100% (2/2)" />
                <line number="196" hits="17" branch="false" />
                <line number="197" hits="32" branch="false" />
                <line number="200" hits="32" branch="false" />
              </lines>
            </method>
            <method name="ReplaceDependents" signature="(...)" line-rate="0" branch-rate="0" complexity="6">
              <lines>
                <line number="208" hits="0" branch="false" />
                <line number="209" hits="0" branch="true" condition-coverage="0% (0/2)" />
                <line number="210" hits="0" branch="false" />
                <line number="211" hits="0" branch="true" condition-coverage="0% (0/2)" />
                <line number="212" hits="0" branch="false" />
                <line number="213" hits="0" branch="false" />
                <line number="215" hits="0" branch="true" condition-coverage="0% (0/2)" />
                <line number="216" hits="0" branch="false" />
                <line number="217" hits="0" branch="false" />
              </lines>
            </method>
            <method name="ReplaceDependees" signature="(...)" line-rate="1" branch-rate="1" complexity="6">
              <lines>
                <line number="225" hits="1214" branch="false" />
                <line number="226" hits="1214" branch="true" condition-coverage="100% (2/2)" />
                <line number="227" hits="17" branch="false" />
                <line number="228" hits="115" branch="true" condition-coverage="100% (2/2)" />
                <line number="229" hits="32" branch="false" />
                <line number="230" hits="17" branch="false" />
                <line number="232" hits="7944" branch="true" condition-coverage="100% (2/2)" />
                <line number="233" hits="2151" branch="false" />
                <line number="234" hits="1214" branch="false" />
              </lines>
            </method>
            <method name=".ctor" signature="()" line-rate="1" branch-rate="1" complexity="1">
              <lines>
                <line number="50" hits="123" branch="false" />
                <line number="55" hits="123" branch="false" />
                <line number="56" hits="123" branch="false" />
                <line number="57" hits="123" branch="false" />
                <line number="58" hits="123" branch="false" />
                <line number="59" hits="123" branch="false" />
              </lines>
            </method>
          </methods>
          <lines>
            <line number="50" hits="123" branch="false" />
            <line number="55" hits="123" branch="false" />
            <line number="56" hits="123" branch="false" />
            <line number="57" hits="123" branch="false" />
            <line number="58" hits="123" branch="false" />
            <line number="59" hits="123" branch="false" />
            <line number="67" hits="0" branch="false" />
            <line number="80" hits="0" branch="false" />
            <line number="81" hits="0" branch="true" condition-coverage="0% (0/2)" />
            <line number="82" hits="0" branch="false" />
            <line number="83" hits="0" branch="false" />
            <line number="84" hits="0" branch="false" />
            <line number="92" hits="107514" branch="false" />
            <line number="93" hits="107514" branch="true" condition-coverage="100% (2/2)" />
            <line number="94" hits="105175" branch="false" />
            <line number="95" hits="2339" branch="false" />
            <line number="96" hits="107514" branch="false" />
            <line number="103" hits="4483" branch="false" />
            <line number="104" hits="4483" branch="true" condition-coverage="100% (2/2)" />
            <line number="105" hits="1132" branch="false" />
            <line number="106" hits="3351" branch="false" />
            <line number="107" hits="4483" branch="false" />
            <line number="114" hits="105331" branch="false" />
            <line number="115" hits="105331" branch="true" condition-coverage="100% (2/2)" />
            <line number="116" hits="104107" branch="false" />
            <line number="117" hits="1224" branch="false" />
            <line number="118" hits="105331" branch="false" />
            <line number="124" hits="1086" branch="false" />
            <line number="125" hits="1086" branch="true" condition-coverage="100% (2/2)" />
            <line number="126" hits="16" branch="false" />
            <line number="127" hits="1070" branch="false" />
            <line number="128" hits="1086" branch="false" />
            <line number="142" hits="2151" branch="false" />
            <line number="145" hits="2151" branch="true" condition-coverage="100% (2/2)" />
            <line number="146" hits="1036" branch="false" />
            <line number="148" hits="1036" branch="true" condition-coverage="100% (2/2)" />
            <line number="149" hits="1036" branch="false" />
            <line number="150" hits="1036" branch="false" />
            <line number="151" hits="1036" branch="false" />
            <line number="152" hits="1036" branch="false" />
            <line number="153" hits="1036" branch="false" />
            <line number="155" hits="1115" branch="false" />
            <line number="156" hits="1115" branch="false" />
            <line number="157" hits="1115" branch="false" />
            <line number="158" hits="1115" branch="false" />
            <line number="159" hits="1115" branch="false" />
            <line number="162" hits="2151" branch="true" condition-coverage="100% (2/2)" />
            <line number="163" hits="1067" branch="false" />
            <line number="165" hits="1067" branch="true" condition-coverage="100% (2/2)" />
            <line number="166" hits="1067" branch="false" />
            <line number="167" hits="1067" branch="false" />
            <line number="169" hits="1084" branch="false" />
            <line number="170" hits="1084" branch="false" />
            <line number="171" hits="1084" branch="false" />
            <line number="172" hits="1084" branch="false" />
            <line number="174" hits="2151" branch="false" />
            <line number="183" hits="32" branch="false" />
            <line number="184" hits="32" branch="true" condition-coverage="75% (3/4)" />
            <line number="185" hits="32" branch="false" />
            <line number="186" hits="32" branch="false" />
            <line number="187" hits="32" branch="true" condition-coverage="100% (2/2)" />
            <line number="188" hits="25" branch="false" />
            <line number="189" hits="32" branch="false" />
            <line number="190" hits="32" branch="false" />
            <line number="192" hits="32" branch="true" condition-coverage="75% (3/4)" />
            <line number="193" hits="32" branch="false" />
            <line number="194" hits="32" branch="false" />
            <line number="195" hits="32" branch="true" condition-coverage="100% (2/2)" />
            <line number="196" hits="17" branch="false" />
            <line number="197" hits="32" branch="false" />
            <line number="200" hits="32" branch="false" />
            <line number="208" hits="0" branch="false" />
            <line number="209" hits="0" branch="true" condition-coverage="0% (0/2)" />
            <line number="210" hits="0" branch="false" />
            <line number="211" hits="0" branch="true" condition-coverage="0% (0/2)" />
            <line number="212" hits="0" branch="false" />
            <line number="213" hits="0" branch="false" />
            <line number="215" hits="0" branch="true" condition-coverage="0% (0/2)" />
            <line number="216" hits="0" branch="false" />
            <line number="217" hits="0" branch="false" />
            <line number="225" hits="1214" branch="false" />
            <line number="226" hits="1214" branch="true" condition-coverage="100% (2/2)" />
            <line number="227" hits="17" branch="false" />
            <line number="228" hits="115" branch="true" condition-coverage="100% (2/2)" />
            <line number="229" hits="32" branch="false" />
            <line number="230" hits="17" branch="false" />
            <line number="232" hits="7944" branch="true" condition-coverage="100% (2/2)" />
            <line number="233" hits="2151" branch="false" />
            <line number="234" hits="1214" branch="false" />
          </lines>
        </class>
      </classes>
    </package>
    <package name="Formula" line-rate="0.616393442622951" branch-rate="0.604651162790698" complexity="179">
      <classes>
        <class name="SpreadsheetUtilities.Formula" filename="C:\Users\Andy Tran\source\repos\spreadsheet-AndyTran97\Spreadsheet\Formula\Formula.cs" line-rate="0.606060606060606" branch-rate="0.604651162790698" complexity="176">
          <methods>
            <method name="TryPerformOps" signature="(...)" line-rate="0.96" branch-rate="0.9" complexity="10">
              <lines>
                <line number="168" hits="3114" branch="false" />
                <line number="169" hits="3114" branch="false" />
                <line number="170" hits="3114" branch="false" />
                <line number="171" hits="3114" branch="false" />
                <line number="172" hits="3114" branch="false" />
                <line number="173" hits="3114" branch="true" condition-coverage="88% (7/8)" />
                <line number="176" hits="3083" branch="false" />
                <line number="177" hits="3083" branch="false" />
                <line number="178" hits="3083" branch="false" />
                <line number="180" hits="3" branch="false" />
                <line number="181" hits="3" branch="false" />
                <line number="182" hits="3" branch="false" />
                <line number="184" hits="9" branch="false" />
                <line number="185" hits="9" branch="false" />
                <line number="186" hits="9" branch="false" />
                <line number="188" hits="19" branch="true" condition-coverage="100% (2/2)" />
                <line number="189" hits="10" branch="false" />
                <line number="190" hits="10" branch="false" />
                <line number="191" hits="10" branch="false" />
                <line number="194" hits="9" branch="false" />
                <line number="195" hits="9" branch="false" />
                <line number="196" hits="9" branch="false" />
                <line number="197" hits="9" branch="false" />
                <line number="201" hits="0" branch="false" />
                <line number="203" hits="3114" branch="false" />
              </lines>
            </method>
            <method name="isOnTop" signature="(...)" line-rate="1" branch-rate="1" complexity="8">
              <lines>
                <line number="217" hits="9389" branch="false" />
                <line number="218" hits="9389" branch="true" condition-coverage="100% (8/8)" />
                <line number="219" hits="28" branch="false" />
                <line number="220" hits="28" branch="false" />
                <line number="223" hits="9361" branch="false" />
                <line number="224" hits="9389" branch="false" />
              </lines>
            </method>
            <method name="isOpOrOpenParen" signature="(...)" line-rate="1" branch-rate="1" complexity="1">
              <lines>
                <line number="228" hits="3228" branch="false" />
                <line number="229" hits="3228" branch="false" />
                <line number="231" hits="3228" branch="false" />
              </lines>
            </method>
            <method name="isOpOrCloseParen" signature="(...)" line-rate="1" branch-rate="1" complexity="1">
              <lines>
                <line number="235" hits="1071" branch="false" />
                <line number="236" hits="1071" branch="false" />
                <line number="238" hits="1071" branch="false" />
              </lines>
            </method>
            <method name="isVariable" signature="(...)" line-rate="1" branch-rate="1" complexity="4">
              <lines>
                <line number="242" hits="123303" branch="false" />
                <line number="244" hits="123303" branch="false" />
                <line number="246" hits="123303" branch="true" condition-coverage="100% (2/2)" />
                <line number="247" hits="118016" branch="false" />
                <line number="248" hits="118016" branch="true" condition-coverage="100% (2/2)" />
                <line number="249" hits="118015" branch="false" />
                <line number="250" hits="1" branch="false" />
                <line number="252" hits="5288" branch="false" />
                <line number="254" hits="123303" branch="false" />
              </lines>
            </method>
            <method name="isNumber" signature="(...)" line-rate="1" branch-rate="1" complexity="2">
              <lines>
                <line number="258" hits="2157" branch="false" />
                <line number="259" hits="2157" branch="true" condition-coverage="100% (2/2)" />
                <line number="260" hits="6" branch="false" />
                <line number="261" hits="2151" branch="false" />
                <line number="262" hits="2157" branch="false" />
              </lines>
            </method>
            <method name="isOperatorAndParentheses" signature="(...)" line-rate="1" branch-rate="1" complexity="1">
              <lines>
                <line number="266" hits="3228" branch="false" />
                <line number="267" hits="3228" branch="false" />
                <line number="269" hits="3228" branch="false" />
              </lines>
            </method>
            <method name="isValidTokens" signature="(...)" line-rate="1" branch-rate="1" complexity="4">
              <lines>
                <line number="273" hits="3228" branch="false" />
                <line number="274" hits="3228" branch="true" condition-coverage="100% (4/4)" />
                <line number="275" hits="3228" branch="false" />
              </lines>
            </method>
            <method name="Evaluate" signature="(...)" line-rate="0.597560975609756" branch-rate="0.576923076923077" complexity="52">
              <lines>
                <line number="299" hits="105203" branch="false" />
                <line number="300" hits="105203" branch="false" />
                <line number="301" hits="105203" branch="false" />
                <line number="303" hits="436498" branch="true" condition-coverage="100% (2/2)" />
                <line number="304" hits="111481" branch="false" />
                <line number="305" hits="111481" branch="false" />
                <line number="307" hits="111481" branch="true" condition-coverage="100% (2/2)" />
                <line number="308" hits="11" branch="false" />
                <line number="309" hits="11" branch="false" />
                <line number="310" hits="11" branch="true" condition-coverage="100% (2/2)" />
                <line number="311" hits="6" branch="false" />
                <line number="312" hits="6" branch="true" condition-coverage="50% (1/2)" />
                <line number="313" hits="6" branch="false" />
                <line number="314" hits="6" branch="false" />
                <line number="316" hits="0" branch="false" />
                <line number="318" hits="5" branch="false" />
                <line number="319" hits="111470" branch="true" condition-coverage="100% (2/2)" />
                <line number="320" hits="108331" branch="false" />
                <line number="322" hits="108331" branch="false" />
                <line number="323" hits="108331" branch="false" />
                <line number="324" hits="6268" branch="false" />
                <line number="325" hits="6268" branch="true" condition-coverage="100% (2/2)" />
                <line number="326" hits="22" branch="false" />
                <line number="328" hits="22" branch="true" condition-coverage="100% (2/2)" />
                <line number="329" hits="4" branch="false" />
                <line number="330" hits="4" branch="false" />
                <line number="332" hits="18" branch="false" />
                <line number="333" hits="108327" branch="false" />
                <line number="334" hits="102063" branch="false" />
                <line number="335" hits="102063" branch="false" />
                <line number="338" hits="6264" branch="false" />
                <line number="339" hits="3139" branch="true" condition-coverage="100% (4/4)" />
                <line number="340" hits="3110" branch="false" />
                <line number="341" hits="3110" branch="true" condition-coverage="50% (1/2)" />
                <line number="342" hits="0" branch="false" />
                <line number="344" hits="0" branch="true" condition-coverage="0% (0/2)" />
                <line number="345" hits="0" branch="false" />
                <line number="346" hits="0" branch="false" />
                <line number="348" hits="0" branch="false" />
                <line number="349" hits="3110" branch="false" />
                <line number="350" hits="3110" branch="false" />
                <line number="351" hits="29" branch="true" condition-coverage="83% (5/6)" />
                <line number="352" hits="29" branch="false" />
                <line number="353" hits="29" branch="false" />
                <line number="354" hits="29" branch="false" />
                <line number="355" hits="0" branch="true" condition-coverage="0% (0/2)" />
                <line number="356" hits="0" branch="false" />
                <line number="358" hits="0" branch="true" condition-coverage="0% (0/2)" />
                <line number="359" hits="0" branch="false" />
                <line number="361" hits="0" branch="true" condition-coverage="0% (0/2)" />
                <line number="362" hits="0" branch="false" />
                <line number="363" hits="0" branch="false" />
                <line number="365" hits="0" branch="false" />
                <line number="368" hits="0" branch="true" condition-coverage="0% (0/4)" />
                <line number="369" hits="0" branch="false" />
                <line number="370" hits="0" branch="false" />
                <line number="371" hits="0" branch="false" />
                <line number="373" hits="0" branch="false" />
                <line number="374" hits="0" branch="false" />
                <line number="378" hits="0" branch="true" condition-coverage="0% (0/2)" />
                <line number="379" hits="0" branch="false" />
                <line number="381" hits="0" branch="true" condition-coverage="0% (0/2)" />
                <line number="382" hits="0" branch="false" />
                <line number="383" hits="0" branch="false" />
                <line number="385" hits="0" branch="false" />
                <line number="386" hits="0" branch="false" />
                <line number="388" hits="0" branch="false" />
                <line number="389" hits="0" branch="false" />
                <line number="391" hits="9408" branch="false" />
                <line number="393" hits="3130" branch="true" condition-coverage="100% (4/4)" />
                <line number="394" hits="44" branch="false" />
                <line number="395" hits="44" branch="false" />
                <line number="397" hits="3086" branch="true" condition-coverage="50% (2/4)" />
                <line number="398" hits="3086" branch="false" />
                <line number="400" hits="3086" branch="true" condition-coverage="50% (1/2)" />
                <line number="401" hits="0" branch="false" />
                <line number="402" hits="0" branch="false" />
                <line number="405" hits="3086" branch="false" />
                <line number="406" hits="3086" branch="false" />
                <line number="410" hits="0" branch="false" />
                <line number="411" hits="0" branch="false" />
                <line number="415" hits="105203" branch="false" />
              </lines>
            </method>
            <method name="GetVariables" signature="()" line-rate="1" branch-rate="1" complexity="4">
              <lines>
                <line number="429" hits="1086" branch="false" />
                <line number="430" hits="1086" branch="false" />
                <line number="431" hits="9714" branch="true" condition-coverage="100% (2/2)" />
                <line number="432" hits="3228" branch="false" />
                <line number="433" hits="3228" branch="true" condition-coverage="100% (2/2)" />
                <line number="434" hits="2151" branch="false" />
                <line number="435" hits="2151" branch="false" />
                <line number="436" hits="2151" branch="false" />
                <line number="437" hits="3228" branch="false" />
                <line number="438" hits="1086" branch="false" />
                <line number="439" hits="1086" branch="false" />
              </lines>
            </method>
            <method name="ToString" signature="()" line-rate="1" branch-rate="1" complexity="2">
              <lines>
                <line number="452" hits="105203" branch="false" />
                <line number="453" hits="105203" branch="false" />
                <line number="454" hits="946683" branch="true" condition-coverage="100% (2/2)" />
                <line number="455" hits="315537" branch="false" />
                <line number="456" hits="315537" branch="false" />
                <line number="457" hits="315537" branch="false" />
                <line number="458" hits="105203" branch="false" />
                <line number="459" hits="105203" branch="false" />
              </lines>
            </method>
            <method name="Equals" signature="(...)" line-rate="0" branch-rate="0" complexity="22">
              <lines>
                <line number="482" hits="0" branch="false" />
                <line number="483" hits="0" branch="true" condition-coverage="0% (0/4)" />
                <line number="484" hits="0" branch="false" />
                <line number="485" hits="0" branch="false" />
                <line number="488" hits="0" branch="false" />
                <line number="489" hits="0" branch="false" />
                <line number="490" hits="0" branch="false" />
                <line number="492" hits="0" branch="true" condition-coverage="0% (0/2)" />
                <line number="493" hits="0" branch="false" />
                <line number="494" hits="0" branch="true" condition-coverage="0% (0/2)" />
                <line number="495" hits="0" branch="false" />
                <line number="497" hits="0" branch="true" condition-coverage="0% (0/2)" />
                <line number="498" hits="0" branch="false" />
                <line number="499" hits="0" branch="true" condition-coverage="0% (0/2)" />
                <line number="500" hits="0" branch="false" />
                <line number="501" hits="0" branch="false" />
                <line number="502" hits="0" branch="true" condition-coverage="0% (0/4)" />
                <line number="503" hits="0" branch="false" />
                <line number="504" hits="0" branch="false" />
                <line number="505" hits="0" branch="false" />
                <line number="506" hits="0" branch="true" condition-coverage="0% (0/2)" />
                <line number="507" hits="0" branch="false" />
                <line number="508" hits="0" branch="false" />
                <line number="509" hits="0" branch="true" condition-coverage="0% (0/2)" />
                <line number="510" hits="0" branch="false" />
                <line number="511" hits="0" branch="true" condition-coverage="0% (0/2)" />
                <line number="512" hits="0" branch="false" />
                <line number="513" hits="0" branch="false" />
                <line number="515" hits="0" branch="false" />
                <line number="516" hits="0" branch="false" />
                <line number="518" hits="0" branch="false" />
                <line number="519" hits="0" branch="false" />
                <line number="522" hits="0" branch="false" />
                <line number="523" hits="0" branch="false" />
              </lines>
            </method>
            <method name="op_Equality" signature="(...)" line-rate="0" branch-rate="0" complexity="4">
              <lines>
                <line number="530" hits="0" branch="false" />
                <line number="531" hits="0" branch="true" condition-coverage="0% (0/4)" />
                <line number="532" hits="0" branch="false" />
                <line number="533" hits="0" branch="false" />
                <line number="535" hits="0" branch="false" />
                <line number="536" hits="0" branch="false" />
              </lines>
            </method>
            <method name="op_Inequality" signature="(...)" line-rate="0" branch-rate="0" complexity="4">
              <lines>
                <line number="543" hits="0" branch="false" />
                <line number="544" hits="0" branch="true" condition-coverage="0% (0/4)" />
                <line number="545" hits="0" branch="false" />
                <line number="546" hits="0" branch="false" />
                <line number="548" hits="0" branch="false" />
                <line number="549" hits="0" branch="false" />
              </lines>
            </method>
            <method name="GetHashCode" signature="()" line-rate="0" branch-rate="0" complexity="6">
              <lines>
                <line number="557" hits="0" branch="false" />
                <line number="558" hits="0" branch="false" />
                <line number="559" hits="0" branch="false" />
                <line number="561" hits="0" branch="true" condition-coverage="0% (0/2)" />
                <line number="562" hits="0" branch="false" />
                <line number="563" hits="0" branch="false" />
                <line number="564" hits="0" branch="true" condition-coverage="0% (0/2)" />
                <line number="565" hits="0" branch="false" />
                <line number="566" hits="0" branch="false" />
                <line number="567" hits="0" branch="false" />
                <line number="568" hits="0" branch="true" condition-coverage="0% (0/2)" />
                <line number="569" hits="0" branch="false" />
                <line number="570" hits="0" branch="false" />
                <line number="571" hits="0" branch="false" />
                <line number="573" hits="0" branch="false" />
                <line number="574" hits="0" branch="false" />
                <line number="575" hits="0" branch="false" />
                <line number="577" hits="0" branch="false" />
                <line number="578" hits="0" branch="false" />
              </lines>
            </method>
            <method name=".ctor" signature="(...)" line-rate="0" branch-rate="1" complexity="1">
              <lines>
                <line number="50" hits="0" branch="false" />
                <line number="51" hits="0" branch="false" />
                <line number="52" hits="0" branch="false" />
              </lines>
            </method>
            <method name=".ctor" signature="(...)" line-rate="0.722222222222222" branch-rate="0.804347826086957" complexity="46">
              <lines>
                <line number="76" hits="1087" branch="false" />
                <line number="77" hits="1087" branch="false" />
                <line number="78" hits="1087" branch="false" />
                <line number="79" hits="1087" branch="false" />
                <line number="81" hits="1087" branch="false" />
                <line number="84" hits="1087" branch="true" condition-coverage="50% (1/2)" />
                <line number="85" hits="0" branch="false" />
                <line number="86" hits="0" branch="false" />
                <line number="90" hits="1087" branch="false" />
                <line number="91" hits="1087" branch="true" condition-coverage="100% (6/6)" />
                <line number="92" hits="1" branch="false" />
                <line number="95" hits="1086" branch="false" />
                <line number="96" hits="1086" branch="true" condition-coverage="83% (5/6)" />
                <line number="97" hits="0" branch="false" />
                <line number="99" hits="1086" branch="false" />
                <line number="100" hits="1086" branch="false" />
                <line number="101" hits="1086" branch="false" />
                <line number="102" hits="1086" branch="false" />
                <line number="104" hits="9714" branch="true" condition-coverage="100% (2/2)" />
                <line number="105" hits="3228" branch="false" />
                <line number="106" hits="3228" branch="false" />
                <line number="110" hits="3228" branch="true" condition-coverage="50% (1/2)" />
                <line number="111" hits="0" branch="false" />
                <line number="112" hits="0" branch="false" />
                <line number="113" hits="0" branch="false" />
                <line number="119" hits="3228" branch="true" condition-coverage="100% (2/2)" />
                <line number="120" hits="1071" branch="false" />
                <line number="121" hits="1071" branch="true" condition-coverage="83% (5/6)" />
                <line number="122" hits="0" branch="false" />
                <line number="123" hits="0" branch="false" />
                <line number="124" hits="1071" branch="false" />
                <line number="125" hits="3228" branch="true" condition-coverage="100% (2/2)" />
                <line number="126" hits="1071" branch="false" />
                <line number="127" hits="2157" branch="false" />
                <line number="131" hits="3228" branch="true" condition-coverage="100% (2/2)" />
                <line number="132" hits="1071" branch="false" />
                <line number="133" hits="1071" branch="true" condition-coverage="50% (1/2)" />
                <line number="134" hits="0" branch="false" />
                <line number="135" hits="0" branch="false" />
                <line number="136" hits="1071" branch="false" />
                <line number="137" hits="3228" branch="true" condition-coverage="100% (6/6)" />
                <line number="138" hits="2157" branch="false" />
                <line number="139" hits="1071" branch="false" />
                <line number="143" hits="3228" branch="true" condition-coverage="50% (1/2)" />
                <line number="144" hits="0" branch="false" />
                <line number="145" hits="3228" branch="true" condition-coverage="50% (1/2)" />
                <line number="146" hits="0" branch="false" />
                <line number="147" hits="3228" branch="true" condition-coverage="50% (1/2)" />
                <line number="148" hits="0" branch="false" />
                <line number="149" hits="0" branch="false" />
                <line number="151" hits="3228" branch="false" />
                <line number="154" hits="1086" branch="true" condition-coverage="50% (1/2)" />
                <line number="155" hits="0" branch="false" />
                <line number="157" hits="1086" branch="false" />
              </lines>
            </method>
            <method name="GetTokens" signature="()" line-rate="1" branch-rate="1" complexity="4">
              <lines>
                <line number="587" hits="215838" branch="false" />
                <line number="589" hits="215838" branch="false" />
                <line number="590" hits="215838" branch="false" />
                <line number="591" hits="215838" branch="false" />
                <line number="592" hits="215838" branch="false" />
                <line number="593" hits="215838" branch="false" />
                <line number="594" hits="215838" branch="false" />
                <line number="597" hits="215838" branch="false" />
                <line number="598" hits="215838" branch="false" />
                <line number="601" hits="4075202" branch="true" condition-coverage="100% (2/2)" />
                <line number="602" hits="1765424" branch="false" />
                <line number="603" hits="1765424" branch="true" condition-coverage="100% (2/2)" />
                <line number="604" hits="441020" branch="false" />
                <line number="605" hits="441020" branch="false" />
                <line number="606" hits="337860" branch="false" />
                <line number="607" hits="1662264" branch="false" />
                <line number="609" hits="112678" branch="false" />
              </lines>
            </method>
          </methods>
          <lines>
            <line number="50" hits="0" branch="false" />
            <line number="51" hits="0" branch="false" />
            <line number="52" hits="0" branch="false" />
            <line number="76" hits="1087" branch="false" />
            <line number="77" hits="1087" branch="false" />
            <line number="78" hits="1087" branch="false" />
            <line number="79" hits="1087" branch="false" />
            <line number="81" hits="1087" branch="false" />
            <line number="84" hits="1087" branch="true" condition-coverage="50% (1/2)" />
            <line number="85" hits="0" branch="false" />
            <line number="86" hits="0" branch="false" />
            <line number="90" hits="1087" branch="false" />
            <line number="91" hits="1087" branch="true" condition-coverage="100% (6/6)" />
            <line number="92" hits="1" branch="false" />
            <line number="95" hits="1086" branch="false" />
            <line number="96" hits="1086" branch="true" condition-coverage="83% (5/6)" />
            <line number="97" hits="0" branch="false" />
            <line number="99" hits="1086" branch="false" />
            <line number="100" hits="1086" branch="false" />
            <line number="101" hits="1086" branch="false" />
            <line number="102" hits="1086" branch="false" />
            <line number="104" hits="9714" branch="true" condition-coverage="100% (2/2)" />
            <line number="105" hits="3228" branch="false" />
            <line number="106" hits="3228" branch="false" />
            <line number="110" hits="3228" branch="true" condition-coverage="50% (1/2)" />
            <line number="111" hits="0" branch="false" />
            <line number="112" hits="0" branch="false" />
            <line number="113" hits="0" branch="false" />
            <line number="119" hits="3228" branch="true" condition-coverage="100% (2/2)" />
            <line number="120" hits="1071" branch="false" />
            <line number="121" hits="1071" branch="true" condition-coverage="83% (5/6)" />
            <line number="122" hits="0" branch="false" />
            <line number="123" hits="0" branch="false" />
            <line number="124" hits="1071" branch="false" />
            <line number="125" hits="3228" branch="true" condition-coverage="100% (2/2)" />
            <line number="126" hits="1071" branch="false" />
            <line number="127" hits="2157" branch="false" />
            <line number="131" hits="3228" branch="true" condition-coverage="100% (2/2)" />
            <line number="132" hits="1071" branch="false" />
            <line number="133" hits="1071" branch="true" condition-coverage="50% (1/2)" />
            <line number="134" hits="0" branch="false" />
            <line number="135" hits="0" branch="false" />
            <line number="136" hits="1071" branch="false" />
            <line number="137" hits="3228" branch="true" condition-coverage="100% (6/6)" />
            <line number="138" hits="2157" branch="false" />
            <line number="139" hits="1071" branch="false" />
            <line number="143" hits="3228" branch="true" condition-coverage="50% (1/2)" />
            <line number="144" hits="0" branch="false" />
            <line number="145" hits="3228" branch="true" condition-coverage="50% (1/2)" />
            <line number="146" hits="0" branch="false" />
            <line number="147" hits="3228" branch="true" condition-coverage="50% (1/2)" />
            <line number="148" hits="0" branch="false" />
            <line number="149" hits="0" branch="false" />
            <line number="151" hits="3228" branch="false" />
            <line number="154" hits="1086" branch="true" condition-coverage="50% (1/2)" />
            <line number="155" hits="0" branch="false" />
            <line number="157" hits="1086" branch="false" />
            <line number="168" hits="3114" branch="false" />
            <line number="169" hits="3114" branch="false" />
            <line number="170" hits="3114" branch="false" />
            <line number="171" hits="3114" branch="false" />
            <line number="172" hits="3114" branch="false" />
            <line number="173" hits="3114" branch="true" condition-coverage="88% (7/8)" />
            <line number="176" hits="3083" branch="false" />
            <line number="177" hits="3083" branch="false" />
            <line number="178" hits="3083" branch="false" />
            <line number="180" hits="3" branch="false" />
            <line number="181" hits="3" branch="false" />
            <line number="182" hits="3" branch="false" />
            <line number="184" hits="9" branch="false" />
            <line number="185" hits="9" branch="false" />
            <line number="186" hits="9" branch="false" />
            <line number="188" hits="19" branch="true" condition-coverage="100% (2/2)" />
            <line number="189" hits="10" branch="false" />
            <line number="190" hits="10" branch="false" />
            <line number="191" hits="10" branch="false" />
            <line number="194" hits="9" branch="false" />
            <line number="195" hits="9" branch="false" />
            <line number="196" hits="9" branch="false" />
            <line number="197" hits="9" branch="false" />
            <line number="201" hits="0" branch="false" />
            <line number="203" hits="3114" branch="false" />
            <line number="217" hits="9389" branch="false" />
            <line number="218" hits="9389" branch="true" condition-coverage="100% (8/8)" />
            <line number="219" hits="28" branch="false" />
            <line number="220" hits="28" branch="false" />
            <line number="223" hits="9361" branch="false" />
            <line number="224" hits="9389" branch="false" />
            <line number="228" hits="3228" branch="false" />
            <line number="229" hits="3228" branch="false" />
            <line number="231" hits="3228" branch="false" />
            <line number="235" hits="1071" branch="false" />
            <line number="236" hits="1071" branch="false" />
            <line number="238" hits="1071" branch="false" />
            <line number="242" hits="123303" branch="false" />
            <line number="244" hits="123303" branch="false" />
            <line number="246" hits="123303" branch="true" condition-coverage="100% (2/2)" />
            <line number="247" hits="118016" branch="false" />
            <line number="248" hits="118016" branch="true" condition-coverage="100% (2/2)" />
            <line number="249" hits="118015" branch="false" />
            <line number="250" hits="1" branch="false" />
            <line number="252" hits="5288" branch="false" />
            <line number="254" hits="123303" branch="false" />
            <line number="258" hits="2157" branch="false" />
            <line number="259" hits="2157" branch="true" condition-coverage="100% (2/2)" />
            <line number="260" hits="6" branch="false" />
            <line number="261" hits="2151" branch="false" />
            <line number="262" hits="2157" branch="false" />
            <line number="266" hits="3228" branch="false" />
            <line number="267" hits="3228" branch="false" />
            <line number="269" hits="3228" branch="false" />
            <line number="273" hits="3228" branch="false" />
            <line number="274" hits="3228" branch="true" condition-coverage="100% (4/4)" />
            <line number="275" hits="3228" branch="false" />
            <line number="299" hits="105203" branch="false" />
            <line number="300" hits="105203" branch="false" />
            <line number="301" hits="105203" branch="false" />
            <line number="303" hits="436498" branch="true" condition-coverage="100% (2/2)" />
            <line number="304" hits="111481" branch="false" />
            <line number="305" hits="111481" branch="false" />
            <line number="307" hits="111481" branch="true" condition-coverage="100% (2/2)" />
            <line number="308" hits="11" branch="false" />
            <line number="309" hits="11" branch="false" />
            <line number="310" hits="11" branch="true" condition-coverage="100% (2/2)" />
            <line number="311" hits="6" branch="false" />
            <line number="312" hits="6" branch="true" condition-coverage="50% (1/2)" />
            <line number="313" hits="6" branch="false" />
            <line number="314" hits="6" branch="false" />
            <line number="316" hits="0" branch="false" />
            <line number="318" hits="5" branch="false" />
            <line number="319" hits="111470" branch="true" condition-coverage="100% (2/2)" />
            <line number="320" hits="108331" branch="false" />
            <line number="322" hits="108331" branch="false" />
            <line number="323" hits="108331" branch="false" />
            <line number="324" hits="6268" branch="false" />
            <line number="325" hits="6268" branch="true" condition-coverage="100% (2/2)" />
            <line number="326" hits="22" branch="false" />
            <line number="328" hits="22" branch="true" condition-coverage="100% (2/2)" />
            <line number="329" hits="4" branch="false" />
            <line number="330" hits="4" branch="false" />
            <line number="332" hits="18" branch="false" />
            <line number="333" hits="108327" branch="false" />
            <line number="334" hits="102063" branch="false" />
            <line number="335" hits="102063" branch="false" />
            <line number="338" hits="6264" branch="false" />
            <line number="339" hits="3139" branch="true" condition-coverage="100% (4/4)" />
            <line number="340" hits="3110" branch="false" />
            <line number="341" hits="3110" branch="true" condition-coverage="50% (1/2)" />
            <line number="342" hits="0" branch="false" />
            <line number="344" hits="0" branch="true" condition-coverage="0% (0/2)" />
            <line number="345" hits="0" branch="false" />
            <line number="346" hits="0" branch="false" />
            <line number="348" hits="0" branch="false" />
            <line number="349" hits="3110" branch="false" />
            <line number="350" hits="3110" branch="false" />
            <line number="351" hits="29" branch="true" condition-coverage="83% (5/6)" />
            <line number="352" hits="29" branch="false" />
            <line number="353" hits="29" branch="false" />
            <line number="354" hits="29" branch="false" />
            <line number="355" hits="0" branch="true" condition-coverage="0% (0/2)" />
            <line number="356" hits="0" branch="false" />
            <line number="358" hits="0" branch="true" condition-coverage="0% (0/2)" />
            <line number="359" hits="0" branch="false" />
            <line number="361" hits="0" branch="true" condition-coverage="0% (0/2)" />
            <line number="362" hits="0" branch="false" />
            <line number="363" hits="0" branch="false" />
            <line number="365" hits="0" branch="false" />
            <line number="368" hits="0" branch="true" condition-coverage="0% (0/4)" />
            <line number="369" hits="0" branch="false" />
            <line number="370" hits="0" branch="false" />
            <line number="371" hits="0" branch="false" />
            <line number="373" hits="0" branch="false" />
            <line number="374" hits="0" branch="false" />
            <line number="378" hits="0" branch="true" condition-coverage="0% (0/2)" />
            <line number="379" hits="0" branch="false" />
            <line number="381" hits="0" branch="true" condition-coverage="0% (0/2)" />
            <line number="382" hits="0" branch="false" />
            <line number="383" hits="0" branch="false" />
            <line number="385" hits="0" branch="false" />
            <line number="386" hits="0" branch="false" />
            <line number="388" hits="0" branch="false" />
            <line number="389" hits="0" branch="false" />
            <line number="391" hits="9408" branch="false" />
            <line number="393" hits="3130" branch="true" condition-coverage="100% (4/4)" />
            <line number="394" hits="44" branch="false" />
            <line number="395" hits="44" branch="false" />
            <line number="397" hits="3086" branch="true" condition-coverage="50% (2/4)" />
            <line number="398" hits="3086" branch="false" />
            <line number="400" hits="3086" branch="true" condition-coverage="50% (1/2)" />
            <line number="401" hits="0" branch="false" />
            <line number="402" hits="0" branch="false" />
            <line number="405" hits="3086" branch="false" />
            <line number="406" hits="3086" branch="false" />
            <line number="410" hits="0" branch="false" />
            <line number="411" hits="0" branch="false" />
            <line number="415" hits="105203" branch="false" />
            <line number="429" hits="1086" branch="false" />
            <line number="430" hits="1086" branch="false" />
            <line number="431" hits="9714" branch="true" condition-coverage="100% (2/2)" />
            <line number="432" hits="3228" branch="false" />
            <line number="433" hits="3228" branch="true" condition-coverage="100% (2/2)" />
            <line number="434" hits="2151" branch="false" />
            <line number="435" hits="2151" branch="false" />
            <line number="436" hits="2151" branch="false" />
            <line number="437" hits="3228" branch="false" />
            <line number="438" hits="1086" branch="false" />
            <line number="439" hits="1086" branch="false" />
            <line number="452" hits="105203" branch="false" />
            <line number="453" hits="105203" branch="false" />
            <line number="454" hits="946683" branch="true" condition-coverage="100% (2/2)" />
            <line number="455" hits="315537" branch="false" />
            <line number="456" hits="315537" branch="false" />
            <line number="457" hits="315537" branch="false" />
            <line number="458" hits="105203" branch="false" />
            <line number="459" hits="105203" branch="false" />
            <line number="482" hits="0" branch="false" />
            <line number="483" hits="0" branch="true" condition-coverage="0% (0/4)" />
            <line number="484" hits="0" branch="false" />
            <line number="485" hits="0" branch="false" />
            <line number="488" hits="0" branch="false" />
            <line number="489" hits="0" branch="false" />
            <line number="490" hits="0" branch="false" />
            <line number="492" hits="0" branch="true" condition-coverage="0% (0/2)" />
            <line number="493" hits="0" branch="false" />
            <line number="494" hits="0" branch="true" condition-coverage="0% (0/2)" />
            <line number="495" hits="0" branch="false" />
            <line number="497" hits="0" branch="true" condition-coverage="0% (0/2)" />
            <line number="498" hits="0" branch="false" />
            <line number="499" hits="0" branch="true" condition-coverage="0% (0/2)" />
            <line number="500" hits="0" branch="false" />
            <line number="501" hits="0" branch="false" />
            <line number="502" hits="0" branch="true" condition-coverage="0% (0/4)" />
            <line number="503" hits="0" branch="false" />
            <line number="504" hits="0" branch="false" />
            <line number="505" hits="0" branch="false" />
            <line number="506" hits="0" branch="true" condition-coverage="0% (0/2)" />
            <line number="507" hits="0" branch="false" />
            <line number="508" hits="0" branch="false" />
            <line number="509" hits="0" branch="true" condition-coverage="0% (0/2)" />
            <line number="510" hits="0" branch="false" />
            <line number="511" hits="0" branch="true" condition-coverage="0% (0/2)" />
            <line number="512" hits="0" branch="false" />
            <line number="513" hits="0" branch="false" />
            <line number="515" hits="0" branch="false" />
            <line number="516" hits="0" branch="false" />
            <line number="518" hits="0" branch="false" />
            <line number="519" hits="0" branch="false" />
            <line number="522" hits="0" branch="false" />
            <line number="523" hits="0" branch="false" />
            <line number="530" hits="0" branch="false" />
            <line number="531" hits="0" branch="true" condition-coverage="0% (0/4)" />
            <line number="532" hits="0" branch="false" />
            <line number="533" hits="0" branch="false" />
            <line number="535" hits="0" branch="false" />
            <line number="536" hits="0" branch="false" />
            <line number="543" hits="0" branch="false" />
            <line number="544" hits="0" branch="true" condition-coverage="0% (0/4)" />
            <line number="545" hits="0" branch="false" />
            <line number="546" hits="0" branch="false" />
            <line number="548" hits="0" branch="false" />
            <line number="549" hits="0" branch="false" />
            <line number="557" hits="0" branch="false" />
            <line number="558" hits="0" branch="false" />
            <line number="559" hits="0" branch="false" />
            <line number="561" hits="0" branch="true" condition-coverage="0% (0/2)" />
            <line number="562" hits="0" branch="false" />
            <line number="563" hits="0" branch="false" />
            <line number="564" hits="0" branch="true" condition-coverage="0% (0/2)" />
            <line number="565" hits="0" branch="false" />
            <line number="566" hits="0" branch="false" />
            <line number="567" hits="0" branch="false" />
            <line number="568" hits="0" branch="true" condition-coverage="0% (0/2)" />
            <line number="569" hits="0" branch="false" />
            <line number="570" hits="0" branch="false" />
            <line number="571" hits="0" branch="false" />
            <line number="573" hits="0" branch="false" />
            <line number="574" hits="0" branch="false" />
            <line number="575" hits="0" branch="false" />
            <line number="577" hits="0" branch="false" />
            <line number="578" hits="0" branch="false" />
            <line number="587" hits="215838" branch="false" />
            <line number="589" hits="215838" branch="false" />
            <line number="590" hits="215838" branch="false" />
            <line number="591" hits="215838" branch="false" />
            <line number="592" hits="215838" branch="false" />
            <line number="593" hits="215838" branch="false" />
            <line number="594" hits="215838" branch="false" />
            <line number="597" hits="215838" branch="false" />
            <line number="598" hits="215838" branch="false" />
            <line number="601" hits="4075202" branch="true" condition-coverage="100% (2/2)" />
            <line number="602" hits="1765424" branch="false" />
            <line number="603" hits="1765424" branch="true" condition-coverage="100% (2/2)" />
            <line number="604" hits="441020" branch="false" />
            <line number="605" hits="441020" branch="false" />
            <line number="606" hits="337860" branch="false" />
            <line number="607" hits="1662264" branch="false" />
            <line number="609" hits="112678" branch="false" />
          </lines>
        </class>
        <class name="SpreadsheetUtilities.FormulaError" filename="C:\Users\Andy Tran\source\repos\spreadsheet-AndyTran97\Spreadsheet\Formula\Formula.cs" line-rate="1" branch-rate="1" complexity="2">
          <methods>
            <method name="get_Reason" signature="()" line-rate="1" branch-rate="1" complexity="1">
              <lines>
                <line number="644" hits="102073" branch="false" />
              </lines>
            </method>
            <method name=".ctor" signature="(...)" line-rate="1" branch-rate="1" complexity="1">
              <lines>
                <line number="636" hits="102073" branch="false" />
                <line number="637" hits="102073" branch="false" />
                <line number="638" hits="102073" branch="false" />
                <line number="639" hits="102073" branch="false" />
              </lines>
            </method>
          </methods>
          <lines>
            <line number="636" hits="102073" branch="false" />
            <line number="637" hits="102073" branch="false" />
            <line number="638" hits="102073" branch="false" />
            <line number="639" hits="102073" branch="false" />
            <line number="644" hits="102073" branch="false" />
          </lines>
        </class>
        <class name="SpreadsheetUtilities.FormulaFormatException" filename="C:\Users\Andy Tran\source\repos\spreadsheet-AndyTran97\Spreadsheet\Formula\Formula.cs" line-rate="1" branch-rate="1" complexity="1">
          <methods>
            <method name=".ctor" signature="(...)" line-rate="1" branch-rate="1" complexity="1">
              <lines>
                <line number="621" hits="1" branch="false" />
                <line number="622" hits="1" branch="false" />
                <line number="623" hits="1" branch="false" />
              </lines>
            </method>
          </methods>
          <lines>
            <line number="621" hits="1" branch="false" />
            <line number="622" hits="1" branch="false" />
            <line number="623" hits="1" branch="false" />
          </lines>
        </class>
      </classes>
    </package>
    <package name="PS5GradingTests" line-rate="0.972906403940887" branch-rate="1" complexity="124">
      <classes>
        <class name="AutoGeneratedProgram" filename="C:\Users\Andy Tran\.nuget\packages\microsoft.net.test.sdk\17.1.0\build\netcoreapp2.1\Microsoft.NET.Test.Sdk.Program.cs" line-rate="0" branch-rate="1" complexity="1">
          <methods>
            <method name="Main" signature="(...)" line-rate="0" branch-rate="1" complexity="1">
              <lines>
                <line number="4" hits="0" branch="false" />
              </lines>
            </method>
          </methods>
          <lines>
            <line number="4" hits="0" branch="false" />
          </lines>
        </class>
        <class name="SpreadsheetTester.GradingTests" filename="C:\Users\Andy Tran\source\repos\spreadsheet-AndyTran97\Spreadsheet\PS5GradingTests\UnitTest1.cs" line-rate="0.975308641975309" branch-rate="1" complexity="123">
          <methods>
            <method name="VV" signature="(...)" line-rate="1" branch-rate="1" complexity="4">
              <lines>
                <line number="27" hits="61" branch="false" />
                <line number="28" hits="480" branch="true" condition-coverage="100% (2/2)" />
                <line number="29" hits="179" branch="false" />
                <line number="30" hits="179" branch="true" condition-coverage="100% (2/2)" />
                <line number="31" hits="167" branch="false" />
                <line number="32" hits="167" branch="false" />
                <line number="33" hits="167" branch="false" />
                <line number="35" hits="12" branch="false" />
                <line number="36" hits="12" branch="false" />
                <line number="37" hits="12" branch="false" />
                <line number="38" hits="179" branch="false" />
                <line number="39" hits="61" branch="false" />
              </lines>
            </method>
            <method name="Set" signature="(...)" line-rate="1" branch-rate="1" complexity="1">
              <lines>
                <line number="44" hits="162" branch="false" />
                <line number="45" hits="162" branch="false" />
                <line number="46" hits="162" branch="false" />
                <line number="47" hits="162" branch="false" />
              </lines>
            </method>
            <method name="IsValidTest1" signature="()" line-rate="1" branch-rate="1" complexity="1">
              <lines>
                <line number="53" hits="1" branch="false" />
                <line number="54" hits="1" branch="false" />
                <line number="55" hits="1" branch="false" />
                <line number="56" hits="1" branch="false" />
              </lines>
            </method>
            <method name="IsValidTest2" signature="()" line-rate="0.75" branch-rate="1" complexity="1">
              <lines>
                <line number="62" hits="1" branch="false" />
                <line number="63" hits="2" branch="false" />
                <line number="64" hits="1" branch="false" />
                <line number="65" hits="0" branch="false" />
              </lines>
            </method>
            <method name="IsValidTest3" signature="()" line-rate="1" branch-rate="1" complexity="1">
              <lines>
                <line number="70" hits="1" branch="false" />
                <line number="71" hits="1" branch="false" />
                <line number="72" hits="1" branch="false" />
                <line number="73" hits="1" branch="false" />
              </lines>
            </method>
            <method name="IsValidTest4" signature="()" line-rate="0.75" branch-rate="1" complexity="1">
              <lines>
                <line number="79" hits="1" branch="false" />
                <line number="80" hits="5" branch="false" />
                <line number="81" hits="1" branch="false" />
                <line number="82" hits="0" branch="false" />
              </lines>
            </method>
            <method name="NormalizeTest1" signature="()" line-rate="1" branch-rate="1" complexity="1">
              <lines>
                <line number="88" hits="1" branch="false" />
                <line number="89" hits="1" branch="false" />
                <line number="90" hits="1" branch="false" />
                <line number="91" hits="1" branch="false" />
                <line number="92" hits="1" branch="false" />
              </lines>
            </method>
            <method name="NormalizeTest2" signature="()" line-rate="1" branch-rate="1" complexity="1">
              <lines>
                <line number="97" hits="1" branch="false" />
                <line number="98" hits="5" branch="false" />
                <line number="99" hits="1" branch="false" />
                <line number="100" hits="1" branch="false" />
                <line number="101" hits="1" branch="false" />
              </lines>
            </method>
            <method name="NormalizeTest3" signature="()" line-rate="1" branch-rate="1" complexity="1">
              <lines>
                <line number="106" hits="1" branch="false" />
                <line number="107" hits="1" branch="false" />
                <line number="108" hits="1" branch="false" />
                <line number="109" hits="1" branch="false" />
                <line number="110" hits="1" branch="false" />
                <line number="111" hits="1" branch="false" />
                <line number="112" hits="1" branch="false" />
              </lines>
            </method>
            <method name="NormalizeTest4" signature="()" line-rate="1" branch-rate="1" complexity="1">
              <lines>
                <line number="117" hits="1" branch="false" />
                <line number="118" hits="28" branch="false" />
                <line number="119" hits="1" branch="false" />
                <line number="120" hits="1" branch="false" />
                <line number="121" hits="1" branch="false" />
                <line number="122" hits="1" branch="false" />
                <line number="123" hits="1" branch="false" />
              </lines>
            </method>
            <method name="EmptySheet" signature="()" line-rate="1" branch-rate="1" complexity="1">
              <lines>
                <line number="129" hits="1" branch="false" />
                <line number="130" hits="1" branch="false" />
                <line number="131" hits="1" branch="false" />
                <line number="132" hits="1" branch="false" />
              </lines>
            </method>
            <method name="OneString" signature="()" line-rate="1" branch-rate="1" complexity="1">
              <lines>
                <line number="138" hits="1" branch="false" />
                <line number="139" hits="1" branch="false" />
                <line number="140" hits="1" branch="false" />
                <line number="141" hits="1" branch="false" />
              </lines>
            </method>
            <method name="OneString" signature="(...)" line-rate="1" branch-rate="1" complexity="1">
              <lines>
                <line number="144" hits="2" branch="false" />
                <line number="145" hits="2" branch="false" />
                <line number="146" hits="2" branch="false" />
                <line number="147" hits="2" branch="false" />
              </lines>
            </method>
            <method name="OneNumber" signature="()" line-rate="1" branch-rate="1" complexity="1">
              <lines>
                <line number="153" hits="1" branch="false" />
                <line number="154" hits="1" branch="false" />
                <line number="155" hits="1" branch="false" />
                <line number="156" hits="1" branch="false" />
              </lines>
            </method>
            <method name="OneNumber" signature="(...)" line-rate="1" branch-rate="1" complexity="1">
              <lines>
                <line number="159" hits="2" branch="false" />
                <line number="160" hits="2" branch="false" />
                <line number="161" hits="2" branch="false" />
                <line number="162" hits="2" branch="false" />
              </lines>
            </method>
            <method name="OneFormula" signature="()" line-rate="1" branch-rate="1" complexity="1">
              <lines>
                <line number="168" hits="1" branch="false" />
                <line number="169" hits="1" branch="false" />
                <line number="170" hits="1" branch="false" />
                <line number="171" hits="1" branch="false" />
              </lines>
            </method>
            <method name="OneFormula" signature="(...)" line-rate="1" branch-rate="1" complexity="1">
              <lines>
                <line number="174" hits="2" branch="false" />
                <line number="175" hits="2" branch="false" />
                <line number="176" hits="2" branch="false" />
                <line number="177" hits="2" branch="false" />
                <line number="178" hits="2" branch="false" />
                <line number="179" hits="2" branch="false" />
              </lines>
            </method>
            <method name="ChangedAfterModify" signature="()" line-rate="1" branch-rate="1" complexity="1">
              <lines>
                <line number="185" hits="1" branch="false" />
                <line number="186" hits="1" branch="false" />
                <line number="187" hits="1" branch="false" />
                <line number="188" hits="1" branch="false" />
                <line number="189" hits="1" branch="false" />
                <line number="190" hits="1" branch="false" />
              </lines>
            </method>
            <method name="UnChangedAfterSave" signature="()" line-rate="1" branch-rate="1" complexity="1">
              <lines>
                <line number="195" hits="1" branch="false" />
                <line number="196" hits="1" branch="false" />
                <line number="197" hits="1" branch="false" />
                <line number="198" hits="1" branch="false" />
                <line number="199" hits="1" branch="false" />
                <line number="200" hits="1" branch="false" />
              </lines>
            </method>
            <method name="DivisionByZero1" signature="()" line-rate="1" branch-rate="1" complexity="1">
              <lines>
                <line number="206" hits="1" branch="false" />
                <line number="207" hits="1" branch="false" />
                <line number="208" hits="1" branch="false" />
                <line number="209" hits="1" branch="false" />
              </lines>
            </method>
            <method name="DivisionByZero1" signature="(...)" line-rate="1" branch-rate="1" complexity="1">
              <lines>
                <line number="212" hits="2" branch="false" />
                <line number="213" hits="2" branch="false" />
                <line number="214" hits="2" branch="false" />
                <line number="215" hits="2" branch="false" />
                <line number="216" hits="2" branch="false" />
                <line number="217" hits="2" branch="false" />
              </lines>
            </method>
            <method name="DivisionByZero2" signature="()" line-rate="1" branch-rate="1" complexity="1">
              <lines>
                <line number="222" hits="1" branch="false" />
                <line number="223" hits="1" branch="false" />
                <line number="224" hits="1" branch="false" />
                <line number="225" hits="1" branch="false" />
              </lines>
            </method>
            <method name="DivisionByZero2" signature="(...)" line-rate="1" branch-rate="1" complexity="1">
              <lines>
                <line number="228" hits="2" branch="false" />
                <line number="229" hits="2" branch="false" />
                <line number="230" hits="2" branch="false" />
                <line number="231" hits="2" branch="false" />
                <line number="232" hits="2" branch="false" />
              </lines>
            </method>
            <method name="EmptyArgument" signature="()" line-rate="1" branch-rate="1" complexity="1">
              <lines>
                <line number="239" hits="1" branch="false" />
                <line number="240" hits="1" branch="false" />
                <line number="241" hits="1" branch="false" />
                <line number="242" hits="1" branch="false" />
              </lines>
            </method>
            <method name="EmptyArgument" signature="(...)" line-rate="1" branch-rate="1" complexity="1">
              <lines>
                <line number="245" hits="1" branch="false" />
                <line number="246" hits="1" branch="false" />
                <line number="247" hits="1" branch="false" />
                <line number="248" hits="1" branch="false" />
                <line number="249" hits="1" branch="false" />
              </lines>
            </method>
            <method name="StringArgument" signature="()" line-rate="1" branch-rate="1" complexity="1">
              <lines>
                <line number="255" hits="1" branch="false" />
                <line number="256" hits="1" branch="false" />
                <line number="257" hits="1" branch="false" />
                <line number="258" hits="1" branch="false" />
              </lines>
            </method>
            <method name="StringArgument" signature="(...)" line-rate="1" branch-rate="1" complexity="1">
              <lines>
                <line number="261" hits="2" branch="false" />
                <line number="262" hits="2" branch="false" />
                <line number="263" hits="2" branch="false" />
                <line number="264" hits="2" branch="false" />
                <line number="265" hits="2" branch="false" />
                <line number="266" hits="2" branch="false" />
              </lines>
            </method>
            <method name="ErrorArgument" signature="()" line-rate="1" branch-rate="1" complexity="1">
              <lines>
                <line number="272" hits="1" branch="false" />
                <line number="273" hits="1" branch="false" />
                <line number="274" hits="1" branch="false" />
                <line number="275" hits="1" branch="false" />
              </lines>
            </method>
            <method name="ErrorArgument" signature="(...)" line-rate="1" branch-rate="1" complexity="1">
              <lines>
                <line number="278" hits="2" branch="false" />
                <line number="279" hits="2" branch="false" />
                <line number="280" hits="2" branch="false" />
                <line number="281" hits="2" branch="false" />
                <line number="282" hits="2" branch="false" />
                <line number="283" hits="2" branch="false" />
                <line number="284" hits="2" branch="false" />
              </lines>
            </method>
            <method name="NumberFormula1" signature="()" line-rate="1" branch-rate="1" complexity="1">
              <lines>
                <line number="290" hits="1" branch="false" />
                <line number="291" hits="1" branch="false" />
                <line number="292" hits="1" branch="false" />
                <line number="293" hits="1" branch="false" />
              </lines>
            </method>
            <method name="NumberFormula1" signature="(...)" line-rate="1" branch-rate="1" complexity="1">
              <lines>
                <line number="296" hits="2" branch="false" />
                <line number="297" hits="2" branch="false" />
                <line number="298" hits="2" branch="false" />
                <line number="299" hits="2" branch="false" />
                <line number="300" hits="2" branch="false" />
              </lines>
            </method>
            <method name="NumberFormula2" signature="()" line-rate="1" branch-rate="1" complexity="1">
              <lines>
                <line number="306" hits="1" branch="false" />
                <line number="307" hits="1" branch="false" />
                <line number="308" hits="1" branch="false" />
                <line number="309" hits="1" branch="false" />
              </lines>
            </method>
            <method name="NumberFormula2" signature="(...)" line-rate="1" branch-rate="1" complexity="1">
              <lines>
                <line number="312" hits="2" branch="false" />
                <line number="313" hits="2" branch="false" />
                <line number="314" hits="2" branch="false" />
                <line number="315" hits="2" branch="false" />
              </lines>
            </method>
            <method name="RepeatSimpleTests" signature="()" line-rate="1" branch-rate="1" complexity="1">
              <lines>
                <line number="322" hits="1" branch="false" />
                <line number="323" hits="1" branch="false" />
                <line number="324" hits="1" branch="false" />
                <line number="325" hits="1" branch="false" />
                <line number="326" hits="1" branch="false" />
                <line number="327" hits="1" branch="false" />
                <line number="328" hits="1" branch="false" />
                <line number="329" hits="1" branch="false" />
                <line number="330" hits="1" branch="false" />
                <line number="331" hits="1" branch="false" />
                <line number="332" hits="1" branch="false" />
                <line number="333" hits="1" branch="false" />
                <line number="334" hits="1" branch="false" />
                <line number="335" hits="1" branch="false" />
                <line number="336" hits="1" branch="false" />
              </lines>
            </method>
            <method name="Formulas" signature="()" line-rate="1" branch-rate="1" complexity="1">
              <lines>
                <line number="342" hits="3" branch="false" />
                <line number="343" hits="3" branch="false" />
                <line number="344" hits="3" branch="false" />
                <line number="345" hits="3" branch="false" />
              </lines>
            </method>
            <method name="Formulas" signature="(...)" line-rate="1" branch-rate="1" complexity="1">
              <lines>
                <line number="348" hits="3" branch="false" />
                <line number="349" hits="3" branch="false" />
                <line number="350" hits="3" branch="false" />
                <line number="351" hits="3" branch="false" />
                <line number="352" hits="3" branch="false" />
                <line number="353" hits="3" branch="false" />
                <line number="354" hits="3" branch="false" />
                <line number="355" hits="3" branch="false" />
[...]
                <line number="459" hits="218093" branch="false" />
                <line number="462" hits="1" branch="false" />
                <line number="464" hits="218094" branch="false" />
              </lines>
            </method>
            <method name="SetCellContentsHelper" signature="(...)" line-rate="1" branch-rate="1" complexity="2">
              <lines>
                <line number="472" hits="1214" branch="false" />
                <line number="474" hits="1214" branch="true" condition-coverage="100% (2/2)" />
                <line number="475" hits="57" branch="false" />
                <line number="476" hits="57" branch="false" />
                <line number="477" hits="57" branch="false" />
                <line number="479" hits="1157" branch="false" />
                <line number="480" hits="1157" branch="false" />
                <line number="481" hits="1157" branch="false" />
                <line number="482" hits="1157" branch="false" />
                <line number="483" hits="1214" branch="false" />
                <line number="484" hits="1214" branch="false" />
              </lines>
            </method>
            <method name=".ctor" signature="()" line-rate="1" branch-rate="1" complexity="1">
              <lines>
                <line number="37" hits="1097923" branch="false" />
                <line number="38" hits="56" branch="false" />
                <line number="39" hits="56" branch="false" />
                <line number="40" hits="56" branch="false" />
                <line number="41" hits="56" branch="false" />
                <line number="42" hits="56" branch="false" />
              </lines>
            </method>
            <method name=".ctor" signature="(...)" line-rate="1" branch-rate="1" complexity="1">
              <lines>
                <line number="45" hits="67" branch="false" />
                <line number="46" hits="67" branch="false" />
                <line number="47" hits="67" branch="false" />
                <line number="48" hits="67" branch="false" />
                <line number="49" hits="67" branch="false" />
                <line number="50" hits="67" branch="false" />
              </lines>
            </method>
            <method name=".ctor" signature="(...)" line-rate="0.612903225806452" branch-rate="1" complexity="8">
              <lines>
                <line number="53" hits="7" branch="false" />
                <line number="54" hits="7" branch="false" />
                <line number="56" hits="7" branch="true" condition-coverage="100% (2/2)" />
                <line number="57" hits="1" branch="false" />
                <line number="60" hits="4" branch="false" />
                <line number="61" hits="4" branch="false" />
                <line number="64" hits="4" branch="false" />
                <line number="65" hits="4" branch="true" condition-coverage="100% (2/2)" />
                <line number="66" hits="4" branch="false" />
                <line number="67" hits="50" branch="true" condition-coverage="100% (2/2)" />
                <line number="68" hits="19" branch="false" />
                <line number="69" hits="19" branch="true" condition-coverage="100% (2/2)" />
                <line number="70" hits="19" branch="false" />
                <line number="71" hits="19" branch="false" />
                <line number="72" hits="19" branch="false" />
                <line number="74" hits="19" branch="false" />
                <line number="75" hits="4" branch="false" />
                <line number="78" hits="4" branch="false" />
                <line number="79" hits="0" branch="false" />
                <line number="80" hits="0" branch="false" />
                <line number="81" hits="0" branch="false" />
                <line number="83" hits="0" branch="false" />
                <line number="84" hits="0" branch="false" />
                <line number="85" hits="0" branch="false" />
                <line number="87" hits="0" branch="false" />
                <line number="88" hits="0" branch="false" />
                <line number="89" hits="0" branch="false" />
                <line number="91" hits="0" branch="false" />
                <line number="92" hits="0" branch="false" />
                <line number="93" hits="0" branch="false" />
                <line number="96" hits="4" branch="false" />
              </lines>
            </method>
            <method name="get_Content" signature="()" line-rate="1" branch-rate="1" complexity="1">
              <lines>
                <line number="496" hits="212044" branch="false" />
              </lines>
            </method>
            <method name="get_Value" signature="()" line-rate="1" branch-rate="1" complexity="1">
              <lines>
                <line number="499" hits="319226" branch="false" />
              </lines>
            </method>
            <method name="get_StringForm" signature="()" line-rate="1" branch-rate="1" complexity="1">
              <lines>
                <line number="502" hits="106622" branch="false" />
              </lines>
            </method>
            <method name="UpdateField" signature="(...)" line-rate="1" branch-rate="1" complexity="4">
              <lines>
                <line number="513" hits="105331" branch="false" />
                <line number="514" hits="105331" branch="false" />
                <line number="515" hits="105331" branch="true" condition-coverage="100% (2/2)" />
                <line number="516" hits="105203" branch="false" />
                <line number="517" hits="105203" branch="false" />
                <line number="518" hits="105203" branch="false" />
                <line number="519" hits="105203" branch="false" />
                <line number="520" hits="128" branch="true" condition-coverage="100% (2/2)" />
                <line number="521" hits="128" branch="false" />
                <line number="522" hits="128" branch="false" />
                <line number="523" hits="128" branch="false" />
                <line number="524" hits="105331" branch="false" />
              </lines>
            </method>
            <method name=".ctor" signature="(...)" line-rate="1" branch-rate="1" complexity="1">
              <lines>
                <line number="504" hits="1195" branch="false" />
                <line number="505" hits="1195" branch="false" />
                <line number="506" hits="1195" branch="false" />
                <line number="507" hits="1195" branch="false" />
                <line number="508" hits="1195" branch="false" />
                <line number="509" hits="1195" branch="false" />
              </lines>
            </method>
          </methods>
          <lines>
            <line number="37" hits="1097923" branch="false" />
            <line number="38" hits="56" branch="false" />
            <line number="39" hits="56" branch="false" />
            <line number="40" hits="56" branch="false" />
            <line number="41" hits="56" branch="false" />
            <line number="42" hits="56" branch="false" />
            <line number="45" hits="67" branch="false" />
            <line number="46" hits="67" branch="false" />
            <line number="47" hits="67" branch="false" />
            <line number="48" hits="67" branch="false" />
            <line number="49" hits="67" branch="false" />
            <line number="50" hits="67" branch="false" />
            <line number="53" hits="7" branch="false" />
            <line number="54" hits="7" branch="false" />
            <line number="56" hits="7" branch="true" condition-coverage="100% (2/2)" />
            <line number="57" hits="1" branch="false" />
            <line number="60" hits="4" branch="false" />
            <line number="61" hits="4" branch="false" />
            <line number="64" hits="4" branch="false" />
            <line number="65" hits="4" branch="true" condition-coverage="100% (2/2)" />
            <line number="66" hits="4" branch="false" />
            <line number="67" hits="50" branch="true" condition-coverage="100% (2/2)" />
            <line number="68" hits="19" branch="false" />
            <line number="69" hits="19" branch="true" condition-coverage="100% (2/2)" />
            <line number="70" hits="19" branch="false" />
            <line number="71" hits="19" branch="false" />
            <line number="72" hits="19" branch="false" />
            <line number="74" hits="19" branch="false" />
            <line number="75" hits="4" branch="false" />
            <line number="78" hits="4" branch="false" />
            <line number="79" hits="0" branch="false" />
            <line number="80" hits="0" branch="false" />
            <line number="81" hits="0" branch="false" />
            <line number="83" hits="0" branch="false" />
            <line number="84" hits="0" branch="false" />
            <line number="85" hits="0" branch="false" />
            <line number="87" hits="0" branch="false" />
            <line number="88" hits="0" branch="false" />
            <line number="89" hits="0" branch="false" />
            <line number="91" hits="0" branch="false" />
            <line number="92" hits="0" branch="false" />
            <line number="93" hits="0" branch="false" />
            <line number="96" hits="4" branch="false" />
            <line number="105" hits="9" branch="false" />
            <line number="106" hits="4029" branch="false" />
            <line number="116" hits="7" branch="false" />
            <line number="117" hits="7" branch="false" />
            <line number="119" hits="7" branch="false" />
            <line number="120" hits="7" branch="false" />
            <line number="121" hits="5" branch="true" condition-coverage="100% (2/2)" />
            <line number="122" hits="5" branch="false" />
            <line number="123" hits="5" branch="false" />
            <line number="124" hits="5" branch="false" />
            <line number="125" hits="5" branch="false" />
            <line number="126" hits="2" branch="false" />
            <line number="127" hits="2" branch="false" />
            <line number="128" hits="2" branch="false" />
            <line number="131" hits="5" branch="false" />
            <line number="132" hits="5" branch="false" />
            <line number="143" hits="3" branch="false" />
            <line number="145" hits="3" branch="true" condition-coverage="50% (1/2)" />
            <line number="146" hits="0" branch="false" />
            <line number="149" hits="3" branch="true" condition-coverage="100% (2/2)" />
            <line number="150" hits="2" branch="false" />
            <line number="151" hits="2" branch="false" />
            <line number="154" hits="1" branch="false" />
            <line number="155" hits="3" branch="false" />
            <line number="163" hits="108331" branch="false" />
            <line number="165" hits="108331" branch="true" condition-coverage="50% (1/2)" />
            <line number="166" hits="0" branch="false" />
            <line number="168" hits="108331" branch="true" condition-coverage="100% (4/4)" />
            <line number="169" hits="6268" branch="false" />
            <line number="170" hits="6268" branch="false" />
            <line number="173" hits="102063" branch="false" />
            <line number="174" hits="102063" branch="false" />
            <line number="177" hits="6268" branch="false" />
            <line number="187" hits="108542" branch="false" />
            <line number="189" hits="108542" branch="true" condition-coverage="50% (1/2)" />
            <line number="190" hits="0" branch="false" />
            <line number="192" hits="108542" branch="true" condition-coverage="100% (2/2)" />
            <line number="193" hits="107497" branch="false" />
            <line number="194" hits="107497" branch="false" />
            <line number="197" hits="1045" branch="false" />
            <line number="198" hits="108542" branch="false" />
            <line number="204" hits="0" branch="false" />
            <line number="205" hits="0" branch="false" />
            <line number="206" hits="0" branch="false" />
            <line number="243" hits="7" branch="false" />
            <line number="245" hits="7" branch="false" />
            <line number="246" hits="7" branch="false" />
            <line number="247" hits="6" branch="false" />
            <line number="248" hits="6" branch="false" />
            <line number="249" hits="1" branch="false" />
            <line number="250" hits="1" branch="false" />
            <line number="251" hits="1" branch="false" />
            <line number="254" hits="6" branch="false" />
            <line number="267" hits="108" branch="false" />
            <line number="270" hits="108" branch="false" />
            <line number="273" hits="108" branch="false" />
            <line number="276" hits="108" branch="false" />
            <line number="277" hits="108" branch="false" />
            <line number="291" hits="20" branch="false" />
            <line number="295" hits="20" branch="false" />
            <line number="298" hits="20" branch="false" />
            <line number="301" hits="20" branch="false" />
            <line number="302" hits="20" branch="false" />
            <line number="318" hits="1086" branch="false" />
            <line number="320" hits="1086" branch="false" />
            <line number="323" hits="1086" branch="false" />
            <line number="326" hits="1086" branch="false" />
            <line number="329" hits="1086" branch="false" />
            <line number="331" hits="1086" branch="false" />
            <line number="334" hits="1086" branch="false" />
            <line number="336" hits="1086" branch="false" />
            <line number="338" hits="0" branch="false" />
            <line number="339" hits="0" branch="false" />
            <line number="341" hits="0" branch="false" />
            <line number="342" hits="0" branch="false" />
            <line number="345" hits="1086" branch="false" />
            <line number="378" hits="1218" branch="false" />
            <line number="380" hits="1218" branch="true" condition-coverage="100% (2/2)" />
            <line number="381" hits="1" branch="false" />
            <line number="383" hits="1217" branch="true" condition-coverage="100% (2/2)" />
            <line number="384" hits="2" branch="false" />
            <line number="387" hits="1215" branch="true" condition-coverage="100% (2/2)" />
            <line number="388" hits="108" branch="false" />
            <line number="389" hits="108" branch="false" />
            <line number="390" hits="108" branch="false" />
            <line number="391" hits="1107" branch="true" condition-coverage="100% (2/2)" />
            <line number="392" hits="1087" branch="false" />
            <line number="393" hits="1087" branch="false" />
            <line number="394" hits="1087" branch="false" />
            <line number="395" hits="1086" branch="false" />
            <line number="397" hits="20" branch="false" />
            <line number="398" hits="20" branch="false" />
            <line number="399" hits="20" branch="false" />
            <line number="402" hits="214304" branch="true" condition-coverage="100% (2/2)" />
            <line number="403" hits="105331" branch="false" />
            <line number="404" hits="105331" branch="true" condition-coverage="100% (2/2)" />
            <line number="405" hits="105331" branch="false" />
            <line number="406" hits="105331" branch="false" />
            <line number="408" hits="1214" branch="false" />
            <line number="410" hits="1216" branch="false" />
            <line number="426" hits="105331" branch="false" />
            <line number="427" hits="105331" branch="false" />
            <line number="428" hits="105331" branch="false" />
            <line number="438" hits="336110" branch="false" />
            <line number="445" hits="336110" branch="false" />
            <line number="446" hits="336110" branch="true" condition-coverage="100% (2/2)" />
            <line number="447" hits="336110" branch="false" />
            <line number="448" hits="336110" branch="true" condition-coverage="100% (2/2)" />
            <line number="449" hits="336108" branch="false" />
            <line number="450" hits="2" branch="false" />
            <line number="451" hits="2" branch="false" />
            <line number="452" hits="336110" branch="false" />
            <line number="455" hits="218094" branch="false" />
            <line number="456" hits="218094" branch="true" condition-coverage="100% (2/2)" />
            <line number="457" hits="218093" branch="false" />
            <line number="458" hits="218093" branch="false" />
            <line number="459" hits="218093" branch="false" />
            <line number="462" hits="1" branch="false" />
            <line number="464" hits="218094" branch="false" />
            <line number="472" hits="1214" branch="false" />
            <line number="474" hits="1214" branch="true" condition-coverage="100% (2/2)" />
            <line number="475" hits="57" branch="false" />
            <line number="476" hits="57" branch="false" />
            <line number="477" hits="57" branch="false" />
            <line number="479" hits="1157" branch="false" />
            <line number="480" hits="1157" branch="false" />
            <line number="481" hits="1157" branch="false" />
            <line number="482" hits="1157" branch="false" />
            <line number="483" hits="1214" branch="false" />
            <line number="484" hits="1214" branch="false" />
            <line number="496" hits="212044" branch="false" />
            <line number="499" hits="319226" branch="false" />
            <line number="502" hits="106622" branch="false" />
            <line number="504" hits="1195" branch="false" />
            <line number="505" hits="1195" branch="false" />
            <line number="506" hits="1195" branch="false" />
            <line number="507" hits="1195" branch="false" />
            <line number="508" hits="1195" branch="false" />
            <line number="509" hits="1195" branch="false" />
            <line number="513" hits="105331" branch="false" />
            <line number="514" hits="105331" branch="false" />
            <line number="515" hits="105331" branch="true" condition-coverage="100% (2/2)" />
            <line number="516" hits="105203" branch="false" />
            <line number="517" hits="105203" branch="false" />
            <line number="518" hits="105203" branch="false" />
            <line number="519" hits="105203" branch="false" />
            <line number="520" hits="128" branch="true" condition-coverage="100% (2/2)" />
            <line number="521" hits="128" branch="false" />
            <line number="522" hits="128" branch="false" />
            <line number="523" hits="128" branch="false" />
            <line number="524" hits="105331" branch="false" />
          </lines>
        </class>
        <class name="SS.SpreadsheetReadWriteException" filename="C:\Users\Andy Tran\source\repos\spreadsheet-AndyTran97\Spreadsheet\Spreadsheet\AbstractSpreadsheet.cs" line-rate="1" branch-rate="1" complexity="1">
          <methods>
            <method name=".ctor" signature="(...)" line-rate="1" branch-rate="1" complexity="1">
              <lines>
                <line number="65" hits="4" branch="false" />
                <line number="66" hits="4" branch="false" />
                <line number="67" hits="4" branch="false" />
              </lines>
            </method>
          </methods>
          <lines>
            <line number="65" hits="4" branch="false" />
            <line number="66" hits="4" branch="false" />
            <line number="67" hits="4" branch="false" />
          </lines>
        </class>
      </classes>
    </package>
  </packages>
</coverage>