<?xml version="1.0" encoding="utf-8"?>
<coverage line-rate="0.8371999999999999" branch-rate="0.7484000000000001" version="1.9" timestamp="1665718342" lines-covered="859" lines-valid="1026" branches-covered="244" branches-valid="326">
  <sources>
    <source>C:\Users\Andy Tran\</source>
  </sources>
  <packages>
    <package name="DependencyGraph" line-rate="0.8314" branch-rate="0.7619" complexity="44">
      <classes>
        <class name="SpreadsheetUtilities.DependencyGraph" filename="source\repos\spreadsheet-AndyTran97\Spreadsheet\DependencyGraph\DependencyGraph.cs" line-rate="0.8314" branch-rate="0.7619" complexity="44">
          <methods>
            <method name="get_Size" signature="()" line-rate="0" branch-rate="1" complexity="1">
              <lines>
                <line number="67" hits="0" branch="False" />
              </lines>
            </method>
            <method name="get_Item" signature="(System.String)" line-rate="0" branch-rate="0" complexity="2">
              <lines>
                <line number="80" hits="0" branch="False" />
                <line number="81" hits="0" branch="True" condition-coverage="0% (0/2)">
                  <conditions>
                    <condition number="10" type="jump" coverage="0%" />
                  </conditions>
                </line>
                <line number="82" hits="0" branch="False" />
                <line number="83" hits="0" branch="False" />
                <line number="84" hits="0" branch="False" />
              </lines>
            </method>
            <method name="HasDependents" signature="(System.String)" line-rate="1" branch-rate="1" complexity="2">
              <lines>
                <line number="92" hits="107514" branch="False" />
                <line number="93" hits="107514" branch="True" condition-coverage="100% (2/2)">
                  <conditions>
                    <condition number="15" type="jump" coverage="100%" />
                  </conditions>
                </line>
                <line number="94" hits="105175" branch="False" />
                <line number="95" hits="2339" branch="False" />
                <line number="96" hits="107514" branch="False" />
              </lines>
            </method>
            <method name="HasDependees" signature="(System.String)" line-rate="1" branch-rate="1" complexity="2">
              <lines>
                <line number="103" hits="4483" branch="False" />
                <line number="104" hits="4483" branch="True" condition-coverage="100% (2/2)">
                  <conditions>
                    <condition number="15" type="jump" coverage="100%" />
                  </conditions>
                </line>
                <line number="105" hits="1132" branch="False" />
                <line number="106" hits="3351" branch="False" />
                <line number="107" hits="4483" branch="False" />
              </lines>
            </method>
            <method name="GetDependents" signature="(System.String)" line-rate="1" branch-rate="1" complexity="2">
              <lines>
                <line number="114" hits="105331" branch="False" />
                <line number="115" hits="105331" branch="True" condition-coverage="100% (2/2)">
                  <conditions>
                    <condition number="10" type="jump" coverage="100%" />
                  </conditions>
                </line>
                <line number="116" hits="104107" branch="False" />
                <line number="117" hits="1224" branch="False" />
                <line number="118" hits="105331" branch="False" />
              </lines>
            </method>
            <method name="GetDependees" signature="(System.String)" line-rate="1" branch-rate="1" complexity="2">
              <lines>
                <line number="124" hits="1086" branch="False" />
                <line number="125" hits="1086" branch="True" condition-coverage="100% (2/2)">
                  <conditions>
                    <condition number="10" type="jump" coverage="100%" />
                  </conditions>
                </line>
                <line number="126" hits="16" branch="False" />
                <line number="127" hits="1070" branch="False" />
                <line number="128" hits="1086" branch="False" />
              </lines>
            </method>
            <method name="AddDependency" signature="(System.String,System.String)" line-rate="1" branch-rate="1" complexity="8">
              <lines>
                <line number="142" hits="2151" branch="False" />
                <line number="145" hits="2151" branch="True" condition-coverage="100% (2/2)">
                  <conditions>
                    <condition number="10" type="jump" coverage="100%" />
                  </conditions>
                </line>
                <line number="146" hits="1036" branch="False" />
                <line number="148" hits="1036" branch="True" condition-coverage="100% (2/2)">
                  <conditions>
                    <condition number="36" type="jump" coverage="100%" />
                  </conditions>
                </line>
                <line number="149" hits="1036" branch="False" />
                <line number="150" hits="1036" branch="False" />
                <line number="151" hits="1036" branch="False" />
                <line number="152" hits="1036" branch="False" />
                <line number="153" hits="1036" branch="False" />
                <line number="155" hits="1115" branch="False" />
                <line number="156" hits="1115" branch="False" />
                <line number="157" hits="1115" branch="False" />
                <line number="158" hits="1115" branch="False" />
                <line number="159" hits="1115" branch="False" />
                <line number="162" hits="2151" branch="True" condition-coverage="100% (2/2)">
                  <conditions>
                    <condition number="129" type="jump" coverage="100%" />
                  </conditions>
                </line>
                <line number="163" hits="1067" branch="False" />
                <line number="165" hits="1067" branch="True" condition-coverage="100% (2/2)">
                  <conditions>
                    <condition number="157" type="jump" coverage="100%" />
                  </conditions>
                </line>
                <line number="166" hits="1067" branch="False" />
                <line number="167" hits="1067" branch="False" />
                <line number="169" hits="1084" branch="False" />
                <line number="170" hits="1084" branch="False" />
                <line number="171" hits="1084" branch="False" />
                <line number="172" hits="1084" branch="False" />
                <line number="174" hits="2151" branch="False" />
              </lines>
            </method>
            <method name="RemoveDependency" signature="(System.String,System.String)" line-rate="1" branch-rate="0.8332999999999999" complexity="12">
              <lines>
                <line number="183" hits="32" branch="False" />
                <line number="184" hits="32" branch="True" condition-coverage="75% (3/4)">
                  <conditions>
                    <condition number="8" type="jump" coverage="50%" />
                    <condition number="33" type="jump" coverage="100%" />
                  </conditions>
                </line>
                <line number="185" hits="32" branch="False" />
                <line number="186" hits="32" branch="False" />
                <line number="187" hits="32" branch="True" condition-coverage="100% (2/2)">
                  <conditions>
                    <condition number="77" type="jump" coverage="100%" />
                  </conditions>
                </line>
                <line number="188" hits="25" branch="False" />
                <line number="189" hits="32" branch="False" />
                <line number="190" hits="32" branch="False" />
                <line number="192" hits="32" branch="True" condition-coverage="75% (3/4)">
                  <conditions>
                    <condition number="114" type="jump" coverage="50%" />
                    <condition number="139" type="jump" coverage="100%" />
                  </conditions>
                </line>
                <line number="193" hits="32" branch="False" />
                <line number="194" hits="32" branch="False" />
                <line number="195" hits="32" branch="True" condition-coverage="100% (2/2)">
                  <conditions>
                    <condition number="183" type="jump" coverage="100%" />
                  </conditions>
                </line>
                <line number="196" hits="17" branch="False" />
                <line number="197" hits="32" branch="False" />
                <line number="200" hits="32" branch="False" />
              </lines>
            </method>
            <method name="ReplaceDependents" signature="(System.String,System.Collections.Generic.IEnumerable`1&lt;System.String&gt;)" line-rate="0" branch-rate="0" complexity="6">
              <lines>
                <line number="208" hits="0" branch="False" />
                <line number="209" hits="0" branch="True" condition-coverage="0% (0/2)">
                  <conditions>
                    <condition number="10" type="jump" coverage="0%" />
                  </conditions>
                </line>
                <line number="210" hits="0" branch="False" />
                <line number="211" hits="0" branch="True" condition-coverage="0% (0/2)">
                  <conditions>
                    <condition number="58" type="jump" coverage="0%" />
                  </conditions>
                </line>
                <line number="212" hits="0" branch="False" />
                <line number="213" hits="0" branch="False" />
                <line number="215" hits="0" branch="True" condition-coverage="0% (0/2)">
                  <conditions>
                    <condition number="112" type="jump" coverage="0%" />
                  </conditions>
                </line>
                <line number="216" hits="0" branch="False" />
                <line number="217" hits="0" branch="False" />
              </lines>
            </method>
            <method name="ReplaceDependees" signature="(System.String,System.Collections.Generic.IEnumerable`1&lt;System.String&gt;)" line-rate="1" branch-rate="1" complexity="6">
              <lines>
                <line number="225" hits="1214" branch="False" />
                <line number="226" hits="1214" branch="True" condition-coverage="100% (2/2)">
                  <conditions>
                    <condition number="10" type="jump" coverage="100%" />
                  </conditions>
                </line>
                <line number="227" hits="17" branch="False" />
                <line number="228" hits="115" branch="True" condition-coverage="100% (2/2)">
                  <conditions>
                    <condition number="58" type="jump" coverage="100%" />
                  </conditions>
                </line>
                <line number="229" hits="32" branch="False" />
                <line number="230" hits="17" branch="False" />
                <line number="232" hits="7944" branch="True" condition-coverage="100% (2/2)">
                  <conditions>
                    <condition number="112" type="jump" coverage="100%" />
                  </conditions>
                </line>
                <line number="233" hits="2151" branch="False" />
                <line number="234" hits="1214" branch="False" />
              </lines>
            </method>
            <method name=".ctor" signature="()" line-rate="1" branch-rate="1" complexity="1">
              <lines>
                <line number="50" hits="123" branch="False" />
                <line number="55" hits="123" branch="False" />
                <line number="56" hits="123" branch="False" />
                <line number="57" hits="123" branch="False" />
                <line number="58" hits="123" branch="False" />
                <line number="59" hits="123" branch="False" />
              </lines>
            </method>
          </methods>
          <lines>
            <line number="67" hits="0" branch="False" />
            <line number="80" hits="0" branch="False" />
            <line number="81" hits="0" branch="True" condition-coverage="0% (0/2)">
              <conditions>
                <condition number="10" type="jump" coverage="0%" />
              </conditions>
            </line>
            <line number="82" hits="0" branch="False" />
            <line number="83" hits="0" branch="False" />
            <line number="84" hits="0" branch="False" />
            <line number="92" hits="107514" branch="False" />
            <line number="93" hits="107514" branch="True" condition-coverage="100% (2/2)">
              <conditions>
                <condition number="15" type="jump" coverage="100%" />
              </conditions>
            </line>
            <line number="94" hits="105175" branch="False" />
            <line number="95" hits="2339" branch="False" />
            <line number="96" hits="107514" branch="False" />
            <line number="103" hits="4483" branch="False" />
            <line number="104" hits="4483" branch="True" condition-coverage="100% (2/2)">
              <conditions>
                <condition number="15" type="jump" coverage="100%" />
              </conditions>
            </line>
            <line number="105" hits="1132" branch="False" />
            <line number="106" hits="3351" branch="False" />
            <line number="107" hits="4483" branch="False" />
            <line number="114" hits="105331" branch="False" />
            <line number="115" hits="105331" branch="True" condition-coverage="100% (2/2)">
              <conditions>
                <condition number="10" type="jump" coverage="100%" />
              </conditions>
            </line>
            <line number="116" hits="104107" branch="False" />
            <line number="117" hits="1224" branch="False" />
            <line number="118" hits="105331" branch="False" />
            <line number="124" hits="1086" branch="False" />
            <line number="125" hits="1086" branch="True" condition-coverage="100% (2/2)">
              <conditions>
                <condition number="10" type="jump" coverage="100%" />
              </conditions>
            </line>
            <line number="126" hits="16" branch="False" />
            <line number="127" hits="1070" branch="False" />
            <line number="128" hits="1086" branch="False" />
            <line number="142" hits="2151" branch="False" />
            <line number="145" hits="2151" branch="True" condition-coverage="100% (2/2)">
              <conditions>
                <condition number="10" type="jump" coverage="100%" />
              </conditions>
            </line>
            <line number="146" hits="1036" branch="False" />
            <line number="148" hits="1036" branch="True" condition-coverage="100% (2/2)">
              <conditions>
                <condition number="36" type="jump" coverage="100%" />
              </conditions>
            </line>
            <line number="149" hits="1036" branch="False" />
            <line number="150" hits="1036" branch="False" />
            <line number="151" hits="1036" branch="False" />
            <line number="152" hits="1036" branch="False" />
            <line number="153" hits="1036" branch="False" />
            <line number="155" hits="1115" branch="False" />
            <line number="156" hits="1115" branch="False" />
            <line number="157" hits="1115" branch="False" />
            <line number="158" hits="1115" branch="False" />
            <line number="159" hits="1115" branch="False" />
            <line number="162" hits="2151" branch="True" condition-coverage="100% (2/2)">
              <conditions>
                <condition number="129" type="jump" coverage="100%" />
              </conditions>
            </line>
            <line number="163" hits="1067" branch="False" />
            <line number="165" hits="1067" branch="True" condition-coverage="100% (2/2)">
              <conditions>
                <condition number="157" type="jump" coverage="100%" />
              </conditions>
            </line>
            <line number="166" hits="1067" branch="False" />
            <line number="167" hits="1067" branch="False" />
            <line number="169" hits="1084" branch="False" />
            <line number="170" hits="1084" branch="False" />
            <line number="171" hits="1084" branch="False" />
            <line number="172" hits="1084" branch="False" />
            <line number="174" hits="2151" branch="False" />
            <line number="183" hits="32" branch="False" />
            <line number="184" hits="32" branch="True" condition-coverage="75% (3/4)">
              <conditions>
                <condition number="8" type="jump" coverage="50%" />
                <condition number="33" type="jump" coverage="100%" />
              </conditions>
            </line>
            <line number="185" hits="32" branch="False" />
            <line number="186" hits="32" branch="False" />
            <line number="187" hits="32" branch="True" condition-coverage="100% (2/2)">
              <conditions>
                <condition number="77" type="jump" coverage="100%" />
              </conditions>
            </line>
            <line number="188" hits="25" branch="False" />
            <line number="189" hits="32" branch="False" />
            <line number="190" hits="32" branch="False" />
            <line number="192" hits="32" branch="True" condition-coverage="75% (3/4)">
              <conditions>
                <condition number="114" type="jump" coverage="50%" />
                <condition number="139" type="jump" coverage="100%" />
              </conditions>
            </line>
            <line number="193" hits="32" branch="False" />
            <line number="194" hits="32" branch="False" />
            <line number="195" hits="32" branch="True" condition-coverage="100% (2/2)">
              <conditions>
                <condition number="183" type="jump" coverage="100%" />
              </conditions>
            </line>
            <line number="196" hits="17" branch="False" />
            <line number="197" hits="32" branch="False" />
            <line number="200" hits="32" branch="False" />
            <line number="208" hits="0" branch="False" />
            <line number="209" hits="0" branch="True" condition-coverage="0% (0/2)">
              <conditions>
                <condition number="10" type="jump" coverage="0%" />
              </conditions>
            </line>
            <line number="210" hits="0" branch="False" />
            <line number="211" hits="0" branch="True" condition-coverage="0% (0/2)">
              <conditions>
                <condition number="58" type="jump" coverage="0%" />
              </conditions>
            </line>
            <line number="212" hits="0" branch="False" />
            <line number="213" hits="0" branch="False" />
            <line number="215" hits="0" branch="True" condition-coverage="0% (0/2)">
              <conditions>
                <condition number="112" type="jump" coverage="0%" />
              </conditions>
            </line>
            <line number="216" hits="0" branch="False" />
            <line number="217" hits="0" branch="False" />
            <line number="225" hits="1214" branch="False" />
            <line number="226" hits="1214" branch="True" condition-coverage="100% (2/2)">
              <conditions>
                <condition number="10" type="jump" coverage="100%" />
              </conditions>
            </line>
            <line number="227" hits="17" branch="False" />
            <line number="228" hits="115" branch="True" condition-coverage="100% (2/2)">
              <conditions>
                <condition number="58" type="jump" coverage="100%" />
              </conditions>
            </line>
            <line number="229" hits="32" branch="False" />
            <line number="230" hits="17" branch="False" />
            <line number="232" hits="7944" branch="True" condition-coverage="100% (2/2)">
              <conditions>
                <condition number="112" type="jump" coverage="100%" />
              </conditions>
            </line>
            <line number="233" hits="2151" branch="False" />
            <line number="234" hits="1214" branch="False" />
            <line number="50" hits="123" branch="False" />
            <line number="55" hits="123" branch="False" />
            <line number="56" hits="123" branch="False" />
            <line number="57" hits="123" branch="False" />
            <line number="58" hits="123" branch="False" />
            <line number="59" hits="123" branch="False" />
          </lines>
        </class>
      </classes>
    </package>
    <package name="Formula" line-rate="0.6163000000000001" branch-rate="0.6046" complexity="179">
      <classes>
        <class name="SpreadsheetUtilities.Formula" filename="source\repos\spreadsheet-AndyTran97\Spreadsheet\Formula\Formula.cs" line-rate="0.5821000000000001" branch-rate="0.5952000000000001" complexity="172">
          <methods>
            <method name="TryPerformOps" signature="(System.Collections.Generic.Stack`1&lt;System.Double&gt;&amp;,System.Collections.Generic.Stack`1&lt;System.String&gt;&amp;,System.Double&amp;)" line-rate="0.96" branch-rate="0.9" complexity="10">
              <lines>
                <line number="168" hits="3114" branch="False" />
                <line number="169" hits="3114" branch="False" />
                <line number="170" hits="3114" branch="False" />
                <line number="171" hits="3114" branch="False" />
                <line number="172" hits="3114" branch="False" />
                <line number="173" hits="3114" branch="True" condition-coverage="87.5% (7/8)">
                  <conditions>
                    <condition number="53" type="jump" coverage="100%" />
                    <condition number="66" type="jump" coverage="100%" />
                    <condition number="79" type="jump" coverage="100%" />
                    <condition number="92" type="jump" coverage="50%" />
                  </conditions>
                </line>
                <line number="176" hits="3083" branch="False" />
                <line number="177" hits="3083" branch="False" />
                <line number="178" hits="3083" branch="False" />
                <line number="180" hits="3" branch="False" />
                <line number="181" hits="3" branch="False" />
                <line number="182" hits="3" branch="False" />
                <line number="184" hits="9" branch="False" />
                <line number="185" hits="9" branch="False" />
                <line number="186" hits="9" branch="False" />
                <line number="188" hits="19" branch="True" condition-coverage="100% (2/2)">
                  <conditions>
                    <condition number="172" type="jump" coverage="100%" />
                  </conditions>
                </line>
                <line number="189" hits="10" branch="False" />
                <line number="190" hits="10" branch="False" />
                <line number="191" hits="10" branch="False" />
                <line number="194" hits="9" branch="False" />
                <line number="195" hits="9" branch="False" />
                <line number="196" hits="9" branch="False" />
                <line number="197" hits="9" branch="False" />
                <line number="201" hits="0" branch="False" />
                <line number="203" hits="3114" branch="False" />
              </lines>
            </method>
            <method name="isOnTop" signature="(System.Collections.Generic.Stack`1&lt;System.Double&gt;,System.Collections.Generic.Stack`1&lt;System.String&gt;,System.String,System.String)" line-rate="1" branch-rate="1" complexity="8">
              <lines>
                <line number="217" hits="9389" branch="False" />
                <line number="218" hits="9389" branch="True" condition-coverage="100% (8/8)">
                  <conditions>
                    <condition number="8" type="jump" coverage="100%" />
                    <condition number="17" type="jump" coverage="100%" />
                    <condition number="31" type="jump" coverage="100%" />
                    <condition number="53" type="jump" coverage="100%" />
                  </conditions>
                </line>
                <line number="219" hits="28" branch="False" />
                <line number="220" hits="28" branch="False" />
                <line number="223" hits="9361" branch="False" />
                <line number="224" hits="9389" branch="False" />
              </lines>
            </method>
            <method name="isOpOrOpenParen" signature="(System.String)" line-rate="1" branch-rate="1" complexity="1">
              <lines>
                <line number="228" hits="3228" branch="False" />
                <line number="229" hits="3228" branch="False" />
                <line number="231" hits="3228" branch="False" />
              </lines>
            </method>
            <method name="isOpOrCloseParen" signature="(System.String)" line-rate="1" branch-rate="1" complexity="1">
              <lines>
                <line number="235" hits="1071" branch="False" />
                <line number="236" hits="1071" branch="False" />
                <line number="238" hits="1071" branch="False" />
              </lines>
            </method>
            <method name="isVariable" signature="(System.String)" line-rate="1" branch-rate="1" complexity="4">
              <lines>
                <line number="242" hits="123303" branch="False" />
                <line number="244" hits="123303" branch="False" />
                <line number="246" hits="123303" branch="True" condition-coverage="100% (2/2)">
                  <conditions>
                    <condition number="16" type="jump" coverage="100%" />
                  </conditions>
                </line>
                <line number="247" hits="118016" branch="False" />
                <line number="248" hits="118016" branch="True" condition-coverage="100% (2/2)">
                  <conditions>
                    <condition number="44" type="jump" coverage="100%" />
                  </conditions>
                </line>
                <line number="249" hits="118015" branch="False" />
                <line number="250" hits="1" branch="False" />
                <line number="252" hits="5288" branch="False" />
                <line number="254" hits="123303" branch="False" />
              </lines>
            </method>
            <method name="isNumber" signature="(System.String)" line-rate="1" branch-rate="1" complexity="2">
              <lines>
                <line number="258" hits="2157" branch="False" />
                <line number="259" hits="2157" branch="True" condition-coverage="100% (2/2)">
                  <conditions>
                    <condition number="11" type="jump" coverage="100%" />
                  </conditions>
                </line>
                <line number="260" hits="6" branch="False" />
                <line number="261" hits="2151" branch="False" />
                <line number="262" hits="2157" branch="False" />
              </lines>
            </method>
            <method name="isOperatorAndParentheses" signature="(System.String)" line-rate="1" branch-rate="1" complexity="1">
              <lines>
                <line number="266" hits="3228" branch="False" />
                <line number="267" hits="3228" branch="False" />
                <line number="269" hits="3228" branch="False" />
              </lines>
            </method>
            <method name="isValidTokens" signature="(System.String)" line-rate="1" branch-rate="1" complexity="4">
              <lines>
                <line number="273" hits="3228" branch="False" />
                <line number="274" hits="3228" branch="True" condition-coverage="100% (4/4)">
                  <conditions>
                    <condition number="8" type="jump" coverage="100%" />
                    <condition number="17" type="jump" coverage="100%" />
                  </conditions>
                </line>
                <line number="275" hits="3228" branch="False" />
              </lines>
            </method>
            <method name="Evaluate" signature="(System.Func`2&lt;System.String,System.Double&gt;)" line-rate="0.5975" branch-rate="0.5769" complexity="52">
              <lines>
                <line number="299" hits="105203" branch="False" />
                <line number="300" hits="105203" branch="False" />
                <line number="301" hits="105203" branch="False" />
                <line number="303" hits="436498" branch="True" condition-coverage="100% (2/2)">
                  <conditions>
                    <condition number="742" type="jump" coverage="100%" />
                  </conditions>
                </line>
                <line number="304" hits="111481" branch="False" />
                <line number="305" hits="111481" branch="False" />
                <line number="307" hits="111481" branch="True" condition-coverage="100% (2/2)">
                  <conditions>
                    <condition number="60" type="jump" coverage="100%" />
                  </conditions>
                </line>
                <line number="308" hits="11" branch="False" />
                <line number="309" hits="11" branch="False" />
                <line number="310" hits="11" branch="True" condition-coverage="100% (2/2)">
                  <conditions>
                    <condition number="93" type="jump" coverage="100%" />
                  </conditions>
                </line>
                <line number="311" hits="6" branch="False" />
                <line number="312" hits="6" branch="True" condition-coverage="50% (1/2)">
                  <conditions>
                    <condition number="114" type="jump" coverage="50%" />
                  </conditions>
                </line>
                <line number="313" hits="6" branch="False" />
                <line number="314" hits="6" branch="False" />
                <line number="316" hits="0" branch="False" />
                <line number="318" hits="5" branch="False" />
                <line number="319" hits="111470" branch="True" condition-coverage="100% (2/2)">
                  <conditions>
                    <condition number="158" type="jump" coverage="100%" />
                  </conditions>
                </line>
                <line number="320" hits="108331" branch="False" />
                <line number="322" hits="108331" branch="False" />
                <line number="323" hits="108331" branch="False" />
                <line number="324" hits="6268" branch="False" />
                <line number="325" hits="6268" branch="True" condition-coverage="100% (2/2)">
                  <conditions>
                    <condition number="216" type="jump" coverage="100%" />
                  </conditions>
                </line>
                <line number="326" hits="22" branch="False" />
                <line number="328" hits="22" branch="True" condition-coverage="100% (2/2)">
                  <conditions>
                    <condition number="237" type="jump" coverage="100%" />
                  </conditions>
                </line>
                <line number="329" hits="4" branch="False" />
                <line number="330" hits="4" branch="False" />
                <line number="332" hits="18" branch="False" />
                <line number="333" hits="108327" branch="False" />
                <line number="334" hits="102063" branch="False" />
                <line number="335" hits="102063" branch="False" />
                <line number="338" hits="6264" branch="False" />
                <line number="339" hits="3139" branch="True" condition-coverage="100% (4/4)">
                  <conditions>
                    <condition number="311" type="jump" coverage="100%" />
                    <condition number="332" type="jump" coverage="100%" />
                  </conditions>
                </line>
                <line number="340" hits="3110" branch="False" />
                <line number="341" hits="3110" branch="True" condition-coverage="50% (1/2)">
                  <conditions>
                    <condition number="356" type="jump" coverage="50%" />
                  </conditions>
                </line>
                <line number="342" hits="0" branch="False" />
                <line number="344" hits="0" branch="True" condition-coverage="0% (0/2)">
                  <conditions>
                    <condition number="377" type="jump" coverage="0%" />
                  </conditions>
                </line>
                <line number="345" hits="0" branch="False" />
                <line number="346" hits="0" branch="False" />
                <line number="348" hits="0" branch="False" />
                <line number="349" hits="3110" branch="False" />
                <line number="350" hits="3110" branch="False" />
                <line number="351" hits="29" branch="True" condition-coverage="83.33% (5/6)">
                  <conditions>
                    <condition number="430" type="jump" coverage="100%" />
                    <condition number="444" type="jump" coverage="100%" />
                    <condition number="465" type="jump" coverage="50%" />
                  </conditions>
                </line>
                <line number="352" hits="29" branch="False" />
                <line number="353" hits="29" branch="False" />
                <line number="354" hits="29" branch="False" />
                <line number="355" hits="0" branch="True" condition-coverage="0% (0/2)">
                  <conditions>
                    <condition number="499" type="jump" coverage="0%" />
                  </conditions>
                </line>
                <line number="356" hits="0" branch="False" />
                <line number="358" hits="0" branch="True" condition-coverage="0% (0/2)">
                  <conditions>
                    <condition number="526" type="jump" coverage="0%" />
                  </conditions>
                </line>
                <line number="359" hits="0" branch="False" />
                <line number="361" hits="0" branch="True" condition-coverage="0% (0/2)">
                  <conditions>
                    <condition number="547" type="jump" coverage="0%" />
                  </conditions>
                </line>
                <line number="362" hits="0" branch="False" />
                <line number="363" hits="0" branch="False" />
                <line number="365" hits="0" branch="False" />
                <line number="368" hits="0" branch="True" condition-coverage="0% (0/4)">
                  <conditions>
                    <condition number="580" type="jump" coverage="0%" />
                    <condition number="605" type="jump" coverage="0%" />
                  </conditions>
                </line>
                <line number="369" hits="0" branch="False" />
                <line number="370" hits="0" branch="False" />
                <line number="371" hits="0" branch="False" />
                <line number="373" hits="0" branch="False" />
                <line number="374" hits="0" branch="False" />
                <line number="378" hits="0" branch="True" condition-coverage="0% (0/2)">
                  <conditions>
                    <condition number="662" type="jump" coverage="0%" />
                  </conditions>
                </line>
                <line number="379" hits="0" branch="False" />
                <line number="381" hits="0" branch="True" condition-coverage="0% (0/2)">
                  <conditions>
                    <condition number="683" type="jump" coverage="0%" />
                  </conditions>
                </line>
                <line number="382" hits="0" branch="False" />
                <line number="383" hits="0" branch="False" />
                <line number="385" hits="0" branch="False" />
                <line number="386" hits="0" branch="False" />
                <line number="388" hits="0" branch="False" />
                <line number="389" hits="0" branch="False" />
                <line number="391" hits="9408" branch="False" />
                <line number="393" hits="3130" branch="True" condition-coverage="100% (4/4)">
                  <conditions>
                    <condition number="766" type="jump" coverage="100%" />
                    <condition number="784" type="jump" coverage="100%" />
                  </conditions>
                </line>
                <line number="394" hits="44" branch="False" />
                <line number="395" hits="44" branch="False" />
                <line number="397" hits="3086" branch="True" condition-coverage="50% (2/4)">
                  <conditions>
                    <condition number="809" type="jump" coverage="50%" />
                    <condition number="827" type="jump" coverage="50%" />
                  </conditions>
                </line>
                <line number="398" hits="3086" branch="False" />
                <line number="400" hits="3086" branch="True" condition-coverage="50% (1/2)">
                  <conditions>
                    <condition number="848" type="jump" coverage="50%" />
                  </conditions>
                </line>
                <line number="401" hits="0" branch="False" />
                <line number="402" hits="0" branch="False" />
                <line number="405" hits="3086" branch="False" />
                <line number="406" hits="3086" branch="False" />
                <line number="410" hits="0" branch="False" />
                <line number="411" hits="0" branch="False" />
                <line number="415" hits="105203" branch="False" />
              </lines>
            </method>
            <method name="GetVariables" signature="()" line-rate="1" branch-rate="1" complexity="4">
              <lines>
                <line number="429" hits="1086" branch="False" />
                <line number="430" hits="1086" branch="False" />
                <line number="431" hits="9714" branch="True" condition-coverage="100% (2/2)">
                  <conditions>
                    <condition number="69" type="jump" coverage="100%" />
                  </conditions>
                </line>
                <line number="432" hits="3228" branch="False" />
                <line number="433" hits="3228" branch="True" condition-coverage="100% (2/2)">
                  <conditions>
                    <condition number="39" type="jump" coverage="100%" />
                  </conditions>
                </line>
                <line number="434" hits="2151" branch="False" />
                <line number="435" hits="2151" branch="False" />
                <line number="436" hits="2151" branch="False" />
                <line number="437" hits="3228" branch="False" />
                <line number="438" hits="1086" branch="False" />
                <line number="439" hits="1086" branch="False" />
              </lines>
            </method>
            <method name="ToString" signature="()" line-rate="1" branch-rate="1" complexity="2">
              <lines>
                <line number="452" hits="105203" branch="False" />
                <line number="453" hits="105203" branch="False" />
                <line number="454" hits="946683" branch="True" condition-coverage="100% (2/2)">
                  <conditions>
                    <condition number="56" type="jump" coverage="100%" />
                  </conditions>
                </line>
                <line number="455" hits="315537" branch="False" />
                <line number="456" hits="315537" branch="False" />
                <line number="457" hits="315537" branch="False" />
                <line number="458" hits="105203" branch="False" />
                <line number="459" hits="105203" branch="False" />
              </lines>
            </method>
            <method name="Equals" signature="(System.Object)" line-rate="0" branch-rate="0" complexity="22">
              <lines>
                <line number="482" hits="0" branch="False" />
                <line number="483" hits="0" branch="True" condition-coverage="0% (0/4)">
                  <conditions>
                    <condition number="2" type="jump" coverage="0%" />
                    <condition number="21" type="jump" coverage="0%" />
                  </conditions>
                </line>
                <line number="484" hits="0" branch="False" />
                <line number="485" hits="0" branch="False" />
                <line number="488" hits="0" branch="False" />
                <line number="489" hits="0" branch="False" />
                <line number="490" hits="0" branch="False" />
                <line number="492" hits="0" branch="True" condition-coverage="0% (0/2)">
                  <conditions>
                    <condition number="314" type="jump" coverage="0%" />
                  </conditions>
                </line>
                <line number="493" hits="0" branch="False" />
                <line number="494" hits="0" branch="True" condition-coverage="0% (0/2)">
                  <conditions>
                    <condition number="98" type="jump" coverage="0%" />
                  </conditions>
                </line>
                <line number="495" hits="0" branch="False" />
                <line number="497" hits="0" branch="True" condition-coverage="0% (0/2)">
                  <conditions>
                    <condition number="120" type="jump" coverage="0%" />
                  </conditions>
                </line>
                <line number="498" hits="0" branch="False" />
                <line number="499" hits="0" branch="True" condition-coverage="0% (0/2)">
                  <conditions>
                    <condition number="144" type="jump" coverage="0%" />
                  </conditions>
                </line>
                <line number="500" hits="0" branch="False" />
                <line number="501" hits="0" branch="False" />
                <line number="502" hits="0" branch="True" condition-coverage="0% (0/4)">
                  <conditions>
                    <condition number="169" type="jump" coverage="0%" />
                    <condition number="192" type="jump" coverage="0%" />
                  </conditions>
                </line>
                <line number="503" hits="0" branch="False" />
                <line number="504" hits="0" branch="False" />
                <line number="505" hits="0" branch="False" />
                <line number="506" hits="0" branch="True" condition-coverage="0% (0/2)">
                  <conditions>
                    <condition number="229" type="jump" coverage="0%" />
                  </conditions>
                </line>
                <line number="507" hits="0" branch="False" />
                <line number="508" hits="0" branch="False" />
                <line number="509" hits="0" branch="True" condition-coverage="0% (0/2)">
                  <conditions>
                    <condition number="251" type="jump" coverage="0%" />
                  </conditions>
                </line>
                <line number="510" hits="0" branch="False" />
                <line number="511" hits="0" branch="True" condition-coverage="0% (0/2)">
                  <conditions>
                    <condition number="286" type="jump" coverage="0%" />
                  </conditions>
                </line>
                <line number="512" hits="0" branch="False" />
                <line number="513" hits="0" branch="False" />
                <line number="515" hits="0" branch="False" />
                <line number="516" hits="0" branch="False" />
                <line number="518" hits="0" branch="False" />
                <line number="519" hits="0" branch="False" />
                <line number="522" hits="0" branch="False" />
                <line number="523" hits="0" branch="False" />
              </lines>
            </method>
            <method name="op_Equality" signature="(SpreadsheetUtilities.Formula,SpreadsheetUtilities.Formula)" line-rate="0" branch-rate="0" complexity="4">
              <lines>
                <line number="530" hits="0" branch="False" />
                <line number="531" hits="0" branch="True" condition-coverage="0% (0/4)">
                  <conditions>
                    <condition number="2" type="jump" coverage="0%" />
                    <condition number="13" type="jump" coverage="0%" />
                  </conditions>
                </line>
                <line number="532" hits="0" branch="False" />
                <line number="533" hits="0" branch="False" />
                <line number="535" hits="0" branch="False" />
                <line number="536" hits="0" branch="False" />
              </lines>
            </method>
            <method name="op_Inequality" signature="(SpreadsheetUtilities.Formula,SpreadsheetUtilities.Formula)" line-rate="0" branch-rate="0" complexity="4">
              <lines>
                <line number="543" hits="0" branch="False" />
                <line number="544" hits="0" branch="True" condition-coverage="0% (0/4)">
                  <conditions>
                    <condition number="2" type="jump" coverage="0%" />
                    <condition number="13" type="jump" coverage="0%" />
                  </conditions>
                </line>
                <line number="545" hits="0" branch="False" />
                <line number="546" hits="0" branch="False" />
                <line number="548" hits="0" branch="False" />
                <line number="549" hits="0" branch="False" />
              </lines>
            </method>
            <method name="GetHashCode" signature="()" line-rate="0" branch-rate="0" complexity="6">
              <lines>
                <line number="557" hits="0" branch="False" />
                <line number="558" hits="0" branch="False" />
                <line number="559" hits="0" branch="False" />
                <line number="561" hits="0" branch="True" condition-coverage="0% (0/2)">
                  <conditions>
                    <condition number="110" type="jump" coverage="0%" />
                  </conditions>
                </line>
                <line number="562" hits="0" branch="False" />
                <line number="563" hits="0" branch="False" />
                <line number="564" hits="0" branch="True" condition-coverage="0% (0/2)">
                  <conditions>
                    <condition number="43" type="jump" coverage="0%" />
                  </conditions>
                </line>
                <line number="565" hits="0" branch="False" />
                <line number="566" hits="0" branch="False" />
                <line number="567" hits="0" branch="False" />
                <line number="568" hits="0" branch="True" condition-coverage="0% (0/2)">
                  <conditions>
                    <condition number="69" type="jump" coverage="0%" />
                  </conditions>
                </line>
                <line number="569" hits="0" branch="False" />
                <line number="570" hits="0" branch="False" />
                <line number="571" hits="0" branch="False" />
                <line number="573" hits="0" branch="False" />
                <line number="574" hits="0" branch="False" />
                <line number="575" hits="0" branch="False" />
                <line number="577" hits="0" branch="False" />
                <line number="578" hits="0" branch="False" />
              </lines>
            </method>
            <method name=".ctor" signature="(System.String)" line-rate="0" branch-rate="1" complexity="1">
              <lines>
                <line number="50" hits="0" branch="False" />
                <line number="51" hits="0" branch="False" />
                <line number="52" hits="0" branch="False" />
              </lines>
            </method>
            <method name=".ctor" signature="(System.String,System.Func`2&lt;System.String,System.String&gt;,System.Func`2&lt;System.String,System.Boolean&gt;)" line-rate="0.7222" branch-rate="0.8043" complexity="46">
              <lines>
                <line number="76" hits="1087" branch="False" />
                <line number="77" hits="1087" branch="False" />
                <line number="78" hits="1087" branch="False" />
                <line number="79" hits="1087" branch="False" />
                <line number="81" hits="1087" branch="False" />
                <line number="84" hits="1087" branch="True" condition-coverage="50% (1/2)">
                  <conditions>
                    <condition number="52" type="jump" coverage="50%" />
                  </conditions>
                </line>
                <line number="85" hits="0" branch="False" />
                <line number="86" hits="0" branch="False" />
                <line number="90" hits="1087" branch="False" />
                <line number="91" hits="1087" branch="True" condition-coverage="100% (6/6)">
                  <conditions>
                    <condition number="86" type="jump" coverage="100%" />
                    <condition number="99" type="jump" coverage="100%" />
                    <condition number="118" type="jump" coverage="100%" />
                  </conditions>
                </line>
                <line number="92" hits="1" branch="False" />
                <line number="95" hits="1086" branch="False" />
                <line number="96" hits="1086" branch="True" condition-coverage="83.33% (5/6)">
                  <conditions>
                    <condition number="151" type="jump" coverage="100%" />
                    <condition number="164" type="jump" coverage="100%" />
                    <condition number="183" type="jump" coverage="50%" />
                  </conditions>
                </line>
                <line number="97" hits="0" branch="False" />
                <line number="99" hits="1086" branch="False" />
                <line number="100" hits="1086" branch="False" />
                <line number="101" hits="1086" branch="False" />
                <line number="102" hits="1086" branch="False" />
                <line number="104" hits="9714" branch="True" condition-coverage="100% (2/2)">
                  <conditions>
                    <condition number="530" type="jump" coverage="100%" />
                  </conditions>
                </line>
                <line number="105" hits="3228" branch="False" />
                <line number="106" hits="3228" branch="False" />
                <line number="110" hits="3228" branch="True" condition-coverage="50% (1/2)">
                  <conditions>
                    <condition number="261" type="jump" coverage="50%" />
                  </conditions>
                </line>
                <line number="111" hits="0" branch="False" />
                <line number="112" hits="0" branch="False" />
                <line number="113" hits="0" branch="False" />
                <line number="119" hits="3228" branch="True" condition-coverage="100% (2/2)">
                  <conditions>
                    <condition number="281" type="jump" coverage="100%" />
                  </conditions>
                </line>
                <line number="120" hits="1071" branch="False" />
                <line number="121" hits="1071" branch="True" condition-coverage="83.33% (5/6)">
                  <conditions>
                    <condition number="293" type="jump" coverage="100%" />
                    <condition number="307" type="jump" coverage="100%" />
                    <condition number="327" type="jump" coverage="50%" />
                  </conditions>
                </line>
                <line number="122" hits="0" branch="False" />
                <line number="123" hits="0" branch="False" />
                <line number="124" hits="1071" branch="False" />
                <line number="125" hits="3228" branch="True" condition-coverage="100% (2/2)">
                  <conditions>
                    <condition number="353" type="jump" coverage="100%" />
                  </conditions>
                </line>
                <line number="126" hits="1071" branch="False" />
                <line number="127" hits="2157" branch="False" />
                <line number="131" hits="3228" branch="True" condition-coverage="100% (2/2)">
                  <conditions>
                    <condition number="369" type="jump" coverage="100%" />
                  </conditions>
                </line>
                <line number="132" hits="1071" branch="False" />
                <line number="133" hits="1071" branch="True" condition-coverage="50% (1/2)">
                  <conditions>
                    <condition number="387" type="jump" coverage="50%" />
                  </conditions>
                </line>
                <line number="134" hits="0" branch="False" />
                <line number="135" hits="0" branch="False" />
                <line number="136" hits="1071" branch="False" />
                <line number="137" hits="3228" branch="True" condition-coverage="100% (6/6)">
                  <conditions>
                    <condition number="410" type="jump" coverage="100%" />
                    <condition number="424" type="jump" coverage="100%" />
                    <condition number="441" type="jump" coverage="100%" />
                  </conditions>
                </line>
                <line number="138" hits="2157" branch="False" />
                <line number="139" hits="1071" branch="False" />
                <line number="143" hits="3228" branch="True" condition-coverage="50% (1/2)">
                  <conditions>
                    <condition number="467" type="jump" coverage="50%" />
                  </conditions>
                </line>
                <line number="144" hits="0" branch="False" />
                <line number="145" hits="3228" branch="True" condition-coverage="50% (1/2)">
                  <conditions>
                    <condition number="491" type="jump" coverage="50%" />
                  </conditions>
                </line>
                <line number="146" hits="0" branch="False" />
                <line number="147" hits="3228" branch="True" condition-coverage="50% (1/2)">
                  <conditions>
                    <condition number="509" type="jump" coverage="50%" />
                  </conditions>
                </line>
                <line number="148" hits="0" branch="False" />
                <line number="149" hits="0" branch="False" />
                <line number="151" hits="3228" branch="False" />
                <line number="154" hits="1086" branch="True" condition-coverage="50% (1/2)">
                  <conditions>
                    <condition number="563" type="jump" coverage="50%" />
                  </conditions>
                </line>
                <line number="155" hits="0" branch="False" />
                <line number="157" hits="1086" branch="False" />
              </lines>
            </method>
          </methods>
          <lines>
            <line number="168" hits="3114" branch="False" />
            <line number="169" hits="3114" branch="False" />
            <line number="170" hits="3114" branch="False" />
            <line number="171" hits="3114" branch="False" />
            <line number="172" hits="3114" branch="False" />
            <line number="173" hits="3114" branch="True" condition-coverage="87.5% (7/8)">
              <conditions>
                <condition number="53" type="jump" coverage="100%" />
                <condition number="66" type="jump" coverage="100%" />
                <condition number="79" type="jump" coverage="100%" />
                <condition number="92" type="jump" coverage="50%" />
              </conditions>
            </line>
            <line number="176" hits="3083" branch="False" />
            <line number="177" hits="3083" branch="False" />
            <line number="178" hits="3083" branch="False" />
            <line number="180" hits="3" branch="False" />
            <line number="181" hits="3" branch="False" />
            <line number="182" hits="3" branch="False" />
            <line number="184" hits="9" branch="False" />
            <line number="185" hits="9" branch="False" />
            <line number="186" hits="9" branch="False" />
            <line number="188" hits="19" branch="True" condition-coverage="100% (2/2)">
              <conditions>
                <condition number="172" type="jump" coverage="100%" />
              </conditions>
            </line>
            <line number="189" hits="10" branch="False" />
            <line number="190" hits="10" branch="False" />
            <line number="191" hits="10" branch="False" />
            <line number="194" hits="9" branch="False" />
            <line number="195" hits="9" branch="False" />
            <line number="196" hits="9" branch="False" />
            <line number="197" hits="9" branch="False" />
            <line number="201" hits="0" branch="False" />
            <line number="203" hits="3114" branch="False" />
            <line number="217" hits="9389" branch="False" />
            <line number="218" hits="9389" branch="True" condition-coverage="100% (8/8)">
              <conditions>
                <condition number="8" type="jump" coverage="100%" />
                <condition number="17" type="jump" coverage="100%" />
                <condition number="31" type="jump" coverage="100%" />
                <condition number="53" type="jump" coverage="100%" />
              </conditions>
            </line>
            <line number="219" hits="28" branch="False" />
            <line number="220" hits="28" branch="False" />
            <line number="223" hits="9361" branch="False" />
            <line number="224" hits="9389" branch="False" />
            <line number="228" hits="3228" branch="False" />
            <line number="229" hits="3228" branch="False" />
            <line number="231" hits="3228" branch="False" />
            <line number="235" hits="1071" branch="False" />
            <line number="236" hits="1071" branch="False" />
            <line number="238" hits="1071" branch="False" />
            <line number="242" hits="123303" branch="False" />
            <line number="244" hits="123303" branch="False" />
            <line number="246" hits="123303" branch="True" condition-coverage="100% (2/2)">
              <conditions>
                <condition number="16" type="jump" coverage="100%" />
              </conditions>
            </line>
            <line number="247" hits="118016" branch="False" />
            <line number="248" hits="118016" branch="True" condition-coverage="100% (2/2)">
              <conditions>
                <condition number="44" type="jump" coverage="100%" />
              </conditions>
            </line>
            <line number="249" hits="118015" branch="False" />
            <line number="250" hits="1" branch="False" />
            <line number="252" hits="5288" branch="False" />
            <line number="254" hits="123303" branch="False" />
            <line number="258" hits="2157" branch="False" />
            <line number="259" hits="2157" branch="True" condition-coverage="100% (2/2)">
              <conditions>
                <condition number="11" type="jump" coverage="100%" />
              </conditions>
            </line>
            <line number="260" hits="6" branch="False" />
            <line number="261" hits="2151" branch="False" />
            <line number="262" hits="2157" branch="False" />
            <line number="266" hits="3228" branch="False" />
            <line number="267" hits="3228" branch="False" />
            <line number="269" hits="3228" branch="False" />
            <line number="273" hits="3228" branch="False" />
            <line number="274" hits="3228" branch="True" condition-coverage="100% (4/4)">
              <conditions>
                <condition number="8" type="jump" coverage="100%" />
                <condition number="17" type="jump" coverage="100%" />
              </conditions>
            </line>
            <line number="275" hits="3228" branch="False" />
            <line number="299" hits="105203" branch="False" />
            <line number="300" hits="105203" branch="False" />
            <line number="301" hits="105203" branch="False" />
            <line number="303" hits="436498" branch="True" condition-coverage="100% (2/2)">
              <conditions>
                <condition number="742" type="jump" coverage="100%" />
              </conditions>
            </line>
            <line number="304" hits="111481" branch="False" />
            <line number="305" hits="111481" branch="False" />
            <line number="307" hits="111481" branch="True" condition-coverage="100% (2/2)">
              <conditions>
                <condition number="60" type="jump" coverage="100%" />
              </conditions>
            </line>
            <line number="308" hits="11" branch="False" />
            <line number="309" hits="11" branch="False" />
            <line number="310" hits="11" branch="True" condition-coverage="100% (2/2)">
              <conditions>
                <condition number="93" type="jump" coverage="100%" />
              </conditions>
            </line>
            <line number="311" hits="6" branch="False" />
            <line number="312" hits="6" branch="True" condition-coverage="50% (1/2)">
              <conditions>
                <condition number="114" type="jump" coverage="50%" />
              </conditions>
            </line>
            <line number="313" hits="6" branch="False" />
            <line number="314" hits="6" branch="False" />
            <line number="316" hits="0" branch="False" />
            <line number="318" hits="5" branch="False" />
            <line number="319" hits="111470" branch="True" condition-coverage="100% (2/2)">
              <conditions>
                <condition number="158" type="jump" coverage="100%" />
              </conditions>
            </line>
            <line number="320" hits="108331" branch="False" />
            <line number="322" hits="108331" branch="False" />
            <line number="323" hits="108331" branch="False" />
            <line number="324" hits="6268" branch="False" />
            <line number="325" hits="6268" branch="True" condition-coverage="100% (2/2)">
              <conditions>
                <condition number="216" type="jump" coverage="100%" />
              </conditions>
            </line>
            <line number="326" hits="22" branch="False" />
            <line number="328" hits="22" branch="True" condition-coverage="100% (2/2)">
              <conditions>
                <condition number="237" type="jump" coverage="100%" />
              </conditions>
            </line>
            <line number="329" hits="4" branch="False" />
            <line number="330" hits="4" branch="False" />
            <line number="332" hits="18" branch="False" />
            <line number="333" hits="108327" branch="False" />
            <line number="334" hits="102063" branch="False" />
            <line number="335" hits="102063" branch="False" />
            <line number="338" hits="6264" branch="False" />
            <line number="339" hits="3139" branch="True" condition-coverage="100% (4/4)">
              <conditions>
                <condition number="311" type="jump" coverage="100%" />
                <condition number="332" type="jump" coverage="100%" />
              </conditions>
            </line>
            <line number="340" hits="3110" branch="False" />
            <line number="341" hits="3110" branch="True" condition-coverage="50% (1/2)">
              <conditions>
                <condition number="356" type="jump" coverage="50%" />
              </conditions>
            </line>
            <line number="342" hits="0" branch="False" />
            <line number="344" hits="0" branch="True" condition-coverage="0% (0/2)">
              <conditions>
                <condition number="377" type="jump" coverage="0%" />
              </conditions>
            </line>
            <line number="345" hits="0" branch="False" />
            <line number="346" hits="0" branch="False" />
            <line number="348" hits="0" branch="False" />
            <line number="349" hits="3110" branch="False" />
            <line number="350" hits="3110" branch="False" />
            <line number="351" hits="29" branch="True" condition-coverage="83.33% (5/6)">
              <conditions>
                <condition number="430" type="jump" coverage="100%" />
                <condition number="444" type="jump" coverage="100%" />
                <condition number="465" type="jump" coverage="50%" />
              </conditions>
            </line>
            <line number="352" hits="29" branch="False" />
            <line number="353" hits="29" branch="False" />
            <line number="354" hits="29" branch="False" />
            <line number="355" hits="0" branch="True" condition-coverage="0% (0/2)">
              <conditions>
                <condition number="499" type="jump" coverage="0%" />
              </conditions>
            </line>
            <line number="356" hits="0" branch="False" />
            <line number="358" hits="0" branch="True" condition-coverage="0% (0/2)">
              <conditions>
                <condition number="526" type="jump" coverage="0%" />
              </conditions>
            </line>
            <line number="359" hits="0" branch="False" />
            <line number="361" hits="0" branch="True" condition-coverage="0% (0/2)">
              <conditions>
                <condition number="547" type="jump" coverage="0%" />
              </conditions>
            </line>
            <line number="362" hits="0" branch="False" />
            <line number="363" hits="0" branch="False" />
            <line number="365" hits="0" branch="False" />
            <line number="368" hits="0" branch="True" condition-coverage="0% (0/4)">
              <conditions>
                <condition number="580" type="jump" coverage="0%" />
                <condition number="605" type="jump" coverage="0%" />
              </conditions>
            </line>
            <line number="369" hits="0" branch="False" />
            <line number="370" hits="0" branch="False" />
            <line number="371" hits="0" branch="False" />
            <line number="373" hits="0" branch="False" />
            <line number="374" hits="0" branch="False" />
            <line number="378" hits="0" branch="True" condition-coverage="0% (0/2)">
              <conditions>
                <condition number="662" type="jump" coverage="0%" />
              </conditions>
            </line>
            <line number="379" hits="0" branch="False" />
            <line number="381" hits="0" branch="True" condition-coverage="0% (0/2)">
              <conditions>
                <condition number="683" type="jump" coverage="0%" />
              </conditions>
            </line>
            <line number="382" hits="0" branch="False" />
            <line number="383" hits="0" branch="False" />
            <line number="385" hits="0" branch="False" />
            <line number="386" hits="0" branch="False" />
            <line number="388" hits="0" branch="False" />
            <line number="389" hits="0" branch="False" />
            <line number="391" hits="9408" branch="False" />
            <line number="393" hits="3130" branch="True" condition-coverage="100% (4/4)">
              <conditions>
                <condition number="766" type="jump" coverage="100%" />
                <condition number="784" type="jump" coverage="100%" />
              </conditions>
            </line>
            <line number="394" hits="44" branch="False" />
            <line number="395" hits="44" branch="False" />
            <line number="397" hits="3086" branch="True" condition-coverage="50% (2/4)">
              <conditions>
                <condition number="809" type="jump" coverage="50%" />
                <condition number="827" type="jump" coverage="50%" />
              </conditions>
            </line>
            <line number="398" hits="3086" branch="False" />
            <line number="400" hits="3086" branch="True" condition-coverage="50% (1/2)">
              <conditions>
                <condition number="848" type="jump" coverage="50%" />
              </conditions>
            </line>
            <line number="401" hits="0" branch="False" />
            <line number="402" hits="0" branch="False" />
            <line number="405" hits="3086" branch="False" />
            <line number="406" hits="3086" branch="False" />
            <line number="410" hits="0" branch="False" />
            <line number="411" hits="0" branch="False" />
            <line number="415" hits="105203" branch="False" />
            <line number="429" hits="1086" branch="False" />
            <line number="430" hits="1086" branch="False" />
            <line number="431" hits="9714" branch="True" condition-coverage="100% (2/2)">
              <conditions>
                <condition number="69" type="jump" coverage="100%" />
              </conditions>
            </line>
            <line number="432" hits="3228" branch="False" />
            <line number="433" hits="3228" branch="True" condition-coverage="100% (2/2)">
              <conditions>
                <condition number="39" type="jump" coverage="100%" />
              </conditions>
            </line>
            <line number="434" hits="2151" branch="False" />
            <line number="435" hits="2151" branch="False" />
            <line number="436" hits="2151" branch="False" />
            <line number="437" hits="3228" branch="False" />
            <line number="438" hits="1086" branch="False" />
            <line number="439" hits="1086" branch="False" />
            <line number="452" hits="105203" branch="False" />
            <line number="453" hits="105203" branch="False" />
            <line number="454" hits="946683" branch="True" condition-coverage="100% (2/2)">
              <conditions>
                <condition number="56" type="jump" coverage="100%" />
              </conditions>
            </line>
            <line number="455" hits="315537" branch="False" />
            <line number="456" hits="315537" branch="False" />
            <line number="457" hits="315537" branch="False" />
            <line number="458" hits="105203" branch="False" />
            <line number="459" hits="105203" branch="False" />
            <line number="482" hits="0" branch="False" />
            <line number="483" hits="0" branch="True" condition-coverage="0% (0/4)">
              <conditions>
                <condition number="2" type="jump" coverage="0%" />
                <condition number="21" type="jump" coverage="0%" />
              </conditions>
            </line>
            <line number="484" hits="0" branch="False" />
            <line number="485" hits="0" branch="False" />
            <line number="488" hits="0" branch="False" />
            <line number="489" hits="0" branch="False" />
            <line number="490" hits="0" branch="False" />
            <line number="492" hits="0" branch="True" condition-coverage="0% (0/2)">
              <conditions>
                <condition number="314" type="jump" coverage="0%" />
              </conditions>
            </line>
            <line number="493" hits="0" branch="False" />
            <line number="494" hits="0" branch="True" condition-coverage="0% (0/2)">
              <conditions>
                <condition number="98" type="jump" coverage="0%" />
              </conditions>
            </line>
            <line number="495" hits="0" branch="False" />
            <line number="497" hits="0" branch="True" condition-coverage="0% (0/2)">
              <conditions>
                <condition number="120" type="jump" coverage="0%" />
              </conditions>
            </line>
            <line number="498" hits="0" branch="False" />
            <line number="499" hits="0" branch="True" condition-coverage="0% (0/2)">
              <conditions>
                <condition number="144" type="jump" coverage="0%" />
              </conditions>
            </line>
            <line number="500" hits="0" branch="False" />
            <line number="501" hits="0" branch="False" />
            <line number="502" hits="0" branch="True" condition-coverage="0% (0/4)">
              <conditions>
                <condition number="169" type="jump" coverage="0%" />
                <condition number="192" type="jump" coverage="0%" />
              </conditions>
            </line>
            <line number="503" hits="0" branch="False" />
            <line number="504" hits="0" branch="False" />
            <line number="505" hits="0" branch="False" />
            <line number="506" hits="0" branch="True" condition-coverage="0% (0/2)">
              <conditions>
                <condition number="229" type="jump" coverage="0%" />
              </conditions>
            </line>
            <line number="507" hits="0" branch="False" />
            <line number="508" hits="0" branch="False" />
            <line number="509" hits="0" branch="True" condition-coverage="0% (0/2)">
              <conditions>
                <condition number="251" type="jump" coverage="0%" />
              </conditions>
            </line>
            <line number="510" hits="0" branch="False" />
            <line number="511" hits="0" branch="True" condition-coverage="0% (0/2)">
              <conditions>
                <condition number="286" type="jump" coverage="0%" />
              </conditions>
            </line>
            <line number="512" hits="0" branch="False" />
            <line number="513" hits="0" branch="False" />
            <line number="515" hits="0" branch="False" />
            <line number="516" hits="0" branch="False" />
            <line number="518" hits="0" branch="False" />
            <line number="519" hits="0" branch="False" />
            <line number="522" hits="0" branch="False" />
            <line number="523" hits="0" branch="False" />
            <line number="530" hits="0" branch="False" />
            <line number="531" hits="0" branch="True" condition-coverage="0% (0/4)">
              <conditions>
                <condition number="2" type="jump" coverage="0%" />
                <condition number="13" type="jump" coverage="0%" />
              </conditions>
            </line>
            <line number="532" hits="0" branch="False" />
            <line number="533" hits="0" branch="False" />
            <line number="535" hits="0" branch="False" />
            <line number="536" hits="0" branch="False" />
            <line number="543" hits="0" branch="False" />
            <line number="544" hits="0" branch="True" condition-coverage="0% (0/4)">
              <conditions>
                <condition number="2" type="jump" coverage="0%" />
                <condition number="13" type="jump" coverage="0%" />
              </conditions>
            </line>
            <line number="545" hits="0" branch="False" />
            <line number="546" hits="0" branch="False" />
            <line number="548" hits="0" branch="False" />
            <line number="549" hits="0" branch="False" />
            <line number="557" hits="0" branch="False" />
            <line number="558" hits="0" branch="False" />
            <line number="559" hits="0" branch="False" />
            <line number="561" hits="0" branch="True" condition-coverage="0% (0/2)">
              <conditions>
                <condition number="110" type="jump" coverage="0%" />
              </conditions>
            </line>
            <line number="562" hits="0" branch="False" />
            <line number="563" hits="0" branch="False" />
            <line number="564" hits="0" branch="True" condition-coverage="0% (0/2)">
              <conditions>
                <condition number="43" type="jump" coverage="0%" />
              </conditions>
            </line>
            <line number="565" hits="0" branch="False" />
            <line number="566" hits="0" branch="False" />
            <line number="567" hits="0" branch="False" />
            <line number="568" hits="0" branch="True" condition-coverage="0% (0/2)">
              <conditions>
                <condition number="69" type="jump" coverage="0%" />
              </conditions>
            </line>
            <line number="569" hits="0" branch="False" />
            <line number="570" hits="0" branch="False" />
            <line number="571" hits="0" branch="False" />
            <line number="573" hits="0" branch="False" />
            <line number="574" hits="0" branch="False" />
            <line number="575" hits="0" branch="False" />
            <line number="577" hits="0" branch="False" />
            <line number="578" hits="0" branch="False" />
            <line number="50" hits="0" branch="False" />
            <line number="51" hits="0" branch="False" />
            <line number="52" hits="0" branch="False" />
            <line number="76" hits="1087" branch="False" />
            <line number="77" hits="1087" branch="False" />
            <line number="78" hits="1087" branch="False" />
            <line number="79" hits="1087" branch="False" />
            <line number="81" hits="1087" branch="False" />
            <line number="84" hits="1087" branch="True" condition-coverage="50% (1/2)">
              <conditions>
                <condition number="52" type="jump" coverage="50%" />
              </conditions>
            </line>
            <line number="85" hits="0" branch="False" />
            <line number="86" hits="0" branch="False" />
            <line number="90" hits="1087" branch="False" />
            <line number="91" hits="1087" branch="True" condition-coverage="100% (6/6)">
              <conditions>
                <condition number="86" type="jump" coverage="100%" />
                <condition number="99" type="jump" coverage="100%" />
                <condition number="118" type="jump" coverage="100%" />
              </conditions>
            </line>
            <line number="92" hits="1" branch="False" />
            <line number="95" hits="1086" branch="False" />
            <line number="96" hits="1086" branch="True" condition-coverage="83.33% (5/6)">
              <conditions>
                <condition number="151" type="jump" coverage="100%" />
                <condition number="164" type="jump" coverage="100%" />
                <condition number="183" type="jump" coverage="50%" />
              </conditions>
            </line>
            <line number="97" hits="0" branch="False" />
            <line number="99" hits="1086" branch="False" />
            <line number="100" hits="1086" branch="False" />
            <line number="101" hits="1086" branch="False" />
            <line number="102" hits="1086" branch="False" />
            <line number="104" hits="9714" branch="True" condition-coverage="100% (2/2)">
[...]
                  </conditions>
                </line>
                <line number="70" hits="19" branch="False" />
                <line number="71" hits="19" branch="False" />
                <line number="72" hits="19" branch="False" />
                <line number="74" hits="19" branch="False" />
                <line number="75" hits="4" branch="False" />
                <line number="78" hits="4" branch="False" />
                <line number="79" hits="0" branch="False" />
                <line number="80" hits="0" branch="False" />
                <line number="81" hits="0" branch="False" />
                <line number="83" hits="0" branch="False" />
                <line number="84" hits="0" branch="False" />
                <line number="85" hits="0" branch="False" />
                <line number="87" hits="0" branch="False" />
                <line number="88" hits="0" branch="False" />
                <line number="89" hits="0" branch="False" />
                <line number="91" hits="0" branch="False" />
                <line number="92" hits="0" branch="False" />
                <line number="93" hits="0" branch="False" />
                <line number="96" hits="4" branch="False" />
              </lines>
            </method>
          </methods>
          <lines>
            <line number="105" hits="9" branch="False" />
            <line number="106" hits="4029" branch="False" />
            <line number="116" hits="7" branch="False" />
            <line number="117" hits="7" branch="False" />
            <line number="119" hits="7" branch="False" />
            <line number="120" hits="7" branch="False" />
            <line number="121" hits="5" branch="True" condition-coverage="100% (2/2)">
              <conditions>
                <condition number="26" type="jump" coverage="100%" />
              </conditions>
            </line>
            <line number="122" hits="5" branch="False" />
            <line number="123" hits="5" branch="False" />
            <line number="124" hits="5" branch="False" />
            <line number="125" hits="5" branch="False" />
            <line number="126" hits="2" branch="False" />
            <line number="127" hits="2" branch="False" />
            <line number="128" hits="2" branch="False" />
            <line number="131" hits="5" branch="False" />
            <line number="132" hits="5" branch="False" />
            <line number="143" hits="3" branch="False" />
            <line number="145" hits="3" branch="True" condition-coverage="50% (1/2)">
              <conditions>
                <condition number="14" type="jump" coverage="50%" />
              </conditions>
            </line>
            <line number="146" hits="0" branch="False" />
            <line number="149" hits="3" branch="True" condition-coverage="100% (2/2)">
              <conditions>
                <condition number="36" type="jump" coverage="100%" />
              </conditions>
            </line>
            <line number="150" hits="2" branch="False" />
            <line number="151" hits="2" branch="False" />
            <line number="154" hits="1" branch="False" />
            <line number="155" hits="3" branch="False" />
            <line number="163" hits="108331" branch="False" />
            <line number="165" hits="108331" branch="True" condition-coverage="50% (1/2)">
              <conditions>
                <condition number="14" type="jump" coverage="50%" />
              </conditions>
            </line>
            <line number="166" hits="0" branch="False" />
            <line number="168" hits="108331" branch="True" condition-coverage="100% (4/4)">
              <conditions>
                <condition number="36" type="jump" coverage="100%" />
                <condition number="51" type="jump" coverage="100%" />
              </conditions>
            </line>
            <line number="169" hits="6268" branch="False" />
            <line number="170" hits="6268" branch="False" />
            <line number="173" hits="102063" branch="False" />
            <line number="174" hits="102063" branch="False" />
            <line number="177" hits="6268" branch="False" />
            <line number="187" hits="108542" branch="False" />
            <line number="189" hits="108542" branch="True" condition-coverage="50% (1/2)">
              <conditions>
                <condition number="14" type="jump" coverage="50%" />
              </conditions>
            </line>
            <line number="190" hits="0" branch="False" />
            <line number="192" hits="108542" branch="True" condition-coverage="100% (2/2)">
              <conditions>
                <condition number="36" type="jump" coverage="100%" />
              </conditions>
            </line>
            <line number="193" hits="107497" branch="False" />
            <line number="194" hits="107497" branch="False" />
            <line number="197" hits="1045" branch="False" />
            <line number="198" hits="108542" branch="False" />
            <line number="204" hits="0" branch="False" />
            <line number="205" hits="0" branch="False" />
            <line number="206" hits="0" branch="False" />
            <line number="243" hits="7" branch="False" />
            <line number="245" hits="7" branch="False" />
            <line number="246" hits="7" branch="False" />
            <line number="247" hits="6" branch="False" />
            <line number="248" hits="6" branch="False" />
            <line number="249" hits="1" branch="False" />
            <line number="250" hits="1" branch="False" />
            <line number="251" hits="1" branch="False" />
            <line number="254" hits="6" branch="False" />
            <line number="267" hits="108" branch="False" />
            <line number="270" hits="108" branch="False" />
            <line number="273" hits="108" branch="False" />
            <line number="276" hits="108" branch="False" />
            <line number="277" hits="108" branch="False" />
            <line number="291" hits="20" branch="False" />
            <line number="295" hits="20" branch="False" />
            <line number="298" hits="20" branch="False" />
            <line number="301" hits="20" branch="False" />
            <line number="302" hits="20" branch="False" />
            <line number="318" hits="1086" branch="False" />
            <line number="320" hits="1086" branch="False" />
            <line number="323" hits="1086" branch="False" />
            <line number="326" hits="1086" branch="False" />
            <line number="329" hits="1086" branch="False" />
            <line number="331" hits="1086" branch="False" />
            <line number="334" hits="1086" branch="False" />
            <line number="336" hits="1086" branch="False" />
            <line number="338" hits="0" branch="False" />
            <line number="339" hits="0" branch="False" />
            <line number="341" hits="0" branch="False" />
            <line number="342" hits="0" branch="False" />
            <line number="345" hits="1086" branch="False" />
            <line number="378" hits="1218" branch="False" />
            <line number="380" hits="1218" branch="True" condition-coverage="100% (2/2)">
              <conditions>
                <condition number="14" type="jump" coverage="100%" />
              </conditions>
            </line>
            <line number="381" hits="1" branch="False" />
            <line number="383" hits="1217" branch="True" condition-coverage="100% (2/2)">
              <conditions>
                <condition number="35" type="jump" coverage="100%" />
              </conditions>
            </line>
            <line number="384" hits="2" branch="False" />
            <line number="387" hits="1215" branch="True" condition-coverage="100% (2/2)">
              <conditions>
                <condition number="61" type="jump" coverage="100%" />
              </conditions>
            </line>
            <line number="388" hits="108" branch="False" />
            <line number="389" hits="108" branch="False" />
            <line number="390" hits="108" branch="False" />
            <line number="391" hits="1107" branch="True" condition-coverage="100% (2/2)">
              <conditions>
                <condition number="98" type="jump" coverage="100%" />
              </conditions>
            </line>
            <line number="392" hits="1087" branch="False" />
            <line number="393" hits="1087" branch="False" />
            <line number="394" hits="1087" branch="False" />
            <line number="395" hits="1086" branch="False" />
            <line number="397" hits="20" branch="False" />
            <line number="398" hits="20" branch="False" />
            <line number="399" hits="20" branch="False" />
            <line number="402" hits="214304" branch="True" condition-coverage="100% (2/2)">
              <conditions>
                <condition number="236" type="jump" coverage="100%" />
              </conditions>
            </line>
            <line number="403" hits="105331" branch="False" />
            <line number="404" hits="105331" branch="True" condition-coverage="100% (2/2)">
              <conditions>
                <condition number="195" type="jump" coverage="100%" />
              </conditions>
            </line>
            <line number="405" hits="105331" branch="False" />
            <line number="406" hits="105331" branch="False" />
            <line number="408" hits="1214" branch="False" />
            <line number="410" hits="1216" branch="False" />
            <line number="426" hits="105331" branch="False" />
            <line number="427" hits="105331" branch="False" />
            <line number="428" hits="105331" branch="False" />
            <line number="438" hits="336110" branch="False" />
            <line number="445" hits="336110" branch="False" />
            <line number="446" hits="336110" branch="True" condition-coverage="100% (2/2)">
              <conditions>
                <condition number="16" type="jump" coverage="100%" />
              </conditions>
            </line>
            <line number="447" hits="336110" branch="False" />
            <line number="448" hits="336110" branch="True" condition-coverage="100% (2/2)">
              <conditions>
                <condition number="33" type="jump" coverage="100%" />
              </conditions>
            </line>
            <line number="449" hits="336108" branch="False" />
            <line number="450" hits="2" branch="False" />
            <line number="451" hits="2" branch="False" />
            <line number="452" hits="336110" branch="False" />
            <line number="455" hits="218094" branch="False" />
            <line number="456" hits="218094" branch="True" condition-coverage="100% (2/2)">
              <conditions>
                <condition number="11" type="jump" coverage="100%" />
              </conditions>
            </line>
            <line number="457" hits="218093" branch="False" />
            <line number="458" hits="218093" branch="False" />
            <line number="459" hits="218093" branch="False" />
            <line number="462" hits="1" branch="False" />
            <line number="464" hits="218094" branch="False" />
            <line number="472" hits="1214" branch="False" />
            <line number="474" hits="1214" branch="True" condition-coverage="100% (2/2)">
              <conditions>
                <condition number="15" type="jump" coverage="100%" />
              </conditions>
            </line>
            <line number="475" hits="57" branch="False" />
            <line number="476" hits="57" branch="False" />
            <line number="477" hits="57" branch="False" />
            <line number="479" hits="1157" branch="False" />
            <line number="480" hits="1157" branch="False" />
            <line number="481" hits="1157" branch="False" />
            <line number="482" hits="1157" branch="False" />
            <line number="483" hits="1214" branch="False" />
            <line number="484" hits="1214" branch="False" />
            <line number="37" hits="1097923" branch="False" />
            <line number="38" hits="56" branch="False" />
            <line number="39" hits="56" branch="False" />
            <line number="40" hits="56" branch="False" />
            <line number="41" hits="56" branch="False" />
            <line number="42" hits="56" branch="False" />
            <line number="45" hits="67" branch="False" />
            <line number="46" hits="67" branch="False" />
            <line number="47" hits="67" branch="False" />
            <line number="48" hits="67" branch="False" />
            <line number="49" hits="67" branch="False" />
            <line number="50" hits="67" branch="False" />
            <line number="53" hits="7" branch="False" />
            <line number="54" hits="7" branch="False" />
            <line number="56" hits="7" branch="True" condition-coverage="100% (2/2)">
              <conditions>
                <condition number="28" type="jump" coverage="100%" />
              </conditions>
            </line>
            <line number="57" hits="1" branch="False" />
            <line number="60" hits="4" branch="False" />
            <line number="61" hits="4" branch="False" />
            <line number="64" hits="4" branch="False" />
            <line number="65" hits="4" branch="True" condition-coverage="100% (2/2)">
              <conditions>
                <condition number="68" type="jump" coverage="100%" />
              </conditions>
            </line>
            <line number="66" hits="4" branch="False" />
            <line number="67" hits="50" branch="True" condition-coverage="100% (2/2)">
              <conditions>
                <condition number="168" type="jump" coverage="100%" />
              </conditions>
            </line>
            <line number="68" hits="19" branch="False" />
            <line number="69" hits="19" branch="True" condition-coverage="100% (2/2)">
              <conditions>
                <condition number="129" type="jump" coverage="100%" />
              </conditions>
            </line>
            <line number="70" hits="19" branch="False" />
            <line number="71" hits="19" branch="False" />
            <line number="72" hits="19" branch="False" />
            <line number="74" hits="19" branch="False" />
            <line number="75" hits="4" branch="False" />
            <line number="78" hits="4" branch="False" />
            <line number="79" hits="0" branch="False" />
            <line number="80" hits="0" branch="False" />
            <line number="81" hits="0" branch="False" />
            <line number="83" hits="0" branch="False" />
            <line number="84" hits="0" branch="False" />
            <line number="85" hits="0" branch="False" />
            <line number="87" hits="0" branch="False" />
            <line number="88" hits="0" branch="False" />
            <line number="89" hits="0" branch="False" />
            <line number="91" hits="0" branch="False" />
            <line number="92" hits="0" branch="False" />
            <line number="93" hits="0" branch="False" />
            <line number="96" hits="4" branch="False" />
          </lines>
        </class>
        <class name="SS.Spreadsheet/Cell" filename="source\repos\spreadsheet-AndyTran97\Spreadsheet\Spreadsheet\Spreadsheet.cs" line-rate="1" branch-rate="1" complexity="8">
          <methods>
            <method name="get_Content" signature="()" line-rate="1" branch-rate="1" complexity="1">
              <lines>
                <line number="496" hits="212044" branch="False" />
              </lines>
            </method>
            <method name="get_Value" signature="()" line-rate="1" branch-rate="1" complexity="1">
              <lines>
                <line number="499" hits="319226" branch="False" />
              </lines>
            </method>
            <method name="get_StringForm" signature="()" line-rate="1" branch-rate="1" complexity="1">
              <lines>
                <line number="502" hits="106622" branch="False" />
              </lines>
            </method>
            <method name="UpdateField" signature="(System.Func`2&lt;System.String,System.Double&gt;)" line-rate="1" branch-rate="1" complexity="4">
              <lines>
                <line number="513" hits="105331" branch="False" />
                <line number="514" hits="105331" branch="False" />
                <line number="515" hits="105331" branch="True" condition-coverage="100% (2/2)">
                  <conditions>
                    <condition number="32" type="jump" coverage="100%" />
                  </conditions>
                </line>
                <line number="516" hits="105203" branch="False" />
                <line number="517" hits="105203" branch="False" />
                <line number="518" hits="105203" branch="False" />
                <line number="519" hits="105203" branch="False" />
                <line number="520" hits="128" branch="True" condition-coverage="100% (2/2)">
                  <conditions>
                    <condition number="93" type="jump" coverage="100%" />
                  </conditions>
                </line>
                <line number="521" hits="128" branch="False" />
                <line number="522" hits="128" branch="False" />
                <line number="523" hits="128" branch="False" />
                <line number="524" hits="105331" branch="False" />
              </lines>
            </method>
            <method name=".ctor" signature="(System.Object)" line-rate="1" branch-rate="1" complexity="1">
              <lines>
                <line number="504" hits="1195" branch="False" />
                <line number="505" hits="1195" branch="False" />
                <line number="506" hits="1195" branch="False" />
                <line number="507" hits="1195" branch="False" />
                <line number="508" hits="1195" branch="False" />
                <line number="509" hits="1195" branch="False" />
              </lines>
            </method>
          </methods>
          <lines>
            <line number="496" hits="212044" branch="False" />
            <line number="499" hits="319226" branch="False" />
            <line number="502" hits="106622" branch="False" />
            <line number="513" hits="105331" branch="False" />
            <line number="514" hits="105331" branch="False" />
            <line number="515" hits="105331" branch="True" condition-coverage="100% (2/2)">
              <conditions>
                <condition number="32" type="jump" coverage="100%" />
              </conditions>
            </line>
            <line number="516" hits="105203" branch="False" />
            <line number="517" hits="105203" branch="False" />
            <line number="518" hits="105203" branch="False" />
            <line number="519" hits="105203" branch="False" />
            <line number="520" hits="128" branch="True" condition-coverage="100% (2/2)">
              <conditions>
                <condition number="93" type="jump" coverage="100%" />
              </conditions>
            </line>
            <line number="521" hits="128" branch="False" />
            <line number="522" hits="128" branch="False" />
            <line number="523" hits="128" branch="False" />
            <line number="524" hits="105331" branch="False" />
            <line number="504" hits="1195" branch="False" />
            <line number="505" hits="1195" branch="False" />
            <line number="506" hits="1195" branch="False" />
            <line number="507" hits="1195" branch="False" />
            <line number="508" hits="1195" branch="False" />
            <line number="509" hits="1195" branch="False" />
          </lines>
        </class>
      </classes>
    </package>
  </packages>
</coverage>